--- Log opened Wed Aug 08 19:06:02 2012
19:06 -!- ` [dissimulo@netadmin.deafgeeksirc.com] has joined #DGops
19:06 -!- Irssi: #DGops: Total of 1 nicks [1 ops, 0 halfops, 0 voices, 0 normal]
19:06 -!- Irssi: Join to #DGops was synced in 0 secs
19:06 -!- mode/#DGops [-o `] by `
19:07 -!- mripguru [mripguru@BCB4FE52.77738756.ACA6E65E.IP] has joined #DGops
19:07 < mripguru> Greetings.
19:08 < mripguru> This fits nicely into Adium ;)
19:08 < `> :P
19:08 < `> really?
19:08 < `> i need to retest irc support with Adium
19:08 < mripguru> Yes.
19:10 < mripguru> especially if I'm only in 1 channel.
19:11 -!- `|mac [dlwilliams@netadmin.deafgeeksirc.com] has joined #DGops
19:11 < `|mac> there we go
19:11 < mripguru> :P
19:11 < `|mac> i couldnt really figure out how to join channels
19:11 < `|mac> oh
19:11 < `|mac> ./join works.
19:11 -!- `|mac [dlwilliams@netadmin.deafgeeksirc.com] has quit [Killed (Sudos|PE2300 (make up your damn mind bro))]
19:11 -!- `|mac [dlwilliams@6926F967.77738756.ACA6E65E.IP] has joined #DGops
19:13 < mripguru> :P
19:13 < mripguru> anyways
19:13 < mripguru> we'll see hat happens tomorrow
19:13 < mripguru> I don't expect anything more to happen on that tonight - and it's about time I curl up with some Netflix on iOS ;)
19:14 < `> :p
19:16 < `|mac> sounds good
19:17 < mripguru> though, I'll probably be watching my email for another couple hours at least.
19:17 < `|mac> :p
19:17 < `|mac> ive popped out this into its own window
19:17 < `|mac> so IRC separate from the IM
19:17 < `|mac> :p
19:17 < mripguru> :P
19:20 -!- mripguru is now known as mripguru|bed
19:26 -!- `|mac [dlwilliams@netadmin.deafgeeksirc.com] has quit [FFFFFFFFFff-- Leaving.]
--- Day changed Thu Aug 09 2012
04:40 -!- mripguru|bed is now known as mripguru
--- Day changed Fri Aug 10 2012
16:03 -!- mripguru [mripguru@192.168.237.20] has quit [Connection reset by peer]
16:03 -!- mripguru [mripguru@BB3AC423.1E36AC83.219D0FA7.IP] has joined #DGops
16:05 -!- mripguru [mripguru@BB3AC423.1E36AC83.219D0FA7.IP] has quit [Ping timeout]
16:05 -!- mripguru [mripguru@dongs-F9FA4058.hspheredns.com] has joined #DGops
--- Day changed Sat Aug 11 2012
01:45 -!- You're now known as `|losangeles
12:13 -!- mripguru [mripguru@dongs-F9FA4058.hspheredns.com] has quit [Ping timeout]
23:49 -!- You're now known as `
--- Day changed Tue Aug 14 2012
13:31 -!- tonynoname [tonynoname@dongs-CC7C0C58.albyny.east.verizon.net] has joined #DGops
13:31 -!- tonynoname [tonynoname@dongs-CC7C0C58.albyny.east.verizon.net] has left #DGops []
19:01 -!- You're now known as `|crestline
--- Day changed Thu Aug 16 2012
13:47 -!- You're now known as `
--- Log closed Mon Aug 20 14:53:40 2012
--- Log opened Mon Aug 20 14:53:41 2012
14:53 -!- ` [dissimulo@dongs-177F552B] has joined #DGops
14:53 -!- Irssi: #DGops: Total of 1 nicks [1 ops, 0 halfops, 0 voices, 0 normal]
14:53 -!- Irssi: Join to #DGops was synced in 6 secs
--- Day changed Wed Aug 22 2012
13:08 -!- You're now known as `|test
13:08 -!- You're now known as `
18:55 -!- You're now known as `|qwebirc
18:55 -!- You're now known as `
--- Day changed Fri Aug 24 2012
18:27 -!- You're now known as `|gabapentin|420
--- Day changed Sat Aug 25 2012
01:04 -!- You're now known as `
01:04 -!- You're now known as `|420
17:30 -!- You're now known as `
--- Log closed Mon Aug 27 17:27:32 2012
--- Log opened Mon Aug 27 17:27:33 2012
17:27 -!- ` [dissimulo@dongs-177F552B] has joined #DGops
17:27 -!- Irssi: #DGops: Total of 1 nicks [1 ops, 0 halfops, 0 voices, 0 normal]
17:27 -!- Irssi: Join to #DGops was synced in 4 secs
--- Day changed Thu Sep 06 2012
20:03 -!- You're now known as `|northridge
--- Day changed Fri Sep 07 2012
18:15 -!- AA8 [biskr@AC2FBD0E.B5FFA5B1.7ABC5B39.IP] has joined #DGops
18:15 -!- AA8 [biskr@AC2FBD0E.B5FFA5B1.7ABC5B39.IP] has left #DGops []
--- Day changed Fri Sep 28 2012
16:23 -!- You're now known as `|manhattanbeach
--- Day changed Sat Sep 29 2012
03:15 -!- You're now known as `|northridge
03:15 -!- You're now known as `|reseda
03:16 -!- You're now known as `|northridge
--- Day changed Mon Oct 01 2012
18:07 -!- You're now known as `|csunDEAF402
--- Day changed Wed Oct 03 2012
12:22 -!- You're now known as `|northridge
--- Day changed Sun Oct 07 2012
19:18 -!- You're now known as `
--- Log closed Wed Oct 10 20:24:35 2012
--- Log opened Wed Oct 10 20:24:36 2012
20:24 -!- ` [dissimulo@dongs-177F552B] has joined #DGops
20:24 -!- Irssi: #DGops: Total of 1 nicks [1 ops, 0 halfops, 0 voices, 0 normal]
20:24 -!- Irssi: Join to #DGops was synced in 7 secs
--- Log closed Tue Oct 16 15:42:28 2012
--- Log opened Tue Oct 16 15:42:29 2012
15:42 -!- ` [dissimulo@dongs-177F552B] has joined #DGops
15:42 -!- Irssi: #DGops: Total of 1 nicks [1 ops, 0 halfops, 0 voices, 0 normal]
15:42 -!- Irssi: Join to #DGops was synced in 8 secs
--- Log closed Tue Oct 16 15:42:50 2012
