--- Log opened Sun Jan 13 01:14:24 2013
01:14 -!- ` [dissimulo@netadmin.deafgeeksirc.com] has joined #idlerpg
01:14 -!- Irssi: #idlerpg: Total of 2 nicks [1 ops, 0 halfops, 0 voices, 1 normal]
01:14 -!- Irssi: Join to #idlerpg was synced in 0 secs
01:14 -!- mode/#idlerpg [+v `] by Idler
01:14 <@Idler> dissimulo, the level 63 BOFH, is now online from nickname `. Next level in 38 days, 21:17:46.
05:12 <@Idler> Idle RPG Top Players:
05:12 <@Idler> dissimulo, the level 63 BOFH, is #1! Next level in 38 days, 16:51:25.
05:12 <@Idler> genius, the level 42 Paladin, is #2! Next level in 1 day, 00:11:39.
05:12 <@Idler> DODONGOS, the level 40 LOLMEME, is #3! Next level in 0 days, 21:58:10.
15:14 <@Idler> Idle RPG Top Players:
15:14 <@Idler> dissimulo, the level 63 BOFH, is #1! Next level in 38 days, 06:49:42.
15:14 <@Idler> genius, the level 42 Paladin, is #2! Next level in 1 day, 00:11:39.
15:14 <@Idler> DODONGOS, the level 40 LOLMEME, is #3! Next level in 0 days, 21:58:10.
--- Day changed Mon Jan 14 2013
01:16 <@Idler> Idle RPG Top Players:
01:16 <@Idler> dissimulo, the level 63 BOFH, is #1! Next level in 37 days, 20:47:54.
01:16 <@Idler> genius, the level 42 Paladin, is #2! Next level in 1 day, 00:11:39.
01:16 <@Idler> DODONGOS, the level 40 LOLMEME, is #3! Next level in 0 days, 21:58:10.
11:18 <@Idler> Idle RPG Top Players:
11:18 <@Idler> dissimulo, the level 63 BOFH, is #1! Next level in 37 days, 10:46:07.
11:18 <@Idler> genius, the level 42 Paladin, is #2! Next level in 1 day, 00:11:39.
11:18 <@Idler> DODONGOS, the level 40 LOLMEME, is #3! Next level in 0 days, 21:58:10.
17:22 <@Idler> dissimulo was bitten by drdink. This terrible calamity has slowed them 4 days, 02:11:48 from level 64.
17:22 <@Idler> dissimulo reaches next level in 41 days, 06:53:46.
21:19 <@Idler> Idle RPG Top Players:
21:19 <@Idler> dissimulo, the level 63 BOFH, is #1! Next level in 41 days, 02:56:14.
21:19 <@Idler> genius, the level 42 Paladin, is #2! Next level in 1 day, 00:11:39.
21:19 <@Idler> DODONGOS, the level 40 LOLMEME, is #3! Next level in 0 days, 21:58:10.
--- Day changed Tue Jan 15 2013
07:21 <@Idler> Idle RPG Top Players:
07:21 <@Idler> dissimulo, the level 63 BOFH, is #1! Next level in 40 days, 16:54:21.
07:21 <@Idler> genius, the level 42 Paladin, is #2! Next level in 1 day, 00:11:39.
07:21 <@Idler> DODONGOS, the level 40 LOLMEME, is #3! Next level in 0 days, 21:58:10.
17:23 <@Idler> Idle RPG Top Players:
17:23 <@Idler> dissimulo, the level 63 BOFH, is #1! Next level in 40 days, 06:52:33.
17:23 <@Idler> genius, the level 42 Paladin, is #2! Next level in 1 day, 00:11:39.
17:23 <@Idler> DODONGOS, the level 40 LOLMEME, is #3! Next level in 0 days, 21:58:10.
--- Day changed Wed Jan 16 2013
03:25 <@Idler> Idle RPG Top Players:
03:25 <@Idler> dissimulo, the level 63 BOFH, is #1! Next level in 39 days, 20:50:54.
03:25 <@Idler> genius, the level 42 Paladin, is #2! Next level in 1 day, 00:11:39.
03:25 <@Idler> DODONGOS, the level 40 LOLMEME, is #3! Next level in 0 days, 21:58:10.
13:27 <@Idler> Idle RPG Top Players:
13:27 <@Idler> dissimulo, the level 63 BOFH, is #1! Next level in 39 days, 10:49:01.
13:27 <@Idler> genius, the level 42 Paladin, is #2! Next level in 1 day, 00:11:39.
13:27 <@Idler> DODONGOS, the level 40 LOLMEME, is #3! Next level in 0 days, 21:58:10.
23:28 <@Idler> Idle RPG Top Players:
23:28 <@Idler> dissimulo, the level 63 BOFH, is #1! Next level in 39 days, 00:47:14.
23:28 <@Idler> genius, the level 42 Paladin, is #2! Next level in 1 day, 00:11:39.
23:28 <@Idler> DODONGOS, the level 40 LOLMEME, is #3! Next level in 0 days, 21:58:10.
--- Day changed Thu Jan 17 2013
09:30 <@Idler> Idle RPG Top Players:
09:30 <@Idler> dissimulo, the level 63 BOFH, is #1! Next level in 38 days, 14:45:23.
09:30 <@Idler> genius, the level 42 Paladin, is #2! Next level in 1 day, 00:11:39.
09:30 <@Idler> DODONGOS, the level 40 LOLMEME, is #3! Next level in 0 days, 21:58:10.
19:32 <@Idler> Idle RPG Top Players:
19:32 <@Idler> dissimulo, the level 63 BOFH, is #1! Next level in 38 days, 04:43:31.
19:32 <@Idler> genius, the level 42 Paladin, is #2! Next level in 1 day, 00:11:39.
19:32 <@Idler> DODONGOS, the level 40 LOLMEME, is #3! Next level in 0 days, 21:58:10.
--- Day changed Fri Jan 18 2013
04:13 <@Idler> dissimulo gained a sixth sense! This wondrous godsend has accelerated them 2 days, 15:33:46 towards level 64.
04:13 <@Idler> dissimulo reaches next level in 35 days, 04:28:49.
05:34 <@Idler> Idle RPG Top Players:
05:34 <@Idler> dissimulo, the level 63 BOFH, is #1! Next level in 35 days, 03:07:56.
05:34 <@Idler> genius, the level 42 Paladin, is #2! Next level in 1 day, 00:11:39.
05:34 <@Idler> DODONGOS, the level 40 LOLMEME, is #3! Next level in 0 days, 21:58:10.
15:36 <@Idler> Idle RPG Top Players:
15:36 <@Idler> dissimulo, the level 63 BOFH, is #1! Next level in 34 days, 17:06:11.
15:36 <@Idler> genius, the level 42 Paladin, is #2! Next level in 1 day, 00:11:39.
15:36 <@Idler> DODONGOS, the level 40 LOLMEME, is #3! Next level in 0 days, 21:58:10.
--- Day changed Sat Jan 19 2013
01:37 <@Idler> Idle RPG Top Players:
01:37 <@Idler> dissimulo, the level 63 BOFH, is #1! Next level in 34 days, 07:04:38.
01:37 <@Idler> genius, the level 42 Paladin, is #2! Next level in 1 day, 00:11:39.
01:37 <@Idler> DODONGOS, the level 40 LOLMEME, is #3! Next level in 0 days, 21:58:10.
11:39 <@Idler> Idle RPG Top Players:
11:39 <@Idler> dissimulo, the level 63 BOFH, is #1! Next level in 33 days, 21:02:55.
11:39 <@Idler> genius, the level 42 Paladin, is #2! Next level in 1 day, 00:11:39.
11:39 <@Idler> DODONGOS, the level 40 LOLMEME, is #3! Next level in 0 days, 21:58:10.
21:41 <@Idler> Idle RPG Top Players:
21:41 <@Idler> dissimulo, the level 63 BOFH, is #1! Next level in 33 days, 11:01:13.
21:41 <@Idler> genius, the level 42 Paladin, is #2! Next level in 1 day, 00:11:39.
21:41 <@Idler> DODONGOS, the level 40 LOLMEME, is #3! Next level in 0 days, 21:58:10.
--- Day changed Sun Jan 20 2013
07:42 <@Idler> Idle RPG Top Players:
07:42 <@Idler> dissimulo, the level 63 BOFH, is #1! Next level in 33 days, 00:59:31.
07:42 <@Idler> genius, the level 42 Paladin, is #2! Next level in 1 day, 00:11:39.
07:42 <@Idler> DODONGOS, the level 40 LOLMEME, is #3! Next level in 0 days, 21:58:10.
17:44 <@Idler> Idle RPG Top Players:
17:44 <@Idler> dissimulo, the level 63 BOFH, is #1! Next level in 32 days, 14:58:03.
17:44 <@Idler> genius, the level 42 Paladin, is #2! Next level in 1 day, 00:11:39.
17:44 <@Idler> DODONGOS, the level 40 LOLMEME, is #3! Next level in 0 days, 21:58:10.
--- Day changed Mon Jan 21 2013
03:45 <@Idler> Idle RPG Top Players:
03:45 <@Idler> dissimulo, the level 63 BOFH, is #1! Next level in 32 days, 04:56:29.
03:45 <@Idler> genius, the level 42 Paladin, is #2! Next level in 1 day, 00:11:39.
03:45 <@Idler> DODONGOS, the level 40 LOLMEME, is #3! Next level in 0 days, 21:58:10.
08:59 -!- `|i5|grishenko [boris@netadmin.deafgeeksirc.com] has joined #idlerpg
10:49 <@Idler> dissimulo had his clothes laundered by a passing fairy! This wondrous godsend has accelerated them 1 day, 21:57:10 towards level 64.
10:49 <@Idler> dissimulo reaches next level in 29 days, 23:55:50.
13:47 <@Idler> Idle RPG Top Players:
13:47 <@Idler> dissimulo, the level 63 BOFH, is #1! Next level in 29 days, 20:57:52.
13:47 <@Idler> genius, the level 42 Paladin, is #2! Next level in 1 day, 00:11:39.
13:47 <@Idler> DODONGOS, the level 40 LOLMEME, is #3! Next level in 0 days, 21:58:10.
13:49 -!- `|i5|grishenko [boris@netadmin.deafgeeksirc.com] has quit [Client exited]
23:48 <@Idler> Idle RPG Top Players:
23:48 <@Idler> dissimulo, the level 63 BOFH, is #1! Next level in 29 days, 10:56:20.
23:48 <@Idler> genius, the level 42 Paladin, is #2! Next level in 1 day, 00:11:39.
23:48 <@Idler> DODONGOS, the level 40 LOLMEME, is #3! Next level in 0 days, 21:58:10.
--- Log closed Tue Jan 22 02:16:05 2013
--- Log opened Tue Jan 22 02:16:05 2013
02:16 -!- ` [dissimulo@dongs-177F552B] has joined #idlerpg
02:16 -!- Irssi: #idlerpg: Total of 2 nicks [1 ops, 0 halfops, 0 voices, 1 normal]
02:16 -!- Irssi: Join to #idlerpg was synced in 5 secs
--- Log closed Sat Jan 26 13:36:53 2013
--- Log opened Sat Jan 26 13:36:54 2013
13:36 -!- ` [dissimulo@dongs-177F552B] has joined #idlerpg
13:36 -!- Irssi: #idlerpg: Total of 2 nicks [1 ops, 0 halfops, 0 voices, 1 normal]
13:36 -!- Irssi: Join to #idlerpg was synced in 5 secs
--- Day changed Mon Feb 04 2013
20:09 -!- Irssi: #idlerpg: Total of 2 nicks [1 ops, 0 halfops, 0 voices, 1 normal]
20:09 -!- mode/#idlerpg [+v `] by Idler
20:09 <@Idler> dissimulo, the level 63 BOFH, is now online from nickname `. Next level in 30 days, 05:50:54.
--- Day changed Tue Feb 05 2013
03:43 <@Idler> Idle RPG Top Players:
03:43 <@Idler> dissimulo, the level 63 BOFH, is #1! Next level in 16 days, 04:23:27.
03:43 <@Idler> genius, the level 42 Paladin, is #2! Next level in 1 day, 00:11:39.
03:43 <@Idler> DODONGOS, the level 40 LOLMEME, is #3! Next level in 0 days, 21:58:10.
13:45 <@Idler> Idle RPG Top Players:
13:45 <@Idler> dissimulo, the level 63 BOFH, is #1! Next level in 15 days, 18:21:48.
13:45 <@Idler> genius, the level 42 Paladin, is #2! Next level in 1 day, 00:11:39.
13:45 <@Idler> DODONGOS, the level 40 LOLMEME, is #3! Next level in 0 days, 21:58:10.
23:46 <@Idler> Idle RPG Top Players:
23:46 <@Idler> dissimulo, the level 63 BOFH, is #1! Next level in 15 days, 08:20:09.
23:46 <@Idler> genius, the level 42 Paladin, is #2! Next level in 1 day, 00:11:39.
23:46 <@Idler> DODONGOS, the level 40 LOLMEME, is #3! Next level in 0 days, 21:58:10.
--- Day changed Wed Feb 06 2013
09:48 <@Idler> Idle RPG Top Players:
09:48 <@Idler> dissimulo, the level 63 BOFH, is #1! Next level in 14 days, 22:18:31.
09:48 <@Idler> genius, the level 42 Paladin, is #2! Next level in 1 day, 00:11:39.
09:48 <@Idler> DODONGOS, the level 40 LOLMEME, is #3! Next level in 0 days, 21:58:10.
19:50 <@Idler> Idle RPG Top Players:
19:50 <@Idler> dissimulo, the level 63 BOFH, is #1! Next level in 14 days, 12:16:55.
19:50 <@Idler> genius, the level 42 Paladin, is #2! Next level in 1 day, 00:11:39.
19:50 <@Idler> DODONGOS, the level 40 LOLMEME, is #3! Next level in 0 days, 21:58:10.
--- Day changed Thu Feb 07 2013
05:51 <@Idler> Idle RPG Top Players:
05:51 <@Idler> dissimulo, the level 63 BOFH, is #1! Next level in 14 days, 02:15:17.
05:51 <@Idler> genius, the level 42 Paladin, is #2! Next level in 1 day, 00:11:39.
05:51 <@Idler> DODONGOS, the level 40 LOLMEME, is #3! Next level in 0 days, 21:58:10.
07:28 <@Idler> The local wizard imbued dissimulo's pants with a Spirit of Fortitude! dissimulo's set of leggings gains 10% effectiveness.
15:53 <@Idler> Idle RPG Top Players:
15:53 <@Idler> dissimulo, the level 63 BOFH, is #1! Next level in 13 days, 16:13:43.
15:53 <@Idler> genius, the level 42 Paladin, is #2! Next level in 1 day, 00:11:39.
15:53 <@Idler> DODONGOS, the level 40 LOLMEME, is #3! Next level in 0 days, 21:58:10.
--- Day changed Fri Feb 08 2013
01:55 <@Idler> Idle RPG Top Players:
01:55 <@Idler> dissimulo, the level 63 BOFH, is #1! Next level in 13 days, 06:12:04.
01:55 <@Idler> genius, the level 42 Paladin, is #2! Next level in 1 day, 00:11:39.
01:55 <@Idler> DODONGOS, the level 40 LOLMEME, is #3! Next level in 0 days, 21:58:10.
11:56 <@Idler> Idle RPG Top Players:
11:56 <@Idler> dissimulo, the level 63 BOFH, is #1! Next level in 12 days, 20:10:22.
11:56 <@Idler> genius, the level 42 Paladin, is #2! Next level in 1 day, 00:11:39.
11:56 <@Idler> DODONGOS, the level 40 LOLMEME, is #3! Next level in 0 days, 21:58:10.
21:58 <@Idler> Idle RPG Top Players:
21:58 <@Idler> dissimulo, the level 63 BOFH, is #1! Next level in 12 days, 10:08:51.
21:58 <@Idler> genius, the level 42 Paladin, is #2! Next level in 1 day, 00:11:39.
21:58 <@Idler> DODONGOS, the level 40 LOLMEME, is #3! Next level in 0 days, 21:58:10.
--- Day changed Sat Feb 09 2013
07:59 <@Idler> Idle RPG Top Players:
07:59 <@Idler> dissimulo, the level 63 BOFH, is #1! Next level in 12 days, 00:07:09.
07:59 <@Idler> genius, the level 42 Paladin, is #2! Next level in 1 day, 00:11:39.
07:59 <@Idler> DODONGOS, the level 40 LOLMEME, is #3! Next level in 0 days, 21:58:10.
15:37 <+`> w/2
18:01 <@Idler> Idle RPG Top Players:
18:01 <@Idler> dissimulo, the level 63 BOFH, is #1! Next level in 11 days, 18:22:00.
18:01 <@Idler> genius, the level 42 Paladin, is #2! Next level in 1 day, 00:11:39.
18:01 <@Idler> DODONGOS, the level 40 LOLMEME, is #3! Next level in 0 days, 21:58:10.
--- Day changed Sun Feb 10 2013
04:02 <@Idler> Idle RPG Top Players:
04:02 <@Idler> dissimulo, the level 63 BOFH, is #1! Next level in 11 days, 08:20:36.
04:02 <@Idler> genius, the level 42 Paladin, is #2! Next level in 1 day, 00:11:39.
04:02 <@Idler> DODONGOS, the level 40 LOLMEME, is #3! Next level in 0 days, 21:58:10.
14:04 <@Idler> Idle RPG Top Players:
14:04 <@Idler> dissimulo, the level 63 BOFH, is #1! Next level in 10 days, 22:19:04.
14:04 <@Idler> genius, the level 42 Paladin, is #2! Next level in 1 day, 00:11:39.
14:04 <@Idler> DODONGOS, the level 40 LOLMEME, is #3! Next level in 0 days, 21:58:10.
--- Day changed Mon Feb 11 2013
00:05 <@Idler> Idle RPG Top Players:
00:05 <@Idler> dissimulo, the level 63 BOFH, is #1! Next level in 10 days, 12:17:28.
00:05 <@Idler> genius, the level 42 Paladin, is #2! Next level in 1 day, 00:11:39.
00:05 <@Idler> DODONGOS, the level 40 LOLMEME, is #3! Next level in 0 days, 21:58:10.
10:07 <@Idler> Idle RPG Top Players:
10:07 <@Idler> dissimulo, the level 63 BOFH, is #1! Next level in 10 days, 02:15:50.
10:07 <@Idler> genius, the level 42 Paladin, is #2! Next level in 1 day, 00:11:39.
10:07 <@Idler> DODONGOS, the level 40 LOLMEME, is #3! Next level in 0 days, 21:58:10.
11:52 <@Idler> dissimulo got lost in the woods. This terrible calamity has slowed them 0 days, 21:38:48 from level 64.
11:52 <@Idler> dissimulo reaches next level in 10 days, 22:10:02.
20:09 <@Idler> Idle RPG Top Players:
20:09 <@Idler> dissimulo, the level 63 BOFH, is #1! Next level in 10 days, 13:53:02.
20:09 <@Idler> genius, the level 42 Paladin, is #2! Next level in 1 day, 00:11:39.
20:09 <@Idler> DODONGOS, the level 40 LOLMEME, is #3! Next level in 0 days, 21:58:10.
--- Day changed Tue Feb 12 2013
06:10 <@Idler> Idle RPG Top Players:
06:10 <@Idler> dissimulo, the level 63 BOFH, is #1! Next level in 10 days, 03:51:29.
06:10 <@Idler> genius, the level 42 Paladin, is #2! Next level in 1 day, 00:11:39.
06:10 <@Idler> DODONGOS, the level 40 LOLMEME, is #3! Next level in 0 days, 21:58:10.
16:12 <@Idler> Idle RPG Top Players:
16:12 <@Idler> dissimulo, the level 63 BOFH, is #1! Next level in 9 days, 17:49:54.
16:12 <@Idler> genius, the level 42 Paladin, is #2! Next level in 1 day, 00:11:39.
16:12 <@Idler> DODONGOS, the level 40 LOLMEME, is #3! Next level in 0 days, 21:58:10.
20:29 <@Idler> dissimulo found a one-time-use spell of quickness! This wondrous godsend has accelerated them 0 days, 11:28:38 towards level 64.
20:29 <@Idler> dissimulo reaches next level in 9 days, 02:04:13.
--- Day changed Wed Feb 13 2013
02:13 <@Idler> Idle RPG Top Players:
02:13 <@Idler> dissimulo, the level 63 BOFH, is #1! Next level in 8 days, 20:19:47.
02:13 <@Idler> genius, the level 42 Paladin, is #2! Next level in 1 day, 00:11:39.
02:13 <@Idler> DODONGOS, the level 40 LOLMEME, is #3! Next level in 0 days, 21:58:10.
12:15 <@Idler> Idle RPG Top Players:
12:15 <@Idler> dissimulo, the level 63 BOFH, is #1! Next level in 8 days, 10:18:12.
12:15 <@Idler> genius, the level 42 Paladin, is #2! Next level in 1 day, 00:11:39.
12:15 <@Idler> DODONGOS, the level 40 LOLMEME, is #3! Next level in 0 days, 21:58:10.
22:17 <@Idler> Idle RPG Top Players:
22:17 <@Idler> dissimulo, the level 63 BOFH, is #1! Next level in 8 days, 00:16:35.
22:17 <@Idler> genius, the level 42 Paladin, is #2! Next level in 1 day, 00:11:39.
22:17 <@Idler> DODONGOS, the level 40 LOLMEME, is #3! Next level in 0 days, 21:58:10.
--- Day changed Thu Feb 14 2013
08:18 <@Idler> Idle RPG Top Players:
08:18 <@Idler> dissimulo, the level 63 BOFH, is #1! Next level in 7 days, 14:14:58.
08:18 <@Idler> genius, the level 42 Paladin, is #2! Next level in 1 day, 00:11:39.
08:18 <@Idler> DODONGOS, the level 40 LOLMEME, is #3! Next level in 0 days, 21:58:10.
18:20 <@Idler> Idle RPG Top Players:
18:20 <@Idler> dissimulo, the level 63 BOFH, is #1! Next level in 7 days, 04:13:28.
18:20 <@Idler> genius, the level 42 Paladin, is #2! Next level in 1 day, 00:11:39.
18:20 <@Idler> DODONGOS, the level 40 LOLMEME, is #3! Next level in 0 days, 21:58:10.
--- Day changed Fri Feb 15 2013
04:21 <@Idler> Idle RPG Top Players:
04:21 <@Idler> dissimulo, the level 63 BOFH, is #1! Next level in 6 days, 18:12:01.
04:21 <@Idler> genius, the level 42 Paladin, is #2! Next level in 1 day, 00:11:39.
04:21 <@Idler> DODONGOS, the level 40 LOLMEME, is #3! Next level in 0 days, 21:58:10.
14:23 <@Idler> Idle RPG Top Players:
14:23 <@Idler> dissimulo, the level 63 BOFH, is #1! Next level in 6 days, 08:10:31.
14:23 <@Idler> genius, the level 42 Paladin, is #2! Next level in 1 day, 00:11:39.
14:23 <@Idler> DODONGOS, the level 40 LOLMEME, is #3! Next level in 0 days, 21:58:10.
--- Day changed Sat Feb 16 2013
00:24 <@Idler> Idle RPG Top Players:
00:24 <@Idler> dissimulo, the level 63 BOFH, is #1! Next level in 5 days, 22:09:06.
00:24 <@Idler> genius, the level 42 Paladin, is #2! Next level in 1 day, 00:11:39.
00:24 <@Idler> DODONGOS, the level 40 LOLMEME, is #3! Next level in 0 days, 21:58:10.
10:25 <@Idler> Idle RPG Top Players:
10:25 <@Idler> dissimulo, the level 63 BOFH, is #1! Next level in 5 days, 12:07:38.
10:25 <@Idler> genius, the level 42 Paladin, is #2! Next level in 1 day, 00:11:39.
10:25 <@Idler> DODONGOS, the level 40 LOLMEME, is #3! Next level in 0 days, 21:58:10.
20:27 <@Idler> Idle RPG Top Players:
20:27 <@Idler> dissimulo, the level 63 BOFH, is #1! Next level in 5 days, 02:06:13.
20:27 <@Idler> genius, the level 42 Paladin, is #2! Next level in 1 day, 00:11:39.
20:27 <@Idler> DODONGOS, the level 40 LOLMEME, is #3! Next level in 0 days, 21:58:10.
--- Day changed Sun Feb 17 2013
06:29 <@Idler> Idle RPG Top Players:
06:29 <@Idler> dissimulo, the level 63 BOFH, is #1! Next level in 4 days, 16:04:33.
06:29 <@Idler> genius, the level 42 Paladin, is #2! Next level in 1 day, 00:11:39.
06:29 <@Idler> DODONGOS, the level 40 LOLMEME, is #3! Next level in 0 days, 21:58:10.
16:30 <@Idler> Idle RPG Top Players:
16:30 <@Idler> dissimulo, the level 63 BOFH, is #1! Next level in 4 days, 06:03:00.
16:30 <@Idler> genius, the level 42 Paladin, is #2! Next level in 1 day, 00:11:39.
16:30 <@Idler> DODONGOS, the level 40 LOLMEME, is #3! Next level in 0 days, 21:58:10.
--- Day changed Mon Feb 18 2013
02:21 <@Idler> dissimulo ate a very disagreeable fruit, getting a terrible case of heartburn. This terrible calamity has slowed them 0 days, 06:27:13 from level 64.
02:21 <@Idler> dissimulo reaches next level in 4 days, 02:39:04.
02:32 <@Idler> Idle RPG Top Players:
02:32 <@Idler> dissimulo, the level 63 BOFH, is #1! Next level in 4 days, 02:28:41.
02:32 <@Idler> genius, the level 42 Paladin, is #2! Next level in 1 day, 00:11:39.
02:32 <@Idler> DODONGOS, the level 40 LOLMEME, is #3! Next level in 0 days, 21:58:10.
12:33 <@Idler> Idle RPG Top Players:
12:33 <@Idler> dissimulo, the level 63 BOFH, is #1! Next level in 3 days, 16:27:09.
12:33 <@Idler> genius, the level 42 Paladin, is #2! Next level in 1 day, 00:11:39.
12:33 <@Idler> DODONGOS, the level 40 LOLMEME, is #3! Next level in 0 days, 21:58:10.
22:35 <@Idler> Idle RPG Top Players:
22:35 <@Idler> dissimulo, the level 63 BOFH, is #1! Next level in 3 days, 06:25:38.
22:35 <@Idler> genius, the level 42 Paladin, is #2! Next level in 1 day, 00:11:39.
22:35 <@Idler> DODONGOS, the level 40 LOLMEME, is #3! Next level in 0 days, 21:58:10.
--- Day changed Tue Feb 19 2013
08:36 <@Idler> Idle RPG Top Players:
08:36 <@Idler> dissimulo, the level 63 BOFH, is #1! Next level in 2 days, 20:24:11.
08:36 <@Idler> genius, the level 42 Paladin, is #2! Next level in 1 day, 00:11:39.
08:36 <@Idler> DODONGOS, the level 40 LOLMEME, is #3! Next level in 0 days, 21:58:10.
18:38 <@Idler> Idle RPG Top Players:
18:38 <@Idler> dissimulo, the level 63 BOFH, is #1! Next level in 2 days, 10:22:34.
18:38 <@Idler> genius, the level 42 Paladin, is #2! Next level in 1 day, 00:11:39.
18:38 <@Idler> DODONGOS, the level 40 LOLMEME, is #3! Next level in 0 days, 21:58:10.
20:17 <@Idler> dissimulo was taught to run quickly by a secret tribe of pygmies that know how to, among other things, run quickly! This wondrous godsend has accelerated them 0 days, 03:58:12 towards level 64.
20:17 <@Idler> dissimulo reaches next level in 2 days, 04:44:40.
--- Day changed Wed Feb 20 2013
04:39 <@Idler> Idle RPG Top Players:
04:39 <@Idler> dissimulo, the level 63 BOFH, is #1! Next level in 1 day, 20:22:45.
04:39 <@Idler> genius, the level 42 Paladin, is #2! Next level in 1 day, 00:11:39.
04:39 <@Idler> DODONGOS, the level 40 LOLMEME, is #3! Next level in 0 days, 21:58:10.
14:41 <@Idler> Idle RPG Top Players:
14:41 <@Idler> dissimulo, the level 63 BOFH, is #1! Next level in 1 day, 10:21:09.
14:41 <@Idler> genius, the level 42 Paladin, is #2! Next level in 1 day, 00:11:39.
14:41 <@Idler> DODONGOS, the level 40 LOLMEME, is #3! Next level in 0 days, 21:58:10.
--- Day changed Thu Feb 21 2013
00:43 <@Idler> Idle RPG Top Players:
00:43 <@Idler> dissimulo, the level 63 BOFH, is #1! Next level in 1 day, 00:19:31.
00:43 <@Idler> genius, the level 42 Paladin, is #2! Next level in 1 day, 00:11:39.
00:43 <@Idler> DODONGOS, the level 40 LOLMEME, is #3! Next level in 0 days, 21:58:10.
10:44 <@Idler> Idle RPG Top Players:
10:44 <@Idler> dissimulo, the level 63 BOFH, is #1! Next level in 0 days, 14:18:01.
10:44 <@Idler> genius, the level 42 Paladin, is #2! Next level in 1 day, 00:11:39.
10:44 <@Idler> DODONGOS, the level 40 LOLMEME, is #3! Next level in 0 days, 21:58:10.
20:46 <@Idler> Idle RPG Top Players:
20:46 <@Idler> dissimulo, the level 63 BOFH, is #1! Next level in 0 days, 04:16:23.
20:46 <@Idler> genius, the level 42 Paladin, is #2! Next level in 1 day, 00:11:39.
20:46 <@Idler> DODONGOS, the level 40 LOLMEME, is #3! Next level in 0 days, 21:58:10.
--- Day changed Fri Feb 22 2013
01:02 <@Idler> dissimulo, the BOFH, has attained level 64! Next level in 55 days, 04:22:00.
06:47 <@Idler> Idle RPG Top Players:
06:47 <@Idler> dissimulo, the level 64 BOFH, is #1! Next level in 54 days, 22:36:50.
06:47 <@Idler> genius, the level 42 Paladin, is #2! Next level in 1 day, 00:11:39.
06:47 <@Idler> DODONGOS, the level 40 LOLMEME, is #3! Next level in 0 days, 21:58:10.
--- Log closed Fri Feb 22 14:54:41 2013
--- Log opened Fri Feb 22 14:54:41 2013
14:54 -!- ` [dissimulo@dongs-177F552B] has joined #idlerpg
14:54 -!- Irssi: #idlerpg: Total of 2 nicks [1 ops, 0 halfops, 0 voices, 1 normal]
14:54 -!- Irssi: Join to #idlerpg was synced in 6 secs
18:36 -!- mode/#idlerpg [+v `] by Idler
18:36 <@Idler> dissimulo, the level 64 BOFH, is now online from nickname `. Next level in 55 days, 14:51:20.
20:31 <@Idler> Idle RPG Top Players:
20:31 <@Idler> dissimulo, the level 64 BOFH, is #1! Next level in 55 days, 09:14:37.
20:31 <@Idler> genius, the level 42 Paladin, is #2! Next level in 1 day, 00:11:39.
20:31 <@Idler> DODONGOS, the level 40 LOLMEME, is #3! Next level in 0 days, 21:58:10.
--- Day changed Sat Feb 23 2013
06:32 <@Idler> Idle RPG Top Players:
06:32 <@Idler> dissimulo, the level 64 BOFH, is #1! Next level in 54 days, 23:13:11.
06:32 <@Idler> genius, the level 42 Paladin, is #2! Next level in 1 day, 00:11:39.
06:32 <@Idler> DODONGOS, the level 40 LOLMEME, is #3! Next level in 0 days, 21:58:10.
16:34 <@Idler> Idle RPG Top Players:
16:34 <@Idler> dissimulo, the level 64 BOFH, is #1! Next level in 54 days, 13:11:43.
16:34 <@Idler> genius, the level 42 Paladin, is #2! Next level in 1 day, 00:11:39.
16:34 <@Idler> DODONGOS, the level 40 LOLMEME, is #3! Next level in 0 days, 21:58:10.
--- Day changed Sun Feb 24 2013
02:36 <@Idler> Idle RPG Top Players:
02:36 <@Idler> dissimulo, the level 64 BOFH, is #1! Next level in 54 days, 03:10:05.
02:36 <@Idler> genius, the level 42 Paladin, is #2! Next level in 1 day, 00:11:39.
02:36 <@Idler> DODONGOS, the level 40 LOLMEME, is #3! Next level in 0 days, 21:58:10.
12:37 <@Idler> Idle RPG Top Players:
12:37 <@Idler> dissimulo, the level 64 BOFH, is #1! Next level in 53 days, 17:08:31.
12:37 <@Idler> genius, the level 42 Paladin, is #2! Next level in 1 day, 00:11:39.
12:37 <@Idler> DODONGOS, the level 40 LOLMEME, is #3! Next level in 0 days, 21:58:10.
22:39 <@Idler> Idle RPG Top Players:
22:39 <@Idler> dissimulo, the level 64 BOFH, is #1! Next level in 53 days, 07:06:50.
22:39 <@Idler> genius, the level 42 Paladin, is #2! Next level in 1 day, 00:11:39.
22:39 <@Idler> DODONGOS, the level 40 LOLMEME, is #3! Next level in 0 days, 21:58:10.
--- Day changed Mon Feb 25 2013
08:40 <@Idler> Idle RPG Top Players:
08:40 <@Idler> dissimulo, the level 64 BOFH, is #1! Next level in 52 days, 21:05:11.
08:40 <@Idler> genius, the level 42 Paladin, is #2! Next level in 1 day, 00:11:39.
08:40 <@Idler> DODONGOS, the level 40 LOLMEME, is #3! Next level in 0 days, 21:58:10.
18:42 <@Idler> Idle RPG Top Players:
18:42 <@Idler> dissimulo, the level 64 BOFH, is #1! Next level in 52 days, 11:03:41.
18:42 <@Idler> genius, the level 42 Paladin, is #2! Next level in 1 day, 00:11:39.
18:42 <@Idler> DODONGOS, the level 40 LOLMEME, is #3! Next level in 0 days, 21:58:10.
--- Day changed Tue Feb 26 2013
04:44 <@Idler> Idle RPG Top Players:
04:44 <@Idler> dissimulo, the level 64 BOFH, is #1! Next level in 52 days, 01:02:02.
04:44 <@Idler> genius, the level 42 Paladin, is #2! Next level in 1 day, 00:11:39.
04:44 <@Idler> DODONGOS, the level 40 LOLMEME, is #3! Next level in 0 days, 21:58:10.
14:45 <@Idler> Idle RPG Top Players:
14:45 <@Idler> dissimulo, the level 64 BOFH, is #1! Next level in 51 days, 15:00:23.
14:45 <@Idler> genius, the level 42 Paladin, is #2! Next level in 1 day, 00:11:39.
14:45 <@Idler> DODONGOS, the level 40 LOLMEME, is #3! Next level in 0 days, 21:58:10.
--- Log closed Tue Feb 26 15:03:20 2013
--- Log opened Tue Feb 26 15:03:21 2013
15:03 -!- ` [dissimulo@dongs-177F552B] has joined #idlerpg
15:03 -!- Irssi: #idlerpg: Total of 2 nicks [1 ops, 0 halfops, 0 voices, 1 normal]
15:03 -!- Irssi: Join to #idlerpg was synced in 5 secs
--- Day changed Thu Feb 28 2013
03:19 -!- mode/#idlerpg [+v `] by Idler
03:19 <@Idler> dissimulo, the level 64 BOFH, is now online from nickname `. Next level in 52 days, 15:04:09.
13:03 <@Idler> Idle RPG Top Players:
13:03 <@Idler> dissimulo, the level 64 BOFH, is #1! Next level in 50 days, 17:04:16.
13:03 <@Idler> genius, the level 42 Paladin, is #2! Next level in 1 day, 00:11:39.
13:03 <@Idler> DODONGOS, the level 40 LOLMEME, is #3! Next level in 0 days, 21:58:10.
23:04 <@Idler> Idle RPG Top Players:
23:04 <@Idler> dissimulo, the level 64 BOFH, is #1! Next level in 50 days, 07:02:50.
23:04 <@Idler> genius, the level 42 Paladin, is #2! Next level in 1 day, 00:11:39.
23:04 <@Idler> DODONGOS, the level 40 LOLMEME, is #3! Next level in 0 days, 21:58:10.
--- Day changed Fri Mar 01 2013
09:06 <@Idler> Idle RPG Top Players:
09:06 <@Idler> dissimulo, the level 64 BOFH, is #1! Next level in 49 days, 21:01:21.
09:06 <@Idler> genius, the level 42 Paladin, is #2! Next level in 1 day, 00:11:39.
09:06 <@Idler> DODONGOS, the level 40 LOLMEME, is #3! Next level in 0 days, 21:58:10.
12:49 <@Idler> dissimulo found a pair of Nikes! This wondrous godsend has accelerated them 5 days, 23:11:44 towards level 65.
12:49 <@Idler> dissimulo reaches next level in 43 days, 18:06:07.
19:07 <@Idler> Idle RPG Top Players:
19:07 <@Idler> dissimulo, the level 64 BOFH, is #1! Next level in 43 days, 11:48:04.
19:07 <@Idler> genius, the level 42 Paladin, is #2! Next level in 1 day, 00:11:39.
19:07 <@Idler> DODONGOS, the level 40 LOLMEME, is #3! Next level in 0 days, 21:58:10.
--- Day changed Sat Mar 02 2013
05:09 <@Idler> Idle RPG Top Players:
05:09 <@Idler> dissimulo, the level 64 BOFH, is #1! Next level in 43 days, 01:46:38.
05:09 <@Idler> genius, the level 42 Paladin, is #2! Next level in 1 day, 00:11:39.
05:09 <@Idler> DODONGOS, the level 40 LOLMEME, is #3! Next level in 0 days, 21:58:10.
15:10 <@Idler> Idle RPG Top Players:
15:10 <@Idler> dissimulo, the level 64 BOFH, is #1! Next level in 42 days, 15:45:01.
15:10 <@Idler> genius, the level 42 Paladin, is #2! Next level in 1 day, 00:11:39.
15:10 <@Idler> DODONGOS, the level 40 LOLMEME, is #3! Next level in 0 days, 21:58:10.
23:16 <@Idler> dissimulo was taught to run quickly by a secret tribe of pygmies that know how to, among other things, run quickly! This wondrous godsend has accelerated them 4 days, 05:33:57 towards level 65.
23:16 <@Idler> dissimulo reaches next level in 38 days, 02:05:40.
--- Day changed Sun Mar 03 2013
01:12 <@Idler> Idle RPG Top Players:
01:12 <@Idler> dissimulo, the level 64 BOFH, is #1! Next level in 38 days, 00:09:27.
01:12 <@Idler> genius, the level 42 Paladin, is #2! Next level in 1 day, 00:11:39.
01:12 <@Idler> DODONGOS, the level 40 LOLMEME, is #3! Next level in 0 days, 21:58:10.
11:14 <@Idler> Idle RPG Top Players:
11:14 <@Idler> dissimulo, the level 64 BOFH, is #1! Next level in 37 days, 14:07:48.
11:14 <@Idler> genius, the level 42 Paladin, is #2! Next level in 1 day, 00:11:39.
11:14 <@Idler> DODONGOS, the level 40 LOLMEME, is #3! Next level in 0 days, 21:58:10.
