--- Log opened Thu Feb 21 02:56:11 2013
02:56 -!- ` [dissimulo@netadmin.deafgeeksirc.com] has joined #introvents
02:56 -!- Irssi: #introvents: Total of 1 nicks [1 ops, 0 halfops, 0 voices, 0 normal]
02:56 -!- Irssi: Join to #introvents was synced in 0 secs
02:58 <@`> KEEP CALM AND TOKE ON
02:58 -!- ` changed the topic of #introvents to: KEEP CALM AND TOKE ON
14:43 -!- Diligence109 [1817bdd7@AFFA36F9.B6464DE6.7054DD4E.IP] has joined #introvents
14:43 < Diligence109> whoop whoop!
16:10 -!- Diligence109 [1817bdd7@AFFA36F9.B6464DE6.7054DD4E.IP] has quit [Ping timeout]
16:42 -!- Diligence109 [1817bdd7@AFFA36F9.B6464DE6.7054DD4E.IP] has joined #introvents
17:39 -!- Diligence109 [1817bdd7@AFFA36F9.B6464DE6.7054DD4E.IP] has quit [FFFFFFFFFff-- Page closed]
--- Log closed Fri Feb 22 14:54:41 2013
--- Log opened Fri Feb 22 14:54:41 2013
14:54 -!- ` [dissimulo@dongs-177F552B] has joined #introvents
14:54 -!- Irssi: #introvents: Total of 1 nicks [1 ops, 0 halfops, 0 voices, 0 normal]
14:54 -!- Irssi: Join to #introvents was synced in 8 secs
22:06 -!- Buckets-Monkey [6bcadc93@AFFA36F9.B6464DE6.7054DD4E.IP] has joined #introvents
22:06 -!- Buckets-Monkey [6bcadc93@AFFA36F9.B6464DE6.7054DD4E.IP] has quit [FFFFFFFFFff-- Page closed]
--- Day changed Mon Feb 25 2013
05:49 -!- Laxbro224 [47c29282@AFFA36F9.B6464DE6.7054DD4E.IP] has joined #introvents
05:49 < Laxbro224> Hey man
05:51 -!- Laxbro224 [47c29282@AFFA36F9.B6464DE6.7054DD4E.IP] has quit [Ping timeout]
--- Log closed Tue Feb 26 15:03:20 2013
--- Log opened Tue Feb 26 15:03:21 2013
15:03 -!- ` [dissimulo@dongs-177F552B] has joined #introvents
15:03 -!- Irssi: #introvents: Total of 1 nicks [1 ops, 0 halfops, 0 voices, 0 normal]
15:03 -!- Irssi: Join to #introvents was synced in 7 secs
--- Log closed Tue Mar 05 17:06:23 2013
--- Log opened Tue Mar 05 17:06:24 2013
17:06 -!- ` [dissimulo@dongs-177F552B] has joined #introvents
17:06 -!- Irssi: #introvents: Total of 1 nicks [1 ops, 0 halfops, 0 voices, 0 normal]
17:06 -!- Irssi: Join to #introvents was synced in 7 secs
--- Log closed Tue Mar 05 21:50:34 2013
--- Log opened Tue Mar 05 21:50:36 2013
21:50 -!- ` [dissimulo@dongs-177F552B] has joined #introvents
21:50 -!- Irssi: #introvents: Total of 1 nicks [1 ops, 0 halfops, 0 voices, 0 normal]
21:50 -!- Irssi: Join to #introvents was synced in 7 secs
--- Day changed Wed Mar 06 2013
17:54 -!- ` changed the topic of #introvents to: KEEP CALM AND TOKE ON
17:55 -!- ` changed the topic of #introvents to: KEEP CALM AND TOKE ON
20:15 -!- newform8 [AndChat223@dongs-BAA931B6.hsd1.nj.comcast.net] has joined #introvents
21:56 -!- newform [AndChat223@dongs-BAA931B6.hsd1.nj.comcast.net] has joined #introvents
21:57 -!- newform8 [AndChat223@dongs-BAA931B6.hsd1.nj.comcast.net] has quit [Ping timeout]
22:15 -!- newform [AndChat223@dongs-BAA931B6.hsd1.nj.comcast.net] has quit [Quit: THE FLOOR IS LAVA ]
