--- Log opened Sun Jan 13 01:14:10 2013
01:14 -!- ` [dissimulo@netadmin.deafgeeksirc.com] has joined #opers
01:14 -!- Irssi: #opers: Total of 6 nicks [0 ops, 0 halfops, 0 voices, 6 normal]
01:14 -!- Irssi: Join to #opers was synced in 0 secs
13:59 -!- dn^xps [dongbong@dongs-CF977489.mammothnetworks.com] has joined #opers
20:17 -!- dn^xps [dongbong@dongs-CF977489.mammothnetworks.com] has quit [Ping timeout]
--- Day changed Mon Jan 14 2013
01:57 -!- dn^8cor [uu@dongs-CF977489.mammothnetworks.com] has quit [Killed (Sudos|E265M (no))]
01:57 -!- dn^8cor [uu@dongs-CF977489.mammothnetworks.com] has joined #opers
05:17 -!- dn^xps [dongbong@dongs-CF977489.mammothnetworks.com] has joined #opers
05:17 -!- dn^xps [dongbong@dongs-CF977489.mammothnetworks.com] has quit [Quit: ]
05:22 -!- dn^8cor [uu@dongs-CF977489.mammothnetworks.com] has quit [Quit: So long, and thanks for all the dongs!]
21:33 -!- dn^xps [dongbong@dongs-979B38B1.hsd1.co.comcast.net] has joined #opers
22:56 -!- dn^xps [dongbong@dongs-979B38B1.hsd1.co.comcast.net] has quit [Ping timeout]
--- Day changed Tue Jan 15 2013
17:25 -!- miek|kwadkore [miekkwadk@9AEEEEEC.ED5D9C8B.ACA6E65E.IP] has quit [Ping timeout]
22:20 -!- dn^8cor [uu@dongs-CF977489.mammothnetworks.com] has joined #opers
23:33 -!- Netsplit irc.rubbermallet.org <-> r-type.rubbermallet.org quits: Erik, BOPM
--- Day changed Wed Jan 16 2013
00:05 -!- dn^tablet [AndChat700@dongs-CF977489.mammothnetworks.com] has joined #opers
00:06 -!- dn^8cor [uu@dongs-CF977489.mammothnetworks.com] has quit [Quit: So long, and thanks for all the dongs!]
01:58 -!- dn^tablet [AndChat700@dongs-CF977489.mammothnetworks.com] has quit [Quit: Bye]
22:01 -!- dn^xps [dongbong@dongs-CF977489.mammothnetworks.com] has joined #opers
22:15 -!- dn^8cor [uu@dongs-CF977489.mammothnetworks.com] has joined #opers
22:15 -!- dn^8cor [uu@dongs-CF977489.mammothnetworks.com] has quit [Quit: So long, and thanks for all the dongs!]
22:17 -!- dn^8cor [uu@dongs-CF977489.mammothnetworks.com] has joined #opers
23:14 -!- Erik [erik@erik] has joined #opers
23:14 -!- BOPM [bopm@dongs-93DEB46F.lan] has joined #opers
23:19 -!- dn^xps [dongbong@dongs-CF977489.mammothnetworks.com] has quit [Quit: ]
--- Day changed Thu Jan 17 2013
00:30 < dn^8cor> ¤¾¤¾
00:30 < dn^8cor> „!ôÄ
00:30 < dn^8cor> „!ôÄþq
00:30 < dn^8cor> `þq
00:30 < dn^8cor> `þq
00:30 < dn^8cor> `þq
00:30 < dn^8cor> `þq
00:30 < dn^8cor> `þq
00:30 < dn^8cor> `þq
00:30 < dn^8cor> `þq
00:30 < dn^8cor> `þq
00:30 < dn^8cor> `þq
00:30 < dn^8cor> `þq
00:30 < dn^8cor> `þq
00:30 < dn^8cor> `
00:30 < Erik> wat
05:18 -!- dn^8cor [uu@dongs-CF977489.mammothnetworks.com] has quit [Quit: So long, and thanks for all the dongs!]
21:03 -!- dn^8cor [uu@dongs-CF977489.mammothnetworks.com] has joined #opers
21:47 -!- dn^tablet [AndChat700@dongs-CF977489.mammothnetworks.com] has joined #opers
--- Day changed Fri Jan 18 2013
00:19 -!- dn^tablet [AndChat700@dongs-CF977489.mammothnetworks.com] has quit [Quit: Bye]
03:36 -!- dn^8cor [uu@dongs-CF977489.mammothnetworks.com] has quit [Killed (Sudos|E265M (NO))]
03:39 -!- dn^8cor [uu@dongs-CF977489.mammothnetworks.com] has joined #opers
05:32 -!- dn^8cor [uu@dongs-CF977489.mammothnetworks.com] has quit [Quit: So long, and thanks for all the dongs!]
05:56 -!- dn^tablet [AndChat700@dongs-CF977489.mammothnetworks.com] has joined #opers
05:57 -!- dn^tablet [AndChat700@dongs-CF977489.mammothnetworks.com] has quit [Quit: Bye]
06:00 -!- dn^tablet [AndChat700@dongs-CF977489.mammothnetworks.com] has joined #opers
06:01 -!- dn^tablet [AndChat700@dongs-CF977489.mammothnetworks.com] has quit [Quit: Bye]
09:39 -!- Netsplit irc.rubbermallet.org <-> r-type.rubbermallet.org quits: Erik, BOPM
22:39 -!- Erik [erik@erik] has joined #opers
22:39 -!- BOPM [bopm@dongs-93DEB46F.lan] has joined #opers
23:41 -!- dn^8cor [uu@dongs-CF977489.mammothnetworks.com] has joined #opers
--- Day changed Sat Jan 19 2013
00:18 -!- dn^8cor [uu@dongs-CF977489.mammothnetworks.com] has quit [Quit: So long, and thanks for all the dongs!]
20:53 -!- dn^tablet [AndChat700@dongs-979B38B1.hsd1.co.comcast.net] has joined #opers
--- Day changed Sun Jan 20 2013
00:57 -!- dn^xps [dongbong@dongs-979B38B1.hsd1.co.comcast.net] has joined #opers
15:35 -!- dn^xps [dongbong@dongs-979B38B1.hsd1.co.comcast.net] has quit [Ping timeout]
15:48 -!- dn^tablet [AndChat700@dongs-979B38B1.hsd1.co.comcast.net] has quit [Ping timeout]
16:32 -!- dn^xps [dongbong@dongs-AFE6C3B9.evdo.leapwireless.net] has joined #opers
16:45 -!- dn^lap [dongbong@dongs-AFE6C3B9.evdo.leapwireless.net] has joined #opers
16:45 -!- dn^xps [dongbong@dongs-AFE6C3B9.evdo.leapwireless.net] has quit [Ping timeout]
16:57 -!- dn^lap [dongbong@dongs-AFE6C3B9.evdo.leapwireless.net] has quit [Quit: ]
17:39 -!- dn^xps [dongbong@dongs-CF977489.mammothnetworks.com] has joined #opers
18:41 -!- dn^xps [dongbong@dongs-CF977489.mammothnetworks.com] has quit [Ping timeout]
20:53 -!- dn^8cor [uu@dongs-CF977489.mammothnetworks.com] has joined #opers
23:51 -!- dn^8core [uu@dongs-CF977489.mammothnetworks.com] has joined #opers
23:54 -!- dn^8cor [uu@dongs-CF977489.mammothnetworks.com] has quit [Ping timeout]
--- Day changed Mon Jan 21 2013
02:51 -!- dn^8cor [uu@dongs-CF977489.mammothnetworks.com] has joined #opers
02:53 -!- dn^8core [uu@dongs-CF977489.mammothnetworks.com] has quit [Ping timeout]
05:02 -!- dn^8cor [uu@dongs-CF977489.mammothnetworks.com] has quit [Ping timeout]
08:58 -!- `|i5|grishenko [boris@netadmin.deafgeeksirc.com] has joined #opers
13:49 -!- `|i5|grishenko [boris@netadmin.deafgeeksirc.com] has quit [Client exited]
17:34 -!- Netsplit irc.rubbermallet.org <-> r-type.rubbermallet.org quits: Erik, BOPM
18:37 -!- Erik [erik@erik] has joined #opers
18:37 -!- BOPM [bopm@dongs-93DEB46F.lan] has joined #opers
22:07 -!- dn^xps [dongbong@dongs-979B38B1.hsd1.co.comcast.net] has joined #opers
--- Log closed Tue Jan 22 02:16:05 2013
