--- Log opened Sun Sep 02 20:05:38 2012
20:05 -!- ` [dissimulo@netadmin.deafgeeksirc.com] has joined #PahVote
20:05 -!- Irssi: #PahVote: Total of 1 nicks [1 ops, 0 halfops, 0 voices, 0 normal]
20:05 -!- Irssi: Join to #PahVote was synced in 0 secs
--- Day changed Tue Sep 04 2012
21:35 -!- tonynoname [tonynoname@dongs-5558FE46.albyny.east.verizon.net] has joined #PahVote
21:35 -!- tonynoname [tonynoname@dongs-5558FE46.albyny.east.verizon.net] has left #PahVote []
--- Day changed Thu Sep 06 2012
20:03 -!- You're now known as `|northridge
--- Day changed Fri Sep 07 2012
18:15 -!- AA8 [biskr@AC2FBD0E.B5FFA5B1.7ABC5B39.IP] has joined #PahVote
18:15 -!- AA8 [biskr@AC2FBD0E.B5FFA5B1.7ABC5B39.IP] has left #PahVote []
--- Day changed Mon Sep 10 2012
16:37 <@`|northridge> wolo
--- Day changed Fri Sep 14 2012
20:58 -!- eight8 [biskr@D64D41F8.B5FFA5B1.7ABC5B39.IP] has joined #PahVote
20:58 -!- eight8 [biskr@D64D41F8.B5FFA5B1.7ABC5B39.IP] has left #PahVote []
--- Day changed Fri Sep 28 2012
16:23 -!- You're now known as `|manhattanbeach
--- Day changed Sat Sep 29 2012
03:15 -!- You're now known as `|northridge
03:15 -!- You're now known as `|reseda
03:16 -!- You're now known as `|northridge
--- Day changed Mon Oct 01 2012
18:07 -!- You're now known as `|csunDEAF402
--- Day changed Wed Oct 03 2012
12:22 -!- You're now known as `|northridge
--- Day changed Sun Oct 07 2012
19:18 -!- You're now known as `
--- Log closed Wed Oct 10 20:24:35 2012
--- Log opened Wed Oct 10 20:24:36 2012
20:24 -!- ` [dissimulo@dongs-177F552B] has joined #PahVote
20:24 -!- Irssi: #PahVote: Total of 1 nicks [1 ops, 0 halfops, 0 voices, 0 normal]
20:24 -!- Irssi: Join to #PahVote was synced in 8 secs
--- Log closed Mon Oct 15 22:05:26 2012
