--- Log opened Sat Aug 25 01:14:54 2012
01:14 !irc.deafgeeksirc.com *** Notice -- Client exiting at irc.rubbermallet.org: Valentin|c2d!IceChat77@c114-76-82-206.thoms3.vic.optusnet.com.au (Quit: Oops. My brain just hit a bad sector)
01:15 !irc.deafgeeksirc.com *** Notice -- Client connecting at irc.rubbermallet.org: scrawl67 (scrawl@data.searchirc.org)
01:15 !irc.deafgeeksirc.com *** Notice -- Client exiting at irc.rubbermallet.org: scrawl67!scrawl@data.searchirc.org (Quit: [SearchIRC] This message brought to you by the power of grayskull.)
--- Log closed Sat Aug 25 01:21:05 2012
--- Log opened Sat Aug 25 01:48:58 2012
01:48 !irc.deafgeeksirc.com *** Notice -- Client connecting at irc.rubbermallet.org: scrawl45 (scrawl@data.searchirc.org)
01:49 !irc.deafgeeksirc.com *** Notice -- Client exiting at irc.rubbermallet.org: scrawl45!scrawl@data.searchirc.org (Quit: [SearchIRC] This message brought to you by the power of grayskull.)
01:54 !irc.deafgeeksirc.com *** Notice -- Client connecting at irc.rubbermallet.org: Valentin|c2d (IceChat77@c114-76-82-206.thoms3.vic.optusnet.com.au)
--- Log closed Sat Aug 25 01:59:05 2012
--- Log opened Sat Aug 25 02:01:06 2012
02:01 !irc.deafgeeksirc.com *** Notice -- Client connecting at irc.rubbermallet.org: Geri (Geri@host-91-147-219-125.cellkabel.hu)
--- Log closed Sat Aug 25 02:07:05 2012
--- Log opened Sat Aug 25 02:15:58 2012
02:15 !irc.deafgeeksirc.com *** Notice -- Client connecting at irc.rubbermallet.org: scrawl53 (scrawl@data.searchirc.org)
02:16 !irc.deafgeeksirc.com *** Notice -- Client exiting at irc.rubbermallet.org: scrawl53!scrawl@data.searchirc.org (Quit: [SearchIRC] This message brought to you by the power of grayskull.)
02:20 !irc.deafgeeksirc.com *** Notice -- Client exiting at irc.rubbermallet.org: Geri!Geri@host-91-147-219-125.cellkabel.hu (Quit: KVIrc 4.2.0 Equilibrium http://www.kvirc.net/)
02:20 !irc.deafgeeksirc.com *** Notice -- Client connecting at irc.rubbermallet.org: Geri (Geri@host-91-147-219-125.cellkabel.hu)
--- Log closed Sat Aug 25 02:26:05 2012
--- Log opened Sat Aug 25 02:48:56 2012
02:48 !irc.deafgeeksirc.com *** Notice -- Client connecting at irc.rubbermallet.org: scrawl86 (scrawl@data.searchirc.org)
02:49 !irc.deafgeeksirc.com *** Notice -- Client exiting at irc.rubbermallet.org: scrawl86!scrawl@data.searchirc.org (Quit: [SearchIRC] This message brought to you by the power of grayskull.)
--- Log closed Sat Aug 25 02:54:05 2012
--- Log opened Sat Aug 25 03:06:23 2012
03:06 !irc.deafgeeksirc.com *** Notice -- Client exiting: mripguru (mripguru@192.168.237.21) [Ping timeout]
03:10 !irc.deafgeeksirc.com *** Notice -- Client connecting on port 6667: mripguru (mripguru@62.219.130.235) [clients] 
03:15 !irc.deafgeeksirc.com *** Notice -- Client connecting at irc.rubbermallet.org: scrawl52 (scrawl@data.searchirc.org)
03:16 !irc.deafgeeksirc.com *** Notice -- Client exiting at irc.rubbermallet.org: scrawl52!scrawl@data.searchirc.org (Quit: [SearchIRC] This message brought to you by the power of grayskull.)
03:19 !irc.deafgeeksirc.com *** Notice -- Client exiting: mripguru (mripguru@62.219.130.235) [Ping timeout]
03:20 !irc.deafgeeksirc.com *** Notice -- Client connecting on port 6667: mripguru (mripguru@62.219.130.235) [clients] 
--- Log closed Sat Aug 25 03:26:05 2012
--- Log opened Sat Aug 25 03:38:19 2012
03:38 !irc.deafgeeksirc.com *** Notice -- Client connecting at irc.rubbermallet.org: tonynoname2 (tonynoname@pool-108-44-7-119.albyny.east.verizon.net)
03:40 !irc.deafgeeksirc.com *** Notice -- Client exiting at irc.rubbermallet.org: tonynoname!tonynoname@pool-108-44-30-41.albyny.east.verizon.net (Ping timeout)
03:43 !irc.deafgeeksirc.com *** Notice -- Client exiting at irc.rubbermallet.org: tonynoname2!tonynoname@pool-108-44-7-119.albyny.east.verizon.net (Quit: tonynoname2)
03:48 !irc.deafgeeksirc.com *** Notice -- Client connecting at irc.rubbermallet.org: scrawl53 (scrawl@data.searchirc.org)
03:49 !irc.deafgeeksirc.com *** Notice -- Client exiting at irc.rubbermallet.org: scrawl53!scrawl@data.searchirc.org (Quit: [SearchIRC] This message brought to you by the power of grayskull.)
03:50 !irc.deafgeeksirc.com *** Notice -- Client exiting at irc.rubbermallet.org: Valentin|c2d!IceChat77@c114-76-82-206.thoms3.vic.optusnet.com.au (Quit: Say What?)
--- Log closed Sat Aug 25 03:56:05 2012
--- Log opened Sat Aug 25 04:15:52 2012
04:15 !irc.deafgeeksirc.com *** Notice -- Client connecting at irc.rubbermallet.org: scrawl25 (scrawl@data.searchirc.org)
04:16 !irc.deafgeeksirc.com *** Notice -- Client exiting at irc.rubbermallet.org: scrawl25!scrawl@data.searchirc.org (Quit: [SearchIRC] Indexed 5 channels in 10 secs @ Aug 25th, 2012, 5:13 am)
--- Log closed Sat Aug 25 04:21:05 2012
--- Log opened Sat Aug 25 04:35:29 2012
04:35 !irc.deafgeeksirc.com *** Notice -- Client exiting: mripguru (mripguru@62.219.130.235) [Ping timeout]
--- Log closed Sat Aug 25 04:41:05 2012
--- Log opened Sat Aug 25 04:45:25 2012
04:45 !irc.deafgeeksirc.com *** Notice -- Client connecting on port 6667: mripguru (mripguru@62.219.130.235) [clients] 
04:48 !irc.deafgeeksirc.com *** Notice -- Client connecting at irc.rubbermallet.org: scrawl27 (scrawl@data.searchirc.org)
04:48 !irc.deafgeeksirc.com *** Notice -- Client exiting at irc.rubbermallet.org: scrawl27!scrawl@data.searchirc.org (Quit: [SearchIRC] This message brought to you by the power of grayskull.)
--- Log closed Sat Aug 25 04:54:05 2012
--- Log opened Sat Aug 25 05:15:51 2012
05:15 !irc.deafgeeksirc.com *** Notice -- Client connecting at irc.rubbermallet.org: scrawl37 (scrawl@data.searchirc.org)
05:16 !irc.deafgeeksirc.com *** Notice -- Client exiting at irc.rubbermallet.org: scrawl37!scrawl@data.searchirc.org (Quit: [SearchIRC] This message brought to you by the power of grayskull.)
05:17 !irc.deafgeeksirc.com *** Notice -- Client exiting: mripguru (mripguru@62.219.130.235) [Ping timeout]
05:18 !irc.deafgeeksirc.com *** Notice -- Client connecting at irc.rubbermallet.org: Zver-UA (Zveryok@31.133.79.199)
05:18 !irc.deafgeeksirc.com *** Notice -- Client connecting on port 6667: mripguru (mripguru@62.219.130.235) [clients] 
--- Log closed Sat Aug 25 05:24:05 2012
--- Log opened Sat Aug 25 05:48:56 2012
05:48 !irc.deafgeeksirc.com *** Notice -- Client connecting at irc.rubbermallet.org: scrawl05 (scrawl@data.searchirc.org)
05:49 !irc.deafgeeksirc.com *** Notice -- Client exiting at irc.rubbermallet.org: scrawl05!scrawl@data.searchirc.org (Quit: [SearchIRC] This message brought to you by the power of grayskull.)
--- Log closed Sat Aug 25 05:54:05 2012
--- Log opened Sat Aug 25 06:16:04 2012
06:16 !irc.deafgeeksirc.com *** Notice -- Client connecting at irc.rubbermallet.org: scrawl76 (scrawl@data.searchirc.org)
06:16 !irc.deafgeeksirc.com *** Notice -- Client exiting at irc.rubbermallet.org: scrawl76!scrawl@data.searchirc.org (Quit: [SearchIRC] This message brought to you by the power of grayskull.)
--- Log closed Sat Aug 25 06:22:05 2012
--- Log opened Sat Aug 25 06:49:43 2012
06:49 !irc.deafgeeksirc.com *** Notice -- Client connecting at irc.rubbermallet.org: scrawl97 (scrawl@data.searchirc.org)
06:49 !irc.deafgeeksirc.com *** Notice -- Client exiting at irc.rubbermallet.org: scrawl97!scrawl@data.searchirc.org (Quit: [SearchIRC] This message brought to you by the power of grayskull.)
06:54 !irc.deafgeeksirc.com *** Notice -- Client exiting at irc.rubbermallet.org: Zver-UA!Zveryok@31.133.79.199 (Ping timeout)
--- Log closed Sat Aug 25 07:00:05 2012
--- Log opened Sat Aug 25 07:13:15 2012
07:13 !irc.deafgeeksirc.com *** Notice -- Client exiting: mripguru (mripguru@62.219.130.235) [Ping timeout]
07:13 !irc.deafgeeksirc.com *** Notice -- Client connecting on port 6667: mripguru (mripguru@vpn1.hspheredns.com) [clients] 
07:16 !irc.deafgeeksirc.com *** Notice -- Client connecting at irc.rubbermallet.org: scrawl20 (scrawl@data.searchirc.org)
07:16 !irc.deafgeeksirc.com *** Notice -- Client exiting at irc.rubbermallet.org: scrawl20!scrawl@data.searchirc.org (Quit: [SearchIRC] This message brought to you by the power of grayskull.)
--- Log closed Sat Aug 25 07:22:05 2012
--- Log opened Sat Aug 25 07:49:32 2012
07:49 !irc.deafgeeksirc.com *** Notice -- Client connecting at irc.rubbermallet.org: scrawl64 (scrawl@data.searchirc.org)
07:49 !irc.deafgeeksirc.com *** Notice -- Client exiting at irc.rubbermallet.org: scrawl64!scrawl@data.searchirc.org (Quit: [SearchIRC] This message brought to you by the power of grayskull.)
--- Log closed Sat Aug 25 07:55:05 2012
--- Log opened Sat Aug 25 08:16:36 2012
08:16 !irc.deafgeeksirc.com *** Notice -- Client connecting at irc.rubbermallet.org: scrawl14 (scrawl@data.searchirc.org)
08:16 !irc.deafgeeksirc.com *** Notice -- Client exiting at irc.rubbermallet.org: scrawl14!scrawl@data.searchirc.org (Quit: [SearchIRC] Indexed 5 channels in 10 secs @ Aug 25th, 2012, 9:13 am)
--- Log closed Sat Aug 25 08:22:05 2012
--- Log opened Sat Aug 25 08:38:21 2012
08:38 !irc.deafgeeksirc.com *** Notice -- Client exiting at uamd.lolcano.me: Sudos|Ath64!Ath64X2@WNR2000 (Quit: THE FLOOR IS LAVA)
08:38 !irc.deafgeeksirc.com *** Notice -- Client connecting at uamd.lolcano.me: Sudos|Ath64 (Ath64X2@WNR2000)
08:39 !irc.deafgeeksirc.com Sudos|Ath64 (Ath64X2@WNR2000) [superdos] is now a network administrator (N)
08:39 !irc.deafgeeksirc.com *** Notice -- Client exiting at uamd.lolcano.me: Sudos|X120e!X120e@WNR2000 (Quit: THE FLOOR IS LAVA)
08:43 !irc.deafgeeksirc.com *** Notice -- Client connecting at irc.rubbermallet.org: Jake|7540 (webchat@c-24-61-183-110.hsd1.nh.comcast.net)
--- Log closed Sat Aug 25 08:49:05 2012
--- Log opened Sat Aug 25 08:49:35 2012
08:49 !irc.deafgeeksirc.com *** Notice -- Client connecting at irc.rubbermallet.org: scrawl77 (scrawl@data.searchirc.org)
08:49 !irc.deafgeeksirc.com *** Notice -- Client exiting at irc.rubbermallet.org: scrawl77!scrawl@data.searchirc.org (Quit: [SearchIRC] This message brought to you by the power of grayskull.)
--- Log closed Sat Aug 25 08:55:05 2012
--- Log opened Sat Aug 25 09:16:36 2012
09:16 !irc.deafgeeksirc.com *** Notice -- Client connecting at irc.rubbermallet.org: scrawl87 (scrawl@data.searchirc.org)
09:16 !irc.deafgeeksirc.com *** Notice -- Client exiting at irc.rubbermallet.org: scrawl87!scrawl@data.searchirc.org (Quit: [SearchIRC] This message brought to you by the power of grayskull.)
--- Log closed Sat Aug 25 09:22:05 2012
--- Log opened Sat Aug 25 09:35:35 2012
09:35 !irc.deafgeeksirc.com *** Notice -- Client connecting at irc.rubbermallet.org: guido (jhg@ip565b80ea.direct-adsl.nl)
--- Log closed Sat Aug 25 09:41:05 2012
--- Log opened Sat Aug 25 09:49:33 2012
09:49 !irc.deafgeeksirc.com *** Notice -- Client connecting at irc.rubbermallet.org: scrawl86 (scrawl@data.searchirc.org)
09:49 !irc.deafgeeksirc.com *** Notice -- Client exiting at irc.rubbermallet.org: scrawl86!scrawl@data.searchirc.org (Quit: [SearchIRC] This message brought to you by the power of grayskull.)
--- Log closed Sat Aug 25 09:55:05 2012
--- Log opened Sat Aug 25 10:16:26 2012
10:16 !irc.deafgeeksirc.com *** Notice -- Client connecting at irc.rubbermallet.org: scrawl27 (scrawl@data.searchirc.org)
10:16 !irc.deafgeeksirc.com *** Notice -- Client exiting at irc.rubbermallet.org: scrawl27!scrawl@data.searchirc.org (Quit: [SearchIRC] This message brought to you by the power of grayskull.)
--- Log closed Sat Aug 25 10:22:05 2012
--- Log opened Sat Aug 25 10:39:03 2012
10:39 !irc.deafgeeksirc.com *** Notice -- Client exiting: mripguru (mripguru@vpn1.hspheredns.com) [Ping timeout]
10:40 !irc.deafgeeksirc.com *** Notice -- Client connecting on port 6667: mripguru (mripguru@77.127.39.254) [clients] 
10:42 !irc.deafgeeksirc.com *** Notice -- Client exiting: mripguru (mripguru@77.127.39.254) [Ping timeout]
10:42 !irc.deafgeeksirc.com *** Notice -- Client connecting on port 6667: mripguru (mripguru@vpn1.hspheredns.com) [clients] 
--- Log closed Sat Aug 25 10:48:05 2012
--- Log opened Sat Aug 25 10:49:25 2012
10:49 !irc.deafgeeksirc.com *** Notice -- Client connecting at irc.rubbermallet.org: scrawl07 (scrawl@data.searchirc.org)
10:49 !irc.deafgeeksirc.com *** Notice -- Client exiting at irc.rubbermallet.org: scrawl07!scrawl@data.searchirc.org (Quit: [SearchIRC] This message brought to you by the power of grayskull.)
--- Log closed Sat Aug 25 10:55:05 2012
--- Log opened Sat Aug 25 11:16:27 2012
11:16 !irc.deafgeeksirc.com *** Notice -- Client connecting at irc.rubbermallet.org: scrawl20 (scrawl@data.searchirc.org)
11:16 !irc.deafgeeksirc.com *** Notice -- Client exiting at irc.rubbermallet.org: scrawl20!scrawl@data.searchirc.org (Quit: [SearchIRC] This message brought to you by the power of grayskull.)
--- Log closed Sat Aug 25 11:22:05 2012
--- Log opened Sat Aug 25 11:31:10 2012
11:31 !irc.deafgeeksirc.com *** Notice -- Client exiting at irc.rubbermallet.org: guido!jhg@ip565b80ea.direct-adsl.nl (Quit: )
--- Log closed Sat Aug 25 11:37:05 2012
--- Log opened Sat Aug 25 11:49:27 2012
11:49 !irc.deafgeeksirc.com *** Notice -- Client connecting at irc.rubbermallet.org: scrawl65 (scrawl@data.searchirc.org)
11:49 !irc.deafgeeksirc.com *** Notice -- Client exiting at irc.rubbermallet.org: scrawl65!scrawl@data.searchirc.org (Quit: [SearchIRC] This message brought to you by the power of grayskull.)
--- Log closed Sat Aug 25 11:55:05 2012
--- Log opened Sat Aug 25 12:16:22 2012
12:16 !irc.deafgeeksirc.com *** Notice -- Client connecting at irc.rubbermallet.org: scrawl22 (scrawl@data.searchirc.org)
12:16 !irc.deafgeeksirc.com *** Notice -- Client exiting at irc.rubbermallet.org: scrawl22!scrawl@data.searchirc.org (Quit: [SearchIRC] This message brought to you by the power of grayskull.)
--- Log closed Sat Aug 25 12:22:05 2012
--- Log opened Sat Aug 25 12:49:27 2012
12:49 !irc.deafgeeksirc.com *** Notice -- Client connecting at irc.rubbermallet.org: scrawl16 (scrawl@data.searchirc.org)
12:49 !irc.deafgeeksirc.com *** Notice -- Client exiting at irc.rubbermallet.org: scrawl16!scrawl@data.searchirc.org (Quit: [SearchIRC] Indexed 5 channels in 10 secs @ Aug 25th, 2012, 1:46 pm)
12:50 !irc.deafgeeksirc.com *** Notice -- Client exiting: mripguru (mripguru@vpn1.hspheredns.com) [FFFFFFFFFff-- Leaving.]
--- Log closed Sat Aug 25 12:56:05 2012
--- Log opened Sat Aug 25 13:08:07 2012
13:08 !irc.deafgeeksirc.com *** Notice -- Client exiting at uamd.lolcano.me: ekduo!Tehanu@bl7-60-73.dsl.telepac.pt (Ping timeout)
13:10 !irc.deafgeeksirc.com *** Notice -- Client connecting at uamd.lolcano.me: ekduo (Tehanu@bl7-66-242.dsl.telepac.pt)
--- Log closed Sat Aug 25 13:16:05 2012
--- Log opened Sat Aug 25 13:16:31 2012
13:16 !irc.deafgeeksirc.com *** Notice -- Client connecting at irc.rubbermallet.org: scrawl84 (scrawl@data.searchirc.org)
13:16 !irc.deafgeeksirc.com *** Notice -- Client exiting at irc.rubbermallet.org: scrawl84!scrawl@data.searchirc.org (Quit: [SearchIRC] This message brought to you by the power of grayskull.)
--- Log closed Sat Aug 25 13:22:05 2012
--- Log opened Sat Aug 25 13:50:10 2012
13:50 !irc.deafgeeksirc.com *** Notice -- Client connecting at irc.rubbermallet.org: scrawl81 (scrawl@data.searchirc.org)
13:50 !irc.deafgeeksirc.com *** Notice -- Client exiting at irc.rubbermallet.org: scrawl81!scrawl@data.searchirc.org (Quit: [SearchIRC] This message brought to you by the power of grayskull.)
--- Log closed Sat Aug 25 13:56:05 2012
--- Log opened Sat Aug 25 14:16:43 2012
14:16 !irc.deafgeeksirc.com *** Notice -- Client connecting at irc.rubbermallet.org: darman213 (darman@108-243-121-23.lightspeed.wchtks.sbcglobal.net)
14:17 !irc.deafgeeksirc.com *** Notice -- Client connecting at irc.rubbermallet.org: scrawl76 (scrawl@data.searchirc.org)
14:17 !irc.deafgeeksirc.com *** Notice -- Client exiting at irc.rubbermallet.org: scrawl76!scrawl@data.searchirc.org (Quit: [SearchIRC] This message brought to you by the power of grayskull.)
14:22 !irc.deafgeeksirc.com *** Notice -- Client exiting at irc.rubbermallet.org: Geri!Geri@host-91-147-219-125.cellkabel.hu (Connection reset by peer)
--- Log closed Sat Aug 25 14:28:05 2012
--- Log opened Sat Aug 25 14:29:58 2012
14:29 !irc.deafgeeksirc.com *** Notice -- Client exiting at irc.rubbermallet.org: darman213!darman@108-243-121-23.lightspeed.wchtks.sbcglobal.net (Ping timeout)
--- Log closed Sat Aug 25 14:35:05 2012
--- Log opened Sat Aug 25 14:50:09 2012
14:50 !irc.deafgeeksirc.com *** Notice -- Client connecting at irc.rubbermallet.org: scrawl30 (scrawl@data.searchirc.org)
14:50 !irc.deafgeeksirc.com *** Notice -- Client exiting at irc.rubbermallet.org: scrawl30!scrawl@data.searchirc.org (Quit: [SearchIRC] This message brought to you by the power of grayskull.)
14:55 !irc.deafgeeksirc.com *** Notice -- Client connecting at irc.rubbermallet.org: darman213 (darman@108-243-121-23.lightspeed.wchtks.sbcglobal.net)
--- Log closed Sat Aug 25 15:01:05 2012
--- Log opened Sat Aug 25 15:17:08 2012
15:17 !irc.deafgeeksirc.com *** Notice -- Client connecting at irc.rubbermallet.org: scrawl62 (scrawl@data.searchirc.org)
15:17 !irc.deafgeeksirc.com *** Notice -- Client exiting at irc.rubbermallet.org: scrawl62!scrawl@data.searchirc.org (Quit: [SearchIRC] This message brought to you by the power of grayskull.)
--- Log closed Sat Aug 25 15:23:05 2012
--- Log opened Sat Aug 25 15:45:39 2012
15:45 !irc.deafgeeksirc.com *** Notice -- Client connecting on port 6667: mripguru (mripguru@vpn1.hspheredns.com) [clients] 
15:46 !irc.deafgeeksirc.com *** Notice -- Client connecting at irc.rubbermallet.org: newform8 (biskerbeet@68.39.45.36)
15:49 !irc.deafgeeksirc.com *** Notice -- Client connecting at uamd.lolcano.me: Sudos|X120e (X120e@WNR2000)
15:49 !irc.deafgeeksirc.com Sudos|X120e (X120e@WNR2000) [superdos] is now a network administrator (N)
15:50 !irc.deafgeeksirc.com *** Notice -- Client connecting at irc.rubbermallet.org: scrawl44 (scrawl@data.searchirc.org)
15:50 !irc.deafgeeksirc.com *** Notice -- Client exiting at irc.rubbermallet.org: scrawl44!scrawl@data.searchirc.org (Quit: [SearchIRC] This message brought to you by the power of grayskull.)
--- Log closed Sat Aug 25 15:56:05 2012
--- Log opened Sat Aug 25 15:58:36 2012
15:58 !irc.deafgeeksirc.com *** Notice -- Client exiting at irc.rubbermallet.org: newform8!biskerbeet@68.39.45.36 ([irc.rubbermallet.org] Local kill by Allah (no I won't, lol))
15:59 !irc.deafgeeksirc.com *** Notice -- Client connecting at irc.rubbermallet.org: newform8 (biskerbeet@68.39.45.36)
--- Log closed Sat Aug 25 16:04:05 2012
--- Log opened Sat Aug 25 16:15:18 2012
16:15 !irc.deafgeeksirc.com *** Notice -- Client connecting at irc.rubbermallet.org: guido (jhg@ip565b80ea.direct-adsl.nl)
16:17 !irc.deafgeeksirc.com *** Notice -- Client connecting at irc.rubbermallet.org: scrawl64 (scrawl@data.searchirc.org)
16:17 !irc.deafgeeksirc.com *** Notice -- Client exiting at irc.rubbermallet.org: scrawl64!scrawl@data.searchirc.org (Quit: [SearchIRC] This message brought to you by the power of grayskull.)
16:19 !irc.deafgeeksirc.com *** Notice -- Client connecting on port 6667: mripguru1 (mripguru@62.219.130.235) [clients] 
16:20 !irc.deafgeeksirc.com *** Notice -- Client exiting: mripguru (mripguru@vpn1.hspheredns.com) [Ping timeout]
16:22 !irc.deafgeeksirc.com *** Notice -- Client exiting: mripguru1 (mripguru@62.219.130.235) [Ping timeout]
16:22 !irc.deafgeeksirc.com *** Notice -- Client connecting on port 6667: mripguru (mripguru@vpn1.hspheredns.com) [clients] 
--- Log closed Sat Aug 25 16:28:05 2012
--- Log opened Sat Aug 25 16:49:19 2012
16:49 !irc.deafgeeksirc.com *** Notice -- Client exiting: caption (caption@66-215-165-96.dhcp.rvsd.ca.charter.com) [Ping timeout]
16:50 !irc.deafgeeksirc.com *** Notice -- Client connecting at irc.rubbermallet.org: scrawl03 (scrawl@data.searchirc.org)
16:50 !irc.deafgeeksirc.com *** Notice -- Client exiting at irc.rubbermallet.org: scrawl03!scrawl@data.searchirc.org (Quit: [SearchIRC] Indexed 4 channels in 10 secs @ Aug 25th, 2012, 5:47 pm)
--- Log closed Sat Aug 25 16:56:05 2012
--- Log opened Sat Aug 25 17:05:02 2012
17:05 !irc.deafgeeksirc.com *** Notice -- Client connecting on port 6667: caption (caption@206.222.178.177) [clients] 
--- Log closed Sat Aug 25 17:10:05 2012
--- Log opened Sat Aug 25 17:12:51 2012
17:12 !irc.deafgeeksirc.com *** Notice -- Client exiting at irc.rubbermallet.org: darman213!darman@108-243-121-23.lightspeed.wchtks.sbcglobal.net (Quit: fak u maro14 - Dolan)
17:17 !irc.deafgeeksirc.com *** Notice -- Client connecting at irc.rubbermallet.org: scrawl17 (scrawl@data.searchirc.org)
17:17 !irc.deafgeeksirc.com *** Notice -- Client exiting at irc.rubbermallet.org: scrawl17!scrawl@data.searchirc.org (Quit: [SearchIRC] This message brought to you by the power of grayskull.)
--- Log closed Sat Aug 25 17:23:05 2012
--- Log opened Sat Aug 25 17:30:07 2012
17:30 !irc.deafgeeksirc.com *** Notice -- `|420 (dissimulo@localhost) has changed his/her nickname to `
--- Log closed Sat Aug 25 17:36:05 2012
