--- Log opened Wed Jul 18 01:07:36 2012
01:07 !irc.deafgeeksirc.com *** Notice -- Client exiting at irc.rubbermallet.org: muadnem!igfgf@75-136-214-71.dhcp.kgpt.tn.charter.com (Quit: Ex-Chat)
01:10 !irc.deafgeeksirc.com *** Notice -- Client connecting at irc.rubbermallet.org: scrawl98 (scrawl@data.searchirc.org)
01:10 !irc.deafgeeksirc.com *** Notice -- Client exiting at irc.rubbermallet.org: scrawl98!scrawl@data.searchirc.org (Quit: [SearchIRC] This message brought to you by the power of grayskull.)
--- Log closed Wed Jul 18 01:15:53 2012
--- Log opened Wed Jul 18 01:16:16 2012
01:16 !irc.deafgeeksirc.com *** Notice -- Client exiting: J-Bird|Mobile (Jbird@108-202-126-178.lightspeed.cicril.sbcglobal.net) [FFFFFFFFFff-- Bye]
01:19 !irc.deafgeeksirc.com *** Notice -- Client exiting at irc.rubbermallet.org: Joah!Joah@hey.your-ircd-is-running.unconfigured.net (Quit: Joah)
01:20 !irc.deafgeeksirc.com `|i7 (dissimulo@pool-108-13-172-45.lsanca.fios.verizon.net) [dustin] is now a network administrator (N)
01:22 !irc.deafgeeksirc.com *** Notice -- Client connecting on port 6667: J-Bird|Mobile (Jbird@108-202-126-178.lightspeed.cicril.sbcglobal.net) [clients] 
01:24 !irc.deafgeeksirc.com *** Notice -- Client connecting at irc.rubbermallet.org: muadnem (igfgf@75-136-214-71.dhcp.kgpt.tn.charter.com)
01:25 !irc.deafgeeksirc.com *** Notice -- Client exiting at irc.rubbermallet.org: guido_!guidowinxp@82-171-130-233.ip.telfort.nl (Quit: )
01:25 !irc.deafgeeksirc.com *** Notice -- Client exiting at irc.rubbermallet.org: muadnem!igfgf@75-136-214-71.dhcp.kgpt.tn.charter.com (Quit: Ex-Chat)
01:26 !irc.deafgeeksirc.com *** Notice -- Received KILL message for dn!beelzebub@C468CBF9.309F347.68404A05.IP from Sudos|X120e Path: irc!uamd!netadmin.haul.in.the.crabs.uamd.lolcano.me!Sudos|X120e (go be a nazy elsewhere bro okay)
01:26 !irc.deafgeeksirc.com *** Notice -- Client exiting at irc.rubbermallet.org: dn!beelzebub@207.225.123.91 (Killed (Sudos|X120e (go be a nazy elsewhere bro okay)))
01:26 !irc.deafgeeksirc.com *** Notice -- Client connecting at irc.rubbermallet.org: dn (beelzebub@207.225.123.91)
01:26 !irc.deafgeeksirc.com dn (beelzebub@C468CBF9.309F347.68404A05.IP) [dn] is now a network administrator (N)
01:26 !irc.deafgeeksirc.com *** Notice -- Received KILL message for dn!beelzebub@C468CBF9.309F347.68404A05.IP from `|gabapentin Path: netadmin.deafgeeksirc.com!`|gabapentin (go join the kkk cult)
01:26 !irc.deafgeeksirc.com *** Notice -- Client exiting at irc.rubbermallet.org: dn!beelzebub@207.225.123.91 (Killed (`|gabapentin (go join the kkk cult)))
01:26 !irc.deafgeeksirc.com *** Notice -- Client connecting at irc.rubbermallet.org: dn (beelzebub@207.225.123.91)
01:26 !irc.deafgeeksirc.com dn (beelzebub@C468CBF9.309F347.68404A05.IP) [dn] is now a network administrator (N)
01:29 !irc.deafgeeksirc.com *** Notice -- Client exiting at irc.rubbermallet.org: newform8!biskerbee@c-76-117-112-94.hsd1.nj.comcast.net ([irc.rubbermallet.org] Local kill by dn (spread your baby jokes and muhammad pedo luv elsewhere))
01:30 !irc.deafgeeksirc.com *** Notice -- Client connecting at irc.rubbermallet.org: newform8 (biskerbee@c-76-117-112-94.hsd1.nj.comcast.net)
01:31 !irc.deafgeeksirc.com *** Notice -- Client connecting at irc.rubbermallet.org: muadnem (igfgf@75-136-214-71.dhcp.kgpt.tn.charter.com)
--- Log closed Wed Jul 18 01:36:53 2012
--- Log opened Wed Jul 18 01:44:04 2012
01:44 !irc.deafgeeksirc.com *** Notice -- Client connecting at irc.rubbermallet.org: scrawl74 (scrawl@data.searchirc.org)
01:44 !irc.deafgeeksirc.com *** Notice -- Client exiting at irc.rubbermallet.org: scrawl74!scrawl@data.searchirc.org (Quit: [SearchIRC] This message brought to you by the power of grayskull.)
--- Log closed Wed Jul 18 01:49:53 2012
--- Log opened Wed Jul 18 01:54:31 2012
01:54 !irc.deafgeeksirc.com *** Notice -- Client exiting at uamd.lolcano.me: ekduo|T60!Tehanu@bl13-17-86.dsl.telepac.pt (Ping timeout)
01:54 !irc.deafgeeksirc.com *** Notice -- Client connecting at uamd.lolcano.me: ekduo|T60 (Tehanu@bl7-65-213.dsl.telepac.pt)
01:59 !irc.deafgeeksirc.com *** Notice -- Client connecting at irc.rubbermallet.org: NPE43 (Oh@pool-108-17-37-76.bflony.east.verizon.net)
--- Log closed Wed Jul 18 02:04:53 2012
--- Log opened Wed Jul 18 02:10:54 2012
02:10 !irc.deafgeeksirc.com *** Notice -- Client connecting at irc.rubbermallet.org: scrawl54 (scrawl@data.searchirc.org)
02:11 !irc.deafgeeksirc.com *** Notice -- Client exiting at irc.rubbermallet.org: scrawl54!scrawl@data.searchirc.org (Quit: [SearchIRC] This message brought to you by the power of grayskull.)
02:11 !irc.deafgeeksirc.com *** Notice -- Client exiting: caption (caption@66-215-165-96.dhcp.rvsd.ca.charter.com) [Ping timeout]
--- Log closed Wed Jul 18 02:16:53 2012
--- Log opened Wed Jul 18 02:43:55 2012
02:43 !irc.deafgeeksirc.com *** Notice -- Client connecting at irc.rubbermallet.org: scrawl13 (scrawl@data.searchirc.org)
02:44 !irc.deafgeeksirc.com *** Notice -- Client exiting at irc.rubbermallet.org: scrawl13!scrawl@data.searchirc.org (Quit: [SearchIRC] This message brought to you by the power of grayskull.)
02:44 !irc.deafgeeksirc.com *** Notice -- Client exiting: J-Bird|Mobile (Jbird@108-202-126-178.lightspeed.cicril.sbcglobal.net) [Ping timeout]
02:45 !irc.deafgeeksirc.com *** Notice -- Client exiting: J-Bird (miah@108-202-126-178.lightspeed.cicril.sbcglobal.net) [Ping timeout]
02:45 !irc.deafgeeksirc.com *** Notice -- Client connecting on port 6667: J-Bird|Mobile (Jbird@108-202-126-178.lightspeed.cicril.sbcglobal.net) [clients] 
02:45 !irc.deafgeeksirc.com *** Notice -- Client connecting on port 6667: J-Bird (miah@108-202-126-178.lightspeed.cicril.sbcglobal.net) [clients] 
--- Log closed Wed Jul 18 02:50:53 2012
--- Log opened Wed Jul 18 02:56:20 2012
02:56 !irc.deafgeeksirc.com *** Notice -- Client exiting at irc.rubbermallet.org: newform8!biskerbee@c-76-117-112-94.hsd1.nj.comcast.net (Connection reset by peer)
02:56 !irc.deafgeeksirc.com *** Notice -- Client connecting at irc.rubbermallet.org: newform8 (biskerbee@c-76-117-112-94.hsd1.nj.comcast.net)
--- Log closed Wed Jul 18 03:01:53 2012
--- Log opened Wed Jul 18 03:10:55 2012
03:10 !irc.deafgeeksirc.com *** Notice -- Client connecting at irc.rubbermallet.org: scrawl76 (scrawl@data.searchirc.org)
03:11 !irc.deafgeeksirc.com *** Notice -- Client exiting at irc.rubbermallet.org: scrawl76!scrawl@data.searchirc.org (Quit: [SearchIRC] This message brought to you by the power of grayskull.)
03:13 !irc.deafgeeksirc.com *** Notice -- Client connecting on port 6667: TheVoid (rootperson@host109-155-225-233.range109-155.btcentralplus.com) [clients] 
03:16 !irc.deafgeeksirc.com *** Notice -- Client exiting at irc.rubbermallet.org: newform8!biskerbee@c-76-117-112-94.hsd1.nj.comcast.net (Connection reset by peer)
03:16 !irc.deafgeeksirc.com *** Notice -- Client connecting at irc.rubbermallet.org: newform8 (biskerbee@c-76-117-112-94.hsd1.nj.comcast.net)
--- Log closed Wed Jul 18 03:21:53 2012
--- Log opened Wed Jul 18 03:34:30 2012
03:34 !irc.deafgeeksirc.com *** Notice -- Received KILL message for newform8!biskerbee@dongs-CE3C31E9.hsd1.nj.comcast.net from Sudos|X120e Path: irc!uamd!netadmin.haul.in.the.crabs.uamd.lolcano.me!Sudos|X120e (go do your job)
03:34 !irc.deafgeeksirc.com *** Notice -- Client exiting at irc.rubbermallet.org: newform8!biskerbee@c-76-117-112-94.hsd1.nj.comcast.net (Killed (Sudos|X120e (go do your job)))
03:34 !irc.deafgeeksirc.com *** Notice -- Client connecting at irc.rubbermallet.org: newform8 (biskerbee@c-76-117-112-94.hsd1.nj.comcast.net)
--- Log closed Wed Jul 18 03:40:53 2012
--- Log opened Wed Jul 18 03:43:54 2012
03:43 !irc.deafgeeksirc.com *** Notice -- Client connecting at irc.rubbermallet.org: scrawl87 (scrawl@data.searchirc.org)
03:44 !irc.deafgeeksirc.com *** Notice -- Client exiting at irc.rubbermallet.org: scrawl87!scrawl@data.searchirc.org (Quit: [SearchIRC] Indexed 7 channels in 10 secs @ Jul 18th, 2012, 4:43 am)
--- Log closed Wed Jul 18 03:49:53 2012
--- Log opened Wed Jul 18 04:10:51 2012
04:10 !irc.deafgeeksirc.com *** Notice -- Client connecting at irc.rubbermallet.org: scrawl30 (scrawl@data.searchirc.org)
04:11 !irc.deafgeeksirc.com *** Notice -- Client exiting at irc.rubbermallet.org: scrawl30!scrawl@data.searchirc.org (Quit: [SearchIRC] This message brought to you by the power of grayskull.)
--- Log closed Wed Jul 18 04:16:53 2012
--- Log opened Wed Jul 18 04:28:34 2012
04:28 !irc.deafgeeksirc.com *** Notice -- Client exiting at irc.rubbermallet.org: newform8!biskerbee@c-76-117-112-94.hsd1.nj.comcast.net (Connection reset by peer)
--- Log closed Wed Jul 18 04:33:53 2012
--- Log opened Wed Jul 18 04:35:31 2012
04:35 !irc.deafgeeksirc.com *** Notice -- `|gabapentin (dissimulo@localhost) has changed his/her nickname to `
--- Log closed Wed Jul 18 04:40:53 2012
