--- Log opened Fri Aug 24 18:47:50 2012
18:47 !irc.deafgeeksirc.com *** Notice -- Client connecting at irc.rubbermallet.org: scrawl28 (scrawl@data.searchirc.org)
18:47 !irc.deafgeeksirc.com *** Notice -- Client exiting at irc.rubbermallet.org: scrawl28!scrawl@data.searchirc.org (Quit: [SearchIRC] This message brought to you by the power of grayskull.)
--- Log closed Fri Aug 24 18:53:05 2012
--- Log opened Fri Aug 24 18:54:03 2012
18:54 !irc.deafgeeksirc.com *** Notice -- Client connecting at irc.rubbermallet.org: tonynoname2 (tonynoname@pool-108-44-30-76.albyny.east.verizon.net)
18:55 !irc.deafgeeksirc.com *** Notice -- Client exiting at irc.rubbermallet.org: tonynoname!tonynoname@pool-96-236-51-170.albyny.east.verizon.net (Ping timeout)
18:56 !irc.deafgeeksirc.com *** Notice -- Client connecting at irc.rubbermallet.org: Flea86 (Flea86@c114-76-82-206.thoms3.vic.optusnet.com.au)
--- Log closed Fri Aug 24 19:02:05 2012
--- Log opened Fri Aug 24 19:14:52 2012
19:14 !irc.deafgeeksirc.com *** Notice -- Client connecting at irc.rubbermallet.org: scrawl01 (scrawl@data.searchirc.org)
--- Log closed Fri Aug 24 19:20:05 2012
--- Log opened Fri Aug 24 19:25:48 2012
19:25 !irc.deafgeeksirc.com *** Notice -- Client exiting at irc.rubbermallet.org: darman213|Nerf-ninjai!darman@108-243-121-23.lightspeed.wchtks.sbcglobal.net (Ping timeout)
19:28 !irc.deafgeeksirc.com *** Notice -- Client connecting at irc.rubbermallet.org: Valentin|c2d (IceChat77@c114-76-82-206.thoms3.vic.optusnet.com.au)
--- Log closed Fri Aug 24 19:34:05 2012
--- Log opened Fri Aug 24 19:39:23 2012
19:39 !irc.deafgeeksirc.com *** Notice -- Client connecting at irc.rubbermallet.org: tonynoname3 (tonynoname@pool-108-44-5-143.albyny.east.verizon.net)
19:41 !irc.deafgeeksirc.com *** Notice -- Client exiting at irc.rubbermallet.org: tonynoname2!tonynoname@pool-108-44-30-76.albyny.east.verizon.net (Ping timeout)
19:42 !irc.deafgeeksirc.com *** Notice -- Client exiting at irc.rubbermallet.org: tonynoname3!tonynoname@pool-108-44-5-143.albyny.east.verizon.net (Quit: tonynoname3)
19:42 !irc.deafgeeksirc.com *** Notice -- Client connecting at irc.rubbermallet.org: tonynoname (tonynoname@pool-108-44-5-143.albyny.east.verizon.net)
19:46 !irc.deafgeeksirc.com *** Notice -- Client exiting at irc.rubbermallet.org: Valentin|c2d!IceChat77@c114-76-82-206.thoms3.vic.optusnet.com.au (Quit: I cna ytpe 300 wrods pre mniuet!!!)
19:48 !irc.deafgeeksirc.com *** Notice -- Client connecting at irc.rubbermallet.org: darman213|Nerf-ninjai (darman@108-243-121-23.lightspeed.wchtks.sbcglobal.net)
19:48 !irc.deafgeeksirc.com *** Notice -- Client exiting at irc.rubbermallet.org: darman213|Nerf-ninjai!darman@108-243-121-23.lightspeed.wchtks.sbcglobal.net (Quit: fak u maro14 - Dolan)
--- Log closed Fri Aug 24 19:54:05 2012
--- Log opened Fri Aug 24 19:54:16 2012
19:54 !irc.deafgeeksirc.com *** Notice -- Client connecting at uamd.lolcano.me: ekduo_ (Tehanu@bl14-185-137.dsl.telepac.pt)
19:56 !irc.deafgeeksirc.com *** Notice -- Client exiting at uamd.lolcano.me: ekduo!Tehanu@bl7-66-242.dsl.telepac.pt (Ping timeout)
--- Log closed Fri Aug 24 20:02:05 2012
--- Log opened Fri Aug 24 20:14:12 2012
20:14 !irc.deafgeeksirc.com *** Notice -- Client exiting: mripguru (mripguru@vpn1.hspheredns.com) [Ping timeout]
20:14 !irc.deafgeeksirc.com *** Notice -- Client connecting on port 6667: mripguru (mripguru@192.168.237.21) [clients] 
20:15 !irc.deafgeeksirc.com *** Notice -- Client exiting at irc.rubbermallet.org: scrawl01!scrawl@data.searchirc.org (Quit: [SearchIRC] Indexed 6 channels in 243 secs @ Aug 24th, 2012, 9:12 pm)
20:18 !irc.deafgeeksirc.com *** Notice -- Client exiting at irc.rubbermallet.org: Flea86|Ethernet_III!Flea86@c114-76-82-206.thoms3.vic.optusnet.com.au (Quit: Flea86|Ethernet_III)
--- Log closed Fri Aug 24 20:24:05 2012
--- Log opened Fri Aug 24 20:27:52 2012
20:27 !irc.deafgeeksirc.com *** Notice -- Client exiting at irc.rubbermallet.org: shawn186!Tiberius@c-71-196-211-57.hsd1.co.comcast.net (Ping timeout)
20:31 !irc.deafgeeksirc.com *** Notice -- Client connecting at irc.rubbermallet.org: darman213|Nerf-ninjai (darman@108-243-121-23.lightspeed.wchtks.sbcglobal.net)
--- Log closed Fri Aug 24 20:37:05 2012
--- Log opened Fri Aug 24 20:40:48 2012
20:40 !irc.deafgeeksirc.com *** Notice -- Client exiting at irc.rubbermallet.org: darman213|Nerf-ninjai!darman@108-243-121-23.lightspeed.wchtks.sbcglobal.net (Ping timeout)
20:40 !irc.deafgeeksirc.com *** Notice -- Client connecting at irc.rubbermallet.org: darman213|Nerf-ninjai (darman@108-243-121-23.lightspeed.wchtks.sbcglobal.net)
--- Log closed Fri Aug 24 20:46:05 2012
--- Log opened Fri Aug 24 20:46:07 2012
20:46 !irc.deafgeeksirc.com *** Notice -- Client exiting at irc.rubbermallet.org: Tak!webchat@c-24-61-183-110.hsd1.nh.comcast.net (Quit: Page closed)
20:47 !irc.deafgeeksirc.com *** Notice -- Client exiting at irc.rubbermallet.org: Jake|PheNOMNOM!webchat@c-24-61-183-110.hsd1.nh.comcast.net (Quit: TRIPLEMONITORDONGS)
20:48 !irc.deafgeeksirc.com *** Notice -- Client connecting at irc.rubbermallet.org: scrawl04 (scrawl@data.searchirc.org)
20:48 !irc.deafgeeksirc.com *** Notice -- Client exiting at irc.rubbermallet.org: scrawl04!scrawl@data.searchirc.org (Quit: [SearchIRC] This message brought to you by the power of grayskull.)
20:51 !irc.deafgeeksirc.com *** Notice -- Client exiting at irc.rubbermallet.org: Tak2!lol@68-186-152-199.dhcp.sffl.va.charter.com (Quit: )
--- Log closed Fri Aug 24 20:56:05 2012
--- Log opened Fri Aug 24 20:58:39 2012
20:58 !irc.deafgeeksirc.com *** Notice -- Client connecting at irc.rubbermallet.org: Tandy|TRIDONG (webchat@c-24-61-183-110.hsd1.nh.comcast.net)
--- Log closed Fri Aug 24 21:04:05 2012
--- Log opened Fri Aug 24 21:04:47 2012
21:04 !irc.deafgeeksirc.com *** Notice -- Client exiting: caption (caption@66-215-165-96.dhcp.rvsd.ca.charter.com) [Ping timeout]
21:07 !irc.deafgeeksirc.com *** Notice -- Client exiting at irc.rubbermallet.org: tonynoname!tonynoname@pool-108-44-5-143.albyny.east.verizon.net (Quit: tonynoname)
21:11 !irc.deafgeeksirc.com *** Notice -- Client connecting on port 6667: caption (caption@66-215-165-96.dhcp.rvsd.ca.charter.com) [clients] 
21:15 !irc.deafgeeksirc.com *** Notice -- Client connecting at irc.rubbermallet.org: scrawl90 (scrawl@data.searchirc.org)
21:15 !irc.deafgeeksirc.com *** Notice -- Client exiting at irc.rubbermallet.org: scrawl90!scrawl@data.searchirc.org (Quit: [SearchIRC] This message brought to you by the power of grayskull.)
--- Log closed Fri Aug 24 21:21:05 2012
--- Log opened Fri Aug 24 21:30:52 2012
21:30 !irc.deafgeeksirc.com *** Notice -- Client connecting at irc.rubbermallet.org: tonynoname (tonynoname@pool-108-44-5-143.albyny.east.verizon.net)
--- Log closed Fri Aug 24 21:36:05 2012
--- Log opened Fri Aug 24 21:42:25 2012
21:42 !irc.deafgeeksirc.com *** Notice -- Client connecting at irc.rubbermallet.org: tonynoname2 (tonynoname@pool-108-44-30-41.albyny.east.verizon.net)
21:43 !irc.deafgeeksirc.com *** Notice -- Client exiting at irc.rubbermallet.org: darman213|Nerf-ninjai!darman@108-243-121-23.lightspeed.wchtks.sbcglobal.net (Quit: fak u maro14 - Dolan)
21:44 !irc.deafgeeksirc.com *** Notice -- Client exiting at irc.rubbermallet.org: tonynoname!tonynoname@pool-108-44-5-143.albyny.east.verizon.net (Ping timeout)
21:46 !irc.deafgeeksirc.com *** Notice -- Client exiting at irc.rubbermallet.org: tonynoname2!tonynoname@pool-108-44-30-41.albyny.east.verizon.net (Quit: tonynoname2)
21:46 !irc.deafgeeksirc.com *** Notice -- Client connecting at irc.rubbermallet.org: tonynoname (tonynoname@pool-108-44-30-41.albyny.east.verizon.net)
21:48 !irc.deafgeeksirc.com *** Notice -- Client connecting at irc.rubbermallet.org: scrawl55 (scrawl@data.searchirc.org)
21:48 !irc.deafgeeksirc.com *** Notice -- Client exiting at irc.rubbermallet.org: scrawl55!scrawl@data.searchirc.org (Quit: [SearchIRC] This message brought to you by the power of grayskull.)
21:50 !irc.deafgeeksirc.com *** Notice -- Client connecting at irc.rubbermallet.org: jmus_iphone (jmusiphone@mobile-166-147-108-150.mycingular.net)
21:50 !irc.deafgeeksirc.com *** Notice -- Client exiting at irc.rubbermallet.org: jmus_iphone!jmusiphone@mobile-166-147-108-150.mycingular.net (Quit: jmus_iphone)
--- Log closed Fri Aug 24 21:56:05 2012
--- Log opened Fri Aug 24 22:09:48 2012
22:09 !irc.deafgeeksirc.com *** Notice -- Client exiting: audist (audist@cpe-76-90-227-137.socal.res.rr.com) [FFFFFFFFFff-- ]
--- Log closed Fri Aug 24 22:15:05 2012
--- Log opened Fri Aug 24 22:15:10 2012
22:15 !irc.deafgeeksirc.com *** Notice -- Client connecting at irc.rubbermallet.org: scrawl12 (scrawl@data.searchirc.org)
22:15 !irc.deafgeeksirc.com *** Notice -- Client exiting at irc.rubbermallet.org: scrawl12!scrawl@data.searchirc.org (Quit: [SearchIRC] This message brought to you by the power of grayskull.)
--- Log closed Fri Aug 24 22:21:05 2012
--- Log opened Fri Aug 24 22:27:08 2012
22:27 !irc.deafgeeksirc.com *** Notice -- Client connecting at uamd.lolcano.me: ekduo_ (Tehanu@bl7-60-73.dsl.telepac.pt)
22:29 !irc.deafgeeksirc.com *** Notice -- Client exiting at uamd.lolcano.me: ekduo!Tehanu@bl14-185-137.dsl.telepac.pt (Ping timeout)
--- Log closed Fri Aug 24 22:35:05 2012
--- Log opened Fri Aug 24 22:48:07 2012
22:48 !irc.deafgeeksirc.com *** Notice -- Client connecting at irc.rubbermallet.org: scrawl80 (scrawl@data.searchirc.org)
22:48 !irc.deafgeeksirc.com *** Notice -- Client exiting at irc.rubbermallet.org: scrawl80!scrawl@data.searchirc.org (Quit: [SearchIRC] This message brought to you by the power of grayskull.)
--- Log closed Fri Aug 24 22:54:05 2012
--- Log opened Fri Aug 24 23:15:04 2012
23:15 !irc.deafgeeksirc.com *** Notice -- Client connecting at irc.rubbermallet.org: scrawl09 (scrawl@data.searchirc.org)
23:15 !irc.deafgeeksirc.com *** Notice -- Client exiting at irc.rubbermallet.org: scrawl09!scrawl@data.searchirc.org (Quit: [SearchIRC] This message brought to you by the power of grayskull.)
--- Log closed Fri Aug 24 23:21:05 2012
--- Log opened Fri Aug 24 23:48:05 2012
23:48 !irc.deafgeeksirc.com *** Notice -- Client connecting at irc.rubbermallet.org: scrawl98 (scrawl@data.searchirc.org)
23:48 !irc.deafgeeksirc.com *** Notice -- Client exiting at irc.rubbermallet.org: scrawl98!scrawl@data.searchirc.org (Quit: [SearchIRC] This message brought to you by the power of grayskull.)
--- Log closed Fri Aug 24 23:54:05 2012
--- Log opened Sat Aug 25 00:03:28 2012
00:03 !irc.deafgeeksirc.com *** Notice -- Client exiting: caption (caption@66-215-165-96.dhcp.rvsd.ca.charter.com) [Ping timeout]
--- Log closed Sat Aug 25 00:09:05 2012
--- Log opened Sat Aug 25 00:15:05 2012
00:15 !irc.deafgeeksirc.com *** Notice -- Client connecting at irc.rubbermallet.org: scrawl60 (scrawl@data.searchirc.org)
00:15 !irc.deafgeeksirc.com *** Notice -- Client exiting at irc.rubbermallet.org: scrawl60!scrawl@data.searchirc.org (Quit: [SearchIRC] Indexed 6 channels in 10 secs @ Aug 25th, 2012, 1:12 am)
00:20 !irc.deafgeeksirc.com *** Notice -- Client connecting on port 6667: caption (caption@66-215-165-96.dhcp.rvsd.ca.charter.com) [clients] 
--- Log closed Sat Aug 25 00:26:05 2012
--- Log opened Sat Aug 25 00:32:19 2012
00:32 !irc.deafgeeksirc.com *** Notice -- Client connecting at irc.rubbermallet.org: Valentin|c2d (IceChat77@c114-76-82-206.thoms3.vic.optusnet.com.au)
--- Log closed Sat Aug 25 00:38:05 2012
--- Log opened Sat Aug 25 00:48:08 2012
00:48 !irc.deafgeeksirc.com *** Notice -- Client connecting at irc.rubbermallet.org: scrawl27 (scrawl@data.searchirc.org)
00:48 !irc.deafgeeksirc.com *** Notice -- Client exiting at irc.rubbermallet.org: scrawl27!scrawl@data.searchirc.org (Quit: [SearchIRC] This message brought to you by the power of grayskull.)
--- Log closed Sat Aug 25 00:54:05 2012
--- Log opened Sat Aug 25 01:04:46 2012
01:04 !irc.deafgeeksirc.com *** Notice -- `|gabapentin|420 (dissimulo@localhost) has changed his/her nickname to `
--- Log closed Sat Aug 25 01:10:05 2012
