--- Log opened Sat Aug 11 01:52:51 2012
01:52 !irc.deafgeeksirc.com *** Notice -- Client connecting at irc.rubbermallet.org: scrawl73 (scrawl@data.searchirc.org)
01:53 !irc.deafgeeksirc.com *** Notice -- Client exiting at irc.rubbermallet.org: scrawl73!scrawl@data.searchirc.org (Quit: [SearchIRC] This message brought to you by the power of grayskull.)
--- Log closed Sat Aug 11 01:58:59 2012
--- Log opened Sat Aug 11 02:11:50 2012
02:11 !irc.deafgeeksirc.com *** Notice -- Client connecting at irc.rubbermallet.org: jmusbach_ (jmusbach@c-24-23-243-122.hsd1.ca.comcast.net)
02:14 !irc.deafgeeksirc.com *** Notice -- Client exiting at irc.rubbermallet.org: jmusbach!jmusbach@c-24-23-243-122.hsd1.ca.comcast.net (Ping timeout)
02:19 !irc.deafgeeksirc.com *** Notice -- Client connecting at irc.rubbermallet.org: scrawl88 (scrawl@data.searchirc.org)
02:19 !irc.deafgeeksirc.com *** Notice -- Client exiting at irc.rubbermallet.org: scrawl88!scrawl@data.searchirc.org (Quit: [SearchIRC] This message brought to you by the power of grayskull.)
02:23 !irc.deafgeeksirc.com *** Notice -- Client exiting at irc.rubbermallet.org: Yamato!Yamato@c-71-234-152-103.hsd1.ct.comcast.net (Quit: )
02:27 !irc.deafgeeksirc.com *** Notice -- Client connecting at irc.rubbermallet.org: Yamato (Yamato@c-71-234-152-103.hsd1.ct.comcast.net)
--- Log closed Sat Aug 11 02:32:59 2012
--- Log opened Sat Aug 11 02:52:42 2012
02:52 !irc.deafgeeksirc.com *** Notice -- Client connecting at irc.rubbermallet.org: scrawl83 (scrawl@data.searchirc.org)
02:52 !irc.deafgeeksirc.com *** Notice -- Client exiting at irc.rubbermallet.org: scrawl83!scrawl@data.searchirc.org (Quit: [SearchIRC] This message brought to you by the power of grayskull.)
--- Log closed Sat Aug 11 02:57:59 2012
--- Log opened Sat Aug 11 03:19:51 2012
03:19 !irc.deafgeeksirc.com *** Notice -- Client connecting at irc.rubbermallet.org: scrawl48 (scrawl@data.searchirc.org)
03:20 !irc.deafgeeksirc.com *** Notice -- Client exiting at irc.rubbermallet.org: scrawl48!scrawl@data.searchirc.org (Quit: [SearchIRC] This message brought to you by the power of grayskull.)
--- Log closed Sat Aug 11 03:25:59 2012
--- Log opened Sat Aug 11 03:38:50 2012
03:38 !irc.deafgeeksirc.com *** Notice -- Client exiting at irc.rubbermallet.org: Yamato!Yamato@c-71-234-152-103.hsd1.ct.comcast.net (Quit: )
03:40 !irc.deafgeeksirc.com *** Notice -- Client connecting at irc.rubbermallet.org: Tak (lol@68-186-152-199.dhcp.sffl.va.charter.com)
03:44 !irc.deafgeeksirc.com *** Notice -- Client exiting at irc.rubbermallet.org: Tak!lol@68-186-152-199.dhcp.sffl.va.charter.com (Ping timeout)
03:45 !irc.deafgeeksirc.com *** Notice -- Client exiting at irc.rubbermallet.org: Tandy|PheNOM!TandyPheN@adsl-69-148-27-11.dsl.wchtks.swbell.net (Quit: )
--- Log closed Sat Aug 11 03:50:59 2012
--- Log opened Sat Aug 11 03:52:51 2012
03:52 !irc.deafgeeksirc.com *** Notice -- Client connecting at irc.rubbermallet.org: scrawl20 (scrawl@data.searchirc.org)
03:53 !irc.deafgeeksirc.com *** Notice -- Client exiting at irc.rubbermallet.org: scrawl20!scrawl@data.searchirc.org (Quit: [SearchIRC] Indexed 6 channels in 10 secs @ Aug 11th, 2012, 4:50 am)
--- Log closed Sat Aug 11 03:58:59 2012
--- Log opened Sat Aug 11 04:00:46 2012
04:00 !irc.deafgeeksirc.com *** Notice -- Client connecting at irc.rubbermallet.org: Yamato (Yamato@c-71-234-152-103.hsd1.ct.comcast.net)
--- Log closed Sat Aug 11 04:05:59 2012
--- Log opened Sat Aug 11 04:19:45 2012
04:19 !irc.deafgeeksirc.com *** Notice -- Client connecting at irc.rubbermallet.org: scrawl87 (scrawl@data.searchirc.org)
04:19 !irc.deafgeeksirc.com *** Notice -- Client exiting at irc.rubbermallet.org: scrawl87!scrawl@data.searchirc.org (Quit: [SearchIRC] This message brought to you by the power of grayskull.)
--- Log closed Sat Aug 11 04:24:59 2012
--- Log opened Sat Aug 11 04:42:08 2012
04:42 !irc.deafgeeksirc.com *** Notice -- Client connecting at irc.rubbermallet.org: guido (jhg@ip565b80ea.direct-adsl.nl)
04:43 !irc.deafgeeksirc.com *** Notice -- Client exiting at irc.rubbermallet.org: guido!jhg@ip565b80ea.direct-adsl.nl (Quit: Leaving)
--- Log closed Sat Aug 11 04:48:59 2012
--- Log opened Sat Aug 11 04:52:50 2012
04:52 !irc.deafgeeksirc.com *** Notice -- Client connecting at irc.rubbermallet.org: scrawl01 (scrawl@data.searchirc.org)
04:52 !irc.deafgeeksirc.com *** Notice -- Client exiting at irc.rubbermallet.org: scrawl01!scrawl@data.searchirc.org (Quit: [SearchIRC] This message brought to you by the power of grayskull.)
--- Log closed Sat Aug 11 04:57:59 2012
--- Log opened Sat Aug 11 05:20:17 2012
05:20 !irc.deafgeeksirc.com *** Notice -- Client connecting at irc.rubbermallet.org: scrawl45 (scrawl@data.searchirc.org)
05:20 !irc.deafgeeksirc.com *** Notice -- Client exiting at irc.rubbermallet.org: scrawl45!scrawl@data.searchirc.org (Quit: [SearchIRC] This message brought to you by the power of grayskull.)
--- Log closed Sat Aug 11 05:25:59 2012
--- Log opened Sat Aug 11 05:53:08 2012
05:53 !irc.deafgeeksirc.com *** Notice -- Client connecting at irc.rubbermallet.org: scrawl33 (scrawl@data.searchirc.org)
05:53 !irc.deafgeeksirc.com *** Notice -- Client exiting at irc.rubbermallet.org: scrawl33!scrawl@data.searchirc.org (Quit: [SearchIRC] This message brought to you by the power of grayskull.)
--- Log closed Sat Aug 11 05:58:59 2012
--- Log opened Sat Aug 11 06:02:02 2012
06:02 !irc.deafgeeksirc.com *** Notice -- Client exiting at uamd.lolcano.me: ekduo|T60!Tehanu@bl14-191-96.dsl.telepac.pt (Quit: leaving)
--- Log closed Sat Aug 11 06:07:59 2012
--- Log opened Sat Aug 11 06:08:31 2012
06:08 !irc.deafgeeksirc.com *** Notice -- Client connecting at irc.rubbermallet.org: Geri (Geri@host-91-147-220-112.cellkabel.hu)
06:08 !irc.deafgeeksirc.com *** Notice -- Client exiting at irc.rubbermallet.org: Geri!Geri@host-91-147-220-112.cellkabel.hu (Client exited)
--- Log closed Sat Aug 11 06:13:59 2012
--- Log opened Sat Aug 11 06:20:04 2012
06:20 !irc.deafgeeksirc.com *** Notice -- Client connecting at irc.rubbermallet.org: scrawl08 (scrawl@data.searchirc.org)
06:20 !irc.deafgeeksirc.com *** Notice -- Client exiting at irc.rubbermallet.org: scrawl08!scrawl@data.searchirc.org (Quit: [SearchIRC] This message brought to you by the power of grayskull.)
--- Log closed Sat Aug 11 06:25:59 2012
--- Log opened Sat Aug 11 06:46:12 2012
06:46 !irc.deafgeeksirc.com *** Notice -- Client connecting at irc.rubbermallet.org: Tak (lol@68-186-152-199.dhcp.sffl.va.charter.com)
--- Log closed Sat Aug 11 06:51:59 2012
--- Log opened Sat Aug 11 06:53:15 2012
06:53 !irc.deafgeeksirc.com *** Notice -- Client connecting at irc.rubbermallet.org: scrawl28 (scrawl@data.searchirc.org)
06:53 !irc.deafgeeksirc.com *** Notice -- Client exiting at irc.rubbermallet.org: scrawl28!scrawl@data.searchirc.org (Quit: [SearchIRC] This message brought to you by the power of grayskull.)
--- Log closed Sat Aug 11 06:58:59 2012
--- Log opened Sat Aug 11 07:15:27 2012
07:15 !irc.deafgeeksirc.com *** Notice -- Client connecting at irc.rubbermallet.org: x0f3r_ (x0f3r_@202.81.68.156)
07:20 !irc.deafgeeksirc.com *** Notice -- Client connecting at irc.rubbermallet.org: scrawl04 (scrawl@data.searchirc.org)
07:20 !irc.deafgeeksirc.com *** Notice -- Client exiting at irc.rubbermallet.org: scrawl04!scrawl@data.searchirc.org (Quit: [SearchIRC] This message brought to you by the power of grayskull.)
--- Log closed Sat Aug 11 07:25:59 2012
--- Log opened Sat Aug 11 07:47:15 2012
07:47 !irc.deafgeeksirc.com *** Notice -- Client exiting at irc.rubbermallet.org: x0f3r_!x0f3r_@202.81.68.156 (Ping timeout)
07:52 !irc.deafgeeksirc.com *** Notice -- Client connecting at irc.rubbermallet.org: scrawl24 (scrawl@data.searchirc.org)
07:53 !irc.deafgeeksirc.com *** Notice -- Client exiting at irc.rubbermallet.org: scrawl24!scrawl@data.searchirc.org (Quit: [SearchIRC] Indexed 6 channels in 10 secs @ Aug 11th, 2012, 8:51 am)
--- Log closed Sat Aug 11 07:58:59 2012
--- Log opened Sat Aug 11 08:00:23 2012
08:00 !irc.deafgeeksirc.com *** Notice -- Client connecting at irc.rubbermallet.org: Zver-UA (Zveryok@31.133.73.120)
--- Log closed Sat Aug 11 08:05:59 2012
--- Log opened Sat Aug 11 08:20:00 2012
08:20 !irc.deafgeeksirc.com *** Notice -- Client connecting at irc.rubbermallet.org: scrawl30 (scrawl@data.searchirc.org)
08:20 !irc.deafgeeksirc.com *** Notice -- Client exiting at irc.rubbermallet.org: scrawl30!scrawl@data.searchirc.org (Quit: [SearchIRC] This message brought to you by the power of grayskull.)
08:24 !irc.deafgeeksirc.com *** Notice -- Client connecting at uamd.lolcano.me: ekduo|T60 (Tehanu@bl13-8-226.dsl.telepac.pt)
--- Log closed Sat Aug 11 08:29:59 2012
--- Log opened Sat Aug 11 08:52:59 2012
08:52 !irc.deafgeeksirc.com *** Notice -- Client connecting at irc.rubbermallet.org: scrawl11 (scrawl@data.searchirc.org)
08:53 !irc.deafgeeksirc.com *** Notice -- Client exiting at irc.rubbermallet.org: scrawl11!scrawl@data.searchirc.org (Quit: [SearchIRC] This message brought to you by the power of grayskull.)
--- Log closed Sat Aug 11 08:58:59 2012
--- Log opened Sat Aug 11 09:19:58 2012
09:19 !irc.deafgeeksirc.com *** Notice -- Client connecting at irc.rubbermallet.org: scrawl55 (scrawl@data.searchirc.org)
09:20 !irc.deafgeeksirc.com *** Notice -- Client exiting at irc.rubbermallet.org: scrawl55!scrawl@data.searchirc.org (Quit: [SearchIRC] This message brought to you by the power of grayskull.)
--- Log closed Sat Aug 11 09:25:59 2012
--- Log opened Sat Aug 11 09:30:04 2012
09:30 !irc.deafgeeksirc.com *** Notice -- Client connecting at irc.rubbermallet.org: tonynoname2 (tonynoname@pool-108-44-23-188.albyny.east.verizon.net)
09:31 !irc.deafgeeksirc.com *** Notice -- Client exiting at irc.rubbermallet.org: tonynoname!tonynoname@pool-108-44-8-50.albyny.east.verizon.net (Ping timeout)
09:32 !irc.deafgeeksirc.com *** Notice -- Client connecting at irc.rubbermallet.org: darman213|Nerf-ninjai (darman@108-243-121-23.lightspeed.wchtks.sbcglobal.net)
--- Log closed Sat Aug 11 09:37:59 2012
--- Log opened Sat Aug 11 09:52:54 2012
09:52 !irc.deafgeeksirc.com *** Notice -- Client connecting at irc.rubbermallet.org: scrawl50 (scrawl@data.searchirc.org)
09:53 !irc.deafgeeksirc.com *** Notice -- Client exiting at irc.rubbermallet.org: scrawl50!scrawl@data.searchirc.org (Quit: [SearchIRC] This message brought to you by the power of grayskull.)
--- Log closed Sat Aug 11 09:58:59 2012
--- Log opened Sat Aug 11 10:19:54 2012
10:19 !irc.deafgeeksirc.com *** Notice -- Client connecting at irc.rubbermallet.org: scrawl26 (scrawl@data.searchirc.org)
10:20 !irc.deafgeeksirc.com *** Notice -- Client exiting at irc.rubbermallet.org: scrawl26!scrawl@data.searchirc.org (Quit: [SearchIRC] This message brought to you by the power of grayskull.)
--- Log closed Sat Aug 11 10:25:59 2012
--- Log opened Sat Aug 11 10:53:01 2012
10:53 !irc.deafgeeksirc.com *** Notice -- Client connecting at irc.rubbermallet.org: scrawl93 (scrawl@data.searchirc.org)
10:53 !irc.deafgeeksirc.com *** Notice -- Client exiting at irc.rubbermallet.org: scrawl93!scrawl@data.searchirc.org (Quit: [SearchIRC] This message brought to you by the power of grayskull.)
--- Log closed Sat Aug 11 10:58:59 2012
--- Log opened Sat Aug 11 11:00:23 2012
11:00 !irc.deafgeeksirc.com *** Notice -- Client connecting at irc.rubbermallet.org: Nikodim (nspu@212.164.120.190)
--- Log closed Sat Aug 11 11:05:59 2012
--- Log opened Sat Aug 11 11:16:15 2012
11:16 !irc.deafgeeksirc.com *** Notice -- Client exiting at irc.rubbermallet.org: tonynoname2!tonynoname@pool-108-44-23-188.albyny.east.verizon.net (Quit: tonynoname2)
11:16 !irc.deafgeeksirc.com *** Notice -- Client connecting at irc.rubbermallet.org: tonynoname (tonynoname@pool-108-44-23-188.albyny.east.verizon.net)
--- Log closed Sat Aug 11 11:21:59 2012
--- Log opened Sat Aug 11 11:33:18 2012
11:33 !irc.deafgeeksirc.com *** Notice -- Client connecting at irc.rubbermallet.org: newform8 (biskerbeet@68.39.45.36)
11:36 !irc.deafgeeksirc.com *** Notice -- Client exiting at irc.rubbermallet.org: newform8!biskerbeet@68.39.45.36 (Ping timeout)
11:39 !irc.deafgeeksirc.com *** Notice -- Client connecting at irc.rubbermallet.org: tonynoname2 (tonynoname@pool-108-44-6-210.albyny.east.verizon.net)
11:41 !irc.deafgeeksirc.com *** Notice -- Client exiting at irc.rubbermallet.org: tonynoname!tonynoname@pool-108-44-23-188.albyny.east.verizon.net (Ping timeout)
11:41 !irc.deafgeeksirc.com *** Notice -- Client connecting at irc.rubbermallet.org: tonynoname3 (tonynoname@pool-108-44-27-155.albyny.east.verizon.net)
11:43 !irc.deafgeeksirc.com *** Notice -- Client exiting at irc.rubbermallet.org: tonynoname2!tonynoname@pool-108-44-6-210.albyny.east.verizon.net (Ping timeout)
11:43 !irc.deafgeeksirc.com *** Notice -- Client connecting at irc.rubbermallet.org: newform8 (biskerbeet@68.39.45.36)
--- Log closed Sat Aug 11 11:48:59 2012
--- Log opened Sat Aug 11 12:10:14 2012
12:10 !irc.deafgeeksirc.com *** Notice -- Client connecting at irc.rubbermallet.org: scrawl88 (scrawl@data.searchirc.org)
12:10 !irc.deafgeeksirc.com *** Notice -- Client exiting at irc.rubbermallet.org: scrawl88!scrawl@data.searchirc.org (Quit: [SearchIRC] Indexed 6 channels in 10 secs @ Aug 11th, 2012, 1:08 pm)
12:10 !irc.deafgeeksirc.com *** Notice -- Client connecting at irc.rubbermallet.org: x0f3r_ (x0f3r_@202.81.68.156)
12:13 !irc.deafgeeksirc.com *** Notice -- Client exiting: mripguru (mripguru@vpn1.hspheredns.com) [Ping timeout]
--- Log closed Sat Aug 11 12:18:59 2012
--- Log opened Sat Aug 11 12:25:07 2012
12:25 !irc.deafgeeksirc.com *** Notice -- Client exiting at irc.rubbermallet.org: x0f3r_!x0f3r_@202.81.68.156 (Ping timeout)
--- Log closed Sat Aug 11 12:30:59 2012
--- Log opened Sat Aug 11 12:32:46 2012
12:32 !irc.deafgeeksirc.com *** Notice -- Client exiting at irc.rubbermallet.org: Artem!nspu@212.164.120.190 (Quit: ß èñïîëüçóþ íàñòðîåííûé êëèåíò ñ http://tusa.web74.ru)
--- Log closed Sat Aug 11 12:37:59 2012
--- Log opened Sat Aug 11 12:43:16 2012
12:43 !irc.deafgeeksirc.com *** Notice -- Client connecting at irc.rubbermallet.org: scrawl07 (scrawl@data.searchirc.org)
12:43 !irc.deafgeeksirc.com *** Notice -- Client exiting at irc.rubbermallet.org: scrawl07!scrawl@data.searchirc.org (Quit: [SearchIRC] This message brought to you by the power of grayskull.)
12:45 !irc.deafgeeksirc.com *** Notice -- Client connecting at irc.rubbermallet.org: tonynoname2 (tonynoname@pool-108-44-28-58.albyny.east.verizon.net)
12:47 !irc.deafgeeksirc.com *** Notice -- Client exiting at irc.rubbermallet.org: tonynoname3!tonynoname@pool-108-44-27-155.albyny.east.verizon.net (Ping timeout)
--- Log closed Sat Aug 11 12:52:59 2012
--- Log opened Sat Aug 11 13:05:48 2012
13:05 !irc.deafgeeksirc.com *** Notice -- Client connecting at irc.rubbermallet.org: tonynoname (tonynoname@pool-108-44-28-58.albyny.east.verizon.net)
13:10 !irc.deafgeeksirc.com *** Notice -- Client connecting at irc.rubbermallet.org: scrawl24 (scrawl@data.searchirc.org)
13:10 !irc.deafgeeksirc.com *** Notice -- Client exiting at irc.rubbermallet.org: scrawl24!scrawl@data.searchirc.org (Quit: [SearchIRC] This message brought to you by the power of grayskull.)
--- Log closed Sat Aug 11 13:15:59 2012
--- Log opened Sat Aug 11 13:32:35 2012
13:32 !irc.deafgeeksirc.com *** Notice -- Client exiting at uamd.lolcano.me: Sudos|X120e!X120e@WNR2000 (Quit: THE FLOOR IS LAVA)
--- Log closed Sat Aug 11 13:37:59 2012
--- Log opened Sat Aug 11 13:41:59 2012
13:41 !irc.deafgeeksirc.com *** Notice -- Client connecting at uamd.lolcano.me: Sudos|X120e (X120e@WNR2000)
13:42 !irc.deafgeeksirc.com Sudos|X120e (X120e@WNR2000) [superdos] is now a network administrator (N)
13:43 !irc.deafgeeksirc.com *** Notice -- Client connecting at irc.rubbermallet.org: scrawl40 (scrawl@data.searchirc.org)
13:43 !irc.deafgeeksirc.com *** Notice -- Client exiting at irc.rubbermallet.org: scrawl40!scrawl@data.searchirc.org (Quit: [SearchIRC] This message brought to you by the power of grayskull.)
--- Log closed Sat Aug 11 13:48:59 2012
--- Log opened Sat Aug 11 13:51:51 2012
13:51 !irc.deafgeeksirc.com *** Notice -- Client exiting at irc.rubbermallet.org: tonynoname2!tonynoname@pool-108-44-28-58.albyny.east.verizon.net (Connection reset by peer)
13:54 !irc.deafgeeksirc.com *** Notice -- Client connecting at irc.rubbermallet.org: tonynoname2 (tonynoname@pool-108-44-10-93.albyny.east.verizon.net)
13:55 !irc.deafgeeksirc.com *** Notice -- Client exiting at irc.rubbermallet.org: tonynoname!tonynoname@pool-108-44-28-58.albyny.east.verizon.net (Ping timeout)
--- Log closed Sat Aug 11 14:00:59 2012
--- Log opened Sat Aug 11 14:10:17 2012
14:10 !irc.deafgeeksirc.com *** Notice -- Client connecting at irc.rubbermallet.org: scrawl00 (scrawl@data.searchirc.org)
14:10 !irc.deafgeeksirc.com *** Notice -- Client exiting at irc.rubbermallet.org: scrawl00!scrawl@data.searchirc.org (Quit: [SearchIRC] This message brought to you by the power of grayskull.)
--- Log closed Sat Aug 11 14:15:59 2012
--- Log opened Sat Aug 11 14:16:35 2012
14:16 !irc.deafgeeksirc.com *** Notice -- Client exiting at irc.rubbermallet.org: tonynoname2!tonynoname@pool-108-44-10-93.albyny.east.verizon.net (Ping timeout)
--- Log closed Sat Aug 11 14:21:59 2012
--- Log opened Sat Aug 11 14:22:10 2012
14:22 !irc.deafgeeksirc.com *** Notice -- Client connecting at irc.rubbermallet.org: tonynoname (tonynoname@pool-108-44-18-209.albyny.east.verizon.net)
14:25 !irc.deafgeeksirc.com *** Notice -- Client exiting at uamd.lolcano.me: Sudos|X120e!X120e@WNR2000 (Quit: THE FLOOR IS LAVA)
--- Log closed Sat Aug 11 14:30:59 2012
--- Log opened Sat Aug 11 14:33:16 2012
14:33 !irc.deafgeeksirc.com *** Notice -- Client connecting at irc.rubbermallet.org: tonynoname2 (tonynoname@pool-108-44-24-99.albyny.east.verizon.net)
14:34 !irc.deafgeeksirc.com *** Notice -- Client exiting at irc.rubbermallet.org: tonynoname!tonynoname@pool-108-44-18-209.albyny.east.verizon.net (Ping timeout)
--- Log closed Sat Aug 11 14:39:59 2012
--- Log opened Sat Aug 11 14:40:11 2012
14:40 !irc.deafgeeksirc.com *** Notice -- Client connecting at irc.rubbermallet.org: tonynoname3 (tonynoname@pool-108-44-16-219.albyny.east.verizon.net)
14:42 !irc.deafgeeksirc.com *** Notice -- Client exiting at irc.rubbermallet.org: tonynoname2!tonynoname@pool-108-44-24-99.albyny.east.verizon.net (Ping timeout)
14:43 !irc.deafgeeksirc.com *** Notice -- Client connecting at irc.rubbermallet.org: scrawl59 (scrawl@data.searchirc.org)
14:43 !irc.deafgeeksirc.com *** Notice -- Client exiting at irc.rubbermallet.org: scrawl59!scrawl@data.searchirc.org (Quit: [SearchIRC] This message brought to you by the power of grayskull.)
--- Log closed Sat Aug 11 14:48:59 2012
--- Log opened Sat Aug 11 15:10:17 2012
15:10 !irc.deafgeeksirc.com *** Notice -- Client connecting at irc.rubbermallet.org: scrawl50 (scrawl@data.searchirc.org)
15:10 !irc.deafgeeksirc.com *** Notice -- Client exiting at irc.rubbermallet.org: scrawl50!scrawl@data.searchirc.org (Quit: [SearchIRC] This message brought to you by the power of grayskull.)
--- Log closed Sat Aug 11 15:15:59 2012
--- Log opened Sat Aug 11 15:34:02 2012
15:34 !irc.deafgeeksirc.com *** Notice -- Client exiting at irc.rubbermallet.org: newform8!biskerbeet@68.39.45.36 (Ping timeout)
15:38 !irc.deafgeeksirc.com *** Notice -- Client connecting at irc.rubbermallet.org: tonynoname2 (tonynoname@pool-96-236-50-65.albyny.east.verizon.net)
15:38 !irc.deafgeeksirc.com *** Notice -- Client exiting at irc.rubbermallet.org: tonynoname3!tonynoname@pool-108-44-16-219.albyny.east.verizon.net (Connection reset by peer)
15:42 !irc.deafgeeksirc.com *** Notice -- Client connecting at irc.rubbermallet.org: tonynoname (tonynoname@pool-108-44-29-19.albyny.east.verizon.net)
15:43 !irc.deafgeeksirc.com *** Notice -- Client exiting at irc.rubbermallet.org: tonynoname2!tonynoname@pool-96-236-50-65.albyny.east.verizon.net (Ping timeout)
15:43 !irc.deafgeeksirc.com *** Notice -- Client connecting at irc.rubbermallet.org: scrawl73 (scrawl@data.searchirc.org)
15:43 !irc.deafgeeksirc.com *** Notice -- Client exiting at irc.rubbermallet.org: scrawl73!scrawl@data.searchirc.org (Quit: [SearchIRC] This message brought to you by the power of grayskull.)
15:48 !irc.deafgeeksirc.com *** Notice -- Client connecting at irc.rubbermallet.org: tonynoname2 (tonynoname@pool-108-44-8-244.albyny.east.verizon.net)
15:50 !irc.deafgeeksirc.com *** Notice -- Client exiting at irc.rubbermallet.org: tonynoname!tonynoname@pool-108-44-29-19.albyny.east.verizon.net (Ping timeout)
15:50 !irc.deafgeeksirc.com *** Notice -- Client connecting at irc.rubbermallet.org: tonynoname (tonynoname@pool-108-44-17-119.albyny.east.verizon.net)
15:52 !irc.deafgeeksirc.com *** Notice -- Client exiting at irc.rubbermallet.org: tonynoname2!tonynoname@pool-108-44-8-244.albyny.east.verizon.net (Ping timeout)
15:52 !irc.deafgeeksirc.com *** Notice -- Client exiting at irc.rubbermallet.org: darman213|Nerf-ninjai!darman@108-243-121-23.lightspeed.wchtks.sbcglobal.net (Ping timeout)
15:52 !irc.deafgeeksirc.com *** Notice -- Client connecting at irc.rubbermallet.org: darman213|Nerf-ninjai (darman@108-243-121-23.lightspeed.wchtks.sbcglobal.net)
--- Log closed Sat Aug 11 15:57:59 2012
--- Log opened Sat Aug 11 16:02:25 2012
16:02 !irc.deafgeeksirc.com *** Notice -- Client exiting at irc.rubbermallet.org: darman213|Nerf-ninjai!darman@108-243-121-23.lightspeed.wchtks.sbcglobal.net (Ping timeout)
--- Log closed Sat Aug 11 16:07:59 2012
--- Log opened Sat Aug 11 16:10:17 2012
16:10 !irc.deafgeeksirc.com *** Notice -- Client connecting at irc.rubbermallet.org: scrawl60 (scrawl@data.searchirc.org)
16:10 !irc.deafgeeksirc.com *** Notice -- Client exiting at irc.rubbermallet.org: scrawl60!scrawl@data.searchirc.org (Quit: [SearchIRC] Indexed 6 channels in 10 secs @ Aug 11th, 2012, 5:08 pm)
--- Log closed Sat Aug 11 16:15:59 2012
--- Log opened Sat Aug 11 16:30:03 2012
16:30 !irc.deafgeeksirc.com *** Notice -- Client exiting at uamd.lolcano.me: ekduo|T60!Tehanu@bl13-8-226.dsl.telepac.pt (Ping timeout)
16:30 !irc.deafgeeksirc.com *** Notice -- Client connecting at uamd.lolcano.me: ekduo|T60 (Tehanu@bl13-226-15.dsl.telepac.pt)
--- Log closed Sat Aug 11 16:35:59 2012
--- Log opened Sat Aug 11 16:40:17 2012
16:40 !irc.deafgeeksirc.com *** Notice -- Client connecting at irc.rubbermallet.org: jmus_iphone (jmusiphone@mobile-198-228-212-171.mycingular.net)
16:43 !irc.deafgeeksirc.com *** Notice -- Client connecting at irc.rubbermallet.org: scrawl49 (scrawl@data.searchirc.org)
16:43 !irc.deafgeeksirc.com *** Notice -- Client exiting at irc.rubbermallet.org: scrawl49!scrawl@data.searchirc.org (Quit: [SearchIRC] This message brought to you by the power of grayskull.)
--- Log closed Sat Aug 11 16:48:59 2012
--- Log opened Sat Aug 11 16:55:27 2012
16:55 !irc.deafgeeksirc.com *** Notice -- Client exiting at irc.rubbermallet.org: tonynoname!tonynoname@pool-108-44-17-119.albyny.east.verizon.net (Quit: tonynoname)
16:55 !irc.deafgeeksirc.com *** Notice -- Client connecting at irc.rubbermallet.org: tonynoname (tonynoname@pool-108-44-17-119.albyny.east.verizon.net)
--- Log closed Sat Aug 11 17:00:59 2012
--- Log opened Sat Aug 11 17:10:16 2012
17:10 !irc.deafgeeksirc.com *** Notice -- Client connecting at irc.rubbermallet.org: scrawl86 (scrawl@data.searchirc.org)
17:10 !irc.deafgeeksirc.com *** Notice -- Client exiting at irc.rubbermallet.org: scrawl86!scrawl@data.searchirc.org (Quit: [SearchIRC] This message brought to you by the power of grayskull.)
--- Log closed Sat Aug 11 17:15:59 2012
--- Log opened Sat Aug 11 17:23:01 2012
17:23 !irc.deafgeeksirc.com *** Notice -- Client exiting at irc.rubbermallet.org: jmus_iphone!jmusiphone@mobile-198-228-212-171.mycingular.net (Quit: Colloquy for iPhone - http://colloquy.mobi)
17:27 !irc.deafgeeksirc.com *** Notice -- Client exiting at irc.rubbermallet.org: jmusbach_!jmusbach@c-24-23-243-122.hsd1.ca.comcast.net (Quit: Leaving)
17:27 !irc.deafgeeksirc.com *** Notice -- Client connecting at irc.rubbermallet.org: jmusbach (jmusbach@c-24-23-243-122.hsd1.ca.comcast.net)
--- Log closed Sat Aug 11 17:32:59 2012
--- Log opened Sat Aug 11 17:43:16 2012
17:43 !irc.deafgeeksirc.com *** Notice -- Client connecting at irc.rubbermallet.org: scrawl28 (scrawl@data.searchirc.org)
17:43 !irc.deafgeeksirc.com *** Notice -- Client exiting at irc.rubbermallet.org: scrawl28!scrawl@data.searchirc.org (Quit: [SearchIRC] This message brought to you by the power of grayskull.)
--- Log closed Sat Aug 11 17:48:59 2012
--- Log opened Sat Aug 11 18:11:44 2012
18:11 !irc.deafgeeksirc.com *** Notice -- Client connecting at irc.rubbermallet.org: scrawl06 (scrawl@data.searchirc.org)
18:11 !irc.deafgeeksirc.com *** Notice -- Client exiting at irc.rubbermallet.org: scrawl06!scrawl@data.searchirc.org (Quit: [SearchIRC] This message brought to you by the power of grayskull.)
--- Log closed Sat Aug 11 18:16:59 2012
--- Log opened Sat Aug 11 18:21:24 2012
18:21 !irc.deafgeeksirc.com *** Notice -- Client connecting at irc.rubbermallet.org: newform8 (biskerbeet@68.39.45.36)
18:21 !irc.deafgeeksirc.com *** Notice -- Client exiting at irc.rubbermallet.org: newform8!biskerbeet@68.39.45.36 (Connection reset by peer)
18:21 !irc.deafgeeksirc.com *** Notice -- Client connecting at irc.rubbermallet.org: newform8 (biskerbeet@68.39.45.36)
--- Log closed Sat Aug 11 18:26:59 2012
--- Log opened Sat Aug 11 18:32:18 2012
18:32 !irc.deafgeeksirc.com *** Notice -- Client exiting at irc.rubbermallet.org: Zver-UA!Zveryok@31.133.73.120 (Ping timeout)
--- Log closed Sat Aug 11 18:37:59 2012
--- Log opened Sat Aug 11 18:49:03 2012
18:49 !irc.deafgeeksirc.com *** Notice -- Client connecting at irc.rubbermallet.org: scrawl41 (scrawl@data.searchirc.org)
18:49 !irc.deafgeeksirc.com *** Notice -- Client exiting at irc.rubbermallet.org: scrawl41!scrawl@data.searchirc.org (Quit: [SearchIRC] This message brought to you by the power of grayskull.)
--- Log closed Sat Aug 11 18:54:59 2012
--- Log opened Sat Aug 11 19:10:08 2012
19:10 !irc.deafgeeksirc.com *** Notice -- Client connecting at irc.rubbermallet.org: Foobar (Foobar@adsl-69-148-27-11.dsl.wchtks.swbell.net)
19:13 !irc.deafgeeksirc.com *** Notice -- Client exiting at irc.rubbermallet.org: Jaekfone!Foobar@adsl-69-148-27-11.dsl.wchtks.swbell.net (Client exited)
19:13 !irc.deafgeeksirc.com *** Notice -- Client connecting at irc.rubbermallet.org: Jaekfone (Jaekfone@adsl-69-148-27-11.dsl.wchtks.swbell.net)
19:13 !irc.deafgeeksirc.com *** Notice -- Client exiting at irc.rubbermallet.org: Jaekfone!Jaekfone@adsl-69-148-27-11.dsl.wchtks.swbell.net (Client exited)
19:16 !irc.deafgeeksirc.com *** Notice -- Client connecting at irc.rubbermallet.org: scrawl64 (scrawl@data.searchirc.org)
19:16 !irc.deafgeeksirc.com *** Notice -- Client exiting at irc.rubbermallet.org: scrawl64!scrawl@data.searchirc.org (Quit: [SearchIRC] This message brought to you by the power of grayskull.)
--- Log closed Sat Aug 11 19:21:59 2012
--- Log opened Sat Aug 11 19:48:48 2012
19:48 !irc.deafgeeksirc.com *** Notice -- Client connecting at uamd.lolcano.me: Sudos|X120e (X120e@WNR2000)
19:48 !irc.deafgeeksirc.com *** Notice -- Client connecting at irc.rubbermallet.org: scrawl79 (scrawl@data.searchirc.org)
19:49 !irc.deafgeeksirc.com *** Notice -- Client exiting at irc.rubbermallet.org: scrawl79!scrawl@data.searchirc.org (Quit: [SearchIRC] This message brought to you by the power of grayskull.)
19:49 !irc.deafgeeksirc.com *** Notice -- Received KILL message for Sudos|PE2300!SudosPE230@netadmin.haul.in.the.crabs.uamd.lolcano.me from tidux Path: irc!dongs-6B466DAD.hsd1.nh.comcast.net!tidux (no me)
19:49 !irc.deafgeeksirc.com *** Notice -- Client exiting at uamd.lolcano.me: Sudos|PE2300!SudosPE230@WNR2000 (Killed (tidux (no me)))
19:49 !irc.deafgeeksirc.com *** Notice -- Client connecting at uamd.lolcano.me: Sudos|PE2300 (SudosPE230@WNR2000)
19:49 !irc.deafgeeksirc.com Sudos|PE2300 (SudosPE230@WNR2000) [superdos] is now a network administrator (N)
19:50 !irc.deafgeeksirc.com *** Notice -- Received KILL message for tidux!jon@dongs-6B466DAD.hsd1.nh.comcast.net from Sudos|PE2300 Path: irc!uamd!netadmin.haul.in.the.crabs.uamd.lolcano.me!Sudos|PE2300 (yes you)
19:50 !irc.deafgeeksirc.com *** Notice -- Client exiting at irc.rubbermallet.org: tidux!jon@c-24-61-183-110.hsd1.nh.comcast.net (Killed (Sudos|PE2300 (yes you)))
19:50 !irc.deafgeeksirc.com *** Notice -- Client connecting at irc.rubbermallet.org: tidux (jon@c-24-61-183-110.hsd1.nh.comcast.net)
19:50 !irc.deafgeeksirc.com tidux (jon@dongs-6B466DAD.hsd1.nh.comcast.net) [todixu] is now a network administrator (N)
--- Log closed Sat Aug 11 19:55:59 2012
--- Log opened Sat Aug 11 20:16:01 2012
20:16 !irc.deafgeeksirc.com *** Notice -- Client connecting at irc.rubbermallet.org: scrawl49 (scrawl@data.searchirc.org)
20:16 !irc.deafgeeksirc.com *** Notice -- Client exiting at irc.rubbermallet.org: scrawl49!scrawl@data.searchirc.org (Quit: [SearchIRC] Indexed 6 channels in 10 secs @ Aug 11th, 2012, 9:14 pm)
--- Log closed Sat Aug 11 20:21:59 2012
--- Log opened Sat Aug 11 20:27:42 2012
20:27 !irc.deafgeeksirc.com Sudos|X120e (X120e@WNR2000) [superdos] is now a network administrator (N)
--- Log closed Sat Aug 11 20:32:59 2012
--- Log opened Sat Aug 11 20:41:58 2012
20:41 !irc.deafgeeksirc.com *** Notice -- Client connecting on port 6667: mripguru (mripguru@vpn1.hspheredns.com) [clients] 
--- Log closed Sat Aug 11 20:46:59 2012
--- Log opened Sat Aug 11 20:49:04 2012
20:49 !irc.deafgeeksirc.com *** Notice -- Client connecting at irc.rubbermallet.org: scrawl68 (scrawl@data.searchirc.org)
20:49 !irc.deafgeeksirc.com *** Notice -- Client exiting at irc.rubbermallet.org: scrawl68!scrawl@data.searchirc.org (Quit: [SearchIRC] This message brought to you by the power of grayskull.)
--- Log closed Sat Aug 11 20:54:59 2012
--- Log opened Sat Aug 11 21:04:15 2012
21:04 !irc.deafgeeksirc.com *** Notice -- Client exiting at irc.rubbermallet.org: miek|486!~miek486@192.168.1.55 (Ping timeout)
--- Log closed Sat Aug 11 21:09:59 2012
--- Log opened Sat Aug 11 21:15:54 2012
21:15 !irc.deafgeeksirc.com *** Notice -- Client connecting at irc.rubbermallet.org: scrawl37 (scrawl@data.searchirc.org)
21:16 !irc.deafgeeksirc.com *** Notice -- Client exiting at irc.rubbermallet.org: scrawl37!scrawl@data.searchirc.org (Quit: [SearchIRC] This message brought to you by the power of grayskull.)
--- Log closed Sat Aug 11 21:21:59 2012
--- Log opened Sat Aug 11 21:41:05 2012
21:41 !irc.deafgeeksirc.com *** Notice -- Client exiting at irc.rubbermallet.org: Tak!lol@68-186-152-199.dhcp.sffl.va.charter.com (Ping timeout)
--- Log closed Sat Aug 11 21:46:59 2012
--- Log opened Sat Aug 11 21:48:59 2012
21:48 !irc.deafgeeksirc.com *** Notice -- Client connecting at irc.rubbermallet.org: scrawl27 (scrawl@data.searchirc.org)
21:49 !irc.deafgeeksirc.com *** Notice -- Client exiting at irc.rubbermallet.org: scrawl27!scrawl@data.searchirc.org (Quit: [SearchIRC] This message brought to you by the power of grayskull.)
--- Log closed Sat Aug 11 21:54:59 2012
--- Log opened Sat Aug 11 22:08:51 2012
22:08 !irc.deafgeeksirc.com *** Notice -- Client exiting at irc.rubbermallet.org: newform8!biskerbeet@68.39.45.36 (Connection reset by peer)
--- Log closed Sat Aug 11 22:13:59 2012
--- Log opened Sat Aug 11 22:15:58 2012
22:15 !irc.deafgeeksirc.com *** Notice -- Client connecting at irc.rubbermallet.org: scrawl08 (scrawl@data.searchirc.org)
22:16 !irc.deafgeeksirc.com *** Notice -- Client exiting at irc.rubbermallet.org: scrawl08!scrawl@data.searchirc.org (Quit: [SearchIRC] This message brought to you by the power of grayskull.)
--- Log closed Sat Aug 11 22:21:59 2012
--- Log opened Sat Aug 11 22:29:56 2012
22:29 !irc.deafgeeksirc.com *** Notice -- Client connecting at irc.rubbermallet.org: darman213|Nerf-ninjai (darman@108-243-121-23.lightspeed.wchtks.sbcglobal.net)
22:30 !irc.deafgeeksirc.com *** Notice -- Client exiting at irc.rubbermallet.org: tonynoname!tonynoname@pool-108-44-17-119.albyny.east.verizon.net (Quit: tonynoname)
--- Log closed Sat Aug 11 22:35:59 2012
--- Log opened Sat Aug 11 22:36:26 2012
22:36 !irc.deafgeeksirc.com *** Notice -- Client connecting at irc.rubbermallet.org: tonynoname (tonynoname@pool-108-44-17-119.albyny.east.verizon.net)
--- Log closed Sat Aug 11 22:41:59 2012
--- Log opened Sat Aug 11 22:48:55 2012
22:48 !irc.deafgeeksirc.com *** Notice -- Client connecting at irc.rubbermallet.org: scrawl36 (scrawl@data.searchirc.org)
22:49 !irc.deafgeeksirc.com *** Notice -- Client exiting at irc.rubbermallet.org: scrawl36!scrawl@data.searchirc.org (Quit: [SearchIRC] This message brought to you by the power of grayskull.)
22:53 !irc.deafgeeksirc.com *** Notice -- Client connecting at irc.rubbermallet.org: jmus_iphone (jmusiphone@mobile-198-228-212-171.mycingular.net)
22:56 !irc.deafgeeksirc.com *** Notice -- Client exiting at irc.rubbermallet.org: jmus_iphone!jmusiphone@mobile-198-228-212-171.mycingular.net (Quit: Colloquy for iPhone - http://colloquy.mobi)
22:56 !irc.deafgeeksirc.com *** Notice -- Client connecting at irc.rubbermallet.org: jmus_iphone (jmusiphone@mobile-198-228-212-171.mycingular.net)
--- Log closed Sat Aug 11 23:01:59 2012
--- Log opened Sat Aug 11 23:14:33 2012
23:14 !irc.deafgeeksirc.com *** Notice -- Client exiting at irc.rubbermallet.org: jmus_iphone!jmusiphone@mobile-198-228-212-171.mycingular.net (Client exited)
--- Log closed Sat Aug 11 23:19:59 2012
--- Log opened Sat Aug 11 23:42:26 2012
23:42 !irc.deafgeeksirc.com *** Notice -- Client connecting at irc.rubbermallet.org: scrawl44 (scrawl@data.searchirc.org)
23:42 !irc.deafgeeksirc.com *** Notice -- Client exiting at irc.rubbermallet.org: scrawl44!scrawl@data.searchirc.org (Quit: [SearchIRC] This message brought to you by the power of grayskull.)
23:47 !irc.deafgeeksirc.com *** Notice -- Client connecting at irc.rubbermallet.org: ndschmidt|vm696 (AndChat648@68.39.45.36)
23:49 !irc.deafgeeksirc.com *** Notice -- `|losangeles (dissimulo@localhost) has changed his/her nickname to `
--- Log closed Sat Aug 11 23:54:59 2012
