--- Log opened Fri Jul 06 13:22:25 2012
13:22 !irc.retro-box.net *** Looking up your hostname...
13:22 !irc.retro-box.net *** Checking ident...
13:22 !irc.retro-box.net *** No ident response; username prefixed with ~
13:22 !irc.retro-box.net *** Found your hostname
--- Log closed Fri Jul 06 13:28:05 2012
--- Log opened Sat Jul 14 10:42:56 2012
10:42 !irc.retro-box.net *** Looking up your hostname...
10:42 !irc.retro-box.net *** Checking ident...
10:42 !irc.retro-box.net *** No ident response; username prefixed with ~
10:42 !irc.retro-box.net *** Found your hostname
--- Day changed Tue Jul 17 2012
18:29 !irc.retro-box.net *** Looking up your hostname...
18:29 !irc.retro-box.net *** Checking ident...
18:29 !irc.retro-box.net *** No ident response; username prefixed with ~
18:29 !irc.retro-box.net *** Found your hostname
--- Log closed Tue Jul 17 18:35:05 2012
--- Log opened Wed Jan 09 09:58:53 2013
09:58 !irc.retro-box.net *** Looking up your hostname...
09:58 !irc.retro-box.net *** Checking ident...
09:58 !irc.retro-box.net *** No ident response; username prefixed with ~
09:58 !irc.retro-box.net *** Found your hostname
10:00 !irc.retro-box.net *** Looking up your hostname...
10:00 !irc.retro-box.net *** Found your hostname (cached)
10:00 !irc.retro-box.net *** Checking ident...
10:00 !irc.retro-box.net *** No ident response; username prefixed with ~
--- Log closed Wed Jan 09 10:06:00 2013
