--- Log opened Sun Jan 13 01:14:37 2013
01:14 -!- Irssi: Starting query in localhost with idler
01:14 <`> LOGIN seifer8
01:14 -Idler(Idler@dongs-177F552B)- Try: LOGIN <username> <password>
01:14 <`> LOGIN dissimulo seifer8
01:14 -Idler(Idler@dongs-177F552B)- Logon successful. Next level in 38 days, 21:17:46.
--- Log closed Sun Jan 13 01:14:55 2013
--- Log opened Mon Feb 04 20:09:25 2013
20:09 -!- Irssi: Starting query in localhost with idler
20:09 <`> login dissimulo seifer8
20:09 -Idler(Idler@dongs-177F552B)- Logon successful. Next level in 30 days, 05:50:54.
--- Log closed Mon Feb 04 20:09:37 2013
--- Log opened Sat Feb 09 15:37:51 2013
15:37 -Idler(Idler@dongs-177F552B)- Penalty of 0 days, 04:16:23 added to your timer for privmsg.
--- Log closed Sat Feb 09 15:43:41 2013
--- Log opened Fri Feb 22 01:02:34 2013
01:02 -Idler(Idler@dongs-177F552B)- You found a level 35 tunic. Your current tunic is level 90, so it seems Luck is against you. You toss the tunic.
--- Log closed Fri Feb 22 01:07:41 2013
--- Log opened Fri Feb 22 18:36:35 2013
18:36 -!- Irssi: Starting query in localhost with idler
18:36 <`> login 
18:36 -Idler(Idler@dongs-177F552B)- Try: LOGIN <username> <password>
18:36 <`> login dissimulo seifer8
18:36 -Idler(Idler@dongs-177F552B)- Logon successful. Next level in 55 days, 14:51:20.
--- Log closed Fri Feb 22 18:36:52 2013
--- Log opened Thu Feb 28 03:19:25 2013
03:19 -!- Irssi: Starting query in localhost with idler
03:19 <`> login dissimulo seifer8
03:19 -Idler(Idler@dongs-177F552B)- Logon successful. Next level in 52 days, 15:04:09.
--- Log closed Thu Feb 28 03:19:32 2013
