--- Log opened Thu Jul 19 21:32:27 2012
21:32 -!- Irssi: Starting query in localhost with J-Bird
21:32 <J-Bird> okay so i FINALLY got one of the rigs running again (HP for some reason wont boot off CD) so we are back to the original
--- Log closed Thu Jul 19 21:37:53 2012
--- Log opened Fri Jul 20 00:23:25 2012
00:23 -!- J-Bird [J-Bird@dongs-F2FF76E2.lightspeed.cicril.sbcglobal.net] has quit [FFFFFFFFFff-- System Failure]
--- Log closed Fri Jul 20 00:28:53 2012
--- Log opened Fri Jul 20 00:58:54 2012
00:58 -!- J-Bird [Jbird@dongs-F2FF76E2.lightspeed.cicril.sbcglobal.net] has quit [FFFFFFFFFff-- Bye]
--- Log closed Fri Jul 20 01:04:53 2012
--- Log opened Fri Jul 20 22:12:45 2012
22:12 -!- j-bird [j-bird@dongs-F2FF76E2.lightspeed.cicril.sbcglobal.net] has quit [Connection reset by peer]
--- Log closed Fri Jul 20 22:17:53 2012
--- Log opened Fri Jul 20 23:22:36 2012
23:22 -!- j-bird [j-bird@dongs-F2FF76E2.lightspeed.cicril.sbcglobal.net] has quit [FFFFFFFFFff-- Leaving]
--- Log closed Fri Jul 20 23:27:53 2012
--- Log opened Sun Jul 22 07:09:58 2012
07:09 -!- j-bird [j-bird@dongs-F2FF76E2.lightspeed.cicril.sbcglobal.net] has quit [FFFFFFFFFff-- Leaving]
--- Log closed Sun Jul 22 07:15:53 2012
--- Log opened Sun Jul 22 09:34:24 2012
09:34 -!- J-Bird [Miah@dongs-F2FF76E2.lightspeed.cicril.sbcglobal.net] has quit [Ping timeout]
--- Log closed Sun Jul 22 09:39:53 2012
--- Log opened Sun Jul 22 18:05:35 2012
18:05 -!- J-Bird [Miah@dongs-F2FF76E2.lightspeed.cicril.sbcglobal.net] has quit [Connection reset by peer]
--- Log closed Sun Jul 22 18:10:53 2012
--- Log opened Mon Jul 23 01:33:20 2012
01:33 -!- J-Bird [Miah@dongs-F2FF76E2.lightspeed.cicril.sbcglobal.net] has quit [Connection reset by peer]
--- Log closed Mon Jul 23 01:38:53 2012
--- Log opened Mon Jul 23 06:20:14 2012
06:20 -!- J-Bird [Miah@dongs-F2FF76E2.lightspeed.cicril.sbcglobal.net] has quit [Connection reset by peer]
--- Log closed Mon Jul 23 06:25:53 2012
--- Log opened Mon Jul 23 07:41:55 2012
07:41 -!- J-Bird [Miah@dongs-F2FF76E2.lightspeed.cicril.sbcglobal.net] has quit [Connection reset by peer]
--- Log closed Mon Jul 23 07:47:53 2012
--- Log opened Mon Jul 23 10:06:27 2012
10:06 -!- J-Bird [Miah@dongs-F2FF76E2.lightspeed.cicril.sbcglobal.net] has quit [Connection reset by peer]
--- Log closed Mon Jul 23 10:11:53 2012
--- Log opened Mon Jul 23 14:43:45 2012
14:43 -!- J-Bird [Miah@dongs-F2FF76E2.lightspeed.cicril.sbcglobal.net] has quit [Connection reset by peer]
--- Log closed Mon Jul 23 14:48:53 2012
--- Log opened Wed Jul 25 07:36:14 2012
07:36 -!- J-Bird [Miah@dongs-F2FF76E2.lightspeed.cicril.sbcglobal.net] has quit [Connection reset by peer]
--- Log closed Wed Jul 25 07:41:53 2012
--- Log opened Thu Jul 26 07:40:19 2012
07:40 -!- J-Bird [Miah@dongs-F2FF76E2.lightspeed.cicril.sbcglobal.net] has quit [Ping timeout]
--- Log closed Thu Jul 26 07:45:53 2012
