--- Log opened Sat Aug 18 18:40:30 2012
18:40 -!- Irssi: Starting query in localhost with Joah
18:40 <Joah> hey, you're staff on irondust?
18:40 <`> yeah.
18:40 <Joah> oh cool
18:40 <Joah> i'm friends with the new owner
18:41 <`> cool
18:41 <Joah> and i know bikcmp, as well
18:41 <`> :p
18:41 <Joah> i put in a good word to the new owner about you, since this network is cool
18:41 <Joah> lol
18:41 <`> hah thanks
18:41 <Joah> np
--- Log closed Sat Aug 18 18:47:03 2012
--- Log opened Sun Aug 19 01:11:02 2012
01:11 -!- Joah [Joah@dongs-ADC78502.your-ircd-is-running.unconfigured.net] has quit [Quit: Joah]
--- Log closed Sun Aug 19 01:16:03 2012
--- Log opened Tue Aug 21 12:24:28 2012
12:24 -!- Joah [Joah@dongs-ADC78502.your-ircd-is-running.unconfigured.net] has quit [Killed (Sudos|X120e (I hereby declare yourself killed))]
--- Log closed Tue Aug 21 12:30:04 2012
--- Log opened Tue Aug 21 23:50:49 2012
23:50 -!- Joah [Joah@dongs-ADC78502.your-ircd-is-running.unconfigured.net] has quit [Quit: Joah]
--- Log closed Tue Aug 21 23:56:04 2012
