--- Log opened Mon Oct 15 21:10:23 2012
21:10 -!- Irssi: Starting query in localhost with Sudos|E265M
21:10 <`> what did you put in there?
21:10 <`> lol
21:10 <`> i'll keep it to myself, this is probably gonna be luls
--- Log closed Mon Oct 15 21:16:38 2012
--- Log opened Mon Oct 15 21:24:48 2012
21:24 <Sudos|E265M> [22:12:51] <ekduo|X61> sudos can't keep a surprise
21:24 <Sudos|E265M> I thought he left already
21:24 <Sudos|E265M> D:
21:25 <Sudos|E265M> lolol
21:25 <Sudos|E265M> hold for dongd
21:29 <Sudos|E265M> http://uamd.lolcano.me:81/dongs.pdf I sent this in the very bottom
21:29 <Sudos|E265M> le le le le
21:29 <Sudos|E265M> keep it to yourself for win and raeg factor
21:30 <`> lolwat
21:32 <`> this should be interesting
21:35 <Sudos|E265M> yes.
--- Log closed Mon Oct 15 21:37:31 2012
--- Log opened Mon Jan 28 03:18:34 2013
03:18 -!- Irssi: Starting query in localhost with Sudos|E265M
03:18 <`> ?
--- Log closed Mon Jan 28 03:23:37 2013
--- Log opened Thu Jan 31 18:13:11 2013
18:13 -!- Sudos|E265M [E265M@Netadmin.Rubbermallet.org] has quit [Input/output error]
--- Log closed Thu Jan 31 18:18:39 2013
