--- Log opened Mon Feb 25 23:39:36 2013
23:39 -!- Irssi: Starting query in localhost with Sue|tablet
23:39 <`> hrm.
23:39 <`> iamat.endofinternet.org 4200
23:39 <`> you still have your login.
23:43 <Sue|tablet> what username
23:45 <`> dongware
23:46 <Sue|tablet> danke
23:46 <Sue|tablet> i can't remember these things
23:48 <`> Sue|tablet i did do an aptitude update/upgrade a few days ago.
23:48 <`> Sue|tablet just know that.
23:48 <Sue|tablet> shh
23:48 <Sue|tablet> it's fine
23:49 <Sue|tablet> let me do my thing
23:49 <`> heh
23:49 <`> what'd i/it fuck up?
--- Log closed Mon Feb 25 23:55:03 2013
--- Log opened Tue Feb 26 00:04:02 2013
00:04 <Sue|tablet> swap's fucked
00:04 <Sue|tablet> hold on
00:07 <Sue|tablet> you unplugged the swap usb
00:07 <Sue|tablet> that's why
00:12 <`> i didn't.
00:13 <`> it's still in there.
00:13 <Sue|tablet> it's gone
00:13 <Sue|tablet> as in
00:13 <Sue|tablet> it's *gone*
00:13 <`> oh i see
00:13 <`> i figgled with it
00:13 <`> it flashed
00:13 <`> which means connection's bad
00:14 <`> okay
00:14 <`> shoved it into another usb port
00:14 <`> try it.
--- Log closed Tue Feb 26 00:20:03 2013
--- Log opened Tue Feb 26 00:39:06 2013
00:39 -!- Sue|tablet [sue@dongs-F4E76AC7.hsd1.ca.comcast.net] has quit [Ping timeout]
--- Log closed Tue Feb 26 00:45:03 2013
--- Log opened Tue Feb 26 02:35:21 2013
02:35 -!- Sue|tablet [sue@dongs-F4E76AC7.hsd1.ca.comcast.net] has quit [Quit: Leaving]
--- Log closed Tue Feb 26 02:41:03 2013
--- Log opened Tue Feb 26 16:23:45 2013
16:23 -!- Sue|tablet [sue@dongs-78C842D.lightspeed.frokca.sbcglobal.net] has quit [Ping timeout]
--- Log closed Tue Feb 26 16:29:03 2013
--- Log opened Tue Feb 26 21:52:59 2013
21:52 -!- Sue|tablet [sue@dongs-78C842D.lightspeed.frokca.sbcglobal.net] has quit [Quit: Leaving]
--- Log closed Tue Feb 26 21:58:04 2013
--- Log opened Wed Feb 27 17:03:51 2013
17:03 -!- Sue|tablet [sue@dongs-78C842D.lightspeed.frokca.sbcglobal.net] has quit [Ping timeout]
--- Log closed Wed Feb 27 17:09:04 2013
