--- Log opened Wed Aug 22 16:26:32 2012
16:26 -!- Irssi: Starting query in localhost with Tak
16:26 <`> Box 253, Rimforest, CA 92378
16:27  * Tak subcribes you to massive junkmail!
16:27 <`> lol
16:27 <`> go ahead.
16:28 <Tak> im just kidding
16:28 <`> :p
--- Log closed Wed Aug 22 16:34:04 2012
--- Log opened Wed Aug 22 20:19:05 2012
20:19 -!- Tak [lol@dongs-DDADF072.dhcp.sffl.va.charter.com] has quit [Ping timeout]
--- Log closed Wed Aug 22 20:25:04 2012
--- Log opened Thu Aug 23 02:20:02 2012
02:20 -!- Tak [lol@dongs-DDADF072.dhcp.sffl.va.charter.com] has quit [Ping timeout]
--- Log closed Thu Aug 23 02:25:04 2012
--- Log opened Thu Aug 23 20:59:12 2012
20:59 -!- Tak [lol@dongs-DDADF072.dhcp.sffl.va.charter.com] has quit [Ping timeout]
--- Log closed Thu Aug 23 21:05:04 2012
--- Log opened Fri Aug 24 03:00:18 2012
03:00 -!- Tak [lol@dongs-DDADF072.dhcp.sffl.va.charter.com] has quit [Ping timeout]
--- Log closed Fri Aug 24 03:06:04 2012
--- Log opened Fri Aug 24 20:46:07 2012
20:46 -!- Tak [webchat@dongs-6B466DAD.hsd1.nh.comcast.net] has quit [Quit: Page closed]
--- Log closed Fri Aug 24 20:52:05 2012
--- Log opened Tue Aug 28 20:20:35 2012
20:20 -!- Tak [lol@dongs-DDADF072.dhcp.sffl.va.charter.com] has quit [Ping timeout]
--- Log closed Tue Aug 28 20:26:18 2012
--- Log opened Wed Aug 29 02:22:03 2012
02:22 -!- Tak [lol@dongs-DDADF072.dhcp.sffl.va.charter.com] has quit [Ping timeout]
--- Log closed Wed Aug 29 02:27:18 2012
--- Log opened Wed Aug 29 20:05:31 2012
20:05 -!- Tak [lol@dongs-DDADF072.dhcp.sffl.va.charter.com] has quit [Ping timeout]
--- Log closed Wed Aug 29 20:11:18 2012
--- Log opened Thu Aug 30 02:05:51 2012
02:05 -!- Tak [lol@dongs-DDADF072.dhcp.sffl.va.charter.com] has quit [Ping timeout]
--- Log closed Thu Aug 30 02:11:18 2012
--- Log opened Thu Aug 30 12:36:36 2012
12:36 -!- Tak [Tak@dongs-4AC43758.sub-97-165-236.myvzw.com] has quit [Quit: jmIrc destroyed by the OS]
--- Log closed Thu Aug 30 12:42:18 2012
--- Log opened Thu Aug 30 20:20:23 2012
20:20 -!- Tak [lol@dongs-DDADF072.dhcp.sffl.va.charter.com] has quit [Ping timeout]
--- Log closed Thu Aug 30 20:26:18 2012
--- Log opened Fri Feb 22 23:27:29 2013
23:27 -Tak(Dollseyes@dongs-DDADF072.dhcp.sffl.va.charter.com)- if you have love for vampire movies, i strongly recommend you watch "let the right one in" (swedish with english subtitles) it is VERY strong
--- Log closed Fri Feb 22 23:32:41 2013
