--- Log opened Sun Aug 26 15:01:57 2012
15:01 -NickServ(NickServ@services.)- This nickname is registered. Please choose a different nickname, or identify via /msg NickServ identify <password>.
15:01 -NickServ(NickServ@services.)- You have 30 seconds to identify to your nickname before it is changed.
15:02 -!- Irssi: Starting query in freenode with nickserv
15:02 <dissimulo> register
15:02 -NickServ(NickServ@services.)- Insufficient parameters for REGISTER.
15:02 -NickServ(NickServ@services.)- Syntax: REGISTER <password> <email>
15:02 <dissimulo> register seifer8 connect@dustin-williams.com
15:02 -NickServ(NickServ@services.)- An email containing nickname activation instructions has been sent to connect@dustin-williams.com.
15:02 -NickServ(NickServ@services.)- If you do not complete registration within one day, your nickname will expire.
15:02 -NickServ(NickServ@services.)- dissimulo is now registered to connect@dustin-williams.com, with the password seifer8.
15:02 -NickServ(NickServ@services.)-  
15:02 -NickServ(NickServ@services.)- freenode is a service of Peer-Directed Projects Center, a
15:02 -NickServ(NickServ@services.)- not-for-profit organisation registered in England and Wales.
15:02 -NickServ(NickServ@services.)- For frequently-asked questions about the network, please see the
15:02 -NickServ(NickServ@services.)- FAQ page (http://freenode.net/faq.shtml). Should you wish to
15:02 -NickServ(NickServ@services.)- support the PDPC you can contribute to our current fundraiser at
15:02 -NickServ(NickServ@services.)- http://freenode.net/pdpc_donations.shtml.
--- Log closed Sun Aug 26 15:02:28 2012
--- Log opened Sat Sep 01 17:34:58 2012
17:34 -!- Irssi: Starting query in freenode with nickserv
17:34 <dissimulo> identify seifer8
17:34 -NickServ(NickServ@services.)- dissimulo is not a registered nickname.
--- Log closed Sat Sep 01 17:35:02 2012
