--- Log opened Tue Jun 19 00:40:25 2012
00:40 -Global(Global@services.)- [Network Notice] Spitfire - 22:33:09  <Spitfire> Gosh stop sharing our private sexual moments.
00:40 -Global(Global@services.)- [Network Notice] PS. Spitfire had to format this message for bikcmp, because bikcmp couldn't work out how to use Global.
--- Log closed Tue Jun 19 00:45:39 2012
--- Log opened Fri Jun 29 02:30:18 2012
02:30 -Global(Global@services.)- [Network Notice] bikcmp - It's Friday, Friday
02:30 -Global(Global@services.)- [Network Notice] Gotta get down on Friday
02:30 -Global(Global@services.)- [Network Notice] Everybody's lookin' forward to the weekend (weekend)
02:30 -Global(Global@services.)- [Network Notice] -
02:30 -Global(Global@services.)- [Network Notice] Friday, Friday
02:30 -Global(Global@services.)- [Network Notice] Gettin' down on Friday
02:30 -Global(Global@services.)- [Network Notice] Everybody's lookin' forward to the weekend
02:30 -Global(Global@services.)- [Network Notice] Partyin', partyin' (Yeah)
02:30 -Global(Global@services.)- [Network Notice] Partyin', partyin' (Yeah)
02:30 -Global(Global@services.)- [Network Notice] Fun, fun, fun, fun
02:30 -Global(Global@services.)- [Network Notice] Lookin' forward to the weekend!
02:30 -Global(Global@services.)- [Network Notice] -
02:30 -Global(Global@services.)- [Network Notice] Are you single?  Do you LOVE cats? Visit http://goo.gl/8U9hF for important information.
02:30 -Global(Global@services.)- [Network Notice] -
02:30 -Global(Global@services.)- [Network Notice] That is all.
--- Log closed Fri Jun 29 02:36:10 2012
