--- Log opened Wed Jul 04 01:34:55 2012
--- Log closed Wed Jul 04 01:40:45 2012
--- Log opened Tue Jul 17 09:26:52 2012
--- Log closed Tue Jul 17 09:32:45 2012
--- Log opened Sun Jul 29 16:25:26 2012
--- Log closed Sun Jul 29 16:32:08 2012
--- Log opened Sun Jul 29 16:38:07 2012
16:38 !quicksilver.irondust.net *** Oper privilege set is staffer2
16:38 !quicksilver.irondust.net *** Oper privs are oper:operwall oper:local_kill oper:kill oper:local_kill oper:helpop oper:staffer oper:remoteban oper:massnotice oper:resv oper:xline oper:unkline oper:kline oper:global_kill
--- Log closed Sun Jul 29 16:43:08 2012
--- Log opened Sun Jul 29 17:36:15 2012
--- Log closed Sun Jul 29 17:42:08 2012
--- Log opened Sun Jul 29 19:07:34 2012
--- Log closed Sun Jul 29 19:13:08 2012
--- Log opened Sun Jul 29 19:13:09 2012
--- Log closed Sun Jul 29 19:19:08 2012
--- Log opened Sun Jul 29 22:31:13 2012
--- Log closed Sun Jul 29 22:37:08 2012
--- Log opened Sun Jul 29 23:41:06 2012
--- Log closed Sun Jul 29 23:46:08 2012
--- Log opened Mon Jul 30 00:01:43 2012
--- Log closed Mon Jul 30 00:07:08 2012
--- Log opened Mon Jul 30 01:20:36 2012
--- Log closed Mon Jul 30 01:26:08 2012
--- Log opened Mon Jul 30 01:26:12 2012
--- Log closed Mon Jul 30 01:32:08 2012
--- Log opened Mon Jul 30 01:32:38 2012
--- Log closed Mon Jul 30 01:38:08 2012
--- Log opened Mon Jul 30 01:39:37 2012
--- Log closed Mon Jul 30 01:45:08 2012
--- Log opened Mon Jul 30 01:45:21 2012
--- Log closed Mon Jul 30 01:51:08 2012
--- Log opened Mon Jul 30 01:55:08 2012
--- Log closed Mon Jul 30 02:00:08 2012
--- Log opened Mon Jul 30 06:15:06 2012
--- Log closed Mon Jul 30 06:20:08 2012
--- Log opened Mon Jul 30 10:20:05 2012
--- Log closed Mon Jul 30 10:25:08 2012
--- Log opened Mon Jul 30 13:36:15 2012
--- Log closed Mon Jul 30 13:42:08 2012
--- Log opened Mon Jul 30 14:59:02 2012
--- Log closed Mon Jul 30 15:04:08 2012
--- Log opened Mon Jul 30 15:22:09 2012
--- Log closed Mon Jul 30 15:28:08 2012
--- Log opened Mon Jul 30 15:45:44 2012
--- Log closed Mon Jul 30 15:51:08 2012
--- Log opened Mon Jul 30 17:10:23 2012
--- Log closed Mon Jul 30 17:16:08 2012
--- Log opened Mon Jul 30 18:00:00 2012
--- Log closed Mon Jul 30 18:05:08 2012
--- Log opened Mon Jul 30 19:02:51 2012
--- Log closed Mon Jul 30 19:08:08 2012
--- Log opened Mon Jul 30 19:25:15 2012
--- Log closed Mon Jul 30 19:31:08 2012
--- Log opened Tue Jul 31 00:30:40 2012
--- Log closed Tue Jul 31 00:36:08 2012
--- Log opened Tue Jul 31 11:11:52 2012
--- Log closed Tue Jul 31 11:17:08 2012
--- Log opened Tue Jul 31 14:45:29 2012
--- Log closed Tue Jul 31 14:51:08 2012
--- Log opened Tue Jul 31 16:29:41 2012
--- Log closed Tue Jul 31 16:35:08 2012
--- Log opened Tue Jul 31 16:44:46 2012
--- Log closed Tue Jul 31 16:50:08 2012
--- Log opened Tue Jul 31 23:24:03 2012
--- Log closed Tue Jul 31 23:29:08 2012
--- Log opened Wed Aug 01 06:05:16 2012
--- Log closed Wed Aug 01 06:11:08 2012
--- Log opened Wed Aug 01 12:18:44 2012
--- Log closed Wed Aug 01 12:24:08 2012
--- Log opened Wed Aug 01 13:09:38 2012
--- Log closed Wed Aug 01 13:15:08 2012
--- Log opened Wed Aug 01 14:05:12 2012
--- Log closed Wed Aug 01 14:11:08 2012
--- Log opened Wed Aug 01 16:52:53 2012
--- Log closed Wed Aug 01 16:58:08 2012
--- Log opened Wed Aug 01 17:02:27 2012
--- Log closed Wed Aug 01 17:08:08 2012
--- Log opened Wed Aug 01 17:12:20 2012
--- Log closed Wed Aug 01 17:18:08 2012
--- Log opened Wed Aug 01 19:46:41 2012
--- Log closed Wed Aug 01 19:52:08 2012
--- Log opened Wed Aug 01 20:03:29 2012
--- Log closed Wed Aug 01 20:09:08 2012
--- Log opened Thu Aug 02 01:30:18 2012
--- Log closed Thu Aug 02 01:36:08 2012
--- Log opened Thu Aug 02 06:06:06 2012
--- Log closed Thu Aug 02 06:11:08 2012
--- Log opened Thu Aug 02 06:41:13 2012
--- Log closed Thu Aug 02 06:47:08 2012
--- Log opened Thu Aug 02 08:04:36 2012
--- Log closed Thu Aug 02 08:10:08 2012
--- Log opened Thu Aug 02 08:32:07 2012
--- Log closed Thu Aug 02 08:37:08 2012
--- Log opened Thu Aug 02 12:36:44 2012
--- Log closed Thu Aug 02 12:42:08 2012
--- Log opened Thu Aug 02 14:04:24 2012
--- Log closed Thu Aug 02 14:10:08 2012
--- Log opened Thu Aug 02 14:57:24 2012
--- Log closed Thu Aug 02 15:03:08 2012
--- Log opened Thu Aug 02 20:06:30 2012
--- Log closed Thu Aug 02 20:12:08 2012
--- Log opened Thu Aug 02 21:09:44 2012
--- Log closed Thu Aug 02 21:15:08 2012
--- Log opened Fri Aug 03 06:05:01 2012
--- Log closed Fri Aug 03 06:10:08 2012
--- Log opened Fri Aug 03 11:06:12 2012
--- Log closed Fri Aug 03 11:12:08 2012
--- Log opened Fri Aug 03 15:04:57 2012
--- Log closed Fri Aug 03 15:10:08 2012
--- Log opened Fri Aug 03 15:17:07 2012
--- Log closed Fri Aug 03 15:22:08 2012
--- Log opened Fri Aug 03 15:28:32 2012
--- Log closed Fri Aug 03 15:34:08 2012
--- Log opened Fri Aug 03 15:52:22 2012
--- Log closed Fri Aug 03 15:58:08 2012
--- Log opened Fri Aug 03 16:38:40 2012
--- Log closed Fri Aug 03 16:44:08 2012
--- Log opened Fri Aug 03 20:19:25 2012
--- Log closed Fri Aug 03 20:25:08 2012
--- Log opened Fri Aug 03 23:48:26 2012
--- Log closed Fri Aug 03 23:54:20 2012
--- Log opened Sun Aug 05 15:05:24 2012
--- Log closed Sun Aug 05 15:08:12 2012
--- Log opened Sun Aug 05 15:10:21 2012
--- Log closed Sun Aug 05 15:10:34 2012
--- Log opened Fri Aug 10 10:34:04 2012
--- Log closed Fri Aug 10 10:39:08 2012
--- Log opened Fri Aug 10 17:25:11 2012
17:25 !zinc.irondust.net *** Oper privilege set is staffer2
17:25 !zinc.irondust.net *** Oper privs are oper:operwall oper:local_kill oper:kill oper:local_kill oper:helpop oper:staffer oper:remoteban oper:massnotice oper:resv oper:xline oper:unkline oper:kline oper:global_kill
--- Log closed Fri Aug 10 17:31:11 2012
--- Log opened Fri Aug 10 20:04:39 2012
--- Log closed Fri Aug 10 20:10:11 2012
--- Log opened Fri Aug 10 20:53:25 2012
--- Log closed Fri Aug 10 20:59:11 2012
--- Log opened Fri Aug 10 23:09:24 2012
--- Log closed Fri Aug 10 23:15:11 2012
--- Log opened Fri Aug 10 23:52:27 2012
--- Log closed Fri Aug 10 23:58:11 2012
--- Log opened Sat Aug 18 21:32:01 2012
--- Log closed Sat Aug 18 21:37:11 2012
--- Log opened Sat Aug 18 22:26:56 2012
--- Log closed Sat Aug 18 22:32:11 2012
--- Log opened Sat Aug 18 23:40:02 2012
--- Log closed Sat Aug 18 23:45:11 2012
--- Log opened Sat Aug 18 23:47:26 2012
--- Log closed Sat Aug 18 23:53:11 2012
--- Log opened Sun Aug 19 00:15:32 2012
--- Log closed Sun Aug 19 00:21:11 2012
--- Log opened Sun Aug 19 01:20:58 2012
--- Log closed Sun Aug 19 01:26:11 2012
--- Log opened Sun Aug 19 02:02:57 2012
--- Log closed Sun Aug 19 02:08:11 2012
--- Log opened Sun Aug 19 02:20:22 2012
--- Log closed Sun Aug 19 02:26:11 2012
--- Log opened Sun Aug 19 04:05:02 2012
--- Log closed Sun Aug 19 04:10:11 2012
--- Log opened Sun Aug 19 05:42:38 2012
--- Log closed Sun Aug 19 05:48:11 2012
--- Log opened Sun Aug 19 07:53:58 2012
--- Log closed Sun Aug 19 07:59:11 2012
--- Log opened Sun Aug 19 08:36:14 2012
--- Log closed Sun Aug 19 08:42:11 2012
--- Log opened Sun Aug 19 09:30:20 2012
--- Log closed Sun Aug 19 09:36:11 2012
--- Log opened Sun Aug 19 10:11:02 2012
--- Log closed Sun Aug 19 10:16:11 2012
--- Log opened Sun Aug 19 10:19:52 2012
--- Log closed Sun Aug 19 10:25:11 2012
--- Log opened Sun Aug 19 10:28:27 2012
--- Log closed Sun Aug 19 10:34:11 2012
--- Log opened Sun Aug 19 10:39:58 2012
--- Log closed Sun Aug 19 10:45:11 2012
--- Log opened Sun Aug 19 11:39:39 2012
--- Log closed Sun Aug 19 11:45:11 2012
--- Log opened Sun Aug 19 11:45:13 2012
--- Log closed Sun Aug 19 11:51:11 2012
--- Log opened Sun Aug 19 11:58:29 2012
--- Log closed Sun Aug 19 12:04:11 2012
--- Log opened Sun Aug 19 12:28:53 2012
--- Log closed Sun Aug 19 12:34:11 2012
--- Log opened Sun Aug 19 12:49:44 2012
--- Log closed Sun Aug 19 12:55:11 2012
--- Log opened Sun Aug 19 14:51:15 2012
--- Log closed Sun Aug 19 14:57:11 2012
--- Log opened Sun Aug 19 15:30:01 2012
--- Log closed Sun Aug 19 15:35:11 2012
--- Log opened Sun Aug 19 18:29:03 2012
--- Log closed Sun Aug 19 18:34:11 2012
--- Log opened Sun Aug 19 19:12:00 2012
--- Log closed Sun Aug 19 19:17:11 2012
--- Log opened Sun Aug 19 19:20:03 2012
--- Log closed Sun Aug 19 19:25:11 2012
--- Log opened Sun Aug 19 19:25:39 2012
--- Log closed Sun Aug 19 19:31:11 2012
--- Log opened Sun Aug 19 20:10:24 2012
--- Log closed Sun Aug 19 20:16:11 2012
--- Log opened Mon Aug 20 02:15:13 2012
--- Log closed Mon Aug 20 02:21:11 2012
--- Log opened Mon Aug 20 05:47:31 2012
--- Log closed Mon Aug 20 05:53:11 2012
--- Log opened Mon Aug 20 09:02:29 2012
--- Log closed Mon Aug 20 09:08:11 2012
--- Log opened Mon Aug 20 09:25:08 2012
--- Log closed Mon Aug 20 09:30:11 2012
--- Log opened Mon Aug 20 18:21:02 2012
--- Log closed Mon Aug 20 18:26:11 2012
--- Log opened Mon Aug 20 19:27:35 2012
--- Log closed Mon Aug 20 19:33:11 2012
--- Log opened Mon Aug 20 23:47:41 2012
--- Log closed Mon Aug 20 23:53:11 2012
--- Log opened Tue Aug 21 01:51:00 2012
--- Log closed Tue Aug 21 01:56:11 2012
--- Log opened Tue Aug 21 05:47:10 2012
--- Log closed Tue Aug 21 05:52:11 2012
--- Log opened Tue Aug 21 15:25:14 2012
--- Log closed Tue Aug 21 15:31:11 2012
--- Log opened Tue Aug 21 16:33:36 2012
--- Log closed Tue Aug 21 16:39:11 2012
--- Log opened Tue Aug 21 19:15:04 2012
--- Log closed Tue Aug 21 19:20:11 2012
--- Log opened Tue Aug 21 22:37:40 2012
--- Log closed Tue Aug 21 22:43:11 2012
--- Log opened Tue Aug 21 23:38:03 2012
--- Log closed Tue Aug 21 23:43:11 2012
--- Log opened Wed Aug 22 00:30:46 2012
--- Log closed Wed Aug 22 00:36:11 2012
--- Log opened Wed Aug 22 03:23:01 2012
--- Log closed Wed Aug 22 03:28:11 2012
--- Log opened Wed Aug 22 07:32:47 2012
--- Log closed Wed Aug 22 07:38:11 2012
--- Log opened Wed Aug 22 12:06:15 2012
--- Log closed Wed Aug 22 12:12:11 2012
--- Log opened Wed Aug 22 13:10:42 2012
--- Log closed Wed Aug 22 13:16:11 2012
--- Log opened Wed Aug 22 17:01:53 2012
--- Log closed Wed Aug 22 17:07:11 2012
--- Log opened Thu Aug 23 13:50:57 2012
--- Log closed Thu Aug 23 13:56:11 2012
--- Log opened Thu Aug 23 20:53:10 2012
--- Log closed Thu Aug 23 20:58:11 2012
--- Log opened Fri Aug 24 04:54:38 2012
--- Log closed Fri Aug 24 05:00:11 2012
--- Log opened Fri Aug 24 05:58:28 2012
--- Log closed Fri Aug 24 06:04:11 2012
--- Log opened Fri Aug 24 08:08:48 2012
--- Log closed Fri Aug 24 08:14:11 2012
--- Log opened Fri Aug 24 11:34:32 2012
--- Log closed Fri Aug 24 11:40:11 2012
--- Log opened Fri Aug 24 14:28:04 2012
--- Log closed Fri Aug 24 14:33:11 2012
--- Log opened Fri Aug 24 15:02:51 2012
--- Log closed Fri Aug 24 15:08:11 2012
--- Log opened Fri Aug 24 16:07:28 2012
--- Log closed Fri Aug 24 16:13:11 2012
--- Log opened Fri Aug 24 17:02:44 2012
--- Log closed Fri Aug 24 17:08:11 2012
--- Log opened Fri Aug 24 17:55:29 2012
--- Log closed Fri Aug 24 18:01:11 2012
--- Log opened Fri Aug 24 21:38:37 2012
--- Log closed Fri Aug 24 21:44:11 2012
--- Log opened Sat Aug 25 01:24:20 2012
--- Log closed Sat Aug 25 01:30:11 2012
--- Log opened Sat Aug 25 01:31:20 2012
--- Log closed Sat Aug 25 01:37:11 2012
--- Log opened Sat Aug 25 08:21:18 2012
--- Log closed Sat Aug 25 08:27:11 2012
--- Log opened Sat Aug 25 09:15:44 2012
--- Log closed Sat Aug 25 09:21:11 2012
--- Log opened Sat Aug 25 09:22:49 2012
--- Log closed Sat Aug 25 09:28:11 2012
--- Log opened Sat Aug 25 09:37:44 2012
--- Log closed Sat Aug 25 09:43:11 2012
--- Log opened Sat Aug 25 13:11:40 2012
--- Log closed Sat Aug 25 13:17:11 2012
--- Log opened Sat Aug 25 15:06:17 2012
--- Log closed Sat Aug 25 15:12:11 2012
--- Log opened Sat Aug 25 19:05:31 2012
--- Log closed Sat Aug 25 19:11:11 2012
--- Log opened Sat Aug 25 21:13:34 2012
--- Log closed Sat Aug 25 21:19:11 2012
--- Log opened Sat Aug 25 22:23:10 2012
--- Log closed Sat Aug 25 22:28:11 2012
--- Log opened Sun Aug 26 07:31:11 2012
--- Log closed Sun Aug 26 07:36:11 2012
--- Log opened Sun Aug 26 09:27:50 2012
--- Log closed Sun Aug 26 09:33:11 2012
--- Log opened Sun Aug 26 10:07:03 2012
--- Log closed Sun Aug 26 10:12:11 2012
--- Log opened Sun Aug 26 20:12:40 2012
--- Log closed Sun Aug 26 20:18:18 2012
--- Log opened Sun Aug 26 21:22:33 2012
--- Log closed Sun Aug 26 21:28:18 2012
--- Log opened Mon Aug 27 06:49:04 2012
--- Log closed Mon Aug 27 06:54:18 2012
--- Log opened Mon Aug 27 10:21:45 2012
--- Log closed Mon Aug 27 10:27:18 2012
--- Log opened Mon Aug 27 13:48:53 2012
--- Log closed Mon Aug 27 13:54:18 2012
--- Log opened Mon Aug 27 15:23:17 2012
--- Log closed Mon Aug 27 15:28:18 2012
--- Log opened Mon Aug 27 15:29:01 2012
--- Log closed Mon Aug 27 15:34:18 2012
--- Log opened Mon Aug 27 16:10:19 2012
--- Log closed Mon Aug 27 16:16:18 2012
--- Log opened Mon Aug 27 19:00:33 2012
--- Log closed Mon Aug 27 19:06:18 2012
--- Log opened Mon Aug 27 19:18:04 2012
--- Log closed Mon Aug 27 19:23:18 2012
--- Log opened Tue Aug 28 00:29:58 2012
--- Log closed Tue Aug 28 00:35:18 2012
--- Log opened Tue Aug 28 01:48:18 2012
--- Log closed Tue Aug 28 01:53:18 2012
--- Log opened Tue Aug 28 01:53:24 2012
--- Log closed Tue Aug 28 01:59:18 2012
--- Log opened Tue Aug 28 03:58:21 2012
--- Log closed Tue Aug 28 04:04:18 2012
--- Log opened Tue Aug 28 04:21:41 2012
--- Log closed Tue Aug 28 04:27:18 2012
--- Log opened Tue Aug 28 07:32:58 2012
--- Log closed Tue Aug 28 07:38:18 2012
--- Log opened Tue Aug 28 10:59:15 2012
--- Log closed Tue Aug 28 11:04:18 2012
--- Log opened Tue Aug 28 14:21:18 2012
--- Log closed Tue Aug 28 14:26:18 2012
--- Log opened Tue Aug 28 14:49:26 2012
--- Log closed Tue Aug 28 14:55:18 2012
--- Log opened Tue Aug 28 17:50:05 2012
--- Log closed Tue Aug 28 17:55:18 2012
--- Log opened Wed Aug 29 00:23:39 2012
--- Log closed Wed Aug 29 00:29:18 2012
--- Log opened Wed Aug 29 03:19:37 2012
--- Log closed Wed Aug 29 03:25:18 2012
--- Log opened Wed Aug 29 03:25:21 2012
--- Log closed Wed Aug 29 03:31:18 2012
--- Log opened Wed Aug 29 04:19:00 2012
--- Log closed Wed Aug 29 04:24:18 2012
--- Log opened Wed Aug 29 04:25:59 2012
--- Log closed Wed Aug 29 04:31:18 2012
--- Log opened Wed Aug 29 06:42:21 2012
--- Log closed Wed Aug 29 06:48:18 2012
--- Log opened Wed Aug 29 13:35:40 2012
--- Log closed Wed Aug 29 13:41:18 2012
--- Log opened Wed Aug 29 14:07:13 2012
--- Log closed Wed Aug 29 14:12:18 2012
--- Log opened Wed Aug 29 14:14:52 2012
--- Log closed Wed Aug 29 14:20:18 2012
--- Log opened Wed Aug 29 15:07:26 2012
--- Log closed Wed Aug 29 15:13:18 2012
--- Log opened Fri Aug 31 01:19:13 2012
--- Log closed Fri Aug 31 01:24:18 2012
--- Log opened Fri Aug 31 15:05:51 2012
--- Log closed Fri Aug 31 15:11:18 2012
--- Log opened Fri Aug 31 15:30:03 2012
--- Log closed Fri Aug 31 15:35:18 2012
--- Log opened Sat Sep 01 10:27:40 2012
--- Log closed Sat Sep 01 10:33:18 2012
--- Log opened Sat Sep 01 14:51:50 2012
14:51 !lithium.irondust.net *** Oper privilege set is staffer2
14:51 !lithium.irondust.net *** Oper privs are oper:operwall oper:local_kill oper:kill oper:local_kill oper:helpop oper:staffer oper:remoteban oper:massnotice oper:resv oper:xline oper:unkline oper:kline oper:global_kill
--- Log closed Sat Sep 01 14:57:18 2012
--- Log opened Sat Sep 01 20:27:33 2012
--- Log closed Sat Sep 01 20:33:18 2012
--- Log opened Sat Sep 01 21:53:05 2012
--- Log closed Sat Sep 01 21:58:18 2012
--- Log opened Sat Sep 01 22:00:29 2012
--- Log closed Sat Sep 01 22:06:18 2012
--- Log opened Sun Sep 02 08:57:20 2012
--- Log closed Sun Sep 02 09:03:18 2012
--- Log opened Sun Sep 02 09:42:38 2012
--- Log closed Sun Sep 02 09:48:18 2012
--- Log opened Sun Sep 02 11:07:07 2012
--- Log closed Sun Sep 02 11:12:18 2012
--- Log opened Sun Sep 02 12:05:21 2012
--- Log closed Sun Sep 02 12:11:18 2012
--- Log opened Sun Sep 02 12:29:26 2012
--- Log closed Sun Sep 02 12:35:18 2012
--- Log opened Sun Sep 02 12:41:44 2012
--- Log closed Sun Sep 02 12:47:18 2012
--- Log opened Sun Sep 02 13:14:50 2012
--- Log closed Sun Sep 02 13:20:18 2012
--- Log opened Sun Sep 02 13:32:13 2012
--- Log closed Sun Sep 02 13:37:18 2012
--- Log opened Sun Sep 02 13:42:04 2012
--- Log closed Sun Sep 02 13:47:18 2012
--- Log opened Sun Sep 02 13:52:43 2012
--- Log closed Sun Sep 02 13:58:18 2012
--- Log opened Sun Sep 02 14:07:38 2012
--- Log closed Sun Sep 02 14:13:18 2012
--- Log opened Sun Sep 02 14:47:33 2012
--- Log closed Sun Sep 02 14:53:18 2012
--- Log opened Sun Sep 02 16:04:55 2012
--- Log closed Sun Sep 02 16:10:18 2012
--- Log opened Sun Sep 02 21:10:50 2012
--- Log closed Sun Sep 02 21:16:18 2012
--- Log opened Sun Sep 02 21:22:57 2012
--- Log closed Sun Sep 02 21:28:18 2012
--- Log opened Sun Sep 02 21:49:21 2012
--- Log closed Sun Sep 02 21:55:18 2012
--- Log opened Sun Sep 02 22:01:13 2012
--- Log closed Sun Sep 02 22:06:18 2012
--- Log opened Sun Sep 02 22:43:55 2012
--- Log closed Sun Sep 02 22:49:18 2012
--- Log opened Sun Sep 02 23:58:45 2012
--- Log closed Mon Sep 03 00:04:18 2012
--- Log opened Mon Sep 03 01:37:12 2012
--- Log closed Mon Sep 03 01:42:18 2012
--- Log opened Mon Sep 03 12:19:51 2012
--- Log closed Mon Sep 03 12:25:18 2012
--- Log opened Mon Sep 03 12:32:11 2012
--- Log closed Mon Sep 03 12:37:18 2012
--- Log opened Mon Sep 03 12:56:33 2012
--- Log closed Mon Sep 03 13:02:18 2012
--- Log opened Mon Sep 03 13:19:49 2012
--- Log closed Mon Sep 03 13:25:18 2012
--- Log opened Mon Sep 03 14:37:51 2012
--- Log closed Mon Sep 03 14:43:18 2012
--- Log opened Mon Sep 03 14:45:34 2012
--- Log closed Mon Sep 03 14:51:18 2012
--- Log opened Mon Sep 03 15:07:41 2012
--- Log closed Mon Sep 03 15:13:18 2012
--- Log opened Mon Sep 03 15:23:39 2012
--- Log closed Mon Sep 03 15:29:18 2012
--- Log opened Mon Sep 03 15:54:01 2012
--- Log closed Mon Sep 03 15:59:18 2012
--- Log opened Mon Sep 03 16:02:06 2012
--- Log closed Mon Sep 03 16:07:18 2012
--- Log opened Mon Sep 03 16:10:21 2012
--- Log closed Mon Sep 03 16:16:18 2012
--- Log opened Mon Sep 03 16:35:00 2012
--- Log closed Mon Sep 03 16:40:18 2012
--- Log opened Mon Sep 03 17:29:49 2012
--- Log closed Mon Sep 03 17:35:18 2012
--- Log opened Mon Sep 03 17:50:27 2012
--- Log closed Mon Sep 03 17:56:18 2012
--- Log opened Mon Sep 03 19:19:58 2012
--- Log closed Mon Sep 03 19:25:18 2012
--- Log opened Mon Sep 03 21:12:14 2012
--- Log closed Mon Sep 03 21:17:18 2012
--- Log opened Mon Sep 03 21:26:51 2012
--- Log closed Mon Sep 03 21:32:18 2012
--- Log opened Mon Sep 03 22:07:21 2012
--- Log closed Mon Sep 03 22:13:18 2012
--- Log opened Mon Sep 03 23:50:57 2012
--- Log closed Mon Sep 03 23:56:18 2012
--- Log opened Tue Sep 04 08:59:01 2012
--- Log closed Tue Sep 04 09:04:18 2012
--- Log opened Tue Sep 04 10:30:30 2012
--- Log closed Tue Sep 04 10:36:18 2012
--- Log opened Tue Sep 04 11:41:28 2012
--- Log closed Tue Sep 04 11:47:18 2012
--- Log opened Tue Sep 04 15:20:13 2012
--- Log closed Tue Sep 04 15:25:18 2012
--- Log opened Tue Sep 04 16:24:57 2012
--- Log closed Tue Sep 04 16:30:18 2012
--- Log opened Tue Sep 04 16:32:48 2012
--- Log closed Tue Sep 04 16:38:18 2012
--- Log opened Tue Sep 04 16:45:05 2012
--- Log closed Tue Sep 04 16:50:18 2012
--- Log opened Fri Sep 07 11:03:54 2012
--- Log closed Fri Sep 07 11:09:18 2012
--- Log opened Fri Sep 07 13:02:13 2012
--- Log closed Fri Sep 07 13:07:18 2012
--- Log opened Wed Sep 19 03:25:44 2012
--- Log closed Wed Sep 19 03:31:19 2012
--- Log opened Fri Nov 09 21:37:06 2012
21:37 !bronze.irondust.net Server Terminating. Received SIGTERM
--- Log closed Fri Nov 09 21:42:41 2012
