--- Log opened Sat Aug 11 08:48:37 2012
--- Log closed Sat Aug 11 08:54:11 2012
--- Log opened Sat Aug 11 09:00:21 2012
--- Log closed Sat Aug 11 09:06:11 2012
--- Log opened Sat Aug 11 09:36:15 2012
--- Log closed Sat Aug 11 09:42:11 2012
--- Log opened Sat Aug 11 12:08:38 2012
--- Log closed Sat Aug 11 12:14:11 2012
--- Log opened Sat Aug 11 13:48:39 2012
--- Log closed Sat Aug 11 13:54:11 2012
--- Log opened Sat Aug 11 19:34:44 2012
--- Log closed Sat Aug 11 19:40:11 2012
--- Log opened Sat Aug 11 22:21:56 2012
--- Log closed Sat Aug 11 22:27:11 2012
--- Log opened Sun Aug 12 04:46:54 2012
--- Log closed Sun Aug 12 04:52:11 2012
--- Log opened Sun Aug 12 05:46:34 2012
--- Log closed Sun Aug 12 05:52:11 2012
--- Log opened Sun Aug 12 07:51:04 2012
--- Log closed Sun Aug 12 07:56:11 2012
--- Log opened Sun Aug 12 11:17:17 2012
--- Log closed Sun Aug 12 11:23:11 2012
--- Log opened Sun Aug 12 12:31:38 2012
--- Log closed Sun Aug 12 12:37:11 2012
--- Log opened Sun Aug 12 17:55:25 2012
--- Log closed Sun Aug 12 18:01:11 2012
--- Log opened Mon Aug 13 05:47:49 2012
--- Log closed Mon Aug 13 05:53:11 2012
--- Log opened Mon Aug 13 06:36:03 2012
--- Log closed Mon Aug 13 06:41:11 2012
--- Log opened Mon Aug 13 09:37:54 2012
--- Log closed Mon Aug 13 09:43:11 2012
--- Log opened Mon Aug 13 09:43:46 2012
--- Log closed Mon Aug 13 09:49:11 2012
--- Log opened Mon Aug 13 10:06:33 2012
--- Log closed Mon Aug 13 10:12:11 2012
--- Log opened Mon Aug 13 14:10:42 2012
--- Log closed Mon Aug 13 14:16:11 2012
--- Log opened Mon Aug 13 17:41:38 2012
--- Log closed Mon Aug 13 17:47:11 2012
--- Log opened Mon Aug 13 18:37:47 2012
--- Log closed Mon Aug 13 18:43:11 2012
--- Log opened Mon Aug 13 19:36:40 2012
--- Log closed Mon Aug 13 19:42:11 2012
--- Log opened Mon Aug 13 21:57:09 2012
--- Log closed Mon Aug 13 22:02:11 2012
--- Log opened Tue Aug 14 05:46:45 2012
--- Log closed Tue Aug 14 05:52:11 2012
--- Log opened Tue Aug 14 08:02:46 2012
--- Log closed Tue Aug 14 08:08:11 2012
--- Log opened Tue Aug 14 13:19:03 2012
--- Log closed Tue Aug 14 13:24:11 2012
--- Log opened Tue Aug 14 14:41:19 2012
--- Log closed Tue Aug 14 14:47:11 2012
--- Log opened Tue Aug 14 14:50:58 2012
--- Log closed Tue Aug 14 14:56:11 2012
--- Log opened Tue Aug 14 15:03:47 2012
--- Log closed Tue Aug 14 15:09:11 2012
--- Log opened Tue Aug 14 19:15:15 2012
--- Log closed Tue Aug 14 19:21:11 2012
--- Log opened Tue Aug 14 22:24:23 2012
--- Log closed Tue Aug 14 22:30:11 2012
--- Log opened Tue Aug 14 23:05:09 2012
--- Log closed Tue Aug 14 23:10:11 2012
--- Log opened Tue Aug 14 23:25:47 2012
--- Log closed Tue Aug 14 23:31:11 2012
--- Log opened Tue Aug 14 23:33:34 2012
--- Log closed Tue Aug 14 23:39:11 2012
--- Log opened Tue Aug 14 23:58:40 2012
--- Log closed Wed Aug 15 00:04:11 2012
--- Log opened Wed Aug 15 00:04:52 2012
--- Log closed Wed Aug 15 00:10:11 2012
--- Log opened Wed Aug 15 00:11:19 2012
--- Log closed Wed Aug 15 00:17:11 2012
--- Log opened Wed Aug 15 00:18:43 2012
--- Log closed Wed Aug 15 00:24:11 2012
--- Log opened Wed Aug 15 00:58:59 2012
--- Log closed Wed Aug 15 01:04:11 2012
--- Log opened Wed Aug 15 01:57:51 2012
--- Log closed Wed Aug 15 02:03:11 2012
--- Log opened Wed Aug 15 05:47:34 2012
--- Log closed Wed Aug 15 05:53:11 2012
--- Log opened Wed Aug 15 15:12:13 2012
--- Log closed Wed Aug 15 15:18:11 2012
--- Log opened Wed Aug 15 17:35:18 2012
--- Log closed Wed Aug 15 17:41:11 2012
--- Log opened Wed Aug 15 17:46:59 2012
--- Log closed Wed Aug 15 17:52:11 2012
--- Log opened Wed Aug 15 22:39:42 2012
--- Log closed Wed Aug 15 22:45:11 2012
--- Log opened Wed Aug 15 23:55:02 2012
--- Log closed Thu Aug 16 00:00:11 2012
--- Log opened Thu Aug 16 01:05:57 2012
--- Log closed Thu Aug 16 01:11:11 2012
--- Log opened Thu Aug 16 02:01:45 2012
--- Log closed Thu Aug 16 02:07:11 2012
--- Log opened Thu Aug 16 02:12:22 2012
--- Log closed Thu Aug 16 02:18:11 2012
--- Log opened Thu Aug 16 02:23:58 2012
--- Log closed Thu Aug 16 02:29:11 2012
--- Log opened Thu Aug 16 02:29:19 2012
--- Log closed Thu Aug 16 02:35:11 2012
--- Log opened Thu Aug 16 02:35:56 2012
--- Log closed Thu Aug 16 02:41:11 2012
--- Log opened Thu Aug 16 02:42:35 2012
--- Log closed Thu Aug 16 02:48:11 2012
--- Log opened Thu Aug 16 04:32:49 2012
--- Log closed Thu Aug 16 04:38:11 2012
--- Log opened Thu Aug 16 05:47:42 2012
--- Log closed Thu Aug 16 05:53:11 2012
--- Log opened Thu Aug 16 07:52:27 2012
--- Log closed Thu Aug 16 07:58:11 2012
--- Log opened Thu Aug 16 07:59:05 2012
--- Log closed Thu Aug 16 08:04:11 2012
--- Log opened Thu Aug 16 09:58:21 2012
--- Log closed Thu Aug 16 10:04:11 2012
--- Log opened Thu Aug 16 13:33:18 2012
--- Log closed Thu Aug 16 13:39:11 2012
--- Log opened Thu Aug 16 20:21:53 2012
--- Log closed Thu Aug 16 20:27:11 2012
--- Log opened Fri Aug 17 05:47:38 2012
--- Log closed Fri Aug 17 05:53:11 2012
--- Log opened Fri Aug 17 07:17:50 2012
--- Log closed Fri Aug 17 07:23:11 2012
--- Log opened Fri Aug 17 07:43:35 2012
--- Log closed Fri Aug 17 07:49:11 2012
--- Log opened Fri Aug 17 10:41:26 2012
--- Log closed Fri Aug 17 10:47:11 2012
--- Log opened Fri Aug 17 10:50:00 2012
--- Log closed Fri Aug 17 10:55:11 2012
--- Log opened Fri Aug 17 14:26:50 2012
--- Log closed Fri Aug 17 14:32:11 2012
--- Log opened Fri Aug 17 15:54:40 2012
--- Log closed Fri Aug 17 16:00:11 2012
--- Log opened Fri Aug 17 16:16:27 2012
--- Log closed Fri Aug 17 16:22:11 2012
--- Log opened Fri Aug 17 16:26:12 2012
--- Log closed Fri Aug 17 16:32:11 2012
--- Log opened Fri Aug 17 17:26:50 2012
--- Log closed Fri Aug 17 17:32:11 2012
--- Log opened Fri Aug 17 18:06:23 2012
--- Log closed Fri Aug 17 18:12:11 2012
--- Log opened Fri Aug 17 18:33:41 2012
--- Log closed Fri Aug 17 18:39:11 2012
--- Log opened Sat Aug 18 00:55:34 2012
--- Log closed Sat Aug 18 01:01:11 2012
--- Log opened Sat Aug 18 01:20:10 2012
--- Log closed Sat Aug 18 01:25:11 2012
--- Log opened Sat Aug 18 02:05:41 2012
--- Log closed Sat Aug 18 02:11:11 2012
--- Log opened Sat Aug 18 02:36:03 2012
--- Log closed Sat Aug 18 02:41:11 2012
--- Log opened Sat Aug 18 05:47:20 2012
--- Log closed Sat Aug 18 05:53:11 2012
--- Log opened Sat Aug 18 10:03:16 2012
--- Log closed Sat Aug 18 10:09:11 2012
--- Log opened Sat Aug 18 10:39:24 2012
--- Log closed Sat Aug 18 10:45:11 2012
--- Log opened Sat Aug 18 11:54:36 2012
--- Log closed Sat Aug 18 12:00:11 2012
--- Log opened Sat Aug 18 14:02:23 2012
--- Log closed Sat Aug 18 14:08:11 2012
--- Log opened Sat Aug 18 14:14:33 2012
--- Log closed Sat Aug 18 14:20:11 2012
--- Log opened Sat Aug 18 14:34:17 2012
--- Log closed Sat Aug 18 14:40:11 2012
--- Log opened Sat Aug 18 14:49:14 2012
--- Log closed Sat Aug 18 14:55:11 2012
--- Log opened Sat Aug 18 15:54:11 2012
--- Log closed Sat Aug 18 15:59:11 2012
--- Log opened Sat Aug 18 17:46:46 2012
--- Log closed Sat Aug 18 17:52:11 2012
