--- Log opened Tue Jul 17 09:26:53 2012
09:26 -ChanServ(ChanServ@services.)- [#help] Welcome to IronDust's help channel.  Feel free to idle and help out.
--- Log closed Tue Jul 17 09:32:45 2012
--- Log opened Sun Jul 29 16:26:31 2012
16:26 -ChanServ(ChanServ@services.)- [#staff] Conversations held in this channel are strictly confidential (common sense applies)
--- Log closed Sun Jul 29 16:32:08 2012
--- Log opened Sun Jul 29 17:09:58 2012
17:09 -ChanServ(ChanServ@services.)- [#staff] Conversations held in this channel are strictly confidential (common sense applies)
17:10 -ChanServ(ChanServ@services.)- [#help] Welcome to IronDust's help channel.  Feel free to idle and help out.
--- Log closed Sun Jul 29 17:15:08 2012
--- Log opened Sat Aug 18 18:30:05 2012
18:30 -ChanServ(ChanServ@services.)- [#staff] Conversations held in this channel are strictly confidential (common sense applies)
--- Log closed Sat Aug 18 18:35:11 2012
--- Log opened Sun Aug 19 10:23:35 2012
10:23 -ChanServ(ChanServ@services.)- [#terraria] Welcome! | Don't have terraria yet? Purchase it at http://store.steampowered.com/app/105600 | Terraria development is currently on indefinite hold, please see http://www.terrariaonline.com/threads/my-fellow-terrarians.81455/ for details
--- Log closed Sun Aug 19 10:29:11 2012
--- Log opened Fri Aug 31 01:19:13 2012
01:19 -ChanServ(ChanServ@services.)- [#terraria] Welcome! | Don't have terraria yet? Purchase it at http://store.steampowered.com/app/105600 | Terraria development is currently on indefinite hold, please see http://www.terrariaonline.com/threads/my-fellow-terrarians.81455/ for details
--- Log closed Fri Aug 31 01:24:18 2012
--- Log opened Fri Aug 31 15:05:51 2012
15:05 -ChanServ(ChanServ@services.)- [#terraria] Welcome! | Don't have terraria yet? Purchase it at http://store.steampowered.com/app/105600 | Terraria development is currently on indefinite hold, please see http://www.terrariaonline.com/threads/my-fellow-terrarians.81455/ for details
--- Log closed Fri Aug 31 15:11:18 2012
--- Log opened Fri Aug 31 15:30:04 2012
15:30 -ChanServ(ChanServ@services.)- [#terraria] Welcome! | Don't have terraria yet? Purchase it at http://store.steampowered.com/app/105600 | Terraria development is currently on indefinite hold, please see http://www.terrariaonline.com/threads/my-fellow-terrarians.81455/ for details
--- Log closed Fri Aug 31 15:35:18 2012
--- Log opened Sat Sep 01 10:27:58 2012
10:27 -ChanServ(ChanServ@services.)- [#terraria] Welcome! | Don't have terraria yet? Purchase it at http://store.steampowered.com/app/105600 | Terraria development is currently on indefinite hold, please see http://www.terrariaonline.com/threads/my-fellow-terrarians.81455/ for details
--- Log closed Sat Sep 01 10:33:18 2012
--- Log opened Tue Sep 04 16:33:49 2012
16:33 -ChanServ(ChanServ@ChanServ.Services.IronDust.net)- [#terraria] Welcome! | Don't have terraria yet? Purchase it at http://store.steampowered.com/app/105600 | Terraria development is currently on indefinite hold, please see http://www.terrariaonline.com/threads/my-fellow-terrarians.81455/ for details
--- Log closed Tue Sep 04 16:39:18 2012
--- Log opened Tue Sep 04 16:45:05 2012
16:45 -ChanServ(ChanServ@ChanServ.Services.IronDust.net)- [#terraria] Welcome! | Don't have terraria yet? Purchase it at http://store.steampowered.com/app/105600 | Terraria development is currently on indefinite hold, please see http://www.terrariaonline.com/threads/my-fellow-terrarians.81455/ for details
--- Log closed Tue Sep 04 16:50:18 2012
--- Log opened Fri Sep 07 13:02:18 2012
13:02 -ChanServ(ChanServ@ChanServ.Services.IronDust.net)- [#terraria] Welcome! | Don't have terraria yet? Purchase it at http://store.steampowered.com/app/105600 | Terraria development is currently on indefinite hold, please see http://www.terrariaonline.com/threads/my-fellow-terrarians.81455/ for details
--- Log closed Fri Sep 07 13:07:18 2012
--- Log opened Wed Sep 19 03:25:44 2012
03:25 -ChanServ(ChanServ@ChanServ.Services.IronDust.net)- [#terraria] Welcome! | Don't have terraria yet? Purchase it at http://store.steampowered.com/app/105600 | Terraria development is currently on indefinite hold, please see http://www.terrariaonline.com/threads/my-fellow-terrarians.81455/ for details
--- Log closed Wed Sep 19 03:31:19 2012
