--- Log opened Tue Oct 30 16:35:00 2012
16:35 -!- bikcmp is now known as Jason
--- Log closed Tue Oct 30 16:40:39 2012
--- Log opened Sat Nov 03 20:40:16 2012
20:40 -!- Jason [~jason@staff/bikcmp] has quit [Remote host closed the connection]
--- Log closed Sat Nov 03 20:45:40 2012
--- Log opened Sat Nov 03 20:59:53 2012
20:59 -!- Guest34292 is now known as Jason
21:00 -!- Jason [~jason@staff/bikcmp] has quit [Client Quit]
21:00 -!- Jason [~jason@staff/bikcmp] has quit [Client Quit]
--- Log closed Sat Nov 03 21:05:40 2012
--- Log opened Sun Nov 11 14:31:25 2012
14:31 -!- bikcmp is now known as Jason
--- Log closed Sun Nov 11 14:36:42 2012
--- Log opened Wed Nov 14 15:05:03 2012
15:05 -!- Jason [jason@user/bikcmp] has quit [Quit: Reconnecting]
--- Log closed Wed Nov 14 15:10:42 2012
--- Log opened Thu Nov 15 00:52:29 2012
00:52 -!- Jason [jason@user/bikcmp] has quit [Ping timeout: 246 seconds]
--- Log closed Thu Nov 15 00:57:42 2012
--- Log opened Thu Nov 15 17:17:44 2012
17:17 -!- bikcmp is now known as Jason
--- Log closed Thu Nov 15 17:23:42 2012
--- Log opened Sat Nov 24 17:50:32 2012
17:50 -!- Jason [jason@user/bikcmp] has quit [Remote host closed the connection]
--- Log closed Sat Nov 24 17:55:43 2012
--- Log opened Sun Nov 25 08:21:18 2012
08:21 -!- Jason [jason@user/bikcmp] has quit [Ping timeout: 248 seconds]
--- Log closed Sun Nov 25 08:26:43 2012
--- Log opened Sun Nov 25 14:09:25 2012
14:09 -!- Guest23674 is now known as Jason
14:09 -!- Jason [jason@6718negz65l.connectgate.net] has quit [Changing host]
--- Log closed Sun Nov 25 14:14:43 2012
