--- Log opened Thu May 10 18:45:01 2012
18:45 -!- ` [dissimulo@netadmin.deafgeeksirc.com] has joined #idlerpg
18:45 -!- Irssi: #idlerpg: Total of 1 nicks [1 ops, 0 halfops, 0 voices, 0 normal]
18:45 -!- Irssi: Join to #idlerpg was synced in 0 secs
18:48 -!- Idler [Idler@dongs-177F552B] has joined #idlerpg
18:48 < Idler> 0 users qualified for auto login.
18:49 < Idler> dissimulo, the level 62 BOFH, is now online from nickname `. Next level in 1 day, 04:23:42.
18:50 -!- `|i7 [dissimulo@netadmin.deafgeeksirc.com] has joined #idlerpg
18:51 < Idler> dissimulo, the level 62 BOFH, is now online from nickname `|i7. Next level in 1 day, 23:06:30.
18:51 -!- mode/#idlerpg [-o `] by `
18:53 -!- ` changed the topic of #idlerpg to: To register, /msg Idler REGISTER <char> <password> <class> | To login, /msg Idler LOGIN <char> <pass> | To change alignment, /msg Idler ALIGN <good|neutral|evil> | For more info, /msg Idler INFO
18:54 -!- ` changed the topic of #idlerpg to: To register, /msg Idler REGISTER <char> <pass> <class> | To login, /msg Idler LOGIN <char> <pass> | To change alignment, /msg Idler ALIGN <good|neutral|evil> | For more info, /msg Idler INFO
18:55 -!- ` changed the topic of #idlerpg to: To register, /msg Idler REGISTER <char> <pass> <class> | To login, /msg Idler LOGIN <char> <pass> | To change alignment, /msg Idler ALIGN <good|neutral|evil> | For more info, /msg Idler INFO
18:55 -!- ` changed the topic of #idlerpg to: To register, /msg Idler REGISTER <char> <pass> <class> | To login, /msg Idler LOGIN <char> <pass> | To change alignment, /msg Idler ALIGN <good|neutral|evil> | For more info, /msg Idler INFO
18:55 -!- ` changed the topic of #idlerpg to: To register, /msg Idler REGISTER <char> <pass> <class> | To login, /msg Idler LOGIN <char> <pass> | To change alignment, /msg Idler ALIGN <good|neutral|evil> | For more info, /msg Idler INFO
18:56 -!- ` changed the topic of #idlerpg to: To register, /msg Idler REGISTER <char> <pass> <class> | To login, /msg Idler LOGIN <char> <pass> | To change alignment, /msg Idler ALIGN <good|neutral|evil> | For more info, /msg Idler INFO
18:57 -!- ` changed the topic of #idlerpg to: WELCOME TO #IdleRPG! The only rule is not to play! | To register, /msg Idler REGISTER <char> <pass> <class> | To login, /msg Idler LOGIN <char> <pass> | To change alignment, /msg Idler ALIGN <good|neutral|evil> | For more info, /msg Idler INFO
18:58 -!- ` changed the topic of #idlerpg to: WELCOME TO #IdleRPG! The only rule is not to play! | To register, /msg Idler REGISTER <char> <pass> <class> | To login, /msg Idler LOGIN <char> <pass> | To change alignment, /msg Idler ALIGN <good|neutral|evil> | For more info, /msg Idler INFO
18:58 -!- ` changed the topic of #idlerpg to: WELCOME TO #IdleRPG! The only rule is not to play! | To register, /msg Idler REGISTER <char> <pass> <class> | To login, /msg Idler LOGIN <char> <pass> | To change alignment, /msg Idler ALIGN <good|neutral|evil> | For more info, /msg Idler INFO
18:58 -!- ` changed the topic of #idlerpg to: WELCOME TO #IdleRPG! The only rule is not to play! | To register, /msg Idler REGISTER <char> <pass> <class> | To login, /msg Idler LOGIN <char> <pass> | To change alignment, /msg Idler ALIGN <good|neutral|evil> | For more info, /msg Idler INFO
18:59 -!- ` changed the topic of #idlerpg to: WELCOME TO #IdleRPG! The only rule is not to play! | To register, /msg Idler REGISTER <char> <pass> <class> | To login, /msg Idler LOGIN <char> <pass> | To change alignment, /msg Idler ALIGN <good|neutral|evil> | For more info, /msg Idler INFO
19:00 -!- Irssi: #idlerpg: Total of 3 nicks [0 ops, 0 halfops, 0 voices, 3 normal]
19:00 -!- ` changed the topic of #idlerpg to: WELCOME TO #IdleRPG! The only rule is not to do anything! | To register, /msg Idler REGISTER <char> <pass> <class> | To login, /msg Idler LOGIN <char> <pass> | To change alignment, /msg Idler ALIGN <good|neutral|evil> | For more info, /msg Idler INFO 
19:01 -!- ` changed the topic of #idlerpg to: WELCOME TO #IdleRPG! | To register, /msg Idler REGISTER <char> <pass> <class> | To login, /msg Idler LOGIN <char> <pass> | To change alignment, /msg Idler ALIGN <good|neutral|evil> | For more info, /msg Idler INFO 
19:01 -!- Irssi: #idlerpg: Total of 3 nicks [0 ops, 0 halfops, 0 voices, 3 normal]
21:25 -!- `|i7 [dissimulo@netadmin.deafgeeksirc.com] has quit [Client exited]
--- Log closed Sat May 12 07:02:04 2012
--- Log opened Sat May 12 07:02:05 2012
07:02 -!- ` [dissimulo@AFFA36F9.B6464DE6.7054DD4E.IP] has joined #idlerpg
07:02 -!- Irssi: #idlerpg: Total of 2 nicks [0 ops, 0 halfops, 0 voices, 2 normal]
07:02 -!- Irssi: Join to #idlerpg was synced in 6 secs
--- Log opened Thu May 17 14:38:50 2012
14:38 -!- ` [dissimulo@netadmin.deafgeeksirc.com] has joined #idlerpg
14:38 -!- Irssi: #IdleRPG: Total of 2 nicks [1 ops, 0 halfops, 0 voices, 1 normal]
14:38 -!- Irssi: Join to #IdleRPG was synced in 0 secs
--- Log opened Thu May 17 15:04:20 2012
15:04 -!- ` [dissimulo@netadmin.deafgeeksirc.com] has joined #idlerpg
15:04 -!- Irssi: #idlerpg: Total of 2 nicks [1 ops, 0 halfops, 0 voices, 1 normal]
15:04 -!- Irssi: Join to #idlerpg was synced in 0 secs
15:08 -!- You're now known as `|420
15:08 -!- You're now known as `
--- Day changed Fri May 18 2012
20:35 -!- dn [asdfasdf@C468CBF9.309F347.68404A05.IP] has joined #idlerpg
20:35 < dn> wat
20:35 < dn> rpg
20:35 < dn> play rpg
20:35 < dn> !fucku
20:35 -!- dn [asdfasdf@C468CBF9.309F347.68404A05.IP] has left #idlerpg []
--- Log closed Sun May 20 06:00:40 2012
--- Log opened Sun May 20 06:00:42 2012
06:00 -!- ` [dissimulo@AFFA36F9.B6464DE6.7054DD4E.IP] has joined #idlerpg
06:00 -!- Irssi: #idlerpg: Total of 1 nicks [1 ops, 0 halfops, 0 voices, 0 normal]
06:00 -!- Irssi: Join to #idlerpg was synced in 3 secs
06:02 -!- Idler [Idler@dongs-177F552B] has joined #idlerpg
06:02 < Idler> 0 users qualified for auto login.
--- Day changed Mon May 28 2012
23:31 -!- tonynoname [tonynoname@dongs-CF68BC5A.albyny.east.verizon.net] has joined #idlerpg
23:32 < tonynoname> ohai `
23:32 < tonynoname> shit
23:32 < tonynoname> this is not the place for talking.
23:32 -!- tonynoname [tonynoname@dongs-CF68BC5A.albyny.east.verizon.net] has left #idlerpg []
--- Log closed Tue May 29 14:33:26 2012
--- Log opened Tue May 29 14:33:29 2012
14:33 -!- ` [dissimulo@AFFA36F9.B6464DE6.7054DD4E.IP] has joined #idlerpg
14:33 -!- Irssi: #idlerpg: Total of 2 nicks [0 ops, 0 halfops, 0 voices, 2 normal]
14:33 -!- Irssi: Join to #idlerpg was synced in 7 secs
--- Log closed Wed May 30 00:40:44 2012
--- Log opened Wed May 30 00:40:45 2012
00:40 -!- ` [dissimulo@AFFA36F9.B6464DE6.7054DD4E.IP] has joined #idlerpg
00:40 -!- Irssi: #idlerpg: Total of 1 nicks [1 ops, 0 halfops, 0 voices, 0 normal]
00:40 -!- Irssi: Join to #idlerpg was synced in 10 secs
--- Log closed Wed May 30 00:41:42 2012
--- Log opened Wed Jan 09 20:30:57 2013
20:30 -!- ` [dissimulo@netadmin.deafgeeksirc.com] has joined #idlerpg
20:30 -!- Irssi: #idlerpg: Total of 2 nicks [1 ops, 0 halfops, 0 voices, 1 normal]
20:30 -!- Irssi: Join to #idlerpg was synced in 0 secs
20:31 -!- mode/#idlerpg [+v `] by Idler
20:31 <@Idler> dissimulo, the level 62 BOFH, is now online from nickname `. Next level in 1 day, 20:31:02.
20:33 -!- tidux [tidux@4A96B954.980906CE.B9407173.IP] has joined #idlerpg
--- Day changed Thu Jan 10 2013
06:33 <@Idler> Idle RPG Top Players:
06:33 <@Idler> dissimulo, the level 62 BOFH, is #1! Next level in 1 day, 10:21:42.
06:33 <@Idler> genius, the level 42 Paladin, is #2! Next level in 1 day, 00:11:39.
06:33 <@Idler> DODONGOS, the level 40 LOLMEME, is #3! Next level in 0 days, 21:58:10.
16:35 <@Idler> Idle RPG Top Players:
16:35 <@Idler> dissimulo, the level 62 BOFH, is #1! Next level in 1 day, 00:20:05.
16:35 <@Idler> genius, the level 42 Paladin, is #2! Next level in 1 day, 00:11:39.
16:35 <@Idler> DODONGOS, the level 40 LOLMEME, is #3! Next level in 0 days, 21:58:10.
--- Day changed Fri Jan 11 2013
02:36 <@Idler> Idle RPG Top Players:
02:36 <@Idler> dissimulo, the level 62 BOFH, is #1! Next level in 0 days, 14:18:33.
02:36 <@Idler> genius, the level 42 Paladin, is #2! Next level in 1 day, 00:11:39.
02:36 <@Idler> DODONGOS, the level 40 LOLMEME, is #3! Next level in 0 days, 21:58:10.
12:38 <@Idler> Idle RPG Top Players:
12:38 <@Idler> dissimulo, the level 62 BOFH, is #1! Next level in 0 days, 04:16:59.
12:38 <@Idler> genius, the level 42 Paladin, is #2! Next level in 1 day, 00:11:39.
12:38 <@Idler> DODONGOS, the level 40 LOLMEME, is #3! Next level in 0 days, 21:58:10.
16:55 <@Idler> dissimulo, the BOFH, has attained level 63! Next level in 54 days, 04:22:00.
22:39 <@Idler> Idle RPG Top Players:
22:39 <@Idler> dissimulo, the level 63 BOFH, is #1! Next level in 53 days, 22:37:25.
22:39 <@Idler> genius, the level 42 Paladin, is #2! Next level in 1 day, 00:11:39.
22:39 <@Idler> DODONGOS, the level 40 LOLMEME, is #3! Next level in 0 days, 21:58:10.
--- Day changed Sat Jan 12 2013
08:41 <@Idler> Idle RPG Top Players:
08:41 <@Idler> dissimulo, the level 63 BOFH, is #1! Next level in 53 days, 12:35:47.
08:41 <@Idler> genius, the level 42 Paladin, is #2! Next level in 1 day, 00:11:39.
08:41 <@Idler> DODONGOS, the level 40 LOLMEME, is #3! Next level in 0 days, 21:58:10.
09:11 -!- tidux [tidux@4A96B954.980906CE.B9407173.IP] has left #idlerpg []
18:42 <@Idler> Idle RPG Top Players:
18:42 <@Idler> dissimulo, the level 63 BOFH, is #1! Next level in 53 days, 02:34:17.
18:42 <@Idler> genius, the level 42 Paladin, is #2! Next level in 1 day, 00:11:39.
18:42 <@Idler> DODONGOS, the level 40 LOLMEME, is #3! Next level in 0 days, 21:58:10.
19:46 <@Idler> Verily I say unto thee, the Heavens have burst forth, and the blessed hand of God carried dissimulo 14 days, 20:34:55 toward level 64.
19:46 <@Idler> dissimulo reaches next level in 38 days, 04:55:31.
--- Log closed Sun Jan 13 00:46:21 2013
