--- Log opened Tue Oct 16 21:32:49 2012
21:32 -!- ` [dissimulo@netadmin.deafgeeksirc.com] has joined #Omegaspam
21:32 -!- Irssi: #omegaspam: Total of 2 nicks [1 ops, 0 halfops, 0 voices, 1 normal]
21:32 -!- Irssi: Join to #omegaspam was synced in 0 secs
21:34 -!- tidux [jon@dongs-83EA12FE.hsd1.nh.comcast.net] has joined #Omegaspam
21:34 < tidux> sup tiggerdicks
21:35 -!- ` was kicked from #Omegaspam by Sudos|SX280 [get outta here brah]
--- Log closed Tue Oct 16 21:35:05 2012
--- Log opened Tue Oct 16 21:35:10 2012
21:35 -!- ` [dissimulo@netadmin.deafgeeksirc.com] has joined #Omegaspam
21:35 -!- Irssi: #Omegaspam: Total of 3 nicks [1 ops, 0 halfops, 0 voices, 2 normal]
21:35 -!- Irssi: Join to #Omegaspam was synced in 0 secs
21:35 <@Sudos|SX280> just one iteration plox
21:35 <@Sudos|SX280> one round
21:35 <@Sudos|SX280> *
21:35 -!- ` was kicked from #Omegaspam by Sudos|SX280 [get outta here brah]
--- Log closed Tue Oct 16 21:35:40 2012
--- Log opened Tue Oct 16 21:35:45 2012
21:35 -!- ` [dissimulo@netadmin.deafgeeksirc.com] has joined #Omegaspam
21:35 -!- Irssi: #Omegaspam: Total of 3 nicks [1 ops, 0 halfops, 0 voices, 2 normal]
21:35 -!- Irssi: Join to #Omegaspam was synced in 0 secs
21:35 -!- ` was kicked from #Omegaspam by Sudos|SX280 [get outta here brah]
--- Log closed Tue Oct 16 21:35:46 2012
--- Log opened Tue Oct 16 21:35:51 2012
21:35 -!- ` [dissimulo@netadmin.deafgeeksirc.com] has joined #Omegaspam
21:35 -!- Irssi: #Omegaspam: Total of 3 nicks [1 ops, 0 halfops, 0 voices, 2 normal]
21:35 -!- Irssi: Join to #Omegaspam was synced in 0 secs
21:35 -!- ` was kicked from #Omegaspam by Sudos|SX280 [get outta here brah]
--- Log closed Tue Oct 16 21:35:52 2012
--- Log opened Tue Oct 16 21:35:57 2012
21:35 -!- ` [dissimulo@netadmin.deafgeeksirc.com] has joined #Omegaspam
21:35 -!- Irssi: #Omegaspam: Total of 3 nicks [1 ops, 0 halfops, 0 voices, 2 normal]
21:35 -!- Irssi: Join to #Omegaspam was synced in 0 secs
21:36 -!- mode/#Omegaspam [+b *!*dissimulo@*.deafgeeksirc.com] by Sudos|SX280
21:36 -!- ` was kicked from #Omegaspam by Sudos|SX280 [get outta here brah]
--- Log closed Tue Oct 16 21:36:01 2012
