--- Log opened Thu Jun 14 15:48:34 2012
15:48 -!- ` [dissimulo@netadmin.deafgeeksirc.com] has joined #RiversideJS
15:48 -!- Irssi: #RiversideJS: Total of 1 nicks [1 ops, 0 halfops, 0 voices, 0 normal]
15:48 -!- Irssi: Join to #RiversideJS was synced in 0 secs
16:49 -!- ppppp [47a5897a@AFFA36F9.B6464DE6.7054DD4E.IP] has joined #RiversideJS
16:49 < ppppp> oomg
16:49 <@`> :P
16:51 -!- caption [caption@dongs-46AA6BA9.dhcp.rvsd.ca.charter.com] has joined #RiversideJS
16:51 -!- scott_ [63826ae6@AFFA36F9.B6464DE6.7054DD4E.IP] has joined #RiversideJS
16:51 < ppppp> like lwals
16:51 < caption> :)
16:51 < scott_> testing
16:51 < ppppp> error test failed
16:51 <@`> lols
16:51 < ppppp> hahah
16:51 < scott_> have you seen the online service that makes irc look way better
16:51 -!- mode/#RiversideJS [+oo ppppp scott_] by `
16:52 <@scott_> let me see if i can dig it up
16:52 <@`> alrighty, lets see
16:53 <@ppppp> hubot y u no come play
16:53 < caption> :( why me no @
16:54 <@`> lols
16:54 <@`> forgot.
16:54 -!- mode/#RiversideJS [+o caption] by `
16:54 <@caption> i know where u live
16:55 <@caption> :D
17:00 <@scott_> where i live?
17:00 <@caption> no, ` 
17:01 -!- scott_ [63826ae6@AFFA36F9.B6464DE6.7054DD4E.IP] has quit [FFFFFFFFFff-- Page closed]
17:15 -!- caption [caption@dongs-46AA6BA9.dhcp.rvsd.ca.charter.com] has left #RiversideJS [WeeChat 0.3.8]
18:35 -!- ppppp [47a5897a@AFFA36F9.B6464DE6.7054DD4E.IP] has left #RiversideJS []
--- Log closed Tue Jun 19 20:13:14 2012
--- Log opened Tue Jun 19 20:13:45 2012
20:13 -!- ` [dissimulo@AFFA36F9.B6464DE6.7054DD4E.IP] has joined #RiversideJS
20:13 -!- Irssi: #RiversideJS: Total of 1 nicks [1 ops, 0 halfops, 0 voices, 0 normal]
20:13 -!- Irssi: Join to #RiversideJS was synced in 20 secs
--- Log closed Tue Jun 19 20:58:30 2012
--- Log opened Tue Jun 19 20:59:01 2012
20:59 -!- ` [dissimulo@AFFA36F9.B6464DE6.7054DD4E.IP] has joined #RiversideJS
20:59 -!- Irssi: #RiversideJS: Total of 1 nicks [1 ops, 0 halfops, 0 voices, 0 normal]
--- Log closed Tue Jun 19 20:59:01 2012
