--- Log opened Tue Jul 03 18:22:08 2012
18:22 !irc.deafgeeksirc.com *** You are connected to irc.deafgeeksirc.com with TLSv1-AES256-SHA-256bits
--- Log closed Tue Jul 03 18:23:01 2012
--- Log opened Wed Jul 04 00:18:03 2012
00:18 !irc.deafgeeksirc.com *** You are connected to irc.deafgeeksirc.com with TLSv1-AES256-SHA-256bits
--- Log closed Wed Jul 04 00:18:20 2012
--- Log opened Wed Jul 04 01:34:46 2012
01:34 !irc.deafgeeksirc.com *** You are connected to irc.deafgeeksirc.com with TLSv1-AES256-SHA-256bits
--- Log opened Fri Jul 06 13:22:06 2012
13:22 !irc.deafgeeksirc.com *** You are connected to irc.deafgeeksirc.com with TLSv1-AES256-SHA-256bits
--- Log closed Tue Jul 17 17:34:06 2012
--- Log opened Tue Jul 17 17:34:09 2012
17:34 !irc.deafgeeksirc.com *** You are connected to irc.deafgeeksirc.com with TLSv1-AES256-SHA-256bits
--- Log opened Fri Aug 03 18:08:00 2012
18:08 !irc.deafgeeksirc.com *** You are connected to irc.deafgeeksirc.com with TLSv1-AES256-SHA-256bits
--- Log closed Fri Aug 03 18:08:10 2012
--- Log closed Sun Aug 05 15:08:12 2012
--- Log opened Sun Aug 05 15:08:35 2012
15:08 !irc.deafgeeksirc.com *** You are connected to irc.deafgeeksirc.com with TLSv1-AES256-SHA-256bits
--- Log closed Sun Aug 05 15:10:34 2012
--- Log opened Fri Aug 10 10:33:50 2012
10:33 !irc.deafgeeksirc.com *** You are connected to irc.deafgeeksirc.com with TLSv1-AES256-SHA-256bits
--- Log closed Fri Aug 10 10:39:08 2012
--- Log opened Fri Aug 10 17:24:12 2012
17:24 !irc.deafgeeksirc.com *** You are connected to irc.deafgeeksirc.com with TLSv1-AES256-SHA-256bits
--- Log opened Sun Aug 26 15:01:49 2012
15:01 !irc.deafgeeksirc.com *** You are connected to irc.deafgeeksirc.com with TLSv1-AES256-SHA-256bits
--- Log opened Wed Oct 24 19:31:14 2012
19:31 !irc.deafgeeksirc.com *** You are connected to irc.deafgeeksirc.com with TLSv1-AES256-SHA-256bits
--- Log closed Wed Oct 24 19:37:13 2012
--- Log closed Mon Nov 26 18:52:38 2012
--- Log opened Wed Jan 09 20:42:37 2013
20:42 !irc.deafgeeksirc.com *** You are connected to irc.deafgeeksirc.com with TLSv1-AES256-SHA-256bits
--- Log opened Wed Jan 09 21:43:44 2013
21:43 !irc.deafgeeksirc.com *** You are connected to irc.deafgeeksirc.com with TLSv1-AES256-SHA-256bits
--- Log closed Wed Jan 09 21:47:20 2013
--- Log opened Wed Jan 09 21:47:23 2013
21:47 !irc.deafgeeksirc.com *** You are connected to irc.deafgeeksirc.com with TLSv1-AES256-SHA-256bits
--- Log closed Wed Jan 09 21:49:32 2013
--- Log opened Wed Jan 09 21:53:20 2013
21:53 !irc.deafgeeksirc.com *** You are connected to irc.deafgeeksirc.com with TLSv1-AES256-SHA-256bits
--- Log closed Wed Jan 09 21:55:15 2013
--- Log opened Sat Jan 12 23:46:37 2013
23:46 !irc.deafgeeksirc.com *** You are connected to irc.deafgeeksirc.com with TLSv1-AES256-SHA-256bits
--- Log closed Sat Jan 12 23:55:30 2013
--- Log opened Sun Jan 13 00:23:00 2013
00:23 !irc.deafgeeksirc.com *** You are connected to irc.deafgeeksirc.com with TLSv1-AES256-SHA-256bits
--- Log closed Sun Jan 13 00:26:49 2013
