--- Log opened Sat May 05 15:56:51 2012
15:56 !irc.deafgeeksirc.com *** Notice -- Client connecting at irc.rubbermallet.org: newform8 (biskerbee@68.39.45.36)
16:01 !irc.deafgeeksirc.com *** Notice -- Client exiting at irc.rubbermallet.org: Artem!nspu@212.164.120.190 (Quit: ß èñïîëüçóþ íàñòðîåííûé êëèåíò ñ http://tusa.web74.ru)
--- Log closed Sat May 05 16:06:55 2012
--- Log opened Sat May 05 16:14:10 2012
16:14 !irc.deafgeeksirc.com *** Notice -- Client connecting at irc.rubbermallet.org: scrawl56 (scrawl@data.searchirc.org)
16:14 !irc.deafgeeksirc.com *** Notice -- Client exiting at irc.rubbermallet.org: scrawl56!scrawl@data.searchirc.org (Quit: [SearchIRC] Indexed 5 channels in 11 secs @ May 5th, 2012, 5:13 pm)
16:16 !irc.deafgeeksirc.com *** Notice -- Client exiting: caption_ (caption@66-215-165-96.dhcp.rvsd.ca.charter.com) [Ping timeout]
16:16 !irc.deafgeeksirc.com *** Notice -- Client exiting: caption (caption@66-215-165-96.dhcp.rvsd.ca.charter.com) [Ping timeout]
16:16 !irc.deafgeeksirc.com *** Notice -- Client connecting on port 6667: caption (caption@66-215-165-96.dhcp.rvsd.ca.charter.com) [clients] 
16:16 !irc.deafgeeksirc.com *** Notice -- Client connecting on port 6667: caption_ (caption@66-215-165-96.dhcp.rvsd.ca.charter.com) [clients] 
16:19 !irc.deafgeeksirc.com *** Notice -- Client connecting at irc.rubbermallet.org: revel8n (revel8n@adsl-69-155-139-56.dsl.hstntx.swbell.net)
--- Log closed Sat May 05 16:24:55 2012
--- Log opened Sat May 05 16:33:30 2012
16:33 !irc.deafgeeksirc.com *** Notice -- Client connecting at uamd.lolcano.me: Sudos|i9100 (i9100@ip-64-134-102-69.public.wayport.net)
16:33 !irc.deafgeeksirc.com *** Notice -- Client exiting at irc.rubbermallet.org: muadnem!8h8h@75-136-214-71.dhcp.kgpt.tn.charter.com (Client exited)
16:33 !irc.deafgeeksirc.com *** Notice -- Client exiting at irc.rubbermallet.org: hhh!SomeUser@75-136-214-71.dhcp.kgpt.tn.charter.com (Client exited)
--- Log closed Sat May 05 16:38:55 2012
--- Log opened Sat May 05 16:45:35 2012
16:45 !irc.deafgeeksirc.com *** Notice -- Client connecting at irc.rubbermallet.org: rms (winocm@108.211.108.105)
16:47 !irc.deafgeeksirc.com *** Notice -- Client connecting at irc.rubbermallet.org: scrawl75 (scrawl@data.searchirc.org)
16:47 !irc.deafgeeksirc.com *** Notice -- Client exiting at irc.rubbermallet.org: scrawl75!scrawl@data.searchirc.org (Quit: [SearchIRC] This message brought to you by the power of grayskull.)
--- Log closed Sat May 05 16:52:55 2012
--- Log opened Sat May 05 17:14:07 2012
17:14 !irc.deafgeeksirc.com *** Notice -- Client connecting at irc.rubbermallet.org: scrawl62 (scrawl@data.searchirc.org)
17:14 !irc.deafgeeksirc.com *** Notice -- Client exiting at irc.rubbermallet.org: scrawl62!scrawl@data.searchirc.org (Quit: [SearchIRC] This message brought to you by the power of grayskull.)
17:17 !irc.deafgeeksirc.com *** Notice -- Client connecting at uamd.lolcano.me: ekduo|xeon (Tehanu@bl12-210-8.dsl.telepac.pt)
17:17 !irc.deafgeeksirc.com *** Notice -- Client exiting at irc.rubbermallet.org: newform8!biskerbee@68.39.45.36 (Connection reset by peer)
17:19 !irc.deafgeeksirc.com *** Notice -- Client connecting at irc.rubbermallet.org: muadnem (8h8h@75-136-214-71.dhcp.kgpt.tn.charter.com)
17:20 !irc.deafgeeksirc.com tidux (jon@dongs-6B466DAD.hsd1.nh.comcast.net) [todixu] is now a network administrator (N)
17:20 !irc.deafgeeksirc.com *** Notice -- Received KILL message for sparky4|lappy4!sparky4@dongs-5840ED43.hsd1.la.comcast.net from tidux Path: irc!r-type!dongs-6B466DAD.hsd1.nh.comcast.net!tidux (WWWWWWe're tired of this shit)
17:20 !irc.deafgeeksirc.com *** Notice -- Client exiting at irc.rubbermallet.org: sparky4|lappy4!sparky4@c-75-65-202-200.hsd1.la.comcast.net (Killed (tidux (WWWWWWe're tired of this shit)))
17:21 !irc.deafgeeksirc.com *** Notice -- Client connecting at irc.rubbermallet.org: sparky4|lappy4 (sparky4@c-75-65-202-200.hsd1.la.comcast.net)
17:21 !irc.deafgeeksirc.com *** Notice -- Received KILL message for sparky4|lappy4!sparky4@dongs-5840ED43.hsd1.la.comcast.net from tidux Path: irc!r-type!dongs-6B466DAD.hsd1.nh.comcast.net!tidux (WWWWWWe're tired of this shit)
17:21 !irc.deafgeeksirc.com *** Notice -- Client exiting at irc.rubbermallet.org: sparky4|lappy4!sparky4@c-75-65-202-200.hsd1.la.comcast.net (Killed (tidux (WWWWWWe're tired of this shit)))
17:21 !irc.deafgeeksirc.com *** Notice -- Client connecting at irc.rubbermallet.org: sparky4|lappy4 (sparky4@c-75-65-202-200.hsd1.la.comcast.net)
17:21 !irc.deafgeeksirc.com *** Notice -- Received KILL message for sparky4|lappy4!sparky4@dongs-5840ED43.hsd1.la.comcast.net from tidux Path: irc!r-type!dongs-6B466DAD.hsd1.nh.comcast.net!tidux (WWWWWWe're tired of this shit)
17:21 !irc.deafgeeksirc.com *** Notice -- Client exiting at irc.rubbermallet.org: sparky4|lappy4!sparky4@c-75-65-202-200.hsd1.la.comcast.net (Killed (tidux (WWWWWWe're tired of this shit)))
17:21 !irc.deafgeeksirc.com *** Notice -- Client connecting at irc.rubbermallet.org: sparky4|lappy4 (sparky4@c-75-65-202-200.hsd1.la.comcast.net)
17:22 !irc.deafgeeksirc.com *** Notice -- Client connecting at irc.rubbermallet.org: hhh (SomeUser@75-136-214-71.dhcp.kgpt.tn.charter.com)
17:24 !irc.deafgeeksirc.com Sudos|i9100 (i9100@ip-64-134-102-69.public.wayport.net) [superdos] is now a network administrator (N)
--- Log closed Sat May 05 17:30:55 2012
--- Log opened Sat May 05 17:35:51 2012
17:35 !irc.deafgeeksirc.com *** Notice -- Client exiting at irc.rubbermallet.org: revel8n!revel8n@adsl-69-155-139-56.dsl.hstntx.swbell.net (Quit: ~ Trillian Astra - www.trillian.im ~)
17:40 !irc.deafgeeksirc.com *** Notice -- Received KILL message for Sudos|i9100!i9100@netadmin.haul.in.the.crabs.uamd.lolcano.me from `|420 Path: netadmin.deafgeeksirc.com!`|420 (little piggy supposed to go to the butcher's)
17:40 !irc.deafgeeksirc.com *** Notice -- Client exiting at uamd.lolcano.me: Sudos|i9100!i9100@ip-64-134-102-69.public.wayport.net (Killed (`|420 (little piggy supposed to go to the butcher's)))
17:40 !irc.deafgeeksirc.com *** Notice -- Client connecting at uamd.lolcano.me: Sudos|i9100 (i9100@ip-64-134-102-69.public.wayport.net)
17:40 !irc.deafgeeksirc.com Sudos|i9100 (i9100@ip-64-134-102-69.public.wayport.net) [superdos] is now a network administrator (N)
17:40 !irc.deafgeeksirc.com *** Notice -- Client exiting at irc.rubbermallet.org: sparky4|lappy4!sparky4@c-75-65-202-200.hsd1.la.comcast.net (Ping timeout)
17:41 !irc.deafgeeksirc.com *** Notice -- Client exiting at irc.rubbermallet.org: rms!winocm@108.211.108.105 (Quit: [Textual IRC Client: http://www.textualapp.com/])
--- Log closed Sat May 05 17:46:55 2012
--- Log opened Sat May 05 17:47:09 2012
17:47 !irc.deafgeeksirc.com *** Notice -- Client connecting at irc.rubbermallet.org: scrawl39 (scrawl@data.searchirc.org)
17:47 !irc.deafgeeksirc.com *** Notice -- Client exiting at irc.rubbermallet.org: scrawl39!scrawl@data.searchirc.org (Quit: [SearchIRC] This message brought to you by the power of grayskull.)
17:52 !irc.deafgeeksirc.com *** Notice -- Client exiting at uamd.lolcano.me: Sudos|i9100!i9100@ip-64-134-102-69.public.wayport.net (Quit: bye)
--- Log closed Sat May 05 17:57:55 2012
--- Log opened Sat May 05 18:13:30 2012
18:13 !irc.deafgeeksirc.com *** Notice -- Client connecting at irc.rubbermallet.org: rms (winocm@108.211.108.105)
18:14 !irc.deafgeeksirc.com *** Notice -- Client connecting at irc.rubbermallet.org: scrawl99 (scrawl@data.searchirc.org)
18:14 !irc.deafgeeksirc.com *** Notice -- Client exiting at irc.rubbermallet.org: scrawl99!scrawl@data.searchirc.org (Quit: [SearchIRC] This message brought to you by the power of grayskull.)
--- Log closed Sat May 05 18:19:55 2012
--- Log opened Sat May 05 18:27:52 2012
18:27 !irc.deafgeeksirc.com *** Notice -- Client exiting at irc.rubbermallet.org: guidov!jhg@ip565b80ea.direct-adsl.nl (Client exited)
--- Log closed Sat May 05 18:32:55 2012
--- Log opened Sat May 05 18:39:17 2012
18:39 !irc.deafgeeksirc.com *** Notice -- `|420 (dissimulo@10.178.228.92) has changed his/her nickname to `
--- Log closed Sat May 05 18:44:55 2012
--- Log opened Wed May 09 14:12:07 2012
14:12 !irc.deafgeeksirc.com *** Notice -- Client connecting at irc.rubbermallet.org: scrawl46 (scrawl@data.searchirc.org)
14:12 !irc.deafgeeksirc.com *** Notice -- Client exiting at irc.rubbermallet.org: scrawl46!scrawl@data.searchirc.org (Quit: [SearchIRC] This message brought to you by the power of grayskull.)
14:13 !irc.deafgeeksirc.com *** Notice -- Client connecting on port 6667: caption_ (caption@66-215-165-96.dhcp.rvsd.ca.charter.com) [clients] 
14:13 !irc.deafgeeksirc.com *** Notice -- Client exiting: caption (caption@66-215-165-96.dhcp.rvsd.ca.charter.com) [Ping timeout]
14:14 !irc.deafgeeksirc.com *** Notice -- Client connecting at irc.rubbermallet.org: sparky4|lappy4 (sparky4@c-75-65-202-200.hsd1.la.comcast.net)
--- Log closed Wed May 09 14:19:55 2012
--- Log opened Wed May 09 14:33:31 2012
14:33 !irc.deafgeeksirc.com *** Notice -- Client exiting at irc.rubbermallet.org: Tandy|7540!Tandy_Win8@adsl-71-158-209-144.dsl.wchtks.sbcglobal.net (Quit: )
--- Log closed Wed May 09 14:38:55 2012
--- Log opened Wed May 09 14:45:06 2012
14:45 !irc.deafgeeksirc.com *** Notice -- Client connecting at irc.rubbermallet.org: scrawl47 (scrawl@data.searchirc.org)
14:45 !irc.deafgeeksirc.com *** Notice -- Client exiting at irc.rubbermallet.org: scrawl47!scrawl@data.searchirc.org (Quit: [SearchIRC] This message brought to you by the power of grayskull.)
14:48 !irc.deafgeeksirc.com *** Notice -- Client exiting at irc.rubbermallet.org: sparky4|lappy4!sparky4@c-75-65-202-200.hsd1.la.comcast.net (Quit: ChatZilla 0.9.88.2 [Firefox 12.0/20120420145725])
14:48 !irc.deafgeeksirc.com *** Notice -- Client connecting at irc.rubbermallet.org: sparky4|lappy4 (sparky4@c-75-65-202-200.hsd1.la.comcast.net)
--- Log closed Wed May 09 14:53:55 2012
--- Log opened Wed May 09 14:54:15 2012
14:54 !irc.deafgeeksirc.com *** Notice -- Client exiting at irc.rubbermallet.org: Syntax!Syntax@ool-43569340.dyn.optonline.net (Quit: )
--- Log closed Wed May 09 14:59:55 2012
--- Log opened Wed May 09 15:12:06 2012
15:12 !irc.deafgeeksirc.com *** Notice -- Client connecting at irc.rubbermallet.org: scrawl81 (scrawl@data.searchirc.org)
15:12 !irc.deafgeeksirc.com *** Notice -- Client exiting at irc.rubbermallet.org: scrawl81!scrawl@data.searchirc.org (Quit: [SearchIRC] Indexed 5 channels in 10 secs @ May 9th, 2012, 4:11 pm)
15:14 !irc.deafgeeksirc.com *** Notice -- Client exiting at irc.rubbermallet.org: guido!jhg@ip565b80ea.direct-adsl.nl (Quit: Leaving)
--- Log closed Wed May 09 15:19:55 2012
--- Log opened Wed May 09 15:45:04 2012
15:45 !irc.deafgeeksirc.com *** Notice -- Client connecting at irc.rubbermallet.org: scrawl86 (scrawl@data.searchirc.org)
15:45 !irc.deafgeeksirc.com *** Notice -- Client exiting at irc.rubbermallet.org: scrawl86!scrawl@data.searchirc.org (Quit: [SearchIRC] This message brought to you by the power of grayskull.)
--- Log closed Wed May 09 15:50:55 2012
--- Log opened Wed May 09 15:58:31 2012
15:58 !irc.deafgeeksirc.com *** Notice -- Client connecting at irc.rubbermallet.org: NPE43 (Oh@96.243.59.123)
--- Log closed Wed May 09 16:03:55 2012
--- Log opened Wed May 09 16:12:03 2012
16:12 !irc.deafgeeksirc.com *** Notice -- Client connecting at irc.rubbermallet.org: scrawl89 (scrawl@data.searchirc.org)
16:12 !irc.deafgeeksirc.com *** Notice -- Client exiting at irc.rubbermallet.org: scrawl89!scrawl@data.searchirc.org (Quit: [SearchIRC] This message brought to you by the power of grayskull.)
16:15 !irc.deafgeeksirc.com *** Notice -- Client connecting on port 6667: tonynoname2 (tonynoname@pool-108-44-9-136.albyny.east.verizon.net) [clients] 
16:15 !irc.deafgeeksirc.com *** Notice -- Client exiting: tonynoname (tonynoname@pool-108-44-9-136.albyny.east.verizon.net) [Ping timeout]
16:15 !irc.deafgeeksirc.com *** Notice -- Client connecting on port 6667: tonynoname (tonynoname@pool-108-44-9-136.albyny.east.verizon.net) [clients] 
16:16 !irc.deafgeeksirc.com *** Notice -- Client exiting: tonynoname (tonynoname@pool-108-44-9-136.albyny.east.verizon.net) [FFFFFFFFFff-- tonynoname]
16:17 !irc.deafgeeksirc.com *** Notice -- Client connecting on port 6667: tonynoname (tonynoname@pool-108-44-9-136.albyny.east.verizon.net) [clients] 
--- Log closed Wed May 09 16:22:55 2012
--- Log opened Wed May 09 16:34:27 2012
16:34 !irc.deafgeeksirc.com *** Notice -- Client connecting at uamd.lolcano.me: Sudos|X120e (X120e@ool-addc6fea.static.optonline.net)
16:39 !irc.deafgeeksirc.com *** Notice -- Client connecting at uamd.lolcano.me: ekduo|xeon (Tehanu@bl7-101-197.dsl.telepac.pt)
--- Log closed Wed May 09 16:44:55 2012
--- Log opened Wed May 09 16:45:07 2012
16:45 !irc.deafgeeksirc.com *** Notice -- Client connecting at irc.rubbermallet.org: scrawl94 (scrawl@data.searchirc.org)
16:45 !irc.deafgeeksirc.com *** Notice -- Client exiting at irc.rubbermallet.org: scrawl94!scrawl@data.searchirc.org (Quit: [SearchIRC] This message brought to you by the power of grayskull.)
--- Log closed Wed May 09 16:50:55 2012
--- Log opened Wed May 09 17:02:44 2012
17:02 !irc.deafgeeksirc.com *** Notice -- Client exiting at uamd.lolcano.me: Sudos|X120e!X120e@ool-addc6fea.static.optonline.net (Quit: :3c)
--- Log closed Wed May 09 17:07:55 2012
--- Log opened Wed May 09 17:12:05 2012
17:12 !irc.deafgeeksirc.com *** Notice -- Client connecting at irc.rubbermallet.org: scrawl29 (scrawl@data.searchirc.org)
17:12 !irc.deafgeeksirc.com *** Notice -- Client exiting at irc.rubbermallet.org: scrawl29!scrawl@data.searchirc.org (Quit: [SearchIRC] This message brought to you by the power of grayskull.)
17:13 !irc.deafgeeksirc.com *** Notice -- Client connecting at uamd.lolcano.me: Sudos|X120e (X120e@ool-addc6fea.static.optonline.net)
17:14 !irc.deafgeeksirc.com *** Notice -- Client exiting at uamd.lolcano.me: Sudos|X120e!X120e@ool-addc6fea.static.optonline.net (Quit: so I am)
--- Log closed Wed May 09 17:19:55 2012
--- Log opened Wed May 09 17:45:03 2012
17:45 !irc.deafgeeksirc.com *** Notice -- Client connecting at irc.rubbermallet.org: scrawl14 (scrawl@data.searchirc.org)
17:45 !irc.deafgeeksirc.com *** Notice -- Client exiting at irc.rubbermallet.org: scrawl14!scrawl@data.searchirc.org (Quit: [SearchIRC] This message brought to you by the power of grayskull.)
--- Log closed Wed May 09 17:50:55 2012
--- Log opened Wed May 09 18:12:02 2012
18:12 !irc.deafgeeksirc.com *** Notice -- Client connecting at irc.rubbermallet.org: scrawl18 (scrawl@data.searchirc.org)
18:12 !irc.deafgeeksirc.com *** Notice -- Client exiting at irc.rubbermallet.org: scrawl18!scrawl@data.searchirc.org (Quit: [SearchIRC] This message brought to you by the power of grayskull.)
--- Log closed Wed May 09 18:17:55 2012
--- Log opened Wed May 09 18:34:17 2012
18:34 !irc.deafgeeksirc.com *** Notice -- Client exiting at irc.rubbermallet.org: hhh!SomeUser@75-136-214-71.dhcp.kgpt.tn.charter.com (Client exited)
18:34 !irc.deafgeeksirc.com *** Notice -- Client exiting at irc.rubbermallet.org: muadnem!8h8h@75-136-214-71.dhcp.kgpt.tn.charter.com (Client exited)
--- Log closed Wed May 09 18:39:55 2012
--- Log opened Wed May 09 18:45:04 2012
18:45 !irc.deafgeeksirc.com *** Notice -- Client connecting at irc.rubbermallet.org: scrawl43 (scrawl@data.searchirc.org)
18:45 !irc.deafgeeksirc.com *** Notice -- Client exiting at irc.rubbermallet.org: scrawl43!scrawl@data.searchirc.org (Quit: [SearchIRC] This message brought to you by the power of grayskull.)
--- Log closed Wed May 09 18:50:55 2012
--- Log opened Wed May 09 18:51:25 2012
18:51 !irc.deafgeeksirc.com *** Notice -- Client connecting at irc.rubbermallet.org: muadnem (8h8h@75-136-214-71.dhcp.kgpt.tn.charter.com)
--- Log closed Wed May 09 18:56:55 2012
--- Log opened Wed May 09 19:00:59 2012
19:00 !irc.deafgeeksirc.com *** Notice -- Client exiting at irc.rubbermallet.org: dn!dn@207.225.123.91 (Quit: )
--- Log closed Wed May 09 19:06:55 2012
--- Log opened Wed May 09 19:14:41 2012
19:14 !irc.deafgeeksirc.com *** Notice -- Client connecting at irc.rubbermallet.org: scrawl91 (scrawl@data.searchirc.org)
19:14 !irc.deafgeeksirc.com *** Notice -- Client exiting at irc.rubbermallet.org: scrawl91!scrawl@data.searchirc.org (Quit: [SearchIRC] Indexed 4 channels in 10 secs @ May 9th, 2012, 8:13 pm)
--- Log closed Wed May 09 19:19:55 2012
--- Log opened Wed May 09 19:25:51 2012
19:25 !irc.deafgeeksirc.com *** Notice -- Client connecting at irc.rubbermallet.org: guido (jhg@ip565b80ea.direct-adsl.nl)
--- Log closed Wed May 09 19:30:55 2012
--- Log opened Wed May 09 19:39:54 2012
19:39 !irc.deafgeeksirc.com *** Notice -- Client connecting at irc.rubbermallet.org: dn (dn@207.225.123.91)
19:40 !irc.deafgeeksirc.com *** Notice -- Client connecting at irc.rubbermallet.org: Zver-UA (Zver-UA@178-133-54-176.dialup.umc.net.ua)
19:41 !irc.deafgeeksirc.com *** Notice -- Client exiting at irc.rubbermallet.org: Zver-UA!Zver-UA@178-133-54-176.dialup.umc.net.ua (Quit: When two people dream the same dream, it ceases to be an illusion. KVIrc 3.4.2 Shiny http://www.kvirc.net)
--- Log closed Wed May 09 19:46:55 2012
--- Log opened Wed May 09 19:47:10 2012
19:47 !irc.deafgeeksirc.com *** Notice -- Client connecting at irc.rubbermallet.org: Zver-UA (Zver-UA@178-133-54-176.dialup.umc.net.ua)
19:47 !irc.deafgeeksirc.com *** Notice -- Client connecting at irc.rubbermallet.org: scrawl21 (scrawl@data.searchirc.org)
19:47 !irc.deafgeeksirc.com *** Notice -- Client exiting at irc.rubbermallet.org: scrawl21!scrawl@data.searchirc.org (Quit: [SearchIRC] This message brought to you by the power of grayskull.)
19:50 !irc.deafgeeksirc.com *** Notice -- Client connecting at irc.rubbermallet.org: azurite (azurite@108-193-192-179.lightspeed.wchtks.sbcglobal.net)
19:51 !irc.deafgeeksirc.com *** Notice -- Client exiting at irc.rubbermallet.org: Zver-UA!Zver-UA@178-133-54-176.dialup.umc.net.ua (Quit: When two people dream the same dream, it ceases to be an illusion. KVIrc 3.4.2 Shiny http://www.kvirc.net)
--- Log closed Wed May 09 19:56:55 2012
--- Log opened Wed May 09 20:01:07 2012
20:01 !irc.deafgeeksirc.com *** Notice -- Client exiting: tonynoname (tonynoname@pool-108-44-9-136.albyny.east.verizon.net) [FFFFFFFFFff-- tonynoname]
20:04 !irc.deafgeeksirc.com *** Notice -- Client exiting: tonynoname2 (tonynoname@pool-108-44-9-136.albyny.east.verizon.net) [FFFFFFFFFff-- tonynoname2]
20:04 !irc.deafgeeksirc.com *** Notice -- Client connecting on port 6667: tonynoname (tonynoname@pool-108-44-9-136.albyny.east.verizon.net) [clients] 
--- Log closed Wed May 09 20:09:55 2012
--- Log opened Wed May 09 20:14:41 2012
20:14 !irc.deafgeeksirc.com *** Notice -- Client connecting at irc.rubbermallet.org: scrawl78 (scrawl@data.searchirc.org)
20:14 !irc.deafgeeksirc.com *** Notice -- Client exiting at irc.rubbermallet.org: scrawl78!scrawl@data.searchirc.org (Quit: [SearchIRC] This message brought to you by the power of grayskull.)
--- Log closed Wed May 09 20:19:55 2012
--- Log opened Wed May 09 20:20:11 2012
20:20 !irc.deafgeeksirc.com *** Notice -- Client exiting at irc.rubbermallet.org: Tandy|Ubuntu!azurite@108-193-192-179.lightspeed.wchtks.sbcglobal.net (Quit: Lost terminal)
20:20 !irc.deafgeeksirc.com *** Notice -- Client connecting at irc.rubbermallet.org: knifethrower_ (knifethrow@74.215.239.69)
20:20 !irc.deafgeeksirc.com *** Notice -- Client connecting at irc.rubbermallet.org: Tandy|Ubuntu (Tandyman10@108-193-192-179.lightspeed.wchtks.sbcglobal.net)
20:20 !irc.deafgeeksirc.com *** Notice -- Client exiting at irc.rubbermallet.org: knifethrower!knifethrow@74.215.239.69 (No route to host)
20:23 !irc.deafgeeksirc.com *** Notice -- Client exiting at irc.rubbermallet.org: knifethrower_!knifethrow@74.215.239.69 (No route to host)
20:24 !irc.deafgeeksirc.com *** Notice -- Client connecting at irc.rubbermallet.org: knifethrower (knifethrow@74.215.239.69)
20:26 !irc.deafgeeksirc.com *** Notice -- Client exiting at irc.rubbermallet.org: knifethrower!knifethrow@74.215.239.69 (Quit: ZNC - http://znc.sourceforge.net)
--- Log closed Wed May 09 20:31:55 2012
--- Log opened Wed May 09 20:33:03 2012
20:33 !irc.deafgeeksirc.com *** Notice -- Client exiting at irc.rubbermallet.org: guido!jhg@ip565b80ea.direct-adsl.nl (Quit: Leaving)
20:35 !irc.deafgeeksirc.com *** Notice -- Client connecting at irc.rubbermallet.org: knifethrower (knifethrow@74.215.239.69)
--- Log closed Wed May 09 20:40:55 2012
--- Log opened Wed May 09 20:43:54 2012
20:43 !irc.deafgeeksirc.com *** Notice -- Client connecting at uamd.lolcano.me: ekduo|su1pend (Tehanu@bl7-60-234.dsl.telepac.pt)
20:46 !irc.deafgeeksirc.com *** Notice -- Client exiting at uamd.lolcano.me: ekduo|suspend!Tehanu@bl7-101-197.dsl.telepac.pt (Ping timeout)
20:47 !irc.deafgeeksirc.com *** Notice -- Client connecting at irc.rubbermallet.org: scrawl48 (scrawl@data.searchirc.org)
20:47 !irc.deafgeeksirc.com *** Notice -- Client exiting at irc.rubbermallet.org: scrawl48!scrawl@data.searchirc.org (Quit: [SearchIRC] This message brought to you by the power of grayskull.)
20:50 !irc.deafgeeksirc.com *** Notice -- Client exiting at uamd.lolcano.me: Sudos|AthXP!AthXP@WNR2000 (Quit: shuttan down and replacing hte CPU fan with a better one.)
--- Log closed Wed May 09 20:55:55 2012
--- Log opened Wed May 09 21:10:21 2012
21:10 !irc.deafgeeksirc.com *** Notice -- Client exiting at irc.rubbermallet.org: Tandy|Ubuntu!Tandyman10@108-193-192-179.lightspeed.wchtks.sbcglobal.net (Quit: Lost terminal)
21:14 !irc.deafgeeksirc.com *** Notice -- Client connecting at irc.rubbermallet.org: scrawl65 (scrawl@data.searchirc.org)
21:14 !irc.deafgeeksirc.com *** Notice -- Client exiting at irc.rubbermallet.org: scrawl65!scrawl@data.searchirc.org (Quit: [SearchIRC] This message brought to you by the power of grayskull.)
21:15 !irc.deafgeeksirc.com *** Notice -- Client exiting at irc.rubbermallet.org: NPE43!Oh@96.243.59.123 (Quit: Leaving)
21:20 !irc.deafgeeksirc.com *** Notice -- Client connecting at irc.rubbermallet.org: Flea86 (Flea86@c114-76-82-206.thoms3.vic.optusnet.com.au)
--- Log closed Wed May 09 21:25:55 2012
--- Log opened Wed May 09 21:26:44 2012
21:26 !irc.deafgeeksirc.com *** Notice -- Client connecting at uamd.lolcano.me: Sudos|AthXP (AthXP@WNR2000)
--- Log closed Wed May 09 21:31:55 2012
--- Log opened Wed May 09 21:36:00 2012
21:36 !irc.deafgeeksirc.com *** Notice -- Client connecting at uamd.lolcano.me: ekduo|suspend (Tehanu@bl7-60-234.dsl.telepac.pt)
21:38 !irc.deafgeeksirc.com *** Notice -- Client exiting at uamd.lolcano.me: ekduo|su1pend!Tehanu@bl7-60-234.dsl.telepac.pt (Ping timeout)
--- Log closed Wed May 09 21:43:55 2012
--- Log opened Wed May 09 21:46:04 2012
21:46 !irc.deafgeeksirc.com *** Notice -- Client connecting at irc.rubbermallet.org: Tandy|Win8 (Tandy_Win8@108-193-192-179.lightspeed.wchtks.sbcglobal.net)
21:47 !irc.deafgeeksirc.com *** Notice -- Client connecting at irc.rubbermallet.org: scrawl89 (scrawl@data.searchirc.org)
21:47 !irc.deafgeeksirc.com *** Notice -- Client connecting at irc.rubbermallet.org: Nikodim (nspu@grom.arqa.ru)
21:47 !irc.deafgeeksirc.com *** Notice -- Client exiting at irc.rubbermallet.org: scrawl89!scrawl@data.searchirc.org (Quit: [SearchIRC] This message brought to you by the power of grayskull.)
--- Log closed Wed May 09 21:52:55 2012
--- Log opened Wed May 09 21:59:52 2012
21:59 !irc.deafgeeksirc.com *** Notice -- Client exiting at irc.rubbermallet.org: Valentin|AthXP!Flea86@c114-76-82-206.thoms3.vic.optusnet.com.au (Quit: Station breakdown..)
--- Log closed Wed May 09 22:04:55 2012
--- Log opened Wed May 09 22:14:01 2012
22:14 !irc.deafgeeksirc.com *** Notice -- Client exiting: tonynoname (tonynoname@pool-108-44-9-136.albyny.east.verizon.net) [Connection reset by peer]
22:14 !irc.deafgeeksirc.com *** Notice -- Client connecting at irc.rubbermallet.org: scrawl96 (scrawl@data.searchirc.org)
22:14 !irc.deafgeeksirc.com *** Notice -- Client exiting at irc.rubbermallet.org: scrawl96!scrawl@data.searchirc.org (Quit: [SearchIRC] This message brought to you by the power of grayskull.)
22:14 !irc.deafgeeksirc.com *** Notice -- Client connecting on port 6667: tonynoname (tonynoname@pool-108-44-9-136.albyny.east.verizon.net) [clients] 
--- Log closed Wed May 09 22:19:55 2012
--- Log opened Wed May 09 22:20:08 2012
22:20 !irc.deafgeeksirc.com *** Notice -- Client exiting: tonynoname (tonynoname@pool-108-44-9-136.albyny.east.verizon.net) [FFFFFFFFFff-- tonynoname]
22:21 !irc.deafgeeksirc.com *** Notice -- Client connecting on port 6667: tonynoname (tonynoname@pool-108-44-9-136.albyny.east.verizon.net) [clients] 
--- Log closed Wed May 09 22:26:55 2012
--- Log opened Wed May 09 22:37:07 2012
22:37 !irc.deafgeeksirc.com *** Notice -- Client connecting at irc.rubbermallet.org: Tandy|OH-ES-TEN (webchat@c-24-61-183-110.hsd1.nh.comcast.net)
22:37 !irc.deafgeeksirc.com *** Notice -- Client exiting at irc.rubbermallet.org: Tandy|Win8!Tandy_Win8@108-193-192-179.lightspeed.wchtks.sbcglobal.net (Quit: )
--- Log closed Wed May 09 22:42:55 2012
--- Log opened Wed May 09 22:45:15 2012
22:45 !irc.deafgeeksirc.com *** Notice -- Client connecting at irc.rubbermallet.org: Tandy|D600 (webchat@c-24-61-183-110.hsd1.nh.comcast.net)
22:45 !irc.deafgeeksirc.com *** Notice -- Client exiting at irc.rubbermallet.org: Tandy|OH-ES-TEN!webchat@c-24-61-183-110.hsd1.nh.comcast.net (Quit: butts)
22:47 !irc.deafgeeksirc.com *** Notice -- Client connecting at irc.rubbermallet.org: scrawl84 (scrawl@data.searchirc.org)
22:47 !irc.deafgeeksirc.com *** Notice -- Client exiting at irc.rubbermallet.org: scrawl84!scrawl@data.searchirc.org (Quit: [SearchIRC] This message brought to you by the power of grayskull.)
22:49 !irc.deafgeeksirc.com *** Notice -- Client exiting at irc.rubbermallet.org: king_crimson!king_crims@192.168.1.91 (Quit: )
22:50 !irc.deafgeeksirc.com *** Notice -- Client exiting at irc.rubbermallet.org: dn!dn@207.225.123.91 (Quit: )
22:50 !irc.deafgeeksirc.com *** Notice -- Client connecting at irc.rubbermallet.org: king_crimson (king_crims@192.168.1.91)
22:50 !irc.deafgeeksirc.com *** Notice -- Client exiting at irc.rubbermallet.org: king_crimson!king_crims@192.168.1.91 (Quit: king_crimson)
22:51 !irc.deafgeeksirc.com *** Notice -- Client connecting at irc.rubbermallet.org: king_crimson (king_crims@192.168.1.91)
22:51 !irc.deafgeeksirc.com *** Notice -- Client exiting at irc.rubbermallet.org: Tandy|OH-ES-TEN!webchat@c-24-61-183-110.hsd1.nh.comcast.net (Quit: HERP DERP REBOOTAN ALSO KING_CRIMSON FIXURSHIT)
22:52 !irc.deafgeeksirc.com *** Notice -- Client connecting at irc.rubbermallet.org: Tandy|Win8 (Tandy_Win8@108-193-192-179.lightspeed.wchtks.sbcglobal.net)
--- Log closed Wed May 09 22:57:55 2012
--- Log opened Wed May 09 23:00:46 2012
23:00 !irc.deafgeeksirc.com *** Notice -- Client connecting at irc.rubbermallet.org: Tandy|OH-ES-TEN (webchat@c-24-61-183-110.hsd1.nh.comcast.net)
--- Log closed Wed May 09 23:05:55 2012
--- Log opened Wed May 09 23:12:56 2012
23:12 !irc.deafgeeksirc.com *** Notice -- Client connecting at irc.rubbermallet.org: newform8 (biskerbee@c-76-117-112-94.hsd1.nj.comcast.net)
23:14 !irc.deafgeeksirc.com *** Notice -- Client connecting at irc.rubbermallet.org: scrawl77 (scrawl@data.searchirc.org)
23:14 !irc.deafgeeksirc.com *** Notice -- Client exiting at irc.rubbermallet.org: scrawl77!scrawl@data.searchirc.org (Quit: [SearchIRC] This message brought to you by the power of grayskull.)
23:17 !irc.deafgeeksirc.com *** Notice -- Client connecting at irc.rubbermallet.org: Tandy|OH-ES-TEN_ (azurite@108-193-192-179.lightspeed.wchtks.sbcglobal.net)
23:17 !irc.deafgeeksirc.com *** Notice -- Client exiting at irc.rubbermallet.org: Tandy|OH-ES-TEN!webchat@c-24-61-183-110.hsd1.nh.comcast.net (Quit: Page closed)
--- Log closed Wed May 09 23:22:55 2012
--- Log opened Wed May 09 23:37:08 2012
23:37 !irc.deafgeeksirc.com *** Notice -- Client exiting: CoreDuo (CoreDuo@ip216-8-161-80.coreduo.me.uk) [Ping timeout]
23:39 !irc.deafgeeksirc.com *** Notice -- Client connecting at r-type.rubbermallet.org: CoreDuo (CoreDuo@coreduo.lan)
--- Log closed Wed May 09 23:44:55 2012
--- Log opened Wed May 09 23:47:33 2012
23:47 !irc.deafgeeksirc.com *** Notice -- Client connecting at irc.rubbermallet.org: scrawl35 (scrawl@data.searchirc.org)
23:47 !irc.deafgeeksirc.com *** Notice -- Client exiting at irc.rubbermallet.org: scrawl35!scrawl@data.searchirc.org (Quit: [SearchIRC] Indexed 4 channels in 10 secs @ May 10th, 2012, 12:46 am)
--- Log closed Wed May 09 23:52:55 2012
--- Log opened Thu May 10 00:06:12 2012
00:06 !irc.deafgeeksirc.com *** Notice -- Client connecting at irc.rubbermallet.org: dn (dn@207.225.123.91)
--- Log closed Thu May 10 00:11:55 2012
--- Log opened Thu May 10 00:14:36 2012
00:14 !irc.deafgeeksirc.com *** Notice -- Client connecting at irc.rubbermallet.org: scrawl22 (scrawl@data.searchirc.org)
00:14 !irc.deafgeeksirc.com *** Notice -- Client exiting at irc.rubbermallet.org: scrawl22!scrawl@data.searchirc.org (Quit: [SearchIRC] This message brought to you by the power of grayskull.)
--- Log closed Thu May 10 00:19:55 2012
--- Log opened Thu May 10 00:34:46 2012
00:34 !irc.deafgeeksirc.com *** Notice -- Client exiting at irc.rubbermallet.org: sparky4|lappy4!sparky4@c-75-65-202-200.hsd1.la.comcast.net (Ping timeout)
--- Log closed Thu May 10 00:39:55 2012
--- Log opened Thu May 10 00:47:30 2012
00:47 !irc.deafgeeksirc.com *** Notice -- Client connecting at irc.rubbermallet.org: scrawl82 (scrawl@data.searchirc.org)
00:47 !irc.deafgeeksirc.com *** Notice -- Client exiting at irc.rubbermallet.org: scrawl82!scrawl@data.searchirc.org (Quit: [SearchIRC] This message brought to you by the power of grayskull.)
--- Log closed Thu May 10 00:52:55 2012
--- Log opened Thu May 10 01:38:23 2012
01:38 !irc.deafgeeksirc.com *** Notice -- Client connecting at irc.rubbermallet.org: desktopsandwiches (Amir@cpe-69-204-80-175.buffalo.res.rr.com)
01:38 !irc.deafgeeksirc.com *** Notice -- Client exiting at irc.rubbermallet.org: desktopsandwiches!Amir@cpe-69-204-80-175.buffalo.res.rr.com (Quit: desktopsandwiches)
01:41 !irc.deafgeeksirc.com *** Notice -- Client connecting at irc.rubbermallet.org: scrawl54 (scrawl@data.searchirc.org)
01:41 !irc.deafgeeksirc.com *** Notice -- Client exiting at irc.rubbermallet.org: scrawl54!scrawl@data.searchirc.org (Quit: [SearchIRC] This message brought to you by the power of grayskull.)
--- Log closed Thu May 10 01:46:55 2012
--- Log opened Thu May 10 02:08:24 2012
02:08 !irc.deafgeeksirc.com *** Notice -- Client connecting at irc.rubbermallet.org: scrawl38 (scrawl@data.searchirc.org)
02:08 !irc.deafgeeksirc.com *** Notice -- Client exiting at irc.rubbermallet.org: scrawl38!scrawl@data.searchirc.org (Quit: [SearchIRC] This message brought to you by the power of grayskull.)
--- Log closed Thu May 10 02:13:55 2012
--- Log opened Thu May 10 02:17:49 2012
02:17 !irc.deafgeeksirc.com *** Notice -- Client exiting: caption_ (caption@66-215-165-96.dhcp.rvsd.ca.charter.com) [Ping timeout]
02:21 !irc.deafgeeksirc.com *** Notice -- Client exiting at irc.rubbermallet.org: dn!dn@207.225.123.91 (Quit: )
--- Log closed Thu May 10 02:26:55 2012
--- Log opened Thu May 10 02:41:25 2012
02:41 !irc.deafgeeksirc.com *** Notice -- Client connecting at irc.rubbermallet.org: scrawl46 (scrawl@data.searchirc.org)
02:41 !irc.deafgeeksirc.com *** Notice -- Client exiting at irc.rubbermallet.org: scrawl46!scrawl@data.searchirc.org (Quit: [SearchIRC] This message brought to you by the power of grayskull.)
--- Log closed Thu May 10 02:46:55 2012
--- Log opened Thu May 10 03:03:06 2012
03:03 !irc.deafgeeksirc.com *** Notice -- Client connecting at irc.rubbermallet.org: Valentin|AthXP (Flea86@c114-76-82-206.thoms3.vic.optusnet.com.au)
03:08 !irc.deafgeeksirc.com *** Notice -- Client connecting at irc.rubbermallet.org: scrawl84 (scrawl@data.searchirc.org)
03:08 !irc.deafgeeksirc.com *** Notice -- Client exiting at irc.rubbermallet.org: scrawl84!scrawl@data.searchirc.org (Quit: [SearchIRC] This message brought to you by the power of grayskull.)
--- Log closed Thu May 10 03:13:55 2012
--- Log opened Thu May 10 03:41:24 2012
03:41 !irc.deafgeeksirc.com *** Notice -- Client connecting at irc.rubbermallet.org: scrawl95 (scrawl@data.searchirc.org)
03:41 !irc.deafgeeksirc.com *** Notice -- Client exiting at irc.rubbermallet.org: scrawl95!scrawl@data.searchirc.org (Quit: [SearchIRC] This message brought to you by the power of grayskull.)
--- Log closed Thu May 10 03:46:55 2012
--- Log opened Thu May 10 03:55:28 2012
03:55 !irc.deafgeeksirc.com *** Notice -- Client connecting at irc.rubbermallet.org: hhh (SomeUser@75-136-214-71.dhcp.kgpt.tn.charter.com)
--- Log closed Thu May 10 04:00:55 2012
--- Log opened Thu May 10 04:08:22 2012
04:08 !irc.deafgeeksirc.com *** Notice -- Client connecting at irc.rubbermallet.org: scrawl42 (scrawl@data.searchirc.org)
04:08 !irc.deafgeeksirc.com *** Notice -- Client exiting at irc.rubbermallet.org: scrawl42!scrawl@data.searchirc.org (Quit: [SearchIRC] Indexed 5 channels in 10 secs @ May 10th, 2012, 5:07 am)
--- Log closed Thu May 10 04:13:55 2012
--- Log opened Thu May 10 04:16:50 2012
04:16 !irc.deafgeeksirc.com *** Notice -- Client connecting at irc.rubbermallet.org: Zver-UA (Zver-UA@31.133.72.191)
04:19 !irc.deafgeeksirc.com *** Notice -- Client exiting at irc.rubbermallet.org: newform8!biskerbee@c-76-117-112-94.hsd1.nj.comcast.net (Connection reset by peer)
--- Log closed Thu May 10 04:24:55 2012
--- Log opened Thu May 10 04:41:23 2012
04:41 !irc.deafgeeksirc.com *** Notice -- Client connecting at irc.rubbermallet.org: scrawl23 (scrawl@data.searchirc.org)
04:41 !irc.deafgeeksirc.com *** Notice -- Client exiting at irc.rubbermallet.org: scrawl23!scrawl@data.searchirc.org (Quit: [SearchIRC] This message brought to you by the power of grayskull.)
--- Log closed Thu May 10 04:46:55 2012
--- Log opened Thu May 10 04:49:21 2012
04:49 !irc.deafgeeksirc.com *** Notice -- Client exiting at uamd.lolcano.me: Sudos|AthXP!AthXP@WNR2000 (Quit: THE FLOOR IS LAVA)
--- Log closed Thu May 10 04:54:55 2012
--- Log opened Thu May 10 05:08:23 2012
05:08 !irc.deafgeeksirc.com *** Notice -- Client connecting at irc.rubbermallet.org: scrawl25 (scrawl@data.searchirc.org)
05:08 !irc.deafgeeksirc.com *** Notice -- Client exiting at irc.rubbermallet.org: scrawl25!scrawl@data.searchirc.org (Quit: [SearchIRC] This message brought to you by the power of grayskull.)
--- Log closed Thu May 10 05:13:55 2012
--- Log opened Thu May 10 05:36:11 2012
05:36 !irc.deafgeeksirc.com *** Notice -- Client exiting at uamd.lolcano.me: ekduo|suspend!Tehanu@bl7-60-234.dsl.telepac.pt (Ping timeout)
05:41 !irc.deafgeeksirc.com *** Notice -- Client connecting at irc.rubbermallet.org: scrawl24 (scrawl@data.searchirc.org)
05:41 !irc.deafgeeksirc.com *** Notice -- Client exiting at irc.rubbermallet.org: scrawl24!scrawl@data.searchirc.org (Quit: [SearchIRC] This message brought to you by the power of grayskull.)
--- Log closed Thu May 10 05:46:55 2012
--- Log opened Thu May 10 06:08:35 2012
06:08 !irc.deafgeeksirc.com *** Notice -- Client connecting at irc.rubbermallet.org: scrawl40 (scrawl@data.searchirc.org)
06:08 !irc.deafgeeksirc.com *** Notice -- Client exiting at irc.rubbermallet.org: scrawl40!scrawl@data.searchirc.org (Quit: [SearchIRC] This message brought to you by the power of grayskull.)
--- Log closed Thu May 10 06:13:55 2012
--- Log opened Thu May 10 06:16:09 2012
06:16 !irc.deafgeeksirc.com *** Notice -- Client connecting at irc.rubbermallet.org: NPE43 (Oh@96.243.59.123)
--- Log closed Thu May 10 06:21:55 2012
--- Log opened Thu May 10 06:31:51 2012
06:31 !irc.deafgeeksirc.com *** Notice -- Client exiting at irc.rubbermallet.org: Zver-UA!Zver-UA@31.133.72.191 (Ping timeout)
06:34 !irc.deafgeeksirc.com *** Notice -- Client connecting at irc.rubbermallet.org: Zver-UA (Zver-UA@31.133.71.83)
--- Log closed Thu May 10 06:39:55 2012
--- Log opened Thu May 10 06:41:36 2012
06:41 !irc.deafgeeksirc.com *** Notice -- Client connecting at irc.rubbermallet.org: scrawl31 (scrawl@data.searchirc.org)
06:41 !irc.deafgeeksirc.com *** Notice -- Client exiting at irc.rubbermallet.org: scrawl31!scrawl@data.searchirc.org (Quit: [SearchIRC] This message brought to you by the power of grayskull.)
--- Log closed Thu May 10 06:46:55 2012
--- Log opened Thu May 10 07:08:35 2012
07:08 !irc.deafgeeksirc.com *** Notice -- Client connecting at irc.rubbermallet.org: scrawl70 (scrawl@data.searchirc.org)
07:08 !irc.deafgeeksirc.com *** Notice -- Client exiting at irc.rubbermallet.org: scrawl70!scrawl@data.searchirc.org (Quit: [SearchIRC] This message brought to you by the power of grayskull.)
--- Log closed Thu May 10 07:13:55 2012
--- Log opened Thu May 10 07:17:13 2012
07:17 !irc.deafgeeksirc.com *** Notice -- Client exiting at irc.rubbermallet.org: Zver-UA!Zver-UA@31.133.71.83 (Client exited)
--- Log closed Thu May 10 07:22:55 2012
--- Log opened Thu May 10 07:24:02 2012
07:24 !irc.deafgeeksirc.com *** Notice -- Client exiting at irc.rubbermallet.org: Artem!nspu@grom.arqa.ru (Quit: Bye!)
07:26 !irc.deafgeeksirc.com *** Notice -- Client connecting at irc.rubbermallet.org: Zver-UA (Zver-UA@31.133.78.102)
--- Log closed Thu May 10 07:31:55 2012
--- Log opened Thu May 10 07:41:36 2012
07:41 !irc.deafgeeksirc.com *** Notice -- Client connecting at irc.rubbermallet.org: scrawl58 (scrawl@data.searchirc.org)
07:41 !irc.deafgeeksirc.com *** Notice -- Client exiting at irc.rubbermallet.org: scrawl58!scrawl@data.searchirc.org (Quit: [SearchIRC] This message brought to you by the power of grayskull.)
07:43 !irc.deafgeeksirc.com *** Notice -- Client connecting at irc.rubbermallet.org: newform8 (biskerbee@68.39.45.36)
--- Log closed Thu May 10 07:49:55 2012
--- Log opened Thu May 10 08:08:34 2012
08:08 !irc.deafgeeksirc.com *** Notice -- Client connecting at irc.rubbermallet.org: scrawl10 (scrawl@data.searchirc.org)
08:08 !irc.deafgeeksirc.com *** Notice -- Client exiting at irc.rubbermallet.org: scrawl10!scrawl@data.searchirc.org (Quit: [SearchIRC] Indexed 5 channels in 10 secs @ May 10th, 2012, 9:07 am)
--- Log closed Thu May 10 08:13:55 2012
--- Log opened Thu May 10 08:21:33 2012
08:21 !irc.deafgeeksirc.com *** Notice -- Client exiting at irc.rubbermallet.org: newform8!biskerbee@68.39.45.36 (Connection reset by peer)
--- Log closed Thu May 10 08:26:55 2012
--- Log opened Thu May 10 08:41:36 2012
08:41 !irc.deafgeeksirc.com *** Notice -- Client connecting at irc.rubbermallet.org: scrawl58 (scrawl@data.searchirc.org)
08:41 !irc.deafgeeksirc.com *** Notice -- Client exiting at irc.rubbermallet.org: scrawl58!scrawl@data.searchirc.org (Quit: [SearchIRC] This message brought to you by the power of grayskull.)
--- Log closed Thu May 10 08:46:55 2012
--- Log opened Thu May 10 09:08:35 2012
09:08 !irc.deafgeeksirc.com *** Notice -- Client connecting at irc.rubbermallet.org: scrawl39 (scrawl@data.searchirc.org)
09:08 !irc.deafgeeksirc.com *** Notice -- Client exiting at irc.rubbermallet.org: scrawl39!scrawl@data.searchirc.org (Quit: [SearchIRC] This message brought to you by the power of grayskull.)
--- Log closed Thu May 10 09:13:55 2012
--- Log opened Thu May 10 09:41:34 2012
09:41 !irc.deafgeeksirc.com *** Notice -- Client connecting at irc.rubbermallet.org: scrawl78 (scrawl@data.searchirc.org)
09:41 !irc.deafgeeksirc.com *** Notice -- Client exiting at irc.rubbermallet.org: scrawl78!scrawl@data.searchirc.org (Quit: [SearchIRC] This message brought to you by the power of grayskull.)
--- Log closed Thu May 10 09:46:55 2012
--- Log opened Thu May 10 10:00:53 2012
10:00 !irc.deafgeeksirc.com *** Notice -- Client connecting at irc.rubbermallet.org: sparky4|lappy4 (sparky4@c-75-65-202-200.hsd1.la.comcast.net)
--- Log closed Thu May 10 10:05:55 2012
--- Log opened Thu May 10 10:08:35 2012
10:08 !irc.deafgeeksirc.com *** Notice -- Client connecting at irc.rubbermallet.org: scrawl28 (scrawl@data.searchirc.org)
10:08 !irc.deafgeeksirc.com *** Notice -- Client exiting at irc.rubbermallet.org: scrawl28!scrawl@data.searchirc.org (Quit: [SearchIRC] This message brought to you by the power of grayskull.)
--- Log closed Thu May 10 10:13:55 2012
--- Log opened Thu May 10 10:24:05 2012
10:24 !irc.deafgeeksirc.com *** Notice -- Client exiting at irc.rubbermallet.org: Flea86!Flea86@c114-76-82-206.thoms3.vic.optusnet.com.au (Quit: Station breakdown..)
--- Log closed Thu May 10 10:29:55 2012
--- Log opened Thu May 10 10:35:27 2012
10:35 !irc.deafgeeksirc.com *** Notice -- Client connecting at irc.rubbermallet.org: guidoxp (guidowinxp@82-171-130-233.ip.telfort.nl)
--- Log closed Thu May 10 10:40:55 2012
--- Log opened Thu May 10 10:42:43 2012
10:42 !irc.deafgeeksirc.com *** Notice -- Received KILL message for Sudos|i9100!i9100@netadmin.haul.in.the.crabs.uamd.lolcano.me from tidux Path: r-type!dongs-6B466DAD.hsd1.nh.comcast.net!tidux (RUN, NIGGA)
10:42 !irc.deafgeeksirc.com *** Notice -- Client exiting at uamd.lolcano.me: Sudos|i9100!i9100@WNR2000 (Killed (tidux (RUN, NIGGA)))
10:42 !irc.deafgeeksirc.com *** Notice -- Client connecting at uamd.lolcano.me: Sudos|i9100 (i9100@WNR2000)
10:44 !irc.deafgeeksirc.com *** Notice -- Client connecting at irc.rubbermallet.org: Artem (Artem@212.164.120.190)
--- Log closed Thu May 10 10:49:55 2012
--- Log opened Thu May 10 11:08:21 2012
11:08 !irc.deafgeeksirc.com *** Notice -- Client connecting at uamd.lolcano.me: Sudos|AthXP (AthXP@WNR2000)
11:10 !irc.deafgeeksirc.com *** Notice -- Client connecting at irc.rubbermallet.org: scrawl63 (scrawl@data.searchirc.org)
11:10 !irc.deafgeeksirc.com *** Notice -- Client exiting at irc.rubbermallet.org: scrawl63!scrawl@data.searchirc.org (Quit: [SearchIRC] This message brought to you by the power of grayskull.)
--- Log closed Thu May 10 11:15:55 2012
--- Log opened Thu May 10 11:19:07 2012
11:19 !irc.deafgeeksirc.com *** Notice -- Client connecting on port 6667: caption_ (caption@66-215-165-96.dhcp.rvsd.ca.charter.com) [clients] 
--- Log closed Thu May 10 11:24:55 2012
--- Log opened Thu May 10 11:38:27 2012
11:38 !irc.deafgeeksirc.com *** Notice -- Client exiting at irc.rubbermallet.org: Tandy|OH-ES-TEN!azurite@108-193-192-179.lightspeed.wchtks.sbcglobal.net (Quit: Mac OS X 10.5 on a Dell D600 1.6Ghz/1GB/Radeon 9000m)
11:43 !irc.deafgeeksirc.com *** Notice -- Client connecting at irc.rubbermallet.org: scrawl75 (scrawl@data.searchirc.org)
11:43 !irc.deafgeeksirc.com *** Notice -- Client exiting at irc.rubbermallet.org: scrawl75!scrawl@data.searchirc.org (Quit: [SearchIRC] This message brought to you by the power of grayskull.)
--- Log closed Thu May 10 11:48:55 2012
--- Log opened Thu May 10 11:58:20 2012
11:58 !irc.deafgeeksirc.com *** Notice -- Client connecting at irc.rubbermallet.org: Tandy|7540 (Tandy_Win8@108-193-192-179.lightspeed.wchtks.sbcglobal.net)
11:59 !irc.deafgeeksirc.com *** Notice -- Client exiting at irc.rubbermallet.org: Tandy|Win8!Tandy_Win8@108-193-192-179.lightspeed.wchtks.sbcglobal.net (Ping timeout)
12:00 !irc.deafgeeksirc.com *** Notice -- Client connecting at irc.rubbermallet.org: Tandy|OH-ES-TEN (azurite@108-193-192-179.lightspeed.wchtks.sbcglobal.net)
--- Log closed Thu May 10 12:05:55 2012
--- Log opened Thu May 10 12:10:31 2012
12:10 !irc.deafgeeksirc.com *** Notice -- Client connecting at irc.rubbermallet.org: scrawl39 (scrawl@data.searchirc.org)
12:10 !irc.deafgeeksirc.com *** Notice -- Client exiting at irc.rubbermallet.org: scrawl39!scrawl@data.searchirc.org (Quit: [SearchIRC] Indexed 5 channels in 10 secs @ May 10th, 2012, 1:09 pm)
--- Log closed Thu May 10 12:15:55 2012
--- Log opened Thu May 10 12:17:18 2012
12:17 !irc.deafgeeksirc.com *** Notice -- Client connecting at irc.rubbermallet.org: NoBones (Sara@24-151-94-148.dhcp.nwtn.ct.charter.com)
--- Log closed Thu May 10 12:22:55 2012
--- Log opened Thu May 10 12:36:44 2012
12:36 !irc.deafgeeksirc.com *** Notice -- Client connecting at irc.rubbermallet.org: guido (jhg@82-171-130-233.ip.telfort.nl)
--- Log closed Thu May 10 12:41:55 2012
--- Log opened Thu May 10 12:43:35 2012
12:43 !irc.deafgeeksirc.com *** Notice -- Client connecting at irc.rubbermallet.org: scrawl72 (scrawl@data.searchirc.org)
12:43 !irc.deafgeeksirc.com *** Notice -- Client exiting at irc.rubbermallet.org: scrawl72!scrawl@data.searchirc.org (Quit: [SearchIRC] This message brought to you by the power of grayskull.)
--- Log closed Thu May 10 12:48:55 2012
--- Log opened Thu May 10 13:10:31 2012
13:10 !irc.deafgeeksirc.com *** Notice -- Client connecting at irc.rubbermallet.org: scrawl41 (scrawl@data.searchirc.org)
13:10 !irc.deafgeeksirc.com *** Notice -- Client exiting at irc.rubbermallet.org: scrawl41!scrawl@data.searchirc.org (Quit: [SearchIRC] This message brought to you by the power of grayskull.)
--- Log closed Thu May 10 13:15:55 2012
--- Log opened Thu May 10 13:36:19 2012
13:36 !irc.deafgeeksirc.com *** Notice -- Received KILL message for Sudos|Wyse!SudosJ400@netadmin.haul.in.the.crabs.uamd.lolcano.me from `|420 Path: netadmin.deafgeeksirc.com!`|420 (yeah, you're welcome :D)
13:36 !irc.deafgeeksirc.com *** Notice -- Client exiting at uamd.lolcano.me: Sudos|Wyse!SudosJ400@WNR2000 (Killed (`|420 (yeah, you're welcome :D)))
13:36 !irc.deafgeeksirc.com *** Notice -- Client connecting at uamd.lolcano.me: Sudos|Wyse (SudosJ400@WNR2000)
13:37 !irc.deafgeeksirc.com *** Notice -- Client exiting at irc.rubbermallet.org: Artem!Artem@212.164.120.190 (Quit: leaving)
--- Log closed Thu May 10 13:42:55 2012
--- Log opened Thu May 10 13:43:34 2012
13:43 !irc.deafgeeksirc.com *** Notice -- Client connecting at irc.rubbermallet.org: scrawl22 (scrawl@data.searchirc.org)
13:43 !irc.deafgeeksirc.com *** Notice -- Client exiting at irc.rubbermallet.org: scrawl22!scrawl@data.searchirc.org (Quit: [SearchIRC] This message brought to you by the power of grayskull.)
13:47 !irc.deafgeeksirc.com *** Notice -- tonynoname (tonynoname@pool-108-44-9-136.albyny.east.verizon.net) has changed his/her nickname to tonynon[a]me
13:49 !irc.deafgeeksirc.com *** Notice -- Client connecting on port 6667: Schrodinger (schrodinge@10.178.228.92) [clients] 
13:52 !irc.deafgeeksirc.com *** Notice -- Client connecting on port 6667: tonynoname (tonynoname@pool-108-44-9-136.albyny.east.verizon.net) [clients] 
13:52 !irc.deafgeeksirc.com *** Notice -- Client exiting at irc.rubbermallet.org: guidoxp!guidowinxp@82-171-130-233.ip.telfort.nl (Quit: )
13:54 !irc.deafgeeksirc.com *** Notice -- Client exiting at irc.rubbermallet.org: cooled!cooledid3@pool-71-241-144-101.nycmny.fios.verizon.net (Ping timeout)
--- Log closed Thu May 10 14:00:55 2012
--- Log opened Thu May 10 14:08:44 2012
14:08 !irc.deafgeeksirc.com *** Notice -- Client exiting at irc.rubbermallet.org: NPE43!Oh@96.243.59.123 (Quit: Leaving)
14:10 !irc.deafgeeksirc.com *** Notice -- Client connecting at irc.rubbermallet.org: scrawl60 (scrawl@data.searchirc.org)
14:10 !irc.deafgeeksirc.com *** Notice -- Client exiting at irc.rubbermallet.org: scrawl60!scrawl@data.searchirc.org (Quit: [SearchIRC] This message brought to you by the power of grayskull.)
--- Log closed Thu May 10 14:15:55 2012
--- Log opened Thu May 10 14:17:27 2012
14:17 !irc.deafgeeksirc.com *** Notice -- Client connecting at irc.rubbermallet.org: cooled (cooledid3@pool-71-241-144-101.nycmny.fios.verizon.net)
--- Log closed Thu May 10 14:22:55 2012
--- Log opened Thu May 10 14:27:31 2012
14:27 !irc.deafgeeksirc.com *** Notice -- Client exiting at irc.rubbermallet.org: Sue|hydro!sue@174.137.58.216 (Ping timeout)
--- Log closed Thu May 10 14:32:55 2012
--- Log opened Thu May 10 14:35:49 2012
14:35 !irc.deafgeeksirc.com *** Notice -- Client connecting at irc.rubbermallet.org: Sue|hydro (sue@174.137.58.216)
--- Log closed Thu May 10 14:40:55 2012
--- Log opened Thu May 10 14:43:34 2012
14:43 !irc.deafgeeksirc.com *** Notice -- Client connecting at irc.rubbermallet.org: scrawl30 (scrawl@data.searchirc.org)
14:43 !irc.deafgeeksirc.com *** Notice -- Client exiting at irc.rubbermallet.org: scrawl30!scrawl@data.searchirc.org (Quit: [SearchIRC] This message brought to you by the power of grayskull.)
--- Log closed Thu May 10 14:48:55 2012
--- Log opened Thu May 10 15:02:41 2012
15:02 !irc.deafgeeksirc.com *** Notice -- Client connecting at irc.rubbermallet.org: dn (dn@207.225.123.91)
--- Log closed Thu May 10 15:07:55 2012
--- Log opened Thu May 10 15:10:30 2012
15:10 !irc.deafgeeksirc.com *** Notice -- Client connecting at irc.rubbermallet.org: scrawl65 (scrawl@data.searchirc.org)
15:10 !irc.deafgeeksirc.com *** Notice -- Client exiting at irc.rubbermallet.org: scrawl65!scrawl@data.searchirc.org (Quit: [SearchIRC] This message brought to you by the power of grayskull.)
--- Log closed Thu May 10 15:15:55 2012
--- Log opened Thu May 10 15:43:33 2012
15:43 !irc.deafgeeksirc.com *** Notice -- Client connecting at irc.rubbermallet.org: scrawl02 (scrawl@data.searchirc.org)
15:43 !irc.deafgeeksirc.com *** Notice -- Client exiting at irc.rubbermallet.org: scrawl02!scrawl@data.searchirc.org (Quit: [SearchIRC] This message brought to you by the power of grayskull.)
--- Log closed Thu May 10 15:48:55 2012
--- Log opened Thu May 10 16:11:23 2012
16:11 !irc.deafgeeksirc.com *** Notice -- Client connecting at irc.rubbermallet.org: scrawl89 (scrawl@data.searchirc.org)
16:11 !irc.deafgeeksirc.com *** Notice -- Client exiting at irc.rubbermallet.org: scrawl89!scrawl@data.searchirc.org (Quit: [SearchIRC] Indexed 5 channels in 10 secs @ May 10th, 2012, 5:10 pm)
16:16 !irc.deafgeeksirc.com *** Notice -- Client connecting at uamd.lolcano.me: ekduo|xeon (Tehanu@bl7-60-234.dsl.telepac.pt)
--- Log closed Thu May 10 16:21:55 2012
--- Log opened Thu May 10 16:21:59 2012
16:21 !irc.deafgeeksirc.com *** Notice -- Client exiting: tonynoname (tonynoname@pool-108-44-9-136.albyny.east.verizon.net) [Ping timeout]
16:21 !irc.deafgeeksirc.com *** Notice -- Client connecting on port 6667: tonynoname2 (tonynoname@pool-108-44-9-136.albyny.east.verizon.net) [clients] 
16:22 !irc.deafgeeksirc.com *** Notice -- Client connecting on port 6667: tonynoname (tonynoname@pool-108-44-9-136.albyny.east.verizon.net) [clients] 
16:23 !irc.deafgeeksirc.com *** Notice -- Client exiting: tonynon[a]me (tonynoname@pool-108-44-9-136.albyny.east.verizon.net) [Ping timeout]
--- Log closed Thu May 10 16:28:55 2012
--- Log opened Thu May 10 16:44:22 2012
16:44 !irc.deafgeeksirc.com *** Notice -- Client connecting at irc.rubbermallet.org: scrawl05 (scrawl@data.searchirc.org)
16:44 !irc.deafgeeksirc.com *** Notice -- Client exiting at irc.rubbermallet.org: scrawl05!scrawl@data.searchirc.org (Quit: [SearchIRC] This message brought to you by the power of grayskull.)
--- Log closed Thu May 10 16:49:55 2012
--- Log opened Thu May 10 17:11:21 2012
17:11 !irc.deafgeeksirc.com *** Notice -- Client connecting at irc.rubbermallet.org: scrawl09 (scrawl@data.searchirc.org)
17:11 !irc.deafgeeksirc.com *** Notice -- Client exiting at irc.rubbermallet.org: scrawl09!scrawl@data.searchirc.org (Quit: [SearchIRC] This message brought to you by the power of grayskull.)
17:15 !irc.deafgeeksirc.com *** Notice -- Client exiting at irc.rubbermallet.org: dn!dn@207.225.123.91 (Quit: )
--- Log closed Thu May 10 17:20:55 2012
--- Log opened Thu May 10 17:44:19 2012
17:44 !irc.deafgeeksirc.com *** Notice -- Client connecting at irc.rubbermallet.org: scrawl18 (scrawl@data.searchirc.org)
17:44 !irc.deafgeeksirc.com *** Notice -- Client connecting at irc.rubbermallet.org: NPE43 (Oh@96.243.59.123)
17:44 !irc.deafgeeksirc.com *** Notice -- Client exiting at irc.rubbermallet.org: scrawl18!scrawl@data.searchirc.org (Quit: [SearchIRC] This message brought to you by the power of grayskull.)
17:45 !irc.deafgeeksirc.com *** Notice -- Client exiting: tonynoname (tonynoname@pool-108-44-9-136.albyny.east.verizon.net) [FFFFFFFFFff-- tonynoname]
17:45 !irc.deafgeeksirc.com *** Notice -- Client connecting on port 6667: tonynoname (tonynoname@pool-108-44-9-136.albyny.east.verizon.net) [clients] 
--- Log closed Thu May 10 17:50:55 2012
--- Log opened Thu May 10 18:07:58 2012
18:07 !irc.deafgeeksirc.com *** Notice -- `|420 (dissimulo@10.178.228.92) has changed his/her nickname to `
--- Log closed Thu May 10 18:13:55 2012
--- Log opened Thu May 17 15:08:35 2012
15:08 !irc.deafgeeksirc.com *** Notice -- allisonjoyweiner (weinermeis@pool-96-255-242-133.washdc.fios.verizon.net) has changed his/her nickname to ent
15:08 !irc.deafgeeksirc.com *** Notice -- `|420 (dissimulo@10.178.228.92) has changed his/her nickname to `
--- Log closed Thu May 17 15:14:07 2012
