--- Log opened Sun Feb 26 23:24:39 2012
23:24 !irc.deafgeeksirc.com *** You were forced to join #wtfpwnt
23:24 !irc.deafgeeksirc.com *** Notice -- `|amctheater-wanderlust used SAJOIN to make `|amctheater-wanderlust join #wtfpwnt
--- Log closed Sun Feb 26 23:30:22 2012
--- Log opened Sun Feb 26 23:41:21 2012
23:41 !irc.deafgeeksirc.com *** Notice -- Client connecting at irc.rubbermallet.org: scrawl69 (scrawl@data.searchirc.org)
23:41 !irc.deafgeeksirc.com *** Notice -- Client exiting at irc.rubbermallet.org: scrawl69!scrawl@data.searchirc.org (Quit: [SearchIRC] This message brought to you by the power of grayskull.)
--- Log closed Sun Feb 26 23:47:22 2012
--- Log opened Mon Feb 27 00:02:29 2012
00:02 !irc.deafgeeksirc.com *** Notice -- Client exiting at uamd.lolcano.me: ekduo|xe1n!Tehanu@bl13-231-31.dsl.telepac.pt (Ping timeout)
--- Log closed Mon Feb 27 00:08:22 2012
--- Log opened Mon Feb 27 00:08:23 2012
00:08 !irc.deafgeeksirc.com *** Notice -- Client connecting at irc.rubbermallet.org: scrawl12 (scrawl@data.searchirc.org)
00:08 !irc.deafgeeksirc.com *** Notice -- Client exiting at irc.rubbermallet.org: scrawl12!scrawl@data.searchirc.org (Quit: [SearchIRC] This message brought to you by the power of grayskull.)
00:11 !irc.deafgeeksirc.com *** Notice -- Client connecting on port 6667: dissimulo|i7 (dissimulo@10.178.228.92) [clients] 
00:11 !irc.deafgeeksirc.com *** Notice -- Client exiting: dissimulo|i7 (dissimulo@10.178.228.92) [FFFFFFFFFff-- dissimulo|i7]
--- Log closed Mon Feb 27 00:17:22 2012
--- Log opened Mon Feb 27 00:24:28 2012
00:24 !irc.deafgeeksirc.com *** Notice -- Client connecting at irc.rubbermallet.org: newform|droidx (AndChat@c-76-117-112-94.hsd1.nj.comcast.net)
00:24 !irc.deafgeeksirc.com *** Notice -- Client exiting at irc.rubbermallet.org: newform8|droidx!AndChat@c-76-117-112-94.hsd1.nj.comcast.net (Connection reset by peer)
00:27 !irc.deafgeeksirc.com *** Notice -- Client exiting at irc.rubbermallet.org: usotsuki!quadra@cpe-69-207-10-136.buffalo.res.rr.com (Connection reset by peer)
00:27 !irc.deafgeeksirc.com *** Notice -- Client connecting at irc.rubbermallet.org: usotsuki (quadra@cpe-69-207-10-136.buffalo.res.rr.com)
--- Log closed Mon Feb 27 00:33:22 2012
--- Log opened Mon Feb 27 00:33:49 2012
00:33 !irc.deafgeeksirc.com *** Notice -- Client exiting at irc.rubbermallet.org: Acer_Aspire!Acer@128.Red-79-145-105.dynamicIP.rima-tde.net (Client exited)
--- Log closed Mon Feb 27 00:39:22 2012
--- Log opened Mon Feb 27 00:41:25 2012
00:41 !irc.deafgeeksirc.com *** Notice -- Client connecting at irc.rubbermallet.org: scrawl72 (scrawl@data.searchirc.org)
00:41 !irc.deafgeeksirc.com *** Notice -- Client exiting at irc.rubbermallet.org: scrawl72!scrawl@data.searchirc.org (Quit: [SearchIRC] This message brought to you by the power of grayskull.)
--- Log closed Mon Feb 27 00:47:22 2012
--- Log opened Mon Feb 27 01:08:24 2012
01:08 !irc.deafgeeksirc.com *** Notice -- Client connecting at irc.rubbermallet.org: scrawl27 (scrawl@data.searchirc.org)
01:08 !irc.deafgeeksirc.com *** Notice -- Client exiting at irc.rubbermallet.org: scrawl27!scrawl@data.searchirc.org (Quit: [SearchIRC] This message brought to you by the power of grayskull.)
01:10 !irc.deafgeeksirc.com *** Notice -- Client exiting at irc.rubbermallet.org: Dacicus!Dacicus@cpe-98-149-3-173.socal.res.rr.com (Quit: Good-bye.)
01:10 !irc.deafgeeksirc.com *** Notice -- Client connecting at irc.rubbermallet.org: Flea86 (Flea86@c114-76-82-206.thoms3.vic.optusnet.com.au)
--- Log closed Mon Feb 27 01:16:22 2012
--- Log opened Mon Feb 27 01:25:40 2012
01:25 !irc.deafgeeksirc.com Stats 'n' requested by `|amctheater-wanderlust (dissimulo@netadmin.deafgeeksirc.com)
01:25 !irc.deafgeeksirc.com Stats 'q' requested by `|amctheater-wanderlust (dissimulo@netadmin.deafgeeksirc.com)
01:30 !irc.deafgeeksirc.com usotsuki (quadra@dongs-E052B459.buffalo.res.rr.com) [usotsuki] is now an operator (O)
01:30 !irc.deafgeeksirc.com *** OperOverride -- usotsuki (quadra@cpe-69-207-10-136.buffalo.res.rr.com) MODE #wtfpwnt -b *!*dissimulo@*.B6464DE6.7054DD4E.IP
01:31 !irc.deafgeeksirc.com *** Notice -- `|amctheater-wanderlust (dissimulo@10.178.228.92) has changed his/her nickname to `|losangeles
--- Log closed Mon Feb 27 01:37:22 2012
