--- Log opened Sun Apr 01 17:19:46 2012
17:19 !irc.deafgeeksirc.com *** Notice -- Client exiting at irc.rubbermallet.org: Zver-UA!Zver-UA@31.133.70.158 (Quit: When two people dream the same dream, it ceases to be an illusion. KVIrc 3.4.2 Shiny http://www.kvirc.net)
17:20 !irc.deafgeeksirc.com *** Notice -- Client connecting at irc.rubbermallet.org: Zver-UA (Zver-UA@31.133.70.158)
--- Log closed Sun Apr 01 17:25:09 2012
--- Log opened Sun Apr 01 17:41:58 2012
17:41 !irc.deafgeeksirc.com *** Notice -- Client connecting at uamd.lolcano.me: Sudos|PBG4 (Altivec@DD-WRT)
--- Log closed Sun Apr 01 17:47:09 2012
--- Log opened Sun Apr 01 17:47:11 2012
17:47 !irc.deafgeeksirc.com *** Notice -- Client connecting at irc.rubbermallet.org: scrawl86 (scrawl@data.searchirc.org)
17:47 !irc.deafgeeksirc.com *** Notice -- Client exiting at irc.rubbermallet.org: scrawl86!scrawl@data.searchirc.org (Quit: [SearchIRC] This message brought to you by the power of grayskull.)
17:51 !irc.deafgeeksirc.com *** Notice -- Client exiting at irc.rubbermallet.org: shawn186!Tiberius@c-71-196-211-57.hsd1.co.comcast.net (Ping timeout)
--- Log closed Sun Apr 01 17:56:09 2012
--- Log opened Sun Apr 01 18:14:11 2012
18:14 !irc.deafgeeksirc.com *** Notice -- Client connecting at irc.rubbermallet.org: scrawl86 (scrawl@data.searchirc.org)
18:14 !irc.deafgeeksirc.com *** Notice -- Client exiting at irc.rubbermallet.org: scrawl86!scrawl@data.searchirc.org (Quit: [SearchIRC] This message brought to you by the power of grayskull.)
--- Log closed Sun Apr 01 18:20:09 2012
--- Log opened Sun Apr 01 18:47:10 2012
18:47 !irc.deafgeeksirc.com *** Notice -- Client connecting at irc.rubbermallet.org: scrawl14 (scrawl@data.searchirc.org)
18:47 !irc.deafgeeksirc.com *** Notice -- Client exiting at irc.rubbermallet.org: scrawl14!scrawl@data.searchirc.org (Quit: [SearchIRC] This message brought to you by the power of grayskull.)
--- Log closed Sun Apr 01 18:53:09 2012
--- Log opened Sun Apr 01 19:00:56 2012
19:00 !irc.deafgeeksirc.com *** Notice -- Client exiting at irc.rubbermallet.org: Zver-UA!Zver-UA@31.133.70.158 (Client exited)
--- Log closed Sun Apr 01 19:06:09 2012
--- Log opened Sun Apr 01 19:13:12 2012
19:13 !irc.deafgeeksirc.com *** Notice -- Client connecting at uamd.lolcano.me: Sudos|PB14 (Altivec@DD-WRT)
19:15 !irc.deafgeeksirc.com *** Notice -- Client exiting at uamd.lolcano.me: Sudos|PBG4!Altivec@DD-WRT (Ping timeout)
19:16 !irc.deafgeeksirc.com *** Notice -- Client connecting at irc.rubbermallet.org: scrawl57 (scrawl@data.searchirc.org)
19:17 !irc.deafgeeksirc.com *** Notice -- Client exiting at irc.rubbermallet.org: scrawl57!scrawl@data.searchirc.org (Quit: [SearchIRC] This message brought to you by the power of grayskull.)
--- Log closed Sun Apr 01 19:22:09 2012
--- Log opened Sun Apr 01 19:37:12 2012
19:37 !irc.deafgeeksirc.com *** Notice -- Client exiting: tonynoname (tonynoname@pool-108-44-10-121.albyny.east.verizon.net) [FFFFFFFFFff-- tonynoname]
19:38 !irc.deafgeeksirc.com *** Notice -- Client connecting on port 6667: tonynoname (tonynoname@pool-108-44-10-121.albyny.east.verizon.net) [clients] 
19:38 !irc.deafgeeksirc.com *** Notice -- Client connecting on port 6667: tonynoname2 (tonynoname@pool-108-44-10-121.albyny.east.verizon.net) [clients] 
19:38 !irc.deafgeeksirc.com *** Notice -- Client connecting on port 6667: tonynoname3 (tonynoname@pool-108-44-10-121.albyny.east.verizon.net) [clients] 
19:38 !irc.deafgeeksirc.com *** Notice -- Client exiting: tonynoname2 (tonynoname@pool-108-44-10-121.albyny.east.verizon.net) [FFFFFFFFFff-- tonynoname2]
19:38 !irc.deafgeeksirc.com *** Notice -- Client exiting: tonynoname (tonynoname@pool-108-44-10-121.albyny.east.verizon.net) [FFFFFFFFFff-- tonynoname]
19:38 !irc.deafgeeksirc.com *** Notice -- Client exiting: tonynoname3 (tonynoname@pool-108-44-10-121.albyny.east.verizon.net) [FFFFFFFFFff-- tonynoname3]
--- Log closed Sun Apr 01 19:44:09 2012
--- Log opened Sun Apr 01 19:49:51 2012
19:49 !irc.deafgeeksirc.com *** Notice -- Client connecting at irc.rubbermallet.org: scrawl60 (scrawl@data.searchirc.org)
19:50 !irc.deafgeeksirc.com *** Notice -- Client exiting at irc.rubbermallet.org: scrawl60!scrawl@data.searchirc.org (Quit: [SearchIRC] This message brought to you by the power of grayskull.)
19:52 !irc.deafgeeksirc.com *** Notice -- Client connecting on port 6667: tonynoname (tonynoname@pool-108-44-10-121.albyny.east.verizon.net) [clients] 
19:55 !irc.deafgeeksirc.com *** Notice -- Client exiting at uamd.lolcano.me: Sudos|PB14!Altivec@DD-WRT (Ping timeout)
--- Log closed Sun Apr 01 20:01:09 2012
--- Log opened Sun Apr 01 20:03:08 2012
20:03 !irc.deafgeeksirc.com *** Notice -- Client connecting at irc.rubbermallet.org: rms (textual@108.208.84.211)
--- Log closed Sun Apr 01 20:08:09 2012
--- Log opened Sun Apr 01 20:14:12 2012
20:14 !irc.deafgeeksirc.com king_crimson (king_crims@5D95EB29.ED5D9C8B.ACA6E65E.IP) [mike] is now a network administrator (N)
20:16 !irc.deafgeeksirc.com *** Notice -- Client connecting at irc.rubbermallet.org: scrawl14 (scrawl@data.searchirc.org)
20:17 !irc.deafgeeksirc.com *** Notice -- Client exiting at irc.rubbermallet.org: scrawl14!scrawl@data.searchirc.org (Quit: [SearchIRC] Indexed 5 channels in 10 secs @ Apr 1st, 2012, 9:15 pm)
20:19 !irc.deafgeeksirc.com *** OperOverride -- tidux (jon@c-24-61-183-110.hsd1.nh.comcast.net) KICK #wtfpwnt rms (I'd like to interject for a moment)
--- Log closed Sun Apr 01 20:25:09 2012
--- Log opened Sun Apr 01 20:25:26 2012
20:25 !irc.deafgeeksirc.com *** Notice -- Client connecting at uamd.lolcano.me: Sudos|X120e (X120e@DD-WRT)
20:25 !irc.deafgeeksirc.com Sudos|X120e (X120e@DD-WRT) [superdos] is now a network administrator (N)
20:28 !irc.deafgeeksirc.com *** Notice -- Client exiting: tonynoname (tonynoname@pool-108-44-10-121.albyny.east.verizon.net) [FFFFFFFFFff-- tonynoname]
20:28 !irc.deafgeeksirc.com *** Notice -- Client connecting on port 6667: tonynoname (tonynoname@pool-108-44-10-121.albyny.east.verizon.net) [clients] 
20:30 !irc.deafgeeksirc.com *** Notice -- Client connecting at irc.rubbermallet.org: Flea86 (Flea86@c114-76-82-206.thoms3.vic.optusnet.com.au)
--- Log closed Sun Apr 01 20:36:09 2012
--- Log opened Sun Apr 01 20:44:48 2012
20:44 !irc.deafgeeksirc.com *** Notice -- Client connecting at irc.rubbermallet.org: shawn186 (Tiberius@c-67-165-211-182.hsd1.co.comcast.net)
20:49 !irc.deafgeeksirc.com *** Notice -- Client connecting at irc.rubbermallet.org: scrawl55 (scrawl@data.searchirc.org)
20:50 !irc.deafgeeksirc.com *** Notice -- Client exiting at irc.rubbermallet.org: scrawl55!scrawl@data.searchirc.org (Quit: [SearchIRC] This message brought to you by the power of grayskull.)
--- Log closed Sun Apr 01 20:55:09 2012
--- Log opened Sun Apr 01 20:58:28 2012
20:58 !irc.deafgeeksirc.com *** Notice -- Client connecting at irc.rubbermallet.org: shawn196 (IceChat7@c-67-165-211-182.hsd1.co.comcast.net)
--- Log closed Sun Apr 01 21:04:09 2012
--- Log opened Sun Apr 01 21:14:19 2012
21:14 !irc.deafgeeksirc.com *** Notice -- Client connecting on port 6667: audist (audist@cpe-76-90-227-137.socal.res.rr.com) [clients] 
21:16 !irc.deafgeeksirc.com *** Notice -- Client connecting at irc.rubbermallet.org: scrawl02 (scrawl@data.searchirc.org)
21:16 !irc.deafgeeksirc.com *** Notice -- Client exiting at irc.rubbermallet.org: scrawl02!scrawl@data.searchirc.org (Quit: [SearchIRC] This message brought to you by the power of grayskull.)
21:21 !irc.deafgeeksirc.com king_crimson (king_crims@5D95EB29.ED5D9C8B.ACA6E65E.IP) [mike] is now a network administrator (N)
21:21 !irc.deafgeeksirc.com *** Permanent G:Line added for *@centax2.lan on Mon Apr  2 02:13:37 2012 GMT (from king_crimson!king_crims@5D95EB29.ED5D9C8B.ACA6E65E.IP: see)
21:21 !irc.deafgeeksirc.com *** Notice -- Client exiting at r-type.rubbermallet.org: Erik!erik@centax2.lan (User has been permanently banned from Rubbermallet (see))
21:22 !irc.deafgeeksirc.com *** Notice -- Client connecting at r-type.rubbermallet.org: Erik (eman@erik-second.lan)
21:22 !irc.deafgeeksirc.com Erik (eman@dongs-A6DE6DAA.lan) [Erik] is now a network administrator (N)
21:22 !irc.deafgeeksirc.com *** Permanent G:Line added for *@erik-second.lan on Mon Apr  2 02:14:19 2012 GMT (from king_crimson!king_crims@5D95EB29.ED5D9C8B.ACA6E65E.IP: ok)
21:22 !irc.deafgeeksirc.com *** Notice -- Client exiting at r-type.rubbermallet.org: Erik!eman@erik-second.lan (User has been permanently banned from Rubbermallet (ok))
21:22 !irc.deafgeeksirc.com king_crimson!king_crims@5D95EB29.ED5D9C8B.ACA6E65E.IP removed G:Line *@erik-second.lan (set at Mon Apr  2 02:14:19 2012 - reason: ok)
21:22 !irc.deafgeeksirc.com king_crimson!king_crims@5D95EB29.ED5D9C8B.ACA6E65E.IP removed G:Line *@centax2.lan (set at Mon Apr  2 02:13:37 2012 - reason: see)
21:22 !irc.deafgeeksirc.com *** Notice -- Client connecting at r-type.rubbermallet.org: Erik (Erik@centax2.lan)
21:22 !irc.deafgeeksirc.com Erik (Erik@dongs-57B0A852.lan) [Erik] is now a network administrator (N)
21:22 !irc.deafgeeksirc.com Erik changed the virtual hostname of Erik (Erik@centax2.lan) to be erik
21:22 !irc.deafgeeksirc.com Erik changed the virtual ident of Erik (Erik@erik) to be erik
21:23 !irc.deafgeeksirc.com *** Notice -- Client connecting at r-type.rubbermallet.org: Erik_ (eman@erik-second.lan)
21:23 !irc.deafgeeksirc.com Erik_ (eman@dongs-A6DE6DAA.lan) [Erik] is now a network administrator (N)
21:24 !irc.deafgeeksirc.com *** Notice -- Client exiting at r-type.rubbermallet.org: Erik_!eman@erik-second.lan (Quit: The system is going down for reboot NOW!)
--- Log closed Sun Apr 01 21:30:09 2012
--- Log opened Sun Apr 01 21:30:53 2012
21:30 !irc.deafgeeksirc.com *** Notice -- Client exiting at irc.rubbermallet.org: NPE43!Oh@pool-96-243-56-71.bflony.east.verizon.net (Quit: Leaving)
--- Log closed Sun Apr 01 21:36:09 2012
--- Log opened Sun Apr 01 21:49:49 2012
21:49 !irc.deafgeeksirc.com *** Notice -- Client connecting at irc.rubbermallet.org: scrawl51 (scrawl@data.searchirc.org)
21:49 !irc.deafgeeksirc.com *** Notice -- Client exiting at irc.rubbermallet.org: scrawl51!scrawl@data.searchirc.org (Quit: [SearchIRC] This message brought to you by the power of grayskull.)
--- Log closed Sun Apr 01 21:55:09 2012
--- Log opened Sun Apr 01 22:06:40 2012
22:06 !irc.deafgeeksirc.com king_crimson (king_crims@5D95EB29.ED5D9C8B.ACA6E65E.IP) [mike] is now a network administrator (N)
22:08 !irc.deafgeeksirc.com *** Notice -- Client connecting at irc.rubbermallet.org: ekduo|xe1n (Tehanu@bl14-184-24.dsl.telepac.pt)
22:10 !irc.deafgeeksirc.com *** Notice -- Client exiting at irc.rubbermallet.org: ekduo|xeon!Tehanu@bl7-60-204.dsl.telepac.pt (Ping timeout)
22:11 !irc.deafgeeksirc.com *** Notice -- Client exiting at irc.rubbermallet.org: Flea86!Flea86@c114-76-82-206.thoms3.vic.optusnet.com.au (Quit: Station breakdown..)
22:16 !irc.deafgeeksirc.com *** Notice -- Client connecting at irc.rubbermallet.org: scrawl32 (scrawl@data.searchirc.org)
22:17 !irc.deafgeeksirc.com *** Notice -- Client exiting at irc.rubbermallet.org: scrawl32!scrawl@data.searchirc.org (Quit: [SearchIRC] This message brought to you by the power of grayskull.)
22:17 !irc.deafgeeksirc.com king_crimson (king_crims@5D95EB29.ED5D9C8B.ACA6E65E.IP) [mike] is now a network administrator (N)
--- Log closed Sun Apr 01 22:23:09 2012
--- Log opened Sun Apr 01 22:49:50 2012
22:49 !irc.deafgeeksirc.com *** Notice -- Client connecting at irc.rubbermallet.org: scrawl40 (scrawl@data.searchirc.org)
22:49 !irc.deafgeeksirc.com *** Notice -- Client exiting at irc.rubbermallet.org: scrawl40!scrawl@data.searchirc.org (Quit: [SearchIRC] This message brought to you by the power of grayskull.)
--- Log closed Sun Apr 01 22:55:09 2012
--- Log opened Sun Apr 01 23:06:17 2012
23:06 !irc.deafgeeksirc.com *** Notice -- Client connecting at irc.rubbermallet.org: newform|kindle (~newformki@www.nowhere-else.org)
--- Log closed Sun Apr 01 23:12:09 2012
--- Log opened Sun Apr 01 23:16:48 2012
23:16 !irc.deafgeeksirc.com *** Notice -- Client connecting at irc.rubbermallet.org: scrawl22 (scrawl@data.searchirc.org)
23:16 !irc.deafgeeksirc.com *** Notice -- Client exiting at irc.rubbermallet.org: scrawl22!scrawl@data.searchirc.org (Quit: [SearchIRC] This message brought to you by the power of grayskull.)
23:18 !irc.deafgeeksirc.com *** Notice -- Client exiting at irc.rubbermallet.org: guidov!jhg@ip565b80ea.direct-adsl.nl (Quit: Leaving)
--- Log closed Sun Apr 01 23:23:09 2012
--- Log opened Sun Apr 01 23:24:56 2012
23:24 !irc.deafgeeksirc.com *** Notice -- Client connecting at irc.rubbermallet.org: newform8 (newform8@www.nowhere-else.org)
--- Log closed Sun Apr 01 23:30:09 2012
--- Log opened Sun Apr 01 23:31:23 2012
23:31 !irc.deafgeeksirc.com *** Notice -- Client exiting at irc.rubbermallet.org: ekduo|xe1n!Tehanu@bl14-184-24.dsl.telepac.pt (Quit: leaving)
--- Log closed Sun Apr 01 23:37:09 2012
--- Log opened Sun Apr 01 23:49:49 2012
23:49 !irc.deafgeeksirc.com *** Notice -- Client connecting at irc.rubbermallet.org: scrawl80 (scrawl@data.searchirc.org)
23:49 !irc.deafgeeksirc.com *** Notice -- Client exiting at irc.rubbermallet.org: scrawl80!scrawl@data.searchirc.org (Quit: [SearchIRC] This message brought to you by the power of grayskull.)
--- Log closed Sun Apr 01 23:55:09 2012
--- Log opened Mon Apr 02 00:46:11 2012
00:46 !irc.deafgeeksirc.com *** Notice -- Client exiting at irc.rubbermallet.org: newform8!newform8@www.nowhere-else.org (Client exited)
00:46 !irc.deafgeeksirc.com *** Notice -- Client exiting at irc.rubbermallet.org: newform|kindle!~newformki@www.nowhere-else.org (Broken pipe)
00:46 !irc.deafgeeksirc.com *** Notice -- Client connecting at irc.rubbermallet.org: newform|kindle (~newformki@www.nowhere-else.org)
00:46 !irc.deafgeeksirc.com *** Notice -- Client connecting at irc.rubbermallet.org: newform8 (newform8@www.nowhere-else.org)
00:47 !irc.deafgeeksirc.com *** Notice -- Client connecting at irc.rubbermallet.org: scrawl47 (scrawl@data.searchirc.org)
00:47 !irc.deafgeeksirc.com *** Notice -- Client exiting at irc.rubbermallet.org: scrawl47!scrawl@data.searchirc.org (Quit: [SearchIRC] Indexed 5 channels in 10 secs @ Apr 2nd, 2012, 1:45 am)
--- Log closed Mon Apr 02 00:53:09 2012
--- Log opened Mon Apr 02 01:14:23 2012
01:14 !irc.deafgeeksirc.com *** Notice -- Client connecting at irc.rubbermallet.org: scrawl81 (scrawl@data.searchirc.org)
01:14 !irc.deafgeeksirc.com *** Notice -- Client exiting at irc.rubbermallet.org: scrawl81!scrawl@data.searchirc.org (Quit: [SearchIRC] This message brought to you by the power of grayskull.)
--- Log closed Mon Apr 02 01:20:09 2012
--- Log opened Mon Apr 02 01:32:24 2012
01:32 !irc.deafgeeksirc.com *** Notice -- Client exiting at irc.rubbermallet.org: newform8!newform8@www.nowhere-else.org (Client exited)
01:32 !irc.deafgeeksirc.com *** Notice -- Client exiting at irc.rubbermallet.org: newform|kindle!~newformki@www.nowhere-else.org (Client exited)
01:33 !irc.deafgeeksirc.com *** Notice -- Client connecting at irc.rubbermallet.org: newform8 (newform8@www.nowhere-else.org)
01:33 !irc.deafgeeksirc.com *** Notice -- Client connecting at irc.rubbermallet.org: newform|kindle (~newformki@www.nowhere-else.org)
--- Log closed Mon Apr 02 01:39:09 2012
--- Log opened Mon Apr 02 01:47:19 2012
01:47 !irc.deafgeeksirc.com *** Notice -- Client connecting at irc.rubbermallet.org: scrawl40 (scrawl@data.searchirc.org)
01:47 !irc.deafgeeksirc.com *** Notice -- Client exiting at irc.rubbermallet.org: scrawl40!scrawl@data.searchirc.org (Quit: [SearchIRC] This message brought to you by the power of grayskull.)
01:50 !irc.deafgeeksirc.com *** Notice -- Client exiting at irc.rubbermallet.org: newform8!newform8@www.nowhere-else.org (Client exited)
01:50 !irc.deafgeeksirc.com *** Notice -- Client exiting at irc.rubbermallet.org: newform|kindle!~newformki@www.nowhere-else.org (Client exited)
01:51 !irc.deafgeeksirc.com *** Notice -- Client connecting at irc.rubbermallet.org: newform8 (newform8@www.nowhere-else.org)
01:51 !irc.deafgeeksirc.com *** Notice -- Client connecting at irc.rubbermallet.org: newform|kindle (~newformki@www.nowhere-else.org)
01:52 !irc.deafgeeksirc.com *** Notice -- Client exiting at irc.rubbermallet.org: newform8!newform8@www.nowhere-else.org (Client exited)
01:52 !irc.deafgeeksirc.com *** Notice -- Client exiting at irc.rubbermallet.org: newform|kindle!~newformki@www.nowhere-else.org (Client exited)
01:53 !irc.deafgeeksirc.com *** Notice -- Client connecting at irc.rubbermallet.org: newform|kindle (~newformki@www.nowhere-else.org)
01:53 !irc.deafgeeksirc.com *** Notice -- Client connecting at irc.rubbermallet.org: newform8 (newform8@www.nowhere-else.org)
01:54 !irc.deafgeeksirc.com *** Notice -- Client exiting at irc.rubbermallet.org: shawn196!IceChat7@c-67-165-211-182.hsd1.co.comcast.net (Quit: Pull the pin and count to what?)
--- Log closed Mon Apr 02 02:00:09 2012
--- Log opened Mon Apr 02 02:14:21 2012
02:14 !irc.deafgeeksirc.com *** Notice -- Client connecting at irc.rubbermallet.org: scrawl18 (scrawl@data.searchirc.org)
02:14 !irc.deafgeeksirc.com *** Notice -- Client exiting at irc.rubbermallet.org: scrawl18!scrawl@data.searchirc.org (Quit: [SearchIRC] This message brought to you by the power of grayskull.)
02:15 !irc.deafgeeksirc.com *** Notice -- Client connecting at irc.rubbermallet.org: miek|netbuk (mike@192.168.1.1)
02:20 !irc.deafgeeksirc.com *** Notice -- Client exiting at irc.rubbermallet.org: miek|netbuk!mike@192.168.1.1 (Ping timeout)
--- Log closed Mon Apr 02 02:26:09 2012
--- Log opened Mon Apr 02 02:26:35 2012
02:26 !irc.deafgeeksirc.com *** Notice -- Client connecting at irc.rubbermallet.org: miek|turion64 (dfdfdf@192.168.1.42)
02:27 !irc.deafgeeksirc.com *** Notice -- Client connecting at irc.rubbermallet.org: miek|netbuk (mike@32.170.189.219)
02:27 !irc.deafgeeksirc.com *** Notice -- Client connecting at irc.rubbermallet.org: Syntax (Syntax@c-50-138-131-165.hsd1.ct.comcast.net)
--- Log closed Mon Apr 02 02:33:09 2012
--- Log opened Mon Apr 02 02:35:35 2012
02:35 !irc.deafgeeksirc.com *** Notice -- Client exiting at irc.rubbermallet.org: shawn186!Tiberius@c-67-165-211-182.hsd1.co.comcast.net (Ping timeout)
02:36 !irc.deafgeeksirc.com *** Notice -- Client connecting at irc.rubbermallet.org: shawn186 (Tiberius@c-67-165-211-182.hsd1.co.comcast.net)
02:36 !irc.deafgeeksirc.com *** Notice -- Client exiting at irc.rubbermallet.org: Syntax!Syntax@c-50-138-131-165.hsd1.ct.comcast.net (Quit: ChatZilla 0.9.88.1 [SeaMonkey 2.9/20120328234924])
--- Log closed Mon Apr 02 02:41:09 2012
--- Log opened Mon Apr 02 02:42:04 2012
02:42 !irc.deafgeeksirc.com *** Notice -- Client exiting at irc.rubbermallet.org: miek|netbuk!mike@32.170.189.219 (Quit: Leaving)
--- Log closed Mon Apr 02 02:47:09 2012
--- Log opened Mon Apr 02 02:47:23 2012
02:47 !irc.deafgeeksirc.com *** Notice -- Client connecting at irc.rubbermallet.org: scrawl27 (scrawl@data.searchirc.org)
02:47 !irc.deafgeeksirc.com *** Notice -- Client exiting at irc.rubbermallet.org: scrawl27!scrawl@data.searchirc.org (Quit: [SearchIRC] This message brought to you by the power of grayskull.)
--- Log closed Mon Apr 02 02:53:09 2012
--- Log opened Mon Apr 02 03:02:40 2012
03:02 !irc.deafgeeksirc.com *** Notice -- Client exiting at irc.rubbermallet.org: shawn186!Tiberius@c-67-165-211-182.hsd1.co.comcast.net (Quit: Now if you will excuse me, I have a giant ball of oil to throw out my window)
--- Log closed Mon Apr 02 03:08:09 2012
--- Log opened Mon Apr 02 03:14:14 2012
03:14 !irc.deafgeeksirc.com *** Notice -- Client connecting at irc.rubbermallet.org: scrawl65 (scrawl@data.searchirc.org)
03:14 !irc.deafgeeksirc.com *** Notice -- Client exiting at irc.rubbermallet.org: scrawl65!scrawl@data.searchirc.org (Quit: [SearchIRC] This message brought to you by the power of grayskull.)
03:15 !irc.deafgeeksirc.com *** Notice -- Client exiting at irc.rubbermallet.org: newform|kindle!~newformki@www.nowhere-else.org (Client exited)
03:15 !irc.deafgeeksirc.com *** Notice -- Client exiting at irc.rubbermallet.org: newform8!newform8@www.nowhere-else.org (Client exited)
03:20 !irc.deafgeeksirc.com *** Notice -- Client exiting: caption (caption@66-215-165-96.dhcp.rvsd.ca.charter.com) [Ping timeout]
--- Log closed Mon Apr 02 03:26:09 2012
--- Log opened Mon Apr 02 03:47:12 2012
03:47 !irc.deafgeeksirc.com *** Notice -- Client connecting at irc.rubbermallet.org: scrawl67 (scrawl@data.searchirc.org)
03:47 !irc.deafgeeksirc.com *** Notice -- Client exiting at irc.rubbermallet.org: scrawl67!scrawl@data.searchirc.org (Quit: [SearchIRC] This message brought to you by the power of grayskull.)
03:48 !irc.deafgeeksirc.com *** Notice -- Client connecting on port 6667: caption (caption@66-215-165-96.dhcp.rvsd.ca.charter.com) [clients] 
--- Log closed Mon Apr 02 03:54:09 2012
--- Log opened Mon Apr 02 04:14:21 2012
04:14 !irc.deafgeeksirc.com *** Notice -- Client connecting at irc.rubbermallet.org: scrawl48 (scrawl@data.searchirc.org)
04:14 !irc.deafgeeksirc.com *** Notice -- Client exiting at irc.rubbermallet.org: scrawl48!scrawl@data.searchirc.org (Quit: [SearchIRC] This message brought to you by the power of grayskull.)
--- Log closed Mon Apr 02 04:20:09 2012
--- Log opened Mon Apr 02 04:31:00 2012
04:31 !irc.deafgeeksirc.com *** Notice -- Client connecting at irc.rubbermallet.org: Zver-UA (Zver-UA@31.133.78.191)
--- Log closed Mon Apr 02 04:36:09 2012
--- Log opened Mon Apr 02 04:47:13 2012
04:47 !irc.deafgeeksirc.com *** Notice -- Client connecting at irc.rubbermallet.org: scrawl46 (scrawl@data.searchirc.org)
04:47 !irc.deafgeeksirc.com *** Notice -- Client exiting at irc.rubbermallet.org: scrawl46!scrawl@data.searchirc.org (Quit: [SearchIRC] This message brought to you by the power of grayskull.)
--- Log closed Mon Apr 02 04:53:09 2012
--- Log opened Mon Apr 02 05:14:11 2012
05:14 !irc.deafgeeksirc.com *** Notice -- Client connecting at irc.rubbermallet.org: scrawl69 (scrawl@data.searchirc.org)
05:14 !irc.deafgeeksirc.com *** Notice -- Client exiting at irc.rubbermallet.org: scrawl69!scrawl@data.searchirc.org (Quit: [SearchIRC] Indexed 5 channels in 10 secs @ Apr 2nd, 2012, 6:12 am)
--- Log closed Mon Apr 02 05:20:09 2012
--- Log opened Mon Apr 02 05:47:17 2012
05:47 !irc.deafgeeksirc.com *** Notice -- Client connecting at irc.rubbermallet.org: scrawl34 (scrawl@data.searchirc.org)
05:47 !irc.deafgeeksirc.com *** Notice -- Client exiting at irc.rubbermallet.org: scrawl34!scrawl@data.searchirc.org (Quit: [SearchIRC] This message brought to you by the power of grayskull.)
--- Log closed Mon Apr 02 05:53:09 2012
--- Log opened Mon Apr 02 06:01:07 2012
06:01 !irc.deafgeeksirc.com *** Notice -- Client connecting at irc.rubbermallet.org: NPE43 (Oh@pool-96-243-56-71.bflony.east.verizon.net)
06:05 !irc.deafgeeksirc.com *** Notice -- Client exiting at irc.rubbermallet.org: Zver-UA!Zver-UA@31.133.78.191 (Client exited)
--- Log closed Mon Apr 02 06:11:09 2012
--- Log opened Mon Apr 02 06:16:00 2012
06:16 !irc.deafgeeksirc.com *** Notice -- Client connecting at irc.rubbermallet.org: scrawl53 (scrawl@data.searchirc.org)
06:16 !irc.deafgeeksirc.com *** Notice -- Client exiting at irc.rubbermallet.org: scrawl53!scrawl@data.searchirc.org (Quit: [SearchIRC] This message brought to you by the power of grayskull.)
--- Log closed Mon Apr 02 06:21:09 2012
--- Log opened Mon Apr 02 06:49:14 2012
06:49 !irc.deafgeeksirc.com *** Notice -- Client connecting at irc.rubbermallet.org: scrawl90 (scrawl@data.searchirc.org)
06:49 !irc.deafgeeksirc.com *** Notice -- Client exiting at irc.rubbermallet.org: scrawl90!scrawl@data.searchirc.org (Quit: [SearchIRC] This message brought to you by the power of grayskull.)
--- Log closed Mon Apr 02 06:55:09 2012
--- Log opened Mon Apr 02 07:16:13 2012
07:16 !irc.deafgeeksirc.com *** Notice -- Client connecting at irc.rubbermallet.org: scrawl11 (scrawl@data.searchirc.org)
07:16 !irc.deafgeeksirc.com *** Notice -- Client exiting at irc.rubbermallet.org: scrawl11!scrawl@data.searchirc.org (Quit: [SearchIRC] This message brought to you by the power of grayskull.)
07:17 !irc.deafgeeksirc.com *** Notice -- Client connecting at irc.rubbermallet.org: Zver-UA (Zver-UA@31.133.64.103)
07:17 !irc.deafgeeksirc.com *** Notice -- Client exiting at irc.rubbermallet.org: Zver-UA!Zver-UA@31.133.64.103 (Quit: )
07:22 !irc.deafgeeksirc.com *** Notice -- Client connecting at irc.rubbermallet.org: Zver-UA (Zver-UA@31.133.64.103)
07:22 !irc.deafgeeksirc.com *** Notice -- Client exiting at irc.rubbermallet.org: knifethrower!knifethrow@74.215.239.69 (Ping timeout)
--- Log closed Mon Apr 02 07:28:09 2012
--- Log opened Mon Apr 02 07:49:07 2012
07:49 !irc.deafgeeksirc.com *** Notice -- Client connecting at irc.rubbermallet.org: scrawl93 (scrawl@data.searchirc.org)
07:49 !irc.deafgeeksirc.com *** Notice -- Client exiting at irc.rubbermallet.org: scrawl93!scrawl@data.searchirc.org (Quit: [SearchIRC] This message brought to you by the power of grayskull.)
--- Log closed Mon Apr 02 07:55:09 2012
--- Log opened Mon Apr 02 08:16:09 2012
08:16 !irc.deafgeeksirc.com *** Notice -- Client connecting at irc.rubbermallet.org: scrawl97 (scrawl@data.searchirc.org)
08:16 !irc.deafgeeksirc.com *** Notice -- Client exiting at irc.rubbermallet.org: scrawl97!scrawl@data.searchirc.org (Quit: [SearchIRC] This message brought to you by the power of grayskull.)
--- Log closed Mon Apr 02 08:22:09 2012
--- Log opened Mon Apr 02 08:26:35 2012
08:26 !irc.deafgeeksirc.com *** Notice -- Client exiting at irc.rubbermallet.org: rms!textual@108.208.84.211 (Client exited)
--- Log closed Mon Apr 02 08:32:09 2012
--- Log opened Mon Apr 02 08:49:12 2012
08:49 !irc.deafgeeksirc.com *** Notice -- Client connecting at irc.rubbermallet.org: scrawl50 (scrawl@data.searchirc.org)
08:49 !irc.deafgeeksirc.com *** Notice -- Client exiting at irc.rubbermallet.org: scrawl50!scrawl@data.searchirc.org (Quit: [SearchIRC] This message brought to you by the power of grayskull.)
--- Log closed Mon Apr 02 08:55:09 2012
--- Log opened Mon Apr 02 09:16:07 2012
09:16 !irc.deafgeeksirc.com *** Notice -- Client connecting at irc.rubbermallet.org: scrawl29 (scrawl@data.searchirc.org)
09:16 !irc.deafgeeksirc.com *** Notice -- Client exiting at irc.rubbermallet.org: scrawl29!scrawl@data.searchirc.org (Quit: [SearchIRC] Indexed 5 channels in 10 secs @ Apr 2nd, 2012, 10:14 am)
--- Log closed Mon Apr 02 09:22:09 2012
--- Log opened Mon Apr 02 09:49:08 2012
09:49 !irc.deafgeeksirc.com *** Notice -- Client connecting at irc.rubbermallet.org: scrawl49 (scrawl@data.searchirc.org)
09:49 !irc.deafgeeksirc.com *** Notice -- Client exiting at irc.rubbermallet.org: scrawl49!scrawl@data.searchirc.org (Quit: [SearchIRC] This message brought to you by the power of grayskull.)
--- Log closed Mon Apr 02 09:55:09 2012
--- Log opened Mon Apr 02 09:57:43 2012
09:57 !irc.deafgeeksirc.com *** Notice -- Received KILL message for TandyMan100!jake@dongs-4F545AE5.dsl.wchtks.sbcglobal.net from tidux Path: irc!r-type!dongs-6B466DAD.hsd1.nh.comcast.net!tidux (English, not memespeak)
09:57 !irc.deafgeeksirc.com *** Notice -- Client exiting at irc.rubbermallet.org: TandyMan100!jake@adsl-71-158-209-144.dsl.wchtks.sbcglobal.net (Killed (tidux (English, not memespeak)))
09:58 !irc.deafgeeksirc.com *** Notice -- Client connecting at irc.rubbermallet.org: TandyMan100 (jake@adsl-71-158-209-144.dsl.wchtks.sbcglobal.net)
09:58 !irc.deafgeeksirc.com *** Notice -- Received KILL message for TandyMan100!jake@dongs-4F545AE5.dsl.wchtks.sbcglobal.net from tidux Path: irc!r-type!dongs-6B466DAD.hsd1.nh.comcast.net!tidux (English, not memespeak)
09:58 !irc.deafgeeksirc.com *** Notice -- Client exiting at irc.rubbermallet.org: TandyMan100!jake@adsl-71-158-209-144.dsl.wchtks.sbcglobal.net (Killed (tidux (English, not memespeak)))
09:59 !irc.deafgeeksirc.com *** Notice -- Client exiting at irc.rubbermallet.org: Zver-UA!Zver-UA@31.133.64.103 (Connection reset by peer)
09:59 !irc.deafgeeksirc.com *** Notice -- Client connecting at irc.rubbermallet.org: Zver-UA (Zver-UA@31.133.64.103)
10:00 !irc.deafgeeksirc.com *** Notice -- Client connecting at irc.rubbermallet.org: TandyMan100 (jake@adsl-71-158-209-144.dsl.wchtks.sbcglobal.net)
--- Log closed Mon Apr 02 10:06:09 2012
--- Log opened Mon Apr 02 10:16:10 2012
10:16 !irc.deafgeeksirc.com *** Notice -- Client connecting at irc.rubbermallet.org: scrawl00 (scrawl@data.searchirc.org)
10:16 !irc.deafgeeksirc.com *** Notice -- Client exiting at irc.rubbermallet.org: scrawl00!scrawl@data.searchirc.org (Quit: [SearchIRC] This message brought to you by the power of grayskull.)
10:16 !irc.deafgeeksirc.com *** Notice -- Client exiting at irc.rubbermallet.org: miek|turion64!dfdfdf@192.168.1.42 (Quit: )
--- Log closed Mon Apr 02 10:22:09 2012
--- Log opened Mon Apr 02 10:45:03 2012
10:45 !irc.deafgeeksirc.com *** Notice -- Client connecting on port 6667: dissimulo|i7 (dissimulo@10.178.228.92) [clients] 
10:45 !irc.deafgeeksirc.com *** Notice -- Client exiting: dissimulo|i7 (dissimulo@10.178.228.92) [FFFFFFFFFff-- leaving]
--- Log closed Mon Apr 02 10:45:47 2012
