--- Log opened Sun Mar 11 00:51:17 2012
00:51 !irc.deafgeeksirc.com *** Notice -- Client exiting at irc.rubbermallet.org: flea86!Flea86@c114-76-82-206.thoms3.vic.optusnet.com.au (Quit: Station breakdown..)
00:56 !irc.deafgeeksirc.com *** Notice -- Client connecting at irc.rubbermallet.org: Zver-UA (Zver-UA@31.133.78.6)
--- Log closed Sun Mar 11 01:01:45 2012
--- Log opened Sun Mar 11 01:09:03 2012
01:09 !irc.deafgeeksirc.com *** Notice -- Client connecting at irc.rubbermallet.org: scrawl71 (scrawl@data.searchirc.org)
01:09 !irc.deafgeeksirc.com *** Notice -- Client exiting at irc.rubbermallet.org: scrawl71!scrawl@data.searchirc.org (Quit: [SearchIRC] This message brought to you by the power of grayskull.)
--- Log closed Sun Mar 11 01:14:45 2012
--- Log opened Sun Mar 11 01:19:21 2012
01:19 !irc.deafgeeksirc.com *** Notice -- Client exiting at irc.rubbermallet.org: shawn196!IceChat7@c-67-165-211-182.hsd1.co.comcast.net (Quit: IceChat - Keeping PC's cool since 2000)
01:22 !irc.deafgeeksirc.com *** Notice -- Client exiting at irc.rubbermallet.org: shawn186_!Tiberius@c-67-165-211-182.hsd1.co.comcast.net (Quit: Few women admit their age.  Few men act theirs.)
--- Log closed Sun Mar 11 01:27:45 2012
--- Log opened Sun Mar 11 01:42:05 2012
01:42 !irc.deafgeeksirc.com *** Notice -- Client connecting at irc.rubbermallet.org: scrawl34 (scrawl@data.searchirc.org)
01:42 !irc.deafgeeksirc.com *** Notice -- Client exiting at irc.rubbermallet.org: scrawl34!scrawl@data.searchirc.org (Quit: [SearchIRC] This message brought to you by the power of grayskull.)
--- Log closed Sun Mar 11 01:47:45 2012
--- Log opened Sun Mar 11 03:09:04 2012
03:09 !irc.deafgeeksirc.com *** Notice -- Client connecting at irc.rubbermallet.org: scrawl17 (scrawl@data.searchirc.org)
03:09 !irc.deafgeeksirc.com *** Notice -- Client exiting at irc.rubbermallet.org: scrawl17!scrawl@data.searchirc.org (Quit: [SearchIRC] This message brought to you by the power of grayskull.)
--- Log closed Sun Mar 11 03:14:45 2012
--- Log opened Sun Mar 11 03:42:06 2012
03:42 !irc.deafgeeksirc.com *** Notice -- Client connecting at irc.rubbermallet.org: scrawl21 (scrawl@data.searchirc.org)
03:42 !irc.deafgeeksirc.com *** Notice -- Client exiting at irc.rubbermallet.org: scrawl21!scrawl@data.searchirc.org (Quit: [SearchIRC] This message brought to you by the power of grayskull.)
--- Log closed Sun Mar 11 03:47:45 2012
--- Log opened Sun Mar 11 04:09:06 2012
04:09 !irc.deafgeeksirc.com *** Notice -- Client connecting at irc.rubbermallet.org: scrawl57 (scrawl@data.searchirc.org)
04:09 !irc.deafgeeksirc.com *** Notice -- Client exiting at irc.rubbermallet.org: scrawl57!scrawl@data.searchirc.org (Quit: [SearchIRC] This message brought to you by the power of grayskull.)
--- Log closed Sun Mar 11 04:14:45 2012
--- Log opened Sun Mar 11 04:42:06 2012
04:42 !irc.deafgeeksirc.com *** Notice -- Client connecting at irc.rubbermallet.org: scrawl52 (scrawl@data.searchirc.org)
04:42 !irc.deafgeeksirc.com *** Notice -- Client exiting at irc.rubbermallet.org: scrawl52!scrawl@data.searchirc.org (Quit: [SearchIRC] Indexed 5 channels in 10 secs @ Mar 11th, 2012, 5:41 am)
04:46 !irc.deafgeeksirc.com *** Notice -- Client connecting at irc.rubbermallet.org: LOCHNESSMONSTER (sue@kanade.hardestyhosting.com)
--- Log closed Sun Mar 11 04:51:45 2012
--- Log opened Sun Mar 11 05:09:07 2012
05:09 !irc.deafgeeksirc.com *** Notice -- Client connecting at irc.rubbermallet.org: scrawl46 (scrawl@data.searchirc.org)
05:09 !irc.deafgeeksirc.com *** Notice -- Client exiting at irc.rubbermallet.org: scrawl46!scrawl@data.searchirc.org (Quit: [SearchIRC] This message brought to you by the power of grayskull.)
05:09 !irc.deafgeeksirc.com *** Notice -- Client connecting at irc.rubbermallet.org: DONGSBOT (DONGSBOT@catastrophe.hardestyhosting.com)
05:11 !irc.deafgeeksirc.com *** Notice -- Client exiting at irc.rubbermallet.org: DONGSBOT!DONGSBOT@catastrophe.hardestyhosting.com (Connection reset by peer)
--- Log closed Sun Mar 11 05:17:45 2012
--- Log opened Sun Mar 11 05:24:15 2012
05:24 !irc.deafgeeksirc.com *** Notice -- Client exiting at irc.rubbermallet.org: dn!dn@207.225.123.91 (Ping timeout)
--- Log closed Sun Mar 11 05:29:45 2012
--- Log opened Sun Mar 11 05:42:06 2012
05:42 !irc.deafgeeksirc.com *** Notice -- Client connecting at irc.rubbermallet.org: scrawl15 (scrawl@data.searchirc.org)
05:42 !irc.deafgeeksirc.com *** Notice -- Client exiting at irc.rubbermallet.org: scrawl15!scrawl@data.searchirc.org (Quit: [SearchIRC] This message brought to you by the power of grayskull.)
--- Log closed Sun Mar 11 05:47:45 2012
--- Log opened Sun Mar 11 05:48:55 2012
05:48 !irc.deafgeeksirc.com *** Notice -- Client exiting at irc.rubbermallet.org: duked!sawyer@c-66-56-45-211.hsd1.ga.comcast.net (Ping timeout)
--- Log closed Sun Mar 11 05:54:45 2012
--- Log opened Sun Mar 11 06:09:05 2012
06:09 !irc.deafgeeksirc.com *** Notice -- Client connecting at irc.rubbermallet.org: scrawl34 (scrawl@data.searchirc.org)
06:09 !irc.deafgeeksirc.com *** Notice -- Client exiting at irc.rubbermallet.org: scrawl34!scrawl@data.searchirc.org (Quit: [SearchIRC] This message brought to you by the power of grayskull.)
--- Log closed Sun Mar 11 06:14:45 2012
--- Log opened Sun Mar 11 06:42:06 2012
06:42 !irc.deafgeeksirc.com *** Notice -- Client connecting at irc.rubbermallet.org: scrawl66 (scrawl@data.searchirc.org)
06:42 !irc.deafgeeksirc.com *** Notice -- Client exiting at irc.rubbermallet.org: scrawl66!scrawl@data.searchirc.org (Quit: [SearchIRC] This message brought to you by the power of grayskull.)
--- Log closed Sun Mar 11 06:47:45 2012
--- Log opened Sun Mar 11 07:09:05 2012
07:09 !irc.deafgeeksirc.com *** Notice -- Client connecting at irc.rubbermallet.org: scrawl82 (scrawl@data.searchirc.org)
07:09 !irc.deafgeeksirc.com *** Notice -- Client exiting at irc.rubbermallet.org: scrawl82!scrawl@data.searchirc.org (Quit: [SearchIRC] This message brought to you by the power of grayskull.)
--- Log closed Sun Mar 11 07:14:45 2012
--- Log opened Sun Mar 11 07:24:11 2012
07:24 !irc.deafgeeksirc.com *** Notice -- Client connecting at irc.rubbermallet.org: NPE43 (Oh@pool-173-64-53-165.bflony.east.verizon.net)
--- Log closed Sun Mar 11 07:29:45 2012
--- Log opened Sun Mar 11 07:42:19 2012
07:42 !irc.deafgeeksirc.com *** Notice -- Client connecting at irc.rubbermallet.org: scrawl95 (scrawl@data.searchirc.org)
07:42 !irc.deafgeeksirc.com *** Notice -- Client exiting at irc.rubbermallet.org: scrawl95!scrawl@data.searchirc.org (Quit: [SearchIRC] This message brought to you by the power of grayskull.)
07:47 !irc.deafgeeksirc.com *** Notice -- Client connecting at irc.rubbermallet.org: Bazinga (q@79.Red-88-1-61.dynamicIP.rima-tde.net)
07:48 !irc.deafgeeksirc.com *** Notice -- Client connecting at irc.rubbermallet.org: dn (dn@207.225.123.91)
07:52 !irc.deafgeeksirc.com *** Notice -- Client connecting at irc.rubbermallet.org: Artem (Artem@212.164.120.190)
--- Log closed Sun Mar 11 07:57:45 2012
--- Log opened Sun Mar 11 08:09:19 2012
08:09 !irc.deafgeeksirc.com *** Notice -- Client connecting at irc.rubbermallet.org: scrawl66 (scrawl@data.searchirc.org)
08:09 !irc.deafgeeksirc.com *** Notice -- Client exiting at irc.rubbermallet.org: scrawl66!scrawl@data.searchirc.org (Quit: [SearchIRC] This message brought to you by the power of grayskull.)
--- Log closed Sun Mar 11 08:14:45 2012
--- Log opened Sun Mar 11 08:42:17 2012
08:42 !irc.deafgeeksirc.com *** Notice -- Client connecting at irc.rubbermallet.org: scrawl34 (scrawl@data.searchirc.org)
08:42 !irc.deafgeeksirc.com *** Notice -- Client exiting at irc.rubbermallet.org: scrawl34!scrawl@data.searchirc.org (Quit: [SearchIRC] Indexed 5 channels in 10 secs @ Mar 11th, 2012, 9:41 am)
--- Log closed Sun Mar 11 08:47:45 2012
--- Log opened Sun Mar 11 09:09:19 2012
09:09 !irc.deafgeeksirc.com *** Notice -- Client connecting at irc.rubbermallet.org: scrawl58 (scrawl@data.searchirc.org)
09:09 !irc.deafgeeksirc.com *** Notice -- Client exiting at irc.rubbermallet.org: scrawl58!scrawl@data.searchirc.org (Quit: [SearchIRC] This message brought to you by the power of grayskull.)
--- Log closed Sun Mar 11 09:14:45 2012
--- Log opened Sun Mar 11 09:25:50 2012
09:25 !irc.deafgeeksirc.com *** Notice -- Client exiting at irc.rubbermallet.org: Artem!Artem@212.164.120.190 (Quit: leaving)
--- Log closed Sun Mar 11 09:31:45 2012
--- Log opened Sun Mar 11 09:42:17 2012
09:42 !irc.deafgeeksirc.com *** Notice -- Client connecting at irc.rubbermallet.org: scrawl01 (scrawl@data.searchirc.org)
09:42 !irc.deafgeeksirc.com *** Notice -- Client exiting at irc.rubbermallet.org: scrawl01!scrawl@data.searchirc.org (Quit: [SearchIRC] This message brought to you by the power of grayskull.)
--- Log closed Sun Mar 11 09:47:45 2012
--- Log opened Sun Mar 11 10:09:17 2012
10:09 !irc.deafgeeksirc.com *** Notice -- Client connecting at irc.rubbermallet.org: scrawl92 (scrawl@data.searchirc.org)
10:09 !irc.deafgeeksirc.com *** Notice -- Client exiting at irc.rubbermallet.org: scrawl92!scrawl@data.searchirc.org (Quit: [SearchIRC] This message brought to you by the power of grayskull.)
--- Log closed Sun Mar 11 10:14:45 2012
--- Log opened Sun Mar 11 10:17:47 2012
10:17 !irc.deafgeeksirc.com *** Notice -- Client connecting at irc.rubbermallet.org: Artem (Artem@212.164.120.190)
10:22 !irc.deafgeeksirc.com *** Notice -- Client connecting at uamd.lolcano.me: ekduo|xe1n (Tehanu@bl13-5-135.dsl.telepac.pt)
10:23 !irc.deafgeeksirc.com *** Notice -- Client exiting at uamd.lolcano.me: ekduo|xeon!Tehanu@bl13-5-135.dsl.telepac.pt (Ping timeout)
--- Log closed Sun Mar 11 10:28:45 2012
--- Log opened Sun Mar 11 10:38:19 2012
10:38 !irc.deafgeeksirc.com *** Notice -- Client exiting at uamd.lolcano.me: ekduo|xe1n!Tehanu@bl13-5-135.dsl.telepac.pt (Ping timeout)
10:39 !irc.deafgeeksirc.com *** Notice -- Client connecting at uamd.lolcano.me: ekduo|xeon (Tehanu@bl13-5-135.dsl.telepac.pt)
10:42 !irc.deafgeeksirc.com *** Notice -- Client connecting at irc.rubbermallet.org: scrawl88 (scrawl@data.searchirc.org)
10:42 !irc.deafgeeksirc.com *** Notice -- Client exiting at irc.rubbermallet.org: scrawl88!scrawl@data.searchirc.org (Quit: [SearchIRC] This message brought to you by the power of grayskull.)
--- Log closed Sun Mar 11 10:47:45 2012
--- Log opened Sun Mar 11 10:48:30 2012
10:48 !irc.deafgeeksirc.com *** Notice -- Client exiting at irc.rubbermallet.org: Artem!Artem@212.164.120.190 (Quit: leaving)
10:50 !irc.deafgeeksirc.com *** Notice -- Client connecting at uamd.lolcano.me: ekduo|xe1n (Tehanu@bl7-64-72.dsl.telepac.pt)
10:51 !irc.deafgeeksirc.com *** Notice -- Client exiting at uamd.lolcano.me: ekduo|xeon!Tehanu@bl13-5-135.dsl.telepac.pt (Ping timeout)
--- Log closed Sun Mar 11 10:56:45 2012
--- Log opened Sun Mar 11 11:00:32 2012
11:00 !irc.deafgeeksirc.com *** Notice -- Client connecting at uamd.lolcano.me: ekduo|xeon (Tehanu@bl13-5-135.dsl.telepac.pt)
11:02 !irc.deafgeeksirc.com *** Notice -- Client exiting at uamd.lolcano.me: ekduo|xe1n!Tehanu@bl7-64-72.dsl.telepac.pt (Ping timeout)
--- Log closed Sun Mar 11 11:07:45 2012
--- Log opened Sun Mar 11 11:09:20 2012
11:09 !irc.deafgeeksirc.com *** Notice -- Client connecting at irc.rubbermallet.org: scrawl42 (scrawl@data.searchirc.org)
11:09 !irc.deafgeeksirc.com *** Notice -- Client exiting at irc.rubbermallet.org: scrawl42!scrawl@data.searchirc.org (Quit: [SearchIRC] This message brought to you by the power of grayskull.)
--- Log closed Sun Mar 11 11:14:45 2012
--- Log opened Sun Mar 11 11:31:58 2012
11:31 !irc.deafgeeksirc.com *** Notice -- Client connecting at irc.rubbermallet.org: newform8|droidx (AndChat@c-68-32-237-215.hsd1.nj.comcast.net)
--- Log closed Sun Mar 11 11:37:45 2012
--- Log opened Sun Mar 11 11:42:18 2012
11:42 !irc.deafgeeksirc.com *** Notice -- Client connecting at irc.rubbermallet.org: scrawl52 (scrawl@data.searchirc.org)
11:42 !irc.deafgeeksirc.com *** Notice -- Client exiting at irc.rubbermallet.org: scrawl52!scrawl@data.searchirc.org (Quit: [SearchIRC] This message brought to you by the power of grayskull.)
--- Log closed Sun Mar 11 11:47:45 2012
--- Log opened Sun Mar 11 11:51:08 2012
11:51 !irc.deafgeeksirc.com *** Notice -- Client connecting at irc.rubbermallet.org: NoBones (Sara@24-151-94-148.dhcp.nwtn.ct.charter.com)
--- Log closed Sun Mar 11 11:56:45 2012
--- Log opened Sun Mar 11 11:58:08 2012
11:58 !irc.deafgeeksirc.com *** Notice -- Client exiting at irc.rubbermallet.org: hhh!SomeUser@206.113.163.243 (Connection reset by peer)
--- Log closed Sun Mar 11 12:03:45 2012
--- Log opened Sun Mar 11 12:16:36 2012
12:16 !irc.deafgeeksirc.com *** Notice -- Client exiting at irc.rubbermallet.org: newform8|droidx!AndChat@c-68-32-237-215.hsd1.nj.comcast.net (Quit: Bye)
12:19 !irc.deafgeeksirc.com *** Notice -- Client connecting at uamd.lolcano.me: ekduo|xe1n (Tehanu@bl7-64-72.dsl.telepac.pt)
12:21 !irc.deafgeeksirc.com *** Notice -- Client exiting at uamd.lolcano.me: ekduo|xeon!Tehanu@bl13-5-135.dsl.telepac.pt (Ping timeout)
--- Log closed Sun Mar 11 12:26:45 2012
--- Log opened Sun Mar 11 12:28:04 2012
12:28 !irc.deafgeeksirc.com *** Notice -- Client connecting at irc.rubbermallet.org: hhh (SomeUser@206.113.163.243)
12:29 !irc.deafgeeksirc.com *** Notice -- Client exiting at irc.rubbermallet.org: hhh!SomeUser@206.113.163.243 (Client exited)
12:32 !irc.deafgeeksirc.com *** Notice -- Client exiting at uamd.lolcano.me: ekduo|xe1n!Tehanu@bl7-64-72.dsl.telepac.pt (Ping timeout)
--- Log closed Sun Mar 11 12:37:45 2012
--- Log opened Sun Mar 11 12:40:36 2012
12:40 !irc.deafgeeksirc.com *** Notice -- Client connecting at uamd.lolcano.me: ekduo|xeon (Tehanu@bl13-5-135.dsl.telepac.pt)
12:41 !irc.deafgeeksirc.com *** Notice -- Client connecting at irc.rubbermallet.org: scrawl53 (scrawl@data.searchirc.org)
12:42 !irc.deafgeeksirc.com *** Notice -- Client exiting at irc.rubbermallet.org: scrawl53!scrawl@data.searchirc.org (Quit: [SearchIRC] This message brought to you by the power of grayskull.)
--- Log closed Sun Mar 11 12:47:45 2012
--- Log opened Sun Mar 11 13:09:10 2012
13:09 !irc.deafgeeksirc.com *** Notice -- Client connecting at irc.rubbermallet.org: scrawl81 (scrawl@data.searchirc.org)
13:09 !irc.deafgeeksirc.com *** Notice -- Client exiting at irc.rubbermallet.org: scrawl81!scrawl@data.searchirc.org (Quit: [SearchIRC] Indexed 4 channels in 10 secs @ Mar 11th, 2012, 2:08 pm)
--- Log closed Sun Mar 11 13:14:45 2012
--- Log opened Sun Mar 11 13:42:08 2012
13:42 !irc.deafgeeksirc.com *** Notice -- Client connecting at irc.rubbermallet.org: scrawl57 (scrawl@data.searchirc.org)
13:42 !irc.deafgeeksirc.com *** Notice -- Client exiting at irc.rubbermallet.org: scrawl57!scrawl@data.searchirc.org (Quit: [SearchIRC] This message brought to you by the power of grayskull.)
--- Log closed Sun Mar 11 13:47:45 2012
--- Log opened Sun Mar 11 14:00:50 2012
14:00 !irc.deafgeeksirc.com *** Notice -- Client connecting at uamd.lolcano.me: ekduo|xe1n (Tehanu@bl7-64-72.dsl.telepac.pt)
14:02 !irc.deafgeeksirc.com *** Notice -- Client exiting at uamd.lolcano.me: ekduo|xeon!Tehanu@bl13-5-135.dsl.telepac.pt (Ping timeout)
--- Log closed Sun Mar 11 14:07:45 2012
--- Log opened Sun Mar 11 14:09:07 2012
14:09 !irc.deafgeeksirc.com *** Notice -- Client connecting at irc.rubbermallet.org: scrawl47 (scrawl@data.searchirc.org)
14:09 !irc.deafgeeksirc.com *** Notice -- Client exiting at irc.rubbermallet.org: scrawl47!scrawl@data.searchirc.org (Quit: [SearchIRC] This message brought to you by the power of grayskull.)
--- Log closed Sun Mar 11 14:14:45 2012
--- Log opened Sun Mar 11 14:42:09 2012
14:42 !irc.deafgeeksirc.com *** Notice -- Client connecting at irc.rubbermallet.org: scrawl83 (scrawl@data.searchirc.org)
14:42 !irc.deafgeeksirc.com *** Notice -- Client exiting at irc.rubbermallet.org: scrawl83!scrawl@data.searchirc.org (Quit: [SearchIRC] This message brought to you by the power of grayskull.)
--- Log closed Sun Mar 11 14:47:45 2012
--- Log opened Sun Mar 11 15:09:08 2012
15:09 !irc.deafgeeksirc.com *** Notice -- Client connecting at irc.rubbermallet.org: scrawl12 (scrawl@data.searchirc.org)
15:09 !irc.deafgeeksirc.com *** Notice -- Client exiting at irc.rubbermallet.org: scrawl12!scrawl@data.searchirc.org (Quit: [SearchIRC] This message brought to you by the power of grayskull.)
15:11 !irc.deafgeeksirc.com *** Notice -- Client connecting at irc.rubbermallet.org: duked (sawyer@c-66-56-45-211.hsd1.ga.comcast.net)
--- Log closed Sun Mar 11 15:16:45 2012
--- Log opened Sun Mar 11 15:33:38 2012
15:33 !irc.deafgeeksirc.com *** Notice -- Client exiting at uamd.lolcano.me: ekduo|xe1n!Tehanu@bl7-64-72.dsl.telepac.pt (Ping timeout)
15:36 !irc.deafgeeksirc.com *** Notice -- Client connecting at uamd.lolcano.me: ekduo|xeon (Tehanu@bl7-64-72.dsl.telepac.pt)
--- Log closed Sun Mar 11 15:41:45 2012
--- Log opened Sun Mar 11 15:42:06 2012
15:42 !irc.deafgeeksirc.com *** Notice -- Client connecting at irc.rubbermallet.org: scrawl79 (scrawl@data.searchirc.org)
15:42 !irc.deafgeeksirc.com *** Notice -- Client exiting at irc.rubbermallet.org: scrawl79!scrawl@data.searchirc.org (Quit: [SearchIRC] This message brought to you by the power of grayskull.)
--- Log closed Sun Mar 11 15:47:45 2012
--- Log opened Sun Mar 11 16:03:51 2012
16:03 !irc.deafgeeksirc.com *** Notice -- Client exiting at uamd.lolcano.me: Sudos|Nook!~SudosNook@192.168.42.1 (Quit: Bye)
16:07 !irc.deafgeeksirc.com *** Notice -- Client exiting at uamd.lolcano.me: Sudos|X120e!X120e@192.168.42.1 (Quit: THE FLOOR IS LAVA)
16:09 !irc.deafgeeksirc.com *** Notice -- Client connecting at irc.rubbermallet.org: scrawl28 (scrawl@data.searchirc.org)
16:09 !irc.deafgeeksirc.com *** Notice -- Client exiting at irc.rubbermallet.org: scrawl28!scrawl@data.searchirc.org (Quit: [SearchIRC] This message brought to you by the power of grayskull.)
--- Log closed Sun Mar 11 16:14:45 2012
--- Log opened Sun Mar 11 16:42:06 2012
16:42 !irc.deafgeeksirc.com *** Notice -- Client connecting at irc.rubbermallet.org: scrawl77 (scrawl@data.searchirc.org)
16:42 !irc.deafgeeksirc.com *** Notice -- Client exiting at irc.rubbermallet.org: scrawl77!scrawl@data.searchirc.org (Quit: [SearchIRC] This message brought to you by the power of grayskull.)
--- Log closed Sun Mar 11 16:47:45 2012
--- Log opened Sun Mar 11 17:02:09 2012
17:02 !irc.deafgeeksirc.com *** Notice -- Client connecting at uamd.lolcano.me: noodle (noodle@c-50-135-14-20.hsd1.wa.comcast.net)
--- Log closed Sun Mar 11 17:07:45 2012
--- Log opened Sun Mar 11 17:09:06 2012
17:09 !irc.deafgeeksirc.com *** Notice -- Client connecting at irc.rubbermallet.org: scrawl05 (scrawl@data.searchirc.org)
--- Log closed Sun Mar 11 17:14:45 2012
--- Log opened Sun Mar 11 17:21:40 2012
17:21 !irc.deafgeeksirc.com *** Notice -- Client connecting at uamd.lolcano.me: Sudos|X120e (X120e@64.134.242.80)
--- Log closed Sun Mar 11 17:26:45 2012
--- Log opened Sun Mar 11 17:36:47 2012
17:36 !irc.deafgeeksirc.com *** Notice -- Client connecting at uamd.lolcano.me: Sudos|Nook (~SudosNook@64.134.242.80)
17:36 !irc.deafgeeksirc.com Sudos|Nook (~SudosNook@netadmin.haul.in.the.crabs.uamd.lolcano.me) [superdos] is now a network administrator (N)
--- Log closed Sun Mar 11 17:42:45 2012
--- Log opened Sun Mar 11 17:43:39 2012
17:43 !irc.deafgeeksirc.com *** Notice -- Client connecting at irc.rubbermallet.org: Erik|tablet (~Eriktable@206-188-73-115.cpe.distributel.net)
--- Log closed Sun Mar 11 17:48:45 2012
--- Log opened Sun Mar 11 17:52:36 2012
17:52 !irc.deafgeeksirc.com *** Notice -- Client connecting at irc.rubbermallet.org: Tandy|Win8 (jaek@108-193-192-179.lightspeed.wchtks.sbcglobal.net)
17:53 !irc.deafgeeksirc.com *** Notice -- Client exiting at irc.rubbermallet.org: LOCHNESSMONSTER!sue@kanade.hardestyhosting.com (Ping timeout)
17:55 !irc.deafgeeksirc.com *** Notice -- Client connecting at irc.rubbermallet.org: LOCHNESSMONSTER (sue@kanade.hardestyhosting.com)
--- Log closed Sun Mar 11 18:00:45 2012
--- Log opened Sun Mar 11 18:02:25 2012
18:02 !irc.deafgeeksirc.com *** Notice -- Client connecting at irc.rubbermallet.org: flea86 (Flea86@c114-76-82-206.thoms3.vic.optusnet.com.au)
--- Log closed Sun Mar 11 18:07:45 2012
--- Log opened Sun Mar 11 18:09:24 2012
18:09 !irc.deafgeeksirc.com *** Notice -- Client exiting at irc.rubbermallet.org: scrawl05!scrawl@data.searchirc.org (Quit: [SearchIRC] Indexed 4 channels in 198 secs @ Mar 11th, 2012, 7:08 pm)
18:11 !irc.deafgeeksirc.com *** Notice -- Client connecting at irc.rubbermallet.org: scrawl78 (scrawl@data.searchirc.org)
18:11 !irc.deafgeeksirc.com *** Notice -- Client exiting at irc.rubbermallet.org: scrawl78!scrawl@data.searchirc.org (Quit: [SearchIRC] This message brought to you by the power of grayskull.)
18:13 !irc.deafgeeksirc.com *** Notice -- Client exiting at uamd.lolcano.me: Sudos|Nook!~SudosNook@64.134.242.80 (Quit: Bye)
--- Log closed Sun Mar 11 18:18:45 2012
--- Log opened Sun Mar 11 18:26:47 2012
18:26 !irc.deafgeeksirc.com *** Notice -- Client exiting at uamd.lolcano.me: Sudos|X120e!X120e@64.134.242.80 (Quit: bye nigs)
--- Log closed Sun Mar 11 18:32:45 2012
--- Log opened Sun Mar 11 18:44:38 2012
18:44 !irc.deafgeeksirc.com *** Notice -- Client connecting at irc.rubbermallet.org: scrawl00 (scrawl@data.searchirc.org)
18:44 !irc.deafgeeksirc.com *** Notice -- Client exiting at irc.rubbermallet.org: scrawl00!scrawl@data.searchirc.org (Quit: [SearchIRC] This message brought to you by the power of grayskull.)
18:45 !irc.deafgeeksirc.com *** Notice -- Client exiting at irc.rubbermallet.org: dn!dn@207.225.123.91 (Ping timeout)
--- Log closed Sun Mar 11 18:50:45 2012
--- Log opened Sun Mar 11 19:11:08 2012
19:11 !irc.deafgeeksirc.com *** Notice -- Client connecting at irc.rubbermallet.org: dn (dn@207.225.123.91)
19:11 !irc.deafgeeksirc.com *** Notice -- Client connecting at irc.rubbermallet.org: scrawl10 (scrawl@data.searchirc.org)
19:11 !irc.deafgeeksirc.com *** Notice -- Client exiting at irc.rubbermallet.org: scrawl10!scrawl@data.searchirc.org (Quit: [SearchIRC] This message brought to you by the power of grayskull.)
--- Log closed Sun Mar 11 19:16:45 2012
--- Log opened Sun Mar 11 19:23:24 2012
19:23 !irc.deafgeeksirc.com *** Notice -- Client connecting at uamd.lolcano.me: Sudos|X120e (X120e@192.168.42.1)
--- Log closed Sun Mar 11 19:28:45 2012
--- Log opened Sun Mar 11 19:32:44 2012
19:32 !irc.deafgeeksirc.com *** Notice -- Client connecting at irc.rubbermallet.org: miek|netbuk (mieknetbu@32.145.114.168)
--- Log closed Sun Mar 11 19:37:45 2012
--- Log opened Sun Mar 11 19:38:47 2012
19:38 !irc.deafgeeksirc.com *** Notice -- Received KILL message for Yamato!Yamato@dongs-193E8B22.hsd1.ct.comcast.net from Sudos|AthXP Path: irc!uamd!netadmin.haul.in.the.crabs.uamd.lolcano.me!Sudos|AthXP (not mad)
19:38 !irc.deafgeeksirc.com *** Notice -- Client exiting at irc.rubbermallet.org: Yamato!Yamato@c-71-234-145-185.hsd1.ct.comcast.net (Killed (Sudos|AthXP (not mad)))
19:38 !irc.deafgeeksirc.com *** Notice -- Client connecting at irc.rubbermallet.org: Yamato (Yamato@c-71-234-145-185.hsd1.ct.comcast.net)
19:40 !irc.deafgeeksirc.com *** Notice -- Client exiting at irc.rubbermallet.org: dn!dn@207.225.123.91 (Quit: )
19:44 !irc.deafgeeksirc.com *** Notice -- Client connecting at irc.rubbermallet.org: scrawl30 (scrawl@data.searchirc.org)
19:44 !irc.deafgeeksirc.com *** Notice -- Client exiting at irc.rubbermallet.org: scrawl30!scrawl@data.searchirc.org (Quit: [SearchIRC] This message brought to you by the power of grayskull.)
--- Log closed Sun Mar 11 19:49:45 2012
--- Log opened Sun Mar 11 19:55:59 2012
19:55 !irc.deafgeeksirc.com *** Notice -- Received KILL message for Sudos|AthXP!AthXP@netadmin.haul.in.the.crabs.uamd.lolcano.me from tidux Path: irc!r-type!dongs-6B466DAD.hsd1.nh.comcast.net!tidux (wake up nigger)
19:55 !irc.deafgeeksirc.com *** Notice -- Client exiting at uamd.lolcano.me: Sudos|AthXP!AthXP@192.168.42.1 (Killed (tidux (wake up nigger)))
19:56 !irc.deafgeeksirc.com *** Notice -- Received KILL message for Sudos|X120e!X120e@332412A4.D88C4013.ACA6E65E.IP from tidux Path: irc!r-type!dongs-6B466DAD.hsd1.nh.comcast.net!tidux (wake up nigger)
19:56 !irc.deafgeeksirc.com *** Notice -- Client exiting at uamd.lolcano.me: Sudos|X120e!X120e@192.168.42.1 (Killed (tidux (wake up nigger)))
19:56 !irc.deafgeeksirc.com *** Notice -- Received KILL message for Sudos|i486!~Sudosi486@netadmin.haul.in.the.crabs.uamd.lolcano.me from tidux Path: irc!r-type!dongs-6B466DAD.hsd1.nh.comcast.net!tidux (wake up nigger)
19:56 !irc.deafgeeksirc.com *** Notice -- Client exiting at uamd.lolcano.me: Sudos|i486!~Sudosi486@localhost (Killed (tidux (wake up nigger)))
19:56 !irc.deafgeeksirc.com *** Notice -- Client connecting at uamd.lolcano.me: Sudos|i486 (~Sudosi486@localhost)
19:57 !irc.deafgeeksirc.com *** Notice -- Client exiting at uamd.lolcano.me: ekduo|xeon!Tehanu@bl7-64-72.dsl.telepac.pt (Ping timeout)
19:57 !irc.deafgeeksirc.com *** Notice -- Client exiting at irc.rubbermallet.org: miek|netbuk!mieknetbu@32.145.114.168 (Quit: )
20:00 !irc.deafgeeksirc.com *** Notice -- Client connecting at uamd.lolcano.me: ekduo|xeon (Tehanu@bl7-64-72.dsl.telepac.pt)
--- Log closed Sun Mar 11 20:05:45 2012
--- Log opened Sun Mar 11 20:11:30 2012
20:11 !irc.deafgeeksirc.com *** Notice -- Client connecting at irc.rubbermallet.org: scrawl42 (scrawl@data.searchirc.org)
20:11 !irc.deafgeeksirc.com *** Notice -- Client exiting at irc.rubbermallet.org: scrawl42!scrawl@data.searchirc.org (Quit: [SearchIRC] This message brought to you by the power of grayskull.)
--- Log closed Sun Mar 11 20:16:45 2012
--- Log opened Sun Mar 11 20:19:55 2012
20:19 !irc.deafgeeksirc.com *** Notice -- Client exiting at irc.rubbermallet.org: tab!tab@pool-108-36-132-49.phlapa.east.verizon.net (Ping timeout)
20:20 !irc.deafgeeksirc.com *** Notice -- Client exiting at irc.rubbermallet.org: Macbot!Macbot@pool-108-36-132-49.phlapa.east.verizon.net (Ping timeout)
--- Log closed Sun Mar 11 20:25:45 2012
--- Log opened Sun Mar 11 20:31:09 2012
20:31 !irc.deafgeeksirc.com *** Notice -- Client connecting at irc.rubbermallet.org: tab (tab@pool-72-92-66-159.phlapa.east.verizon.net)
20:31 !irc.deafgeeksirc.com *** Notice -- Client connecting at irc.rubbermallet.org: Macbot (Macbot@pool-72-92-66-159.phlapa.east.verizon.net)
--- Log closed Sun Mar 11 20:37:45 2012
--- Log opened Sun Mar 11 20:44:36 2012
20:44 !irc.deafgeeksirc.com *** Notice -- Client connecting at irc.rubbermallet.org: scrawl61 (scrawl@data.searchirc.org)
20:44 !irc.deafgeeksirc.com *** Notice -- Client exiting at irc.rubbermallet.org: scrawl61!scrawl@data.searchirc.org (Quit: [SearchIRC] This message brought to you by the power of grayskull.)
--- Log closed Sun Mar 11 20:49:45 2012
--- Log opened Sun Mar 11 20:51:39 2012
20:51 !irc.deafgeeksirc.com *** Notice -- Client exiting at irc.rubbermallet.org: duked!sawyer@c-66-56-45-211.hsd1.ga.comcast.net (Ping timeout)
20:53 !irc.deafgeeksirc.com *** Notice -- Client connecting at uamd.lolcano.me: Sudos|AthXP (AthXP@192.168.42.1)
20:54 !irc.deafgeeksirc.com Sudos|AthXP (AthXP@netadmin.haul.in.the.crabs.uamd.lolcano.me) [superdos] is now a network administrator (N)
20:54 !irc.deafgeeksirc.com *** Notice -- Received KILL message for tidux!jon@dongs-6B466DAD.hsd1.nh.comcast.net from Sudos|AthXP Path: irc!uamd!netadmin.haul.in.the.crabs.uamd.lolcano.me!Sudos|AthXP (this is for you)
20:54 !irc.deafgeeksirc.com *** Notice -- Client exiting at r-type.rubbermallet.org: tidux!jon@c-24-61-183-110.hsd1.nh.comcast.net (Killed (Sudos|AthXP (this is for you)))
20:55 !irc.deafgeeksirc.com king_crimson (king_crims@9AEEEEEC.ED5D9C8B.ACA6E65E.IP) [mike] is now a network administrator (N)
21:00 !irc.deafgeeksirc.com *** Notice -- Client exiting at uamd.lolcano.me: noodle!noodle@c-50-135-14-20.hsd1.wa.comcast.net (Quit: /quit)
21:03 !irc.deafgeeksirc.com *** Notice -- Client connecting at r-type.rubbermallet.org: tidux (jon@c-24-61-183-110.hsd1.nh.comcast.net)
21:05 !irc.deafgeeksirc.com tidux (jon@dongs-6B466DAD.hsd1.nh.comcast.net) [todixu] is now a network administrator (N)
21:05 !irc.deafgeeksirc.com *** Notice -- Received KILL message for Sudos|AthXP!AthXP@netadmin.haul.in.the.crabs.uamd.lolcano.me from tidux Path: irc!r-type!dongs-6B466DAD.hsd1.nh.comcast.net!tidux (Too bad I'm a Sith, bitch.)
21:05 !irc.deafgeeksirc.com *** Notice -- Client exiting at uamd.lolcano.me: Sudos|AthXP!AthXP@192.168.42.1 (Killed (tidux (Too bad I'm a Sith, bitch.)))
21:05 !irc.deafgeeksirc.com *** Notice -- Client connecting at uamd.lolcano.me: Sudos|AthXP (AthXP@192.168.42.1)
21:09 !irc.deafgeeksirc.com *** Notice -- Client exiting at irc.rubbermallet.org: NPE43!Oh@pool-173-64-53-165.bflony.east.verizon.net (Quit: Leaving)
21:11 !irc.deafgeeksirc.com *** Notice -- Client connecting at irc.rubbermallet.org: scrawl56 (scrawl@data.searchirc.org)
21:11 !irc.deafgeeksirc.com *** Notice -- Client exiting at irc.rubbermallet.org: scrawl56!scrawl@data.searchirc.org (Quit: [SearchIRC] This message brought to you by the power of grayskull.)
--- Log closed Sun Mar 11 21:17:45 2012
--- Log opened Sun Mar 11 21:18:43 2012
21:18 !irc.deafgeeksirc.com *** Notice -- Client exiting at irc.rubbermallet.org: LOCHNESSMONSTER!sue@kanade.hardestyhosting.com (Ping timeout)
--- Log closed Sun Mar 11 21:23:45 2012
--- Log opened Sun Mar 11 21:27:56 2012
21:27 !irc.deafgeeksirc.com *** Notice -- Client connecting at irc.rubbermallet.org: LOCHNESSMONSTER (sue@kanade.hardestyhosting.com)
--- Log closed Sun Mar 11 21:33:45 2012
--- Log opened Sun Mar 11 21:42:55 2012
21:42 !irc.deafgeeksirc.com *** Notice -- Client exiting at irc.rubbermallet.org: flea86!Flea86@c114-76-82-206.thoms3.vic.optusnet.com.au (Quit: Station breakdown..)
21:44 !irc.deafgeeksirc.com *** Notice -- Client connecting at irc.rubbermallet.org: scrawl35 (scrawl@data.searchirc.org)
21:44 !irc.deafgeeksirc.com *** Notice -- Client exiting at irc.rubbermallet.org: scrawl35!scrawl@data.searchirc.org (Quit: [SearchIRC] This message brought to you by the power of grayskull.)
--- Log closed Sun Mar 11 21:49:45 2012
--- Log opened Sun Mar 11 21:57:33 2012
21:57 !irc.deafgeeksirc.com *** Notice -- Client connecting at irc.rubbermallet.org: duked (sawyer@c-71-199-173-70.hsd1.ga.comcast.net)
--- Log closed Sun Mar 11 22:02:45 2012
--- Log opened Sun Mar 11 22:11:32 2012
22:11 !irc.deafgeeksirc.com *** Notice -- Client connecting at irc.rubbermallet.org: scrawl39 (scrawl@data.searchirc.org)
22:11 !irc.deafgeeksirc.com *** Notice -- Client exiting at irc.rubbermallet.org: scrawl39!scrawl@data.searchirc.org (Quit: [SearchIRC] Indexed 4 channels in 10 secs @ Mar 11th, 2012, 11:10 pm)
--- Log closed Sun Mar 11 22:17:45 2012
--- Log opened Sun Mar 11 22:20:00 2012
22:20 !irc.deafgeeksirc.com *** Notice -- Client connecting at uamd.lolcano.me: Sudos|Nook (~SudosNook@192.168.42.1)
22:20 !irc.deafgeeksirc.com Sudos|Nook (~SudosNook@netadmin.haul.in.the.crabs.uamd.lolcano.me) [superdos] is now a network administrator (N)
--- Log closed Sun Mar 11 22:25:45 2012
--- Log opened Sun Mar 11 22:26:29 2012
22:26 !irc.deafgeeksirc.com *** Notice -- Client connecting at uamd.lolcano.me: Sudos|X120e (X120e@192.168.42.1)
--- Log closed Sun Mar 11 22:31:45 2012
--- Log opened Sun Mar 11 22:37:07 2012
22:37 !irc.deafgeeksirc.com *** Notice -- Client connecting at irc.rubbermallet.org: shawn196 (IceChat7@c-67-165-211-182.hsd1.co.comcast.net)
--- Log closed Sun Mar 11 22:42:45 2012
--- Log opened Sun Mar 11 22:44:37 2012
22:44 !irc.deafgeeksirc.com *** Notice -- Client connecting at irc.rubbermallet.org: scrawl43 (scrawl@data.searchirc.org)
22:44 !irc.deafgeeksirc.com *** Notice -- Client exiting at irc.rubbermallet.org: scrawl43!scrawl@data.searchirc.org (Quit: [SearchIRC] This message brought to you by the power of grayskull.)
--- Log closed Sun Mar 11 22:50:45 2012
--- Log opened Sun Mar 11 22:51:10 2012
22:51 !irc.deafgeeksirc.com *** Notice -- Client exiting at uamd.lolcano.me: ekduo|xeon!Tehanu@bl7-64-72.dsl.telepac.pt (Quit: leaving)
22:51 !irc.deafgeeksirc.com *** Notice -- Client connecting at irc.rubbermallet.org: newform8 (4c75705e@ircip1.mibbit.com)
22:55 !irc.deafgeeksirc.com *** Notice -- Client exiting at irc.rubbermallet.org: LOCHNESSMONSTER!sue@kanade.hardestyhosting.com (Ping timeout)
--- Log closed Sun Mar 11 23:00:45 2012
--- Log opened Sun Mar 11 23:07:30 2012
23:07 !irc.deafgeeksirc.com *** Notice -- Client connecting at uamd.lolcano.me: ekduo|xeon (Tehanu@bl7-64-72.dsl.telepac.pt)
--- Log closed Sun Mar 11 23:12:45 2012
--- Log opened Sun Mar 11 23:13:31 2012
23:13 !irc.deafgeeksirc.com *** Notice -- Client connecting at irc.rubbermallet.org: scrawl63 (scrawl@data.searchirc.org)
23:13 !irc.deafgeeksirc.com *** Notice -- Client exiting at irc.rubbermallet.org: scrawl63!scrawl@data.searchirc.org (Quit: [SearchIRC] This message brought to you by the power of grayskull.)
--- Log closed Sun Mar 11 23:18:45 2012
--- Log opened Sun Mar 11 23:43:28 2012
23:43 !irc.deafgeeksirc.com *** Notice -- Client exiting at irc.rubbermallet.org: usotsuki-meganium!usotsuki@yauncle.net (Ping timeout)
23:46 !irc.deafgeeksirc.com *** Notice -- Client connecting at irc.rubbermallet.org: scrawl24 (scrawl@data.searchirc.org)
23:46 !irc.deafgeeksirc.com *** Notice -- Client exiting at irc.rubbermallet.org: scrawl24!scrawl@data.searchirc.org (Quit: [SearchIRC] This message brought to you by the power of grayskull.)
--- Log closed Sun Mar 11 23:51:45 2012
--- Log opened Mon Mar 12 00:01:55 2012
00:01 !irc.deafgeeksirc.com *** Notice -- Client exiting at irc.rubbermallet.org: duked!sawyer@c-71-199-173-70.hsd1.ga.comcast.net (Connection reset by peer)
00:01 !irc.deafgeeksirc.com *** Notice -- Client exiting at irc.rubbermallet.org: Bazinga!q@79.Red-88-1-61.dynamicIP.rima-tde.net (Connection reset by peer)
--- Log closed Mon Mar 12 00:07:45 2012
--- Log opened Mon Mar 12 00:13:26 2012
00:13 !irc.deafgeeksirc.com *** Notice -- Client connecting at irc.rubbermallet.org: scrawl34 (scrawl@data.searchirc.org)
00:13 !irc.deafgeeksirc.com *** Notice -- Client exiting at irc.rubbermallet.org: scrawl34!scrawl@data.searchirc.org (Quit: [SearchIRC] This message brought to you by the power of grayskull.)
--- Log closed Mon Mar 12 00:18:45 2012
--- Log opened Mon Mar 12 00:39:41 2012
00:39 !irc.deafgeeksirc.com *** Notice -- Client exiting at irc.rubbermallet.org: shawn196!IceChat7@c-67-165-211-182.hsd1.co.comcast.net (Ping timeout)
--- Log closed Mon Mar 12 00:44:45 2012
--- Log opened Mon Mar 12 00:46:26 2012
00:46 !irc.deafgeeksirc.com *** Notice -- Client connecting at irc.rubbermallet.org: scrawl62 (scrawl@data.searchirc.org)
00:46 !irc.deafgeeksirc.com *** Notice -- Client exiting at irc.rubbermallet.org: scrawl62!scrawl@data.searchirc.org (Quit: [SearchIRC] This message brought to you by the power of grayskull.)
--- Log closed Mon Mar 12 00:51:45 2012
--- Log opened Mon Mar 12 00:59:57 2012
00:59 !irc.deafgeeksirc.com *** Notice -- Client exiting at uamd.lolcano.me: ekduo|xeon!Tehanu@bl7-64-72.dsl.telepac.pt (Quit: leaving)
--- Log closed Mon Mar 12 01:05:45 2012
--- Log opened Mon Mar 12 01:13:22 2012
01:13 !irc.deafgeeksirc.com *** Notice -- Client connecting at irc.rubbermallet.org: scrawl07 (scrawl@data.searchirc.org)
01:13 !irc.deafgeeksirc.com *** Notice -- Client exiting at irc.rubbermallet.org: scrawl07!scrawl@data.searchirc.org (Quit: [SearchIRC] This message brought to you by the power of grayskull.)
01:16 !irc.deafgeeksirc.com *** Notice -- Client connecting at irc.rubbermallet.org: shawn196 (IceChat7@c-67-165-211-182.hsd1.co.comcast.net)
01:21 !irc.deafgeeksirc.com *** Notice -- Client exiting at irc.rubbermallet.org: Macbot!Macbot@pool-72-92-66-159.phlapa.east.verizon.net (Quit: bus error)
--- Log closed Mon Mar 12 01:26:45 2012
--- Log opened Mon Mar 12 01:32:03 2012
01:32 !irc.deafgeeksirc.com Sudos|AthXP (AthXP@netadmin.haul.in.the.crabs.uamd.lolcano.me) [superdos] is now a network administrator (N)
01:33 !irc.deafgeeksirc.com *** Notice -- Client exiting at irc.rubbermallet.org: Erik|tablet!~Eriktable@206-188-73-115.cpe.distributel.net (Ping timeout)
01:36 !irc.deafgeeksirc.com *** Notice -- Client connecting at irc.rubbermallet.org: Macbot (Macbot@pool-72-92-66-159.phlapa.east.verizon.net)
--- Log closed Mon Mar 12 01:41:45 2012
--- Log opened Mon Mar 12 01:43:56 2012
01:43 !irc.deafgeeksirc.com *** Notice -- Client connecting at irc.rubbermallet.org: Erik|tablet (~Eriktable@206-188-73-115.cpe.distributel.net)
01:46 !irc.deafgeeksirc.com *** Notice -- Client connecting at irc.rubbermallet.org: scrawl69 (scrawl@data.searchirc.org)
01:46 !irc.deafgeeksirc.com *** Notice -- Client exiting at irc.rubbermallet.org: scrawl69!scrawl@data.searchirc.org (Quit: [SearchIRC] This message brought to you by the power of grayskull.)
--- Log closed Mon Mar 12 01:51:45 2012
--- Log opened Mon Mar 12 01:58:13 2012
01:58 !irc.deafgeeksirc.com *** Notice -- Client exiting at uamd.lolcano.me: Sudos|Nook!~SudosNook@192.168.42.1 (Ping timeout)
02:00 !irc.deafgeeksirc.com *** Notice -- Client connecting at uamd.lolcano.me: Sudos|Nook (~SudosNook@192.168.42.1)
02:00 !irc.deafgeeksirc.com Sudos|Nook (~SudosNook@netadmin.haul.in.the.crabs.uamd.lolcano.me) [superdos] is now a network administrator (N)
02:00 !irc.deafgeeksirc.com *** Notice -- Client connecting at irc.rubbermallet.org: duked (sawyer@c-71-199-173-70.hsd1.ga.comcast.net)
02:02 !irc.deafgeeksirc.com *** Notice -- Client exiting at irc.rubbermallet.org: shawn196!IceChat7@c-67-165-211-182.hsd1.co.comcast.net (Connection reset by peer)
--- Log closed Mon Mar 12 02:07:45 2012
--- Log opened Mon Mar 12 02:13:16 2012
02:13 !irc.deafgeeksirc.com *** Notice -- Client connecting at irc.rubbermallet.org: scrawl78 (scrawl@data.searchirc.org)
02:13 !irc.deafgeeksirc.com *** Notice -- Client exiting at irc.rubbermallet.org: scrawl78!scrawl@data.searchirc.org (Quit: [SearchIRC] Indexed 4 channels in 10 secs @ Mar 12th, 2012, 3:12 am)
--- Log closed Mon Mar 12 02:18:45 2012
--- Log opened Mon Mar 12 02:21:30 2012
02:21 !irc.deafgeeksirc.com *** Notice -- Client connecting at irc.rubbermallet.org: flea86 (Flea86@c114-76-82-206.thoms3.vic.optusnet.com.au)
--- Log closed Mon Mar 12 02:26:45 2012
--- Log opened Mon Mar 12 02:46:17 2012
02:46 !irc.deafgeeksirc.com *** Notice -- Client connecting at irc.rubbermallet.org: scrawl86 (scrawl@data.searchirc.org)
02:46 !irc.deafgeeksirc.com *** Notice -- Client exiting at irc.rubbermallet.org: scrawl86!scrawl@data.searchirc.org (Quit: [SearchIRC] This message brought to you by the power of grayskull.)
02:47 !irc.deafgeeksirc.com *** Notice -- Client exiting at uamd.lolcano.me: Sudos|AthXP!AthXP@192.168.42.1 (Quit: I'mma be fritzl and move this box to the basement, brb)
02:48 !irc.deafgeeksirc.com Sudos|X120e (X120e@netadmin.haul.in.the.crabs.uamd.lolcano.me) [superdos] is now a network administrator (N)
--- Log closed Mon Mar 12 02:53:45 2012
--- Log opened Mon Mar 12 02:54:03 2012
02:54 !irc.deafgeeksirc.com *** Notice -- Client exiting at uamd.lolcano.me: Sudos|X120e!X120e@192.168.42.1 (Quit: THE FLOOR IS LAVA)
02:57 !irc.deafgeeksirc.com *** Notice -- Client connecting at uamd.lolcano.me: Sudos|X120e (X120e@192.168.42.1)
02:57 !irc.deafgeeksirc.com Sudos|X120e (X120e@netadmin.haul.in.the.crabs.uamd.lolcano.me) [superdos] is now a network administrator (N)
--- Log closed Mon Mar 12 03:03:45 2012
--- Log opened Mon Mar 12 03:13:05 2012
03:13 !irc.deafgeeksirc.com *** Notice -- Client connecting at uamd.lolcano.me: Sudos|AthXP (AthXP@192.168.42.1)
03:13 !irc.deafgeeksirc.com Sudos|AthXP (AthXP@netadmin.haul.in.the.crabs.uamd.lolcano.me) [superdos] is now a network administrator (N)
03:13 !irc.deafgeeksirc.com *** Notice -- Client connecting at irc.rubbermallet.org: scrawl90 (scrawl@data.searchirc.org)
03:13 !irc.deafgeeksirc.com *** Notice -- Client exiting at irc.rubbermallet.org: scrawl90!scrawl@data.searchirc.org (Quit: [SearchIRC] This message brought to you by the power of grayskull.)
--- Log closed Mon Mar 12 03:18:45 2012
--- Log opened Mon Mar 12 03:29:10 2012
03:29 !irc.deafgeeksirc.com *** Notice -- Client exiting at irc.rubbermallet.org: duked!sawyer@c-71-199-173-70.hsd1.ga.comcast.net (Ping timeout)
03:29 !irc.deafgeeksirc.com *** Notice -- Client connecting at irc.rubbermallet.org: duked (sawyer@c-71-199-173-70.hsd1.ga.comcast.net)
--- Log closed Mon Mar 12 03:34:45 2012
--- Log opened Mon Mar 12 03:46:21 2012
03:46 !irc.deafgeeksirc.com *** Notice -- Client connecting at irc.rubbermallet.org: scrawl53 (scrawl@data.searchirc.org)
03:46 !irc.deafgeeksirc.com *** Notice -- Client exiting at irc.rubbermallet.org: scrawl53!scrawl@data.searchirc.org (Quit: [SearchIRC] This message brought to you by the power of grayskull.)
--- Log closed Mon Mar 12 03:51:45 2012
--- Log opened Mon Mar 12 03:58:52 2012
03:58 !irc.deafgeeksirc.com *** Notice -- Client exiting at irc.rubbermallet.org: newform8!4c75705e@ircip1.mibbit.com (Quit: http://www.mibbit.com ajax IRC Client)
--- Log closed Mon Mar 12 04:04:45 2012
--- Log opened Mon Mar 12 04:13:17 2012
04:13 !irc.deafgeeksirc.com *** Notice -- Client connecting at irc.rubbermallet.org: scrawl37 (scrawl@data.searchirc.org)
04:13 !irc.deafgeeksirc.com *** Notice -- Client exiting at irc.rubbermallet.org: scrawl37!scrawl@data.searchirc.org (Quit: [SearchIRC] This message brought to you by the power of grayskull.)
--- Log closed Mon Mar 12 04:18:45 2012
--- Log opened Mon Mar 12 04:46:21 2012
04:46 !irc.deafgeeksirc.com *** Notice -- Client connecting at irc.rubbermallet.org: scrawl71 (scrawl@data.searchirc.org)
04:46 !irc.deafgeeksirc.com *** Notice -- Client exiting at irc.rubbermallet.org: scrawl71!scrawl@data.searchirc.org (Quit: [SearchIRC] This message brought to you by the power of grayskull.)
--- Log closed Mon Mar 12 04:51:45 2012
--- Log opened Mon Mar 12 05:04:45 2012
05:04 !irc.deafgeeksirc.com *** Notice -- Client connecting at irc.rubbermallet.org: LOCHNESSMONSTER (sue@kanade.hardestyhosting.com)
--- Log closed Mon Mar 12 05:09:45 2012
--- Log opened Mon Mar 12 05:13:19 2012
05:13 !irc.deafgeeksirc.com *** Notice -- Client connecting at irc.rubbermallet.org: scrawl50 (scrawl@data.searchirc.org)
05:13 !irc.deafgeeksirc.com *** Notice -- Client exiting at irc.rubbermallet.org: scrawl50!scrawl@data.searchirc.org (Quit: [SearchIRC] This message brought to you by the power of grayskull.)
--- Log closed Mon Mar 12 05:18:45 2012
--- Log opened Mon Mar 12 05:22:11 2012
05:22 !irc.deafgeeksirc.com *** Notice -- Client exiting at irc.rubbermallet.org: duked!sawyer@c-71-199-173-70.hsd1.ga.comcast.net (Ping timeout)
--- Log closed Mon Mar 12 05:27:45 2012
--- Log opened Mon Mar 12 05:42:20 2012
05:42 !irc.deafgeeksirc.com *** Notice -- Client connecting at irc.rubbermallet.org: duked (sawyer@c-66-56-45-211.hsd1.ga.comcast.net)
05:47 !irc.deafgeeksirc.com *** Notice -- Client connecting at irc.rubbermallet.org: scrawl28 (scrawl@data.searchirc.org)
05:47 !irc.deafgeeksirc.com *** Notice -- Client exiting at irc.rubbermallet.org: scrawl28!scrawl@data.searchirc.org (Quit: [SearchIRC] This message brought to you by the power of grayskull.)
--- Log closed Mon Mar 12 05:52:45 2012
--- Log opened Mon Mar 12 06:14:13 2012
06:14 !irc.deafgeeksirc.com *** Notice -- Client connecting at irc.rubbermallet.org: scrawl27 (scrawl@data.searchirc.org)
06:14 !irc.deafgeeksirc.com *** Notice -- Client exiting at irc.rubbermallet.org: scrawl27!scrawl@data.searchirc.org (Quit: [SearchIRC] Indexed 4 channels in 10 secs @ Mar 12th, 2012, 7:13 am)
--- Log closed Mon Mar 12 06:19:45 2012
--- Log opened Mon Mar 12 06:47:07 2012
06:47 !irc.deafgeeksirc.com *** Notice -- Client connecting at irc.rubbermallet.org: scrawl65 (scrawl@data.searchirc.org)
06:47 !irc.deafgeeksirc.com *** Notice -- Client exiting at irc.rubbermallet.org: scrawl65!scrawl@data.searchirc.org (Quit: [SearchIRC] This message brought to you by the power of grayskull.)
--- Log closed Mon Mar 12 06:52:45 2012
--- Log opened Mon Mar 12 07:08:14 2012
07:08 !irc.deafgeeksirc.com *** Notice -- Client connecting at irc.rubbermallet.org: Bazinga (q@79.Red-88-1-61.dynamicIP.rima-tde.net)
--- Log closed Mon Mar 12 07:13:45 2012
--- Log opened Mon Mar 12 07:14:02 2012
07:14 !irc.deafgeeksirc.com *** Notice -- Client connecting at irc.rubbermallet.org: scrawl66 (scrawl@data.searchirc.org)
07:14 !irc.deafgeeksirc.com *** Notice -- Client exiting at irc.rubbermallet.org: scrawl66!scrawl@data.searchirc.org (Quit: [SearchIRC] This message brought to you by the power of grayskull.)
--- Log closed Mon Mar 12 07:19:45 2012
--- Log opened Mon Mar 12 07:47:12 2012
07:47 !irc.deafgeeksirc.com *** Notice -- Client connecting at irc.rubbermallet.org: scrawl02 (scrawl@data.searchirc.org)
07:47 !irc.deafgeeksirc.com *** Notice -- Client exiting at irc.rubbermallet.org: scrawl02!scrawl@data.searchirc.org (Quit: [SearchIRC] This message brought to you by the power of grayskull.)
07:48 !irc.deafgeeksirc.com *** Notice -- Client connecting at irc.rubbermallet.org: NPE43 (Oh@pool-173-64-53-165.bflony.east.verizon.net)
--- Log closed Mon Mar 12 07:54:45 2012
--- Log opened Mon Mar 12 08:09:53 2012
08:09 !irc.deafgeeksirc.com *** Notice -- Client exiting at irc.rubbermallet.org: Flea86!Flea86@c114-76-82-206.thoms3.vic.optusnet.com.au (Quit: Station breakdown..)
08:14 !irc.deafgeeksirc.com *** Notice -- Client connecting at irc.rubbermallet.org: scrawl10 (scrawl@data.searchirc.org)
08:14 !irc.deafgeeksirc.com *** Notice -- Client exiting at irc.rubbermallet.org: scrawl10!scrawl@data.searchirc.org (Quit: [SearchIRC] This message brought to you by the power of grayskull.)
--- Log closed Mon Mar 12 08:19:45 2012
--- Log opened Mon Mar 12 08:47:08 2012
08:47 !irc.deafgeeksirc.com *** Notice -- Client connecting at irc.rubbermallet.org: scrawl57 (scrawl@data.searchirc.org)
08:47 !irc.deafgeeksirc.com *** Notice -- Client exiting at irc.rubbermallet.org: scrawl57!scrawl@data.searchirc.org (Quit: [SearchIRC] This message brought to you by the power of grayskull.)
--- Log closed Mon Mar 12 08:52:45 2012
--- Log opened Mon Mar 12 09:14:12 2012
09:14 !irc.deafgeeksirc.com *** Notice -- Client connecting at irc.rubbermallet.org: scrawl23 (scrawl@data.searchirc.org)
09:14 !irc.deafgeeksirc.com *** Notice -- Client exiting at irc.rubbermallet.org: scrawl23!scrawl@data.searchirc.org (Quit: [SearchIRC] This message brought to you by the power of grayskull.)
--- Log closed Mon Mar 12 09:19:45 2012
--- Log opened Mon Mar 12 09:19:59 2012
09:19 !irc.deafgeeksirc.com *** Notice -- Client connecting on port 6667: root (root@pool-96-229-229-209.lsanca.fios.verizon.net) [clients] 
09:20 !irc.deafgeeksirc.com *** Notice -- root (root@pool-96-229-229-209.lsanca.fios.verizon.net) has changed his/her nickname to `}
09:20 !irc.deafgeeksirc.com *** Notice -- `} (root@pool-96-229-229-209.lsanca.fios.verizon.net) has changed his/her nickname to `|dv9k
09:20 !irc.deafgeeksirc.com `|dv9k (root@pool-96-229-229-209.lsanca.fios.verizon.net) [dustin] is now a network administrator (N)
09:21 !irc.deafgeeksirc.com *** Notice -- Client exiting: `|dv9k (root@pool-96-229-229-209.lsanca.fios.verizon.net) [FFFFFFFFFff-- leaving]
--- Log closed Mon Mar 12 09:26:45 2012
--- Log opened Mon Mar 12 09:27:31 2012
09:27 !irc.deafgeeksirc.com *** Notice -- Client connecting at r-type.rubbermallet.org: tidux_ (jon@c-24-61-183-110.hsd1.nh.comcast.net)
09:27 !irc.deafgeeksirc.com *** Notice -- Client exiting at r-type.rubbermallet.org: tidux|i5!jon@c-24-61-183-110.hsd1.nh.comcast.net (Quit: leaving)
--- Log closed Mon Mar 12 09:33:45 2012
--- Log opened Mon Mar 12 09:47:08 2012
09:47 !irc.deafgeeksirc.com *** Notice -- Client connecting at irc.rubbermallet.org: scrawl57 (scrawl@data.searchirc.org)
09:47 !irc.deafgeeksirc.com *** Notice -- Client exiting at irc.rubbermallet.org: scrawl57!scrawl@data.searchirc.org (Quit: [SearchIRC] This message brought to you by the power of grayskull.)
--- Log closed Mon Mar 12 09:52:45 2012
--- Log opened Mon Mar 12 09:59:54 2012
09:59 !irc.deafgeeksirc.com *** Notice -- `|inspirion1750|mattvond (dissimulo@10.178.228.92) has changed his/her nickname to `|dv9k
--- Log closed Mon Mar 12 10:05:45 2012
