--- Log opened Mon Apr 30 15:17:01 2012
15:17 !irc.deafgeeksirc.com *** Notice -- Client connecting at irc.rubbermallet.org: scrawl17 (scrawl@data.searchirc.org)
15:17 !irc.deafgeeksirc.com *** Notice -- Client exiting at irc.rubbermallet.org: scrawl17!scrawl@data.searchirc.org (Quit: [SearchIRC] This message brought to you by the power of grayskull.)
--- Log closed Mon Apr 30 15:22:55 2012
--- Log opened Mon Apr 30 15:49:59 2012
15:49 !irc.deafgeeksirc.com *** Notice -- Client connecting at irc.rubbermallet.org: scrawl76 (scrawl@data.searchirc.org)
15:50 !irc.deafgeeksirc.com *** Notice -- Client exiting at irc.rubbermallet.org: scrawl76!scrawl@data.searchirc.org (Quit: [SearchIRC] This message brought to you by the power of grayskull.)
--- Log closed Mon Apr 30 15:55:55 2012
--- Log opened Mon Apr 30 15:57:00 2012
15:57 !irc.deafgeeksirc.com *** Notice -- Client exiting at uamd.lolcano.me: Sudos|Wyse!SudosJ400@WNR2000 (Quit: stop fucking uip, screen)
15:57 !irc.deafgeeksirc.com *** Notice -- Client connecting at uamd.lolcano.me: Sudos|Wyse (SudosJ400@WNR2000)
--- Log closed Mon Apr 30 16:02:55 2012
--- Log opened Mon Apr 30 16:13:40 2012
16:13 !irc.deafgeeksirc.com *** Notice -- Client exiting at irc.rubbermallet.org: dn!dn@207.225.123.91 (Quit: fish eat dookie)
--- Log closed Mon Apr 30 16:18:55 2012
--- Log opened Mon Apr 30 16:22:04 2012
16:22 !irc.deafgeeksirc.com *** Notice -- Client exiting at uamd.lolcano.me: Sudos|i9100!i9100@50.128.88.143 (Quit: THE FLOOR IS LAVA!)
--- Log closed Mon Apr 30 16:27:55 2012
--- Log opened Mon Apr 30 16:46:35 2012
16:46 !irc.deafgeeksirc.com *** Notice -- Client connecting at irc.rubbermallet.org: scrawl14 (scrawl@data.searchirc.org)
16:46 !irc.deafgeeksirc.com *** Notice -- Client exiting at irc.rubbermallet.org: scrawl14!scrawl@data.searchirc.org (Quit: [SearchIRC] This message brought to you by the power of grayskull.)
16:48 !irc.deafgeeksirc.com *** Notice -- Client connecting at irc.rubbermallet.org: TanDongMobileMan100 (tandyman10@adsl-71-158-209-144.dsl.wchtks.sbcglobal.net)
--- Log closed Mon Apr 30 16:53:55 2012
--- Log opened Mon Apr 30 17:11:28 2012
17:11 !irc.deafgeeksirc.com *** Notice -- Client exiting at irc.rubbermallet.org: TanDongMobileMan100!tandyman10@adsl-71-158-209-144.dsl.wchtks.sbcglobal.net (Ping timeout)
17:13 !irc.deafgeeksirc.com *** Notice -- Client connecting at irc.rubbermallet.org: scrawl00 (scrawl@data.searchirc.org)
17:13 !irc.deafgeeksirc.com *** Notice -- Client exiting at irc.rubbermallet.org: scrawl00!scrawl@data.searchirc.org (Quit: [SearchIRC] Indexed 5 channels in 10 secs @ Apr 30th, 2012, 6:13 pm)
17:15 !irc.deafgeeksirc.com *** Notice -- Client exiting at irc.rubbermallet.org: cooled!cooledid3@pool-71-241-144-101.nycmny.fios.verizon.net (Connection reset by peer)
--- Log closed Mon Apr 30 17:20:55 2012
--- Log opened Mon Apr 30 17:23:05 2012
17:23 !irc.deafgeeksirc.com *** Notice -- Client connecting at uamd.lolcano.me: Sudos|i9100 (i9100@WNR2000)
17:23 !irc.deafgeeksirc.com Sudos|i9100 (i9100@WNR2000) [superdos] is now a network administrator (N)
--- Log closed Mon Apr 30 17:28:55 2012
--- Log opened Mon Apr 30 17:36:41 2012
17:36 !irc.deafgeeksirc.com *** Notice -- Client connecting at irc.rubbermallet.org: cooled (cooledid3@pool-71-241-144-101.nycmny.fios.verizon.net)
--- Log closed Mon Apr 30 17:41:55 2012
--- Log opened Mon Apr 30 17:46:32 2012
17:46 !irc.deafgeeksirc.com *** Notice -- Client connecting at irc.rubbermallet.org: scrawl35 (scrawl@data.searchirc.org)
17:46 !irc.deafgeeksirc.com *** Notice -- Client exiting at irc.rubbermallet.org: scrawl35!scrawl@data.searchirc.org (Quit: [SearchIRC] This message brought to you by the power of grayskull.)
--- Log closed Mon Apr 30 17:51:55 2012
--- Log opened Mon Apr 30 17:52:43 2012
17:52 !irc.deafgeeksirc.com *** Notice -- `|methocarbamol (dissimulo@10.178.228.92) has changed his/her nickname to `
--- Log closed Mon Apr 30 17:57:55 2012
