--- Log opened Fri Apr 27 19:10:12 2012
19:10 !irc.deafgeeksirc.com *** Notice -- Client connecting at irc.rubbermallet.org: scrawl06 (scrawl@data.searchirc.org)
19:10 !irc.deafgeeksirc.com *** Notice -- Client exiting at irc.rubbermallet.org: scrawl06!scrawl@data.searchirc.org (Quit: [SearchIRC] This message brought to you by the power of grayskull.)
19:15 !irc.deafgeeksirc.com *** Notice -- Client exiting at irc.rubbermallet.org: newform8!jenkins@68.39.45.36 (Ping timeout)
--- Log closed Fri Apr 27 19:20:55 2012
--- Log opened Fri Apr 27 19:43:59 2012
19:43 !irc.deafgeeksirc.com *** Notice -- Client connecting at irc.rubbermallet.org: scrawl37 (scrawl@data.searchirc.org)
19:44 !irc.deafgeeksirc.com *** Notice -- Client exiting at irc.rubbermallet.org: scrawl37!scrawl@data.searchirc.org (Quit: [SearchIRC] This message brought to you by the power of grayskull.)
19:44 !irc.deafgeeksirc.com *** Notice -- Client connecting on port 6667: tonynoname (tonynoname@cpe-74-71-129-7.twcny.res.rr.com) [clients] 
19:44 !irc.deafgeeksirc.com *** Notice -- Client exiting: tonynoname (tonynoname@cpe-74-71-129-7.twcny.res.rr.com) [FFFFFFFFFff-- tonynoname]
19:44 !irc.deafgeeksirc.com *** Notice -- Client connecting on port 6667: tonynoname (tonynoname@cpe-74-71-129-7.twcny.res.rr.com) [clients] 
--- Log closed Fri Apr 27 19:50:55 2012
--- Log opened Fri Apr 27 19:54:50 2012
19:54 !irc.deafgeeksirc.com *** Notice -- Client connecting at irc.rubbermallet.org: Flea86 (Flea86@c114-76-82-206.thoms3.vic.optusnet.com.au)
--- Log closed Fri Apr 27 19:59:55 2012
--- Log opened Fri Apr 27 20:13:05 2012
20:13 !irc.deafgeeksirc.com *** Notice -- Client connecting at irc.rubbermallet.org: scrawl33 (scrawl@data.searchirc.org)
20:13 !irc.deafgeeksirc.com *** Notice -- Client exiting at irc.rubbermallet.org: scrawl33!scrawl@data.searchirc.org (Quit: [SearchIRC] This message brought to you by the power of grayskull.)
20:14 !irc.deafgeeksirc.com *** Notice -- Client exiting: caption (caption@66-215-165-96.dhcp.rvsd.ca.charter.com) [Ping timeout]
--- Log closed Fri Apr 27 20:19:55 2012
--- Log opened Fri Apr 27 20:22:05 2012
20:22 !irc.deafgeeksirc.com *** Notice -- Client exiting at irc.rubbermallet.org: Flea86!Flea86@c114-76-82-206.thoms3.vic.optusnet.com.au (Quit: Station breakdown..)
--- Log closed Fri Apr 27 20:27:55 2012
--- Log opened Fri Apr 27 20:46:02 2012
20:46 !irc.deafgeeksirc.com *** Notice -- Client connecting at irc.rubbermallet.org: scrawl27 (scrawl@data.searchirc.org)
20:46 !irc.deafgeeksirc.com *** Notice -- Client exiting at irc.rubbermallet.org: scrawl27!scrawl@data.searchirc.org (Quit: [SearchIRC] This message brought to you by the power of grayskull.)
--- Log closed Fri Apr 27 20:51:55 2012
--- Log opened Fri Apr 27 21:01:43 2012
21:01 !irc.deafgeeksirc.com *** Notice -- Client exiting: tonynoname (tonynoname@cpe-74-71-129-7.twcny.res.rr.com) [FFFFFFFFFff-- tonynoname]
--- Log closed Fri Apr 27 21:06:55 2012
--- Log opened Fri Apr 27 21:13:02 2012
21:13 !irc.deafgeeksirc.com *** Notice -- Client connecting at irc.rubbermallet.org: scrawl47 (scrawl@data.searchirc.org)
21:13 !irc.deafgeeksirc.com *** Notice -- Client exiting at irc.rubbermallet.org: scrawl47!scrawl@data.searchirc.org (Quit: [SearchIRC] This message brought to you by the power of grayskull.)
--- Log closed Fri Apr 27 21:18:55 2012
--- Log opened Fri Apr 27 21:35:39 2012
21:35 !irc.deafgeeksirc.com *** Notice -- Received KILL message for audist!audist@dongs-ADAFBC4.socal.res.rr.com from `|mountains Path: netadmin.deafgeeksirc.com!`|mountains (␢)
21:35 !irc.deafgeeksirc.com *** Notice -- Client exiting: audist (audist@cpe-76-90-227-137.socal.res.rr.com) [[irc.deafgeeksirc.com] Local kill by `|mountains (␢)]
21:37 !irc.deafgeeksirc.com *** Notice -- Client exiting at irc.rubbermallet.org: NPE43!Oh@pool-96-243-53-8.bflony.east.verizon.net (Quit: Leaving)
21:39 !irc.deafgeeksirc.com *** Notice -- Client connecting on port 6667: audist (audist@cpe-76-90-227-137.socal.res.rr.com) [clients] 
--- Log closed Fri Apr 27 21:44:55 2012
--- Log opened Fri Apr 27 21:46:05 2012
21:46 !irc.deafgeeksirc.com *** Notice -- Client connecting at irc.rubbermallet.org: scrawl58 (scrawl@data.searchirc.org)
21:46 !irc.deafgeeksirc.com *** Notice -- Client exiting at irc.rubbermallet.org: scrawl58!scrawl@data.searchirc.org (Quit: [SearchIRC] This message brought to you by the power of grayskull.)
21:46 !irc.deafgeeksirc.com *** Notice -- Client connecting on port 6667: caption (caption@66-215-165-96.dhcp.rvsd.ca.charter.com) [clients] 
21:50 !irc.deafgeeksirc.com *** Notice -- Client connecting at irc.rubbermallet.org: newform8 (biskerbee@68.39.45.36)
21:53 !irc.deafgeeksirc.com *** Notice -- Client connecting at irc.rubbermallet.org: poopdick (wang@192.168.1.81)
21:53 !irc.deafgeeksirc.com *** Notice -- Client exiting at irc.rubbermallet.org: poopdick!wang@192.168.1.81 (Quit: cocks)
--- Log closed Fri Apr 27 21:58:55 2012
--- Log opened Fri Apr 27 22:09:32 2012
22:09 !irc.deafgeeksirc.com *** Notice -- Client connecting at irc.rubbermallet.org: dcjzcbkp (biskerbee@68.39.45.36)
22:09 !irc.deafgeeksirc.com *** Notice -- Client exiting at irc.rubbermallet.org: dcjzcbkp!biskerbee@68.39.45.36 (Connection reset by peer)
22:13 !irc.deafgeeksirc.com *** Notice -- Client connecting at irc.rubbermallet.org: scrawl15 (scrawl@data.searchirc.org)
22:13 !irc.deafgeeksirc.com *** Notice -- Client exiting at irc.rubbermallet.org: scrawl15!scrawl@data.searchirc.org (Quit: [SearchIRC] Indexed 5 channels in 10 secs @ Apr 27th, 2012, 11:12 pm)
--- Log closed Fri Apr 27 22:18:55 2012
--- Log opened Fri Apr 27 22:26:35 2012
22:26 !irc.deafgeeksirc.com *** Notice -- Client exiting at irc.rubbermallet.org: newform8!biskerbee@68.39.45.36 (Connection reset by peer)
22:26 !irc.deafgeeksirc.com *** Notice -- Client connecting at irc.rubbermallet.org: newform8 (biskerbee@68.39.45.36)
22:28 !irc.deafgeeksirc.com *** Notice -- Client exiting: caption (caption@66-215-165-96.dhcp.rvsd.ca.charter.com) [Ping timeout]
--- Log closed Fri Apr 27 22:33:55 2012
--- Log opened Fri Apr 27 22:40:21 2012
22:40 !irc.deafgeeksirc.com *** Notice -- Client exiting at irc.rubbermallet.org: newform8!biskerbee@68.39.45.36 (Connection reset by peer)
22:40 !irc.deafgeeksirc.com *** Notice -- Client connecting at irc.rubbermallet.org: newform8 (biskerbee@68.39.45.36)
--- Log closed Fri Apr 27 22:45:55 2012
--- Log opened Fri Apr 27 22:46:00 2012
22:46 !irc.deafgeeksirc.com *** Notice -- Client connecting at irc.rubbermallet.org: scrawl54 (scrawl@data.searchirc.org)
22:46 !irc.deafgeeksirc.com *** Notice -- Client exiting at irc.rubbermallet.org: scrawl54!scrawl@data.searchirc.org (Quit: [SearchIRC] This message brought to you by the power of grayskull.)
--- Log closed Fri Apr 27 22:51:55 2012
--- Log opened Fri Apr 27 22:56:29 2012
22:56 !irc.deafgeeksirc.com *** Notice -- Client connecting at uamd.lolcano.me: ekduo|xe1n (Tehanu@bl12-210-137.dsl.telepac.pt)
22:56 !irc.deafgeeksirc.com *** Notice -- Client exiting at uamd.lolcano.me: ekduo|xeon!Tehanu@bl7-100-149.dsl.telepac.pt ([uamd.lolcano.me] Local kill by Sudos|i9100 (fixurshit))
--- Log closed Fri Apr 27 23:01:55 2012
--- Log opened Fri Apr 27 23:13:03 2012
23:13 !irc.deafgeeksirc.com *** Notice -- Client connecting at irc.rubbermallet.org: scrawl53 (scrawl@data.searchirc.org)
23:13 !irc.deafgeeksirc.com *** Notice -- Client exiting at irc.rubbermallet.org: scrawl53!scrawl@data.searchirc.org (Quit: [SearchIRC] This message brought to you by the power of grayskull.)
--- Log closed Fri Apr 27 23:18:55 2012
--- Log opened Fri Apr 27 23:45:01 2012
23:45 !irc.deafgeeksirc.com *** Notice -- Client exiting at irc.rubbermallet.org: newform8!biskerbee@68.39.45.36 (Connection reset by peer)
23:46 !irc.deafgeeksirc.com *** Notice -- Client connecting at irc.rubbermallet.org: scrawl41 (scrawl@data.searchirc.org)
23:46 !irc.deafgeeksirc.com *** Notice -- Client exiting at irc.rubbermallet.org: scrawl41!scrawl@data.searchirc.org (Quit: [SearchIRC] This message brought to you by the power of grayskull.)
--- Log closed Fri Apr 27 23:51:55 2012
--- Log opened Sat Apr 28 00:00:09 2012
00:00 !irc.deafgeeksirc.com *** Notice -- Client exiting at irc.rubbermallet.org: plat_!plat_@alteran.bparker.name (Quit: client has disconnected)
00:00 !irc.deafgeeksirc.com *** Notice -- Client connecting at irc.rubbermallet.org: plat_ (plat_@alteran.bparker.name)
--- Log closed Sat Apr 28 00:05:55 2012
--- Log opened Sat Apr 28 00:12:58 2012
00:12 !irc.deafgeeksirc.com *** Notice -- Client connecting at irc.rubbermallet.org: scrawl56 (scrawl@data.searchirc.org)
00:13 !irc.deafgeeksirc.com *** Notice -- Client exiting at irc.rubbermallet.org: scrawl56!scrawl@data.searchirc.org (Quit: [SearchIRC] This message brought to you by the power of grayskull.)
00:13 !irc.deafgeeksirc.com *** Notice -- Client exiting at uamd.lolcano.me: ekduo|xe1n!Tehanu@bl12-210-137.dsl.telepac.pt (Quit: leaving)
--- Log closed Sat Apr 28 00:19:55 2012
--- Log opened Sat Apr 28 00:34:30 2012
00:34 !irc.deafgeeksirc.com *** Notice -- Client connecting on port 6667: caption (caption@66-215-165-96.dhcp.rvsd.ca.charter.com) [clients] 
--- Log closed Sat Apr 28 00:39:55 2012
--- Log opened Sat Apr 28 00:46:00 2012
00:46 !irc.deafgeeksirc.com *** Notice -- Client connecting at irc.rubbermallet.org: scrawl45 (scrawl@data.searchirc.org)
00:46 !irc.deafgeeksirc.com *** Notice -- Client exiting at irc.rubbermallet.org: scrawl45!scrawl@data.searchirc.org (Quit: [SearchIRC] This message brought to you by the power of grayskull.)
--- Log closed Sat Apr 28 00:51:55 2012
--- Log opened Sat Apr 28 01:11:02 2012
01:11 !irc.deafgeeksirc.com *** Notice -- Client connecting at uamd.lolcano.me: Sudos|X120e (X120e@WNR2000)
01:16 !irc.deafgeeksirc.com *** Notice -- Client connecting at irc.rubbermallet.org: scrawl97 (scrawl@data.searchirc.org)
01:16 !irc.deafgeeksirc.com *** Notice -- Client exiting at irc.rubbermallet.org: scrawl97!scrawl@data.searchirc.org (Quit: [SearchIRC] This message brought to you by the power of grayskull.)
--- Log closed Sat Apr 28 01:21:55 2012
--- Log opened Sat Apr 28 01:49:11 2012
01:49 !irc.deafgeeksirc.com *** Notice -- Client connecting at irc.rubbermallet.org: scrawl92 (scrawl@data.searchirc.org)
01:49 !irc.deafgeeksirc.com *** Notice -- Client exiting at irc.rubbermallet.org: scrawl92!scrawl@data.searchirc.org (Quit: [SearchIRC] This message brought to you by the power of grayskull.)
--- Log closed Sat Apr 28 01:54:55 2012
--- Log opened Sat Apr 28 02:05:40 2012
02:05 !irc.deafgeeksirc.com *** Notice -- Client exiting at uamd.lolcano.me: Sudos|X120e!X120e@WNR2000 (Quit: THE FLOOR IS LAVA)
02:05 !irc.deafgeeksirc.com *** Notice -- Client connecting at uamd.lolcano.me: Sudos|X120e (X120e@WNR2000)
02:09 !irc.deafgeeksirc.com *** Notice -- Client exiting at uamd.lolcano.me: Sudos|X120e!X120e@WNR2000 (Quit: THE FLOOR IS LAVA)
02:10 !irc.deafgeeksirc.com *** Notice -- Client connecting at uamd.lolcano.me: Sudos|X120e (X120e@WNR2000)
02:11 !irc.deafgeeksirc.com *** Notice -- Client connecting at uamd.lolcano.me: Sudos|AthXP (AthXP@WNR2000)
02:16 !irc.deafgeeksirc.com *** Notice -- Client connecting at irc.rubbermallet.org: scrawl17 (scrawl@data.searchirc.org)
02:16 !irc.deafgeeksirc.com *** Notice -- Client exiting at irc.rubbermallet.org: scrawl17!scrawl@data.searchirc.org (Quit: [SearchIRC] Indexed 5 channels in 10 secs @ Apr 28th, 2012, 3:15 am)
02:20 !irc.deafgeeksirc.com *** Notice -- Client exiting at irc.rubbermallet.org: dn!dn@207.225.123.91 (Quit: fish eat dookie)
--- Log closed Sat Apr 28 02:25:55 2012
--- Log opened Sat Apr 28 02:32:34 2012
02:32 !irc.deafgeeksirc.com *** Notice -- Client exiting: caption (caption@66-215-165-96.dhcp.rvsd.ca.charter.com) [Ping timeout]
02:36 !irc.deafgeeksirc.com Sudos|AthXP (AthXP@WNR2000) [superdos] is now a network administrator (N)
--- Log closed Sat Apr 28 02:41:55 2012
--- Log opened Sat Apr 28 02:49:10 2012
02:49 !irc.deafgeeksirc.com *** Notice -- Client connecting at irc.rubbermallet.org: scrawl67 (scrawl@data.searchirc.org)
02:49 !irc.deafgeeksirc.com *** Notice -- Client exiting at irc.rubbermallet.org: scrawl67!scrawl@data.searchirc.org (Quit: [SearchIRC] This message brought to you by the power of grayskull.)
--- Log closed Sat Apr 28 02:54:55 2012
--- Log opened Sat Apr 28 03:16:11 2012
03:16 !irc.deafgeeksirc.com *** Notice -- Client connecting at irc.rubbermallet.org: scrawl90 (scrawl@data.searchirc.org)
03:16 !irc.deafgeeksirc.com *** Notice -- Client exiting at irc.rubbermallet.org: scrawl90!scrawl@data.searchirc.org (Quit: [SearchIRC] This message brought to you by the power of grayskull.)
--- Log closed Sat Apr 28 03:21:55 2012
--- Log opened Sat Apr 28 03:24:34 2012
03:24 !irc.deafgeeksirc.com *** Notice -- Client connecting at irc.rubbermallet.org: shawn186 (Tiberius@c-67-165-211-182.hsd1.co.comcast.net)
--- Log closed Sat Apr 28 03:29:55 2012
--- Log opened Sat Apr 28 03:49:14 2012
03:49 !irc.deafgeeksirc.com *** Notice -- Client connecting at irc.rubbermallet.org: scrawl17 (scrawl@data.searchirc.org)
03:49 !irc.deafgeeksirc.com *** Notice -- Client exiting at irc.rubbermallet.org: scrawl17!scrawl@data.searchirc.org (Quit: [SearchIRC] This message brought to you by the power of grayskull.)
03:53 !irc.deafgeeksirc.com *** Notice -- Client exiting at irc.rubbermallet.org: NoBones!Sara@24-151-94-148.dhcp.nwtn.ct.charter.com (Ping timeout)
03:54 !irc.deafgeeksirc.com *** Notice -- Client connecting at irc.rubbermallet.org: NoBones (Sara@24-151-94-148.dhcp.nwtn.ct.charter.com)
--- Log closed Sat Apr 28 04:00:55 2012
--- Log opened Sat Apr 28 04:16:10 2012
04:16 !irc.deafgeeksirc.com *** Notice -- Client connecting at irc.rubbermallet.org: scrawl62 (scrawl@data.searchirc.org)
04:16 !irc.deafgeeksirc.com *** Notice -- Client exiting at irc.rubbermallet.org: scrawl62!scrawl@data.searchirc.org (Quit: [SearchIRC] This message brought to you by the power of grayskull.)
--- Log closed Sat Apr 28 04:21:55 2012
--- Log opened Sat Apr 28 04:49:07 2012
04:49 !irc.deafgeeksirc.com *** Notice -- Client connecting at irc.rubbermallet.org: scrawl99 (scrawl@data.searchirc.org)
04:49 !irc.deafgeeksirc.com *** Notice -- Client exiting at irc.rubbermallet.org: scrawl99!scrawl@data.searchirc.org (Quit: [SearchIRC] This message brought to you by the power of grayskull.)
--- Log closed Sat Apr 28 04:54:55 2012
--- Log opened Sat Apr 28 04:59:35 2012
04:59 !irc.deafgeeksirc.com *** Notice -- Client connecting at irc.rubbermallet.org: Zver-UA (Zver-UA@31.133.73.47)
--- Log closed Sat Apr 28 05:04:55 2012
--- Log opened Sat Apr 28 05:13:35 2012
05:13 !irc.deafgeeksirc.com *** Notice -- Client exiting at irc.rubbermallet.org: shawn186!Tiberius@c-67-165-211-182.hsd1.co.comcast.net (Quit: Beware of programmers who carry screwdrivers.)
05:16 !irc.deafgeeksirc.com *** Notice -- Client connecting at irc.rubbermallet.org: scrawl76 (scrawl@data.searchirc.org)
05:16 !irc.deafgeeksirc.com *** Notice -- Client exiting at irc.rubbermallet.org: scrawl76!scrawl@data.searchirc.org (Quit: [SearchIRC] This message brought to you by the power of grayskull.)
--- Log closed Sat Apr 28 05:21:55 2012
--- Log opened Sat Apr 28 05:26:02 2012
05:26 !irc.deafgeeksirc.com *** Notice -- Client exiting at irc.rubbermallet.org: muadnem!8h8h@75-136-214-71.dhcp.kgpt.tn.charter.com (Ping timeout)
05:29 !irc.deafgeeksirc.com *** Notice -- Client exiting at irc.rubbermallet.org: hhh!SomeUser@206.113.163.243 (Ping timeout)
--- Log closed Sat Apr 28 05:34:55 2012
--- Log opened Sat Apr 28 05:49:13 2012
05:49 !irc.deafgeeksirc.com *** Notice -- Client connecting at irc.rubbermallet.org: scrawl99 (scrawl@data.searchirc.org)
05:49 !irc.deafgeeksirc.com *** Notice -- Client exiting at irc.rubbermallet.org: scrawl99!scrawl@data.searchirc.org (Quit: [SearchIRC] This message brought to you by the power of grayskull.)
--- Log closed Sat Apr 28 05:54:55 2012
--- Log opened Sat Apr 28 05:59:21 2012
05:59 !irc.deafgeeksirc.com *** Notice -- Client connecting at irc.rubbermallet.org: NPE43 (Oh@pool-96-243-53-8.bflony.east.verizon.net)
--- Log closed Sat Apr 28 06:04:55 2012
--- Log opened Sat Apr 28 06:16:23 2012
06:16 !irc.deafgeeksirc.com *** Notice -- Client connecting at irc.rubbermallet.org: scrawl75 (scrawl@data.searchirc.org)
06:16 !irc.deafgeeksirc.com *** Notice -- Client exiting at irc.rubbermallet.org: scrawl75!scrawl@data.searchirc.org (Quit: [SearchIRC] Indexed 4 channels in 10 secs @ Apr 28th, 2012, 7:16 am)
--- Log closed Sat Apr 28 06:21:55 2012
--- Log opened Sat Apr 28 06:27:27 2012
06:27 !irc.deafgeeksirc.com *** Notice -- Client exiting at irc.rubbermallet.org: Tandy|D600!TandyD600@108-193-192-179.lightspeed.wchtks.sbcglobal.net (Quit: )
06:28 !irc.deafgeeksirc.com *** Notice -- Client exiting at irc.rubbermallet.org: TandyMan100!TandyMan10@108-193-192-179.lightspeed.wchtks.sbcglobal.net (Quit: )
--- Log closed Sat Apr 28 06:33:55 2012
--- Log opened Sat Apr 28 06:38:28 2012
06:38 !irc.deafgeeksirc.com *** Notice -- Client exiting: audist (audist@cpe-76-90-227-137.socal.res.rr.com) [FFFFFFFFFff-- ]
--- Log closed Sat Apr 28 06:43:55 2012
--- Log opened Sat Apr 28 06:49:18 2012
06:49 !irc.deafgeeksirc.com *** Notice -- Client connecting at irc.rubbermallet.org: scrawl61 (scrawl@data.searchirc.org)
06:49 !irc.deafgeeksirc.com *** Notice -- Client exiting at irc.rubbermallet.org: scrawl61!scrawl@data.searchirc.org (Quit: [SearchIRC] This message brought to you by the power of grayskull.)
--- Log closed Sat Apr 28 06:54:55 2012
--- Log opened Sat Apr 28 07:16:17 2012
07:16 !irc.deafgeeksirc.com *** Notice -- Client connecting at irc.rubbermallet.org: scrawl49 (scrawl@data.searchirc.org)
07:16 !irc.deafgeeksirc.com *** Notice -- Client exiting at irc.rubbermallet.org: scrawl49!scrawl@data.searchirc.org (Quit: [SearchIRC] This message brought to you by the power of grayskull.)
--- Log closed Sat Apr 28 07:21:55 2012
--- Log opened Sat Apr 28 07:49:21 2012
07:49 !irc.deafgeeksirc.com *** Notice -- Client connecting at irc.rubbermallet.org: scrawl19 (scrawl@data.searchirc.org)
07:49 !irc.deafgeeksirc.com *** Notice -- Client exiting at irc.rubbermallet.org: scrawl19!scrawl@data.searchirc.org (Quit: [SearchIRC] This message brought to you by the power of grayskull.)
--- Log closed Sat Apr 28 07:54:55 2012
--- Log opened Sat Apr 28 08:16:17 2012
08:16 !irc.deafgeeksirc.com *** Notice -- Client connecting at irc.rubbermallet.org: scrawl19 (scrawl@data.searchirc.org)
08:16 !irc.deafgeeksirc.com *** Notice -- Client exiting at irc.rubbermallet.org: scrawl19!scrawl@data.searchirc.org (Quit: [SearchIRC] This message brought to you by the power of grayskull.)
--- Log closed Sat Apr 28 08:21:55 2012
--- Log opened Sat Apr 28 08:49:13 2012
08:49 !irc.deafgeeksirc.com *** Notice -- Client connecting at irc.rubbermallet.org: scrawl17 (scrawl@data.searchirc.org)
08:49 !irc.deafgeeksirc.com *** Notice -- Client exiting at irc.rubbermallet.org: scrawl17!scrawl@data.searchirc.org (Quit: [SearchIRC] This message brought to you by the power of grayskull.)
--- Log closed Sat Apr 28 08:54:55 2012
--- Log opened Sat Apr 28 09:16:11 2012
09:16 !irc.deafgeeksirc.com *** Notice -- Client connecting at irc.rubbermallet.org: scrawl37 (scrawl@data.searchirc.org)
09:16 !irc.deafgeeksirc.com *** Notice -- Client exiting at irc.rubbermallet.org: scrawl37!scrawl@data.searchirc.org (Quit: [SearchIRC] This message brought to you by the power of grayskull.)
--- Log closed Sat Apr 28 09:21:55 2012
--- Log opened Sat Apr 28 09:34:18 2012
09:34 !irc.deafgeeksirc.com *** Notice -- Client connecting at irc.rubbermallet.org: Bazinga (q@73.Red-83-36-225.dynamicIP.rima-tde.net)
--- Log closed Sat Apr 28 09:39:55 2012
--- Log opened Sat Apr 28 09:49:06 2012
09:49 !irc.deafgeeksirc.com *** Notice -- Client connecting at irc.rubbermallet.org: scrawl90 (scrawl@data.searchirc.org)
09:49 !irc.deafgeeksirc.com *** Notice -- Client exiting at irc.rubbermallet.org: scrawl90!scrawl@data.searchirc.org (Quit: [SearchIRC] This message brought to you by the power of grayskull.)
--- Log closed Sat Apr 28 09:54:55 2012
--- Log opened Sat Apr 28 10:16:08 2012
10:16 !irc.deafgeeksirc.com *** Notice -- Client connecting at irc.rubbermallet.org: scrawl09 (scrawl@data.searchirc.org)
10:16 !irc.deafgeeksirc.com *** Notice -- Client exiting at irc.rubbermallet.org: scrawl09!scrawl@data.searchirc.org (Quit: [SearchIRC] This message brought to you by the power of grayskull.)
--- Log closed Sat Apr 28 10:21:55 2012
--- Log opened Sat Apr 28 10:30:18 2012
10:30 !irc.deafgeeksirc.com *** Notice -- Client connecting at irc.rubbermallet.org: muadnem (8h8h@75-136-214-71.dhcp.kgpt.tn.charter.com)
10:34 !irc.deafgeeksirc.com *** Notice -- Client connecting on port 6667: caption (caption@66-215-165-96.dhcp.rvsd.ca.charter.com) [clients] 
10:35 !irc.deafgeeksirc.com *** Notice -- Client exiting at uamd.lolcano.me: Sudos|X120e!X120e@WNR2000 (Quit: RUCKY DAYU)
--- Log closed Sat Apr 28 10:40:55 2012
--- Log opened Sat Apr 28 10:49:09 2012
10:49 !irc.deafgeeksirc.com *** Notice -- Client connecting at irc.rubbermallet.org: scrawl56 (scrawl@data.searchirc.org)
10:49 !irc.deafgeeksirc.com *** Notice -- Client exiting at irc.rubbermallet.org: scrawl56!scrawl@data.searchirc.org (Quit: [SearchIRC] Indexed 4 channels in 10 secs @ Apr 28th, 2012, 11:48 am)
--- Log closed Sat Apr 28 10:54:55 2012
--- Log opened Sat Apr 28 11:05:15 2012
11:05 !irc.deafgeeksirc.com *** Notice -- Client connecting at irc.rubbermallet.org: Sue|phone (sue@174.141.212.27)
11:06 !irc.deafgeeksirc.com *** Notice -- Client connecting at irc.rubbermallet.org: chipztream (guidowinxp@82-171-130-233.ip.telfort.nl)
11:11 !irc.deafgeeksirc.com *** Notice -- Client connecting at irc.rubbermallet.org: bnp (bnp@82-171-130-233.ip.telfort.nl)
11:11 !irc.deafgeeksirc.com *** Notice -- Client exiting at irc.rubbermallet.org: guidoirssi!bnp@82-171-130-233.ip.telfort.nl (Quit: leaving)
11:11 !irc.deafgeeksirc.com *** Notice -- Client connecting at irc.rubbermallet.org: bnp (bnp@82-171-130-233.ip.telfort.nl)
11:13 !irc.deafgeeksirc.com *** Notice -- Client connecting at irc.rubbermallet.org: Sue|admire (sue@catastrophe.hardestyhosting.com)
11:13 !irc.deafgeeksirc.com *** Notice -- Client exiting at irc.rubbermallet.org: Sue|admire!sue@catastrophe.hardestyhosting.com (Quit: Sue|admire)
11:14 !irc.deafgeeksirc.com *** Notice -- Client exiting at irc.rubbermallet.org: Sue|phone!sue@174.141.212.27 (Ping timeout)
11:16 !irc.deafgeeksirc.com *** Notice -- Client connecting at irc.rubbermallet.org: scrawl00 (scrawl@data.searchirc.org)
11:16 !irc.deafgeeksirc.com *** Notice -- Client exiting at irc.rubbermallet.org: scrawl00!scrawl@data.searchirc.org (Quit: [SearchIRC] This message brought to you by the power of grayskull.)
--- Log closed Sat Apr 28 11:21:55 2012
--- Log opened Sat Apr 28 11:24:37 2012
11:24 !irc.deafgeeksirc.com *** Notice -- Client connecting at irc.rubbermallet.org: newform8 (biskerbee@68.39.45.36)
--- Log closed Sat Apr 28 11:29:55 2012
--- Log opened Sat Apr 28 11:49:09 2012
11:49 !irc.deafgeeksirc.com *** Notice -- Client connecting at irc.rubbermallet.org: scrawl69 (scrawl@data.searchirc.org)
11:49 !irc.deafgeeksirc.com *** Notice -- Client exiting at irc.rubbermallet.org: scrawl69!scrawl@data.searchirc.org (Quit: [SearchIRC] This message brought to you by the power of grayskull.)
--- Log closed Sat Apr 28 11:54:55 2012
--- Log opened Sat Apr 28 12:00:44 2012
12:00 !irc.deafgeeksirc.com *** Notice -- Client connecting at uamd.lolcano.me: Sudos|X120e (X120e@50.128.88.145)
12:02 !irc.deafgeeksirc.com Sudos|X120e (X120e@50.128.88.145) [superdos] is now a network administrator (N)
--- Log closed Sat Apr 28 12:07:55 2012
--- Log opened Sat Apr 28 12:08:20 2012
12:08 !irc.deafgeeksirc.com *** Notice -- Client exiting at uamd.lolcano.me: Sudos|X120e!X120e@50.128.88.145 (Quit: THE FLOOR IS LAVA)
12:11 !irc.deafgeeksirc.com *** Notice -- Client exiting at irc.rubbermallet.org: guidov!jhg@82-171-130-233.ip.telfort.nl (Ping timeout)
12:13 !irc.deafgeeksirc.com *** Notice -- Client connecting at irc.rubbermallet.org: guidov (jhg@82-171-130-233.ip.telfort.nl)
12:13 !irc.deafgeeksirc.com *** Notice -- Client exiting at irc.rubbermallet.org: guidov!jhg@82-171-130-233.ip.telfort.nl (Quit: guidov)
12:14 !irc.deafgeeksirc.com *** Notice -- Client connecting at irc.rubbermallet.org: guidov (jhg@82-171-130-233.ip.telfort.nl)
12:14 !irc.deafgeeksirc.com *** Notice -- Client exiting at irc.rubbermallet.org: guidov!jhg@82-171-130-233.ip.telfort.nl (Quit: Leaving)
12:16 !irc.deafgeeksirc.com *** Notice -- Client connecting at irc.rubbermallet.org: scrawl15 (scrawl@data.searchirc.org)
12:16 !irc.deafgeeksirc.com *** Notice -- Client exiting at irc.rubbermallet.org: scrawl15!scrawl@data.searchirc.org (Quit: [SearchIRC] This message brought to you by the power of grayskull.)
12:17 !irc.deafgeeksirc.com *** Notice -- Client connecting at irc.rubbermallet.org: guidov (jhg@82-171-130-233.ip.telfort.nl)
--- Log closed Sat Apr 28 12:22:55 2012
--- Log opened Sat Apr 28 12:32:20 2012
12:32 !irc.deafgeeksirc.com *** Notice -- Client exiting at irc.rubbermallet.org: guidov!jhg@82-171-130-233.ip.telfort.nl (Quit: Leaving)
--- Log closed Sat Apr 28 12:37:55 2012
--- Log opened Sat Apr 28 12:47:34 2012
12:47 !irc.deafgeeksirc.com *** Notice -- Client connecting at irc.rubbermallet.org: cooled_ (cooledid3@pool-71-241-144-101.nycmny.fios.verizon.net)
12:48 !irc.deafgeeksirc.com *** Notice -- Client exiting at irc.rubbermallet.org: cooled!cooledid3@pool-71-241-144-101.nycmny.fios.verizon.net (Ping timeout)
12:49 !irc.deafgeeksirc.com *** Notice -- Client connecting at irc.rubbermallet.org: scrawl92 (scrawl@data.searchirc.org)
12:49 !irc.deafgeeksirc.com *** Notice -- Client exiting at irc.rubbermallet.org: scrawl92!scrawl@data.searchirc.org (Quit: [SearchIRC] This message brought to you by the power of grayskull.)
--- Log closed Sat Apr 28 12:54:55 2012
--- Log opened Sat Apr 28 12:59:31 2012
12:59 !irc.deafgeeksirc.com *** Notice -- Client connecting at irc.rubbermallet.org: cooled (cooledid3@pool-71-241-144-101.nycmny.fios.verizon.net)
13:01 !irc.deafgeeksirc.com *** Notice -- Client exiting at irc.rubbermallet.org: cooled_!cooledid3@pool-71-241-144-101.nycmny.fios.verizon.net (Ping timeout)
--- Log closed Sat Apr 28 13:06:55 2012
--- Log opened Sat Apr 28 13:16:19 2012
13:16 !irc.deafgeeksirc.com *** Notice -- Client connecting at irc.rubbermallet.org: scrawl75 (scrawl@data.searchirc.org)
13:16 !irc.deafgeeksirc.com *** Notice -- Client exiting at irc.rubbermallet.org: scrawl75!scrawl@data.searchirc.org (Quit: [SearchIRC] This message brought to you by the power of grayskull.)
--- Log closed Sat Apr 28 13:21:55 2012
--- Log opened Sat Apr 28 13:49:20 2012
13:49 !irc.deafgeeksirc.com *** Notice -- Client connecting at irc.rubbermallet.org: scrawl51 (scrawl@data.searchirc.org)
13:49 !irc.deafgeeksirc.com *** Notice -- Client exiting at irc.rubbermallet.org: scrawl51!scrawl@data.searchirc.org (Quit: [SearchIRC] This message brought to you by the power of grayskull.)
--- Log closed Sat Apr 28 13:54:55 2012
--- Log opened Sat Apr 28 14:06:42 2012
14:06 !irc.deafgeeksirc.com *** Notice -- Client exiting at irc.rubbermallet.org: newform8!biskerbee@68.39.45.36 (Ping timeout)
--- Log closed Sat Apr 28 14:11:55 2012
--- Log opened Sat Apr 28 14:16:18 2012
14:16 !irc.deafgeeksirc.com *** Notice -- Client connecting at irc.rubbermallet.org: scrawl10 (scrawl@data.searchirc.org)
14:16 !irc.deafgeeksirc.com *** Notice -- Client exiting at irc.rubbermallet.org: scrawl10!scrawl@data.searchirc.org (Quit: [SearchIRC] This message brought to you by the power of grayskull.)
--- Log closed Sat Apr 28 14:21:55 2012
--- Log opened Sat Apr 28 14:33:07 2012
14:33 !irc.deafgeeksirc.com *** Notice -- Client exiting at irc.rubbermallet.org: tab!tab@pool-108-36-135-18.phlapa.east.verizon.net (Quit: Kernel Panic)
14:33 !irc.deafgeeksirc.com *** Notice -- Client connecting at irc.rubbermallet.org: tab (tab@pool-108-36-135-18.phlapa.east.verizon.net)
--- Log closed Sat Apr 28 14:38:55 2012
--- Log opened Sat Apr 28 14:49:17 2012
14:49 !irc.deafgeeksirc.com *** Notice -- Client connecting at irc.rubbermallet.org: scrawl65 (scrawl@data.searchirc.org)
14:49 !irc.deafgeeksirc.com *** Notice -- Client exiting at irc.rubbermallet.org: scrawl65!scrawl@data.searchirc.org (Quit: [SearchIRC] Indexed 4 channels in 11 secs @ Apr 28th, 2012, 3:49 pm)
--- Log closed Sat Apr 28 14:54:55 2012
--- Log opened Sat Apr 28 15:01:49 2012
15:01 !irc.deafgeeksirc.com *** Notice -- Client connecting at irc.rubbermallet.org: newform8 (biskerbee@68.39.45.36)
15:02 !irc.deafgeeksirc.com *** Notice -- Client exiting at irc.rubbermallet.org: newform8!biskerbee@68.39.45.36 (Connection reset by peer)
15:07 !irc.deafgeeksirc.com *** Notice -- Client exiting: caption (caption@66-215-165-96.dhcp.rvsd.ca.charter.com) [Ping timeout]
--- Log closed Sat Apr 28 15:12:55 2012
--- Log opened Sat Apr 28 15:16:17 2012
15:16 !irc.deafgeeksirc.com *** Notice -- Client connecting at irc.rubbermallet.org: scrawl57 (scrawl@data.searchirc.org)
15:16 !irc.deafgeeksirc.com *** Notice -- Client exiting at irc.rubbermallet.org: scrawl57!scrawl@data.searchirc.org (Quit: [SearchIRC] This message brought to you by the power of grayskull.)
--- Log closed Sat Apr 28 15:21:55 2012
--- Log opened Sat Apr 28 15:49:10 2012
15:49 !irc.deafgeeksirc.com *** Notice -- Client connecting at irc.rubbermallet.org: scrawl86 (scrawl@data.searchirc.org)
15:49 !irc.deafgeeksirc.com *** Notice -- Client exiting at irc.rubbermallet.org: scrawl86!scrawl@data.searchirc.org (Quit: [SearchIRC] This message brought to you by the power of grayskull.)
15:53 !irc.deafgeeksirc.com *** Notice -- Client connecting on port 6667: caption (caption@66-215-165-96.dhcp.rvsd.ca.charter.com) [clients] 
--- Log closed Sat Apr 28 15:58:55 2012
--- Log opened Sat Apr 28 16:16:52 2012
16:16 !irc.deafgeeksirc.com *** Notice -- Client connecting at irc.rubbermallet.org: scrawl36 (scrawl@data.searchirc.org)
16:17 !irc.deafgeeksirc.com *** Notice -- Client exiting at irc.rubbermallet.org: scrawl36!scrawl@data.searchirc.org (Quit: [SearchIRC] This message brought to you by the power of grayskull.)
--- Log closed Sat Apr 28 16:22:55 2012
--- Log opened Sat Apr 28 16:23:33 2012
16:23 !irc.deafgeeksirc.com *** Notice -- Client connecting at irc.rubbermallet.org: guidov (jhg@82-171-130-233.ip.telfort.nl)
--- Log closed Sat Apr 28 16:28:55 2012
--- Log opened Sat Apr 28 16:42:07 2012
16:42 !irc.deafgeeksirc.com *** Notice -- Client exiting at irc.rubbermallet.org: guidov!jhg@82-171-130-233.ip.telfort.nl (Quit: Leaving)
16:44 !irc.deafgeeksirc.com *** Notice -- Client connecting at irc.rubbermallet.org: shawn186 (Tiberius@c-67-165-211-182.hsd1.co.comcast.net)
16:49 !irc.deafgeeksirc.com *** Notice -- Client connecting at irc.rubbermallet.org: scrawl55 (scrawl@data.searchirc.org)
16:50 !irc.deafgeeksirc.com *** Notice -- Client exiting at irc.rubbermallet.org: scrawl55!scrawl@data.searchirc.org (Quit: [SearchIRC] This message brought to you by the power of grayskull.)
16:52 !irc.deafgeeksirc.com *** Notice -- Client connecting at irc.rubbermallet.org: guidov (jhg@82-171-130-233.ip.telfort.nl)
--- Log closed Sat Apr 28 16:57:55 2012
--- Log opened Sat Apr 28 17:16:07 2012
17:16 !irc.deafgeeksirc.com *** Notice -- Client exiting at irc.rubbermallet.org: Sue!sue@nagisa.hardestyhosting.com (Ping timeout)
17:16 !irc.deafgeeksirc.com *** Notice -- Client connecting at irc.rubbermallet.org: scrawl55 (scrawl@data.searchirc.org)
17:16 !irc.deafgeeksirc.com *** Notice -- Client exiting at irc.rubbermallet.org: scrawl55!scrawl@data.searchirc.org (Quit: [SearchIRC] This message brought to you by the power of grayskull.)
17:16 !irc.deafgeeksirc.com *** Notice -- Client exiting at irc.rubbermallet.org: Sue|mail!sue@catastrophe.hardestyhosting.com (Ping timeout)
--- Log closed Sat Apr 28 17:21:55 2012
--- Log opened Sat Apr 28 17:23:33 2012
17:23 !irc.deafgeeksirc.com *** Notice -- Client connecting at irc.rubbermallet.org: Sue|mail (sue@catastrophe.hardestyhosting.com)
17:23 !irc.deafgeeksirc.com *** Notice -- Client connecting at irc.rubbermallet.org: Sue (sue@nagisa.hardestyhosting.com)
--- Log closed Sat Apr 28 17:28:55 2012
--- Log opened Sat Apr 28 17:43:29 2012
17:43 !irc.deafgeeksirc.com *** Notice -- Client exiting at irc.rubbermallet.org: shawn186!Tiberius@c-67-165-211-182.hsd1.co.comcast.net (Quit: Say What?)
17:43 !irc.deafgeeksirc.com *** Notice -- Client connecting at irc.rubbermallet.org: tab_ (tab@pool-108-36-135-18.phlapa.east.verizon.net)
17:44 !irc.deafgeeksirc.com *** Notice -- Client exiting at irc.rubbermallet.org: tab!tab@pool-108-36-135-18.phlapa.east.verizon.net (Ping timeout)
17:45 !irc.deafgeeksirc.com *** Notice -- Client exiting at irc.rubbermallet.org: rms!textual@108.214.22.203 (Ping timeout)
17:47 !irc.deafgeeksirc.com *** Notice -- Client connecting at irc.rubbermallet.org: rms (textual@108.214.21.149)
17:49 !irc.deafgeeksirc.com *** Notice -- Client connecting at irc.rubbermallet.org: scrawl56 (scrawl@data.searchirc.org)
17:49 !irc.deafgeeksirc.com *** Notice -- Client exiting at irc.rubbermallet.org: scrawl56!scrawl@data.searchirc.org (Quit: [SearchIRC] This message brought to you by the power of grayskull.)
--- Log closed Sat Apr 28 17:54:55 2012
--- Log opened Sat Apr 28 18:16:42 2012
18:16 !irc.deafgeeksirc.com *** Notice -- Client connecting at irc.rubbermallet.org: scrawl59 (scrawl@data.searchirc.org)
18:16 !irc.deafgeeksirc.com *** Notice -- Client exiting at irc.rubbermallet.org: scrawl59!scrawl@data.searchirc.org (Quit: [SearchIRC] This message brought to you by the power of grayskull.)
18:20 !irc.deafgeeksirc.com *** Notice -- Client exiting at irc.rubbermallet.org: Zver-UA!Zver-UA@31.133.73.47 (Client exited)
--- Log closed Sat Apr 28 18:25:55 2012
--- Log opened Sat Apr 28 18:47:01 2012
18:47 !irc.deafgeeksirc.com *** Notice -- Client connecting at irc.rubbermallet.org: shawn186 (Tiberius@c-67-165-211-182.hsd1.co.comcast.net)
18:49 !irc.deafgeeksirc.com *** Notice -- Client connecting at irc.rubbermallet.org: scrawl10 (scrawl@data.searchirc.org)
18:49 !irc.deafgeeksirc.com *** Notice -- Client exiting at irc.rubbermallet.org: scrawl10!scrawl@data.searchirc.org (Quit: [SearchIRC] Indexed 4 channels in 10 secs @ Apr 28th, 2012, 7:49 pm)
--- Log closed Sat Apr 28 18:54:55 2012
--- Log opened Sat Apr 28 18:56:19 2012
18:56 !irc.deafgeeksirc.com *** Notice -- Client connecting on port 6697: `|mobile (dissimulo@200.sub-174-235-67.myvzw.com) [clients] [secure AES128-SHA]
18:56 !irc.deafgeeksirc.com `|mobile (dissimulo@200.sub-174-235-67.myvzw.com) [dustin] is now a network administrator (N)
19:00 !irc.deafgeeksirc.com *** Notice -- Client exiting at irc.rubbermallet.org: rms!textual@108.214.21.149 (Ping timeout)
--- Log closed Sat Apr 28 19:05:55 2012
--- Log opened Sat Apr 28 19:08:34 2012
19:08 !irc.deafgeeksirc.com *** Notice -- Client connecting at irc.rubbermallet.org: rms (textual@108.214.21.149)
19:11 !irc.deafgeeksirc.com Exiting ssl client `|mobile[@0:0:0:0:0:ffff:174.235.67.200.2898]: SSL_read(): Success
19:11 !irc.deafgeeksirc.com *** Notice -- Client exiting: `|mobile (dissimulo@200.sub-174-235-67.myvzw.com) [Input/output error]
19:15 !irc.deafgeeksirc.com *** Notice -- Client connecting at irc.rubbermallet.org: porkchopsandwiches (Amir@cpe-69-204-80-175.buffalo.res.rr.com)
19:16 !irc.deafgeeksirc.com *** Notice -- Client exiting at irc.rubbermallet.org: rms!textual@108.214.21.149 (Ping timeout)
19:16 !irc.deafgeeksirc.com *** Notice -- Client connecting at irc.rubbermallet.org: scrawl82 (scrawl@data.searchirc.org)
19:16 !irc.deafgeeksirc.com *** Notice -- Client exiting at irc.rubbermallet.org: scrawl82!scrawl@data.searchirc.org (Quit: [SearchIRC] This message brought to you by the power of grayskull.)
19:20 !irc.deafgeeksirc.com *** Notice -- Client connecting at irc.rubbermallet.org: rms (textual@108.214.21.149)
--- Log closed Sat Apr 28 19:25:55 2012
--- Log opened Sat Apr 28 19:42:47 2012
19:42 !irc.deafgeeksirc.com *** Notice -- Received KILL message for Sue!sue@dongs-A002BA52.hardestyhosting.com from Sudos|i9100 Path: irc!uamd!netadmin.haul.in.the.crabs.uamd.lolcano.me!Sudos|i9100 (here let me help you time out)
19:42 !irc.deafgeeksirc.com *** Notice -- Client exiting at irc.rubbermallet.org: Sue!sue@nagisa.hardestyhosting.com (Killed (Sudos|i9100 (here let me help you time out)))
19:43 !irc.deafgeeksirc.com *** Notice -- Received KILL message for Sue|mail!sue@dongs-7746ED72.hardestyhosting.com from Sudos|i9100 Path: irc!uamd!netadmin.haul.in.the.crabs.uamd.lolcano.me!Sudos|i9100 (here let me help you time out)
19:43 !irc.deafgeeksirc.com *** Notice -- Client exiting at irc.rubbermallet.org: Sue|mail!sue@catastrophe.hardestyhosting.com (Killed (Sudos|i9100 (here let me help you time out)))
19:44 !irc.deafgeeksirc.com *** Notice -- Client connecting at irc.rubbermallet.org: Sue|mail (sue@catastrophe.hardestyhosting.com)
19:44 !irc.deafgeeksirc.com *** Notice -- Client connecting at irc.rubbermallet.org: Sue (sue@nagisa.hardestyhosting.com)
19:49 !irc.deafgeeksirc.com *** Notice -- Client connecting at irc.rubbermallet.org: scrawl96 (scrawl@data.searchirc.org)
19:49 !irc.deafgeeksirc.com *** Notice -- Client exiting at irc.rubbermallet.org: scrawl96!scrawl@data.searchirc.org (Quit: [SearchIRC] This message brought to you by the power of grayskull.)
--- Log closed Sat Apr 28 19:55:55 2012
--- Log opened Sat Apr 28 19:57:35 2012
19:57 !irc.deafgeeksirc.com *** Notice -- Client exiting at irc.rubbermallet.org: Sue|mail!sue@catastrophe.hardestyhosting.com (Ping timeout)
19:57 !irc.deafgeeksirc.com *** Notice -- Client exiting at irc.rubbermallet.org: Sue!sue@nagisa.hardestyhosting.com (Ping timeout)
20:00 !irc.deafgeeksirc.com *** Notice -- Client connecting at irc.rubbermallet.org: Sue|mail (sue@catastrophe.hardestyhosting.com)
20:05 !irc.deafgeeksirc.com *** Notice -- Client connecting at irc.rubbermallet.org: Sue (sue@nagisa.hardestyhosting.com)
20:06 !irc.deafgeeksirc.com *** Notice -- Client connecting at uamd.lolcano.me: ekduo|xeon (Tehanu@bl12-210-137.dsl.telepac.pt)
20:11 !irc.deafgeeksirc.com *** Notice -- Client connecting at uamd.lolcano.me: ekduo|xe1n (Tehanu@bl7-100-149.dsl.telepac.pt)
20:13 !irc.deafgeeksirc.com *** Notice -- Client exiting at uamd.lolcano.me: ekduo|xeon!Tehanu@bl12-210-137.dsl.telepac.pt (Ping timeout)
20:16 !irc.deafgeeksirc.com *** Notice -- Client connecting at irc.rubbermallet.org: scrawl89 (scrawl@data.searchirc.org)
20:16 !irc.deafgeeksirc.com *** Notice -- Client exiting at irc.rubbermallet.org: scrawl89!scrawl@data.searchirc.org (Quit: [SearchIRC] This message brought to you by the power of grayskull.)
20:20 !irc.deafgeeksirc.com *** Notice -- Client connecting at uamd.lolcano.me: Sudos|X120e (X120e@WNR2000)
--- Log closed Sat Apr 28 20:25:55 2012
--- Log opened Sat Apr 28 20:43:37 2012
20:43 !irc.deafgeeksirc.com *** Notice -- Client exiting at uamd.lolcano.me: Sudos|X120e!X120e@WNR2000 (Quit: o q eh isso eu nem)
--- Log closed Sat Apr 28 20:48:55 2012
--- Log opened Sat Apr 28 20:51:57 2012
20:51 !irc.deafgeeksirc.com *** Notice -- Client exiting at irc.rubbermallet.org: Sue|mail!sue@catastrophe.hardestyhosting.com (Ping timeout)
20:52 !irc.deafgeeksirc.com *** Notice -- Client exiting at irc.rubbermallet.org: Sue!sue@nagisa.hardestyhosting.com (Ping timeout)
20:52 !irc.deafgeeksirc.com *** Notice -- Client connecting at irc.rubbermallet.org: Sue|mail (sue@catastrophe.hardestyhosting.com)
20:53 !irc.deafgeeksirc.com *** Notice -- Client connecting at irc.rubbermallet.org: Sue (sue@nagisa.hardestyhosting.com)
--- Log closed Sat Apr 28 20:58:55 2012
--- Log opened Sat Apr 28 21:08:42 2012
21:08 !irc.deafgeeksirc.com *** Notice -- Client connecting at irc.rubbermallet.org: scrawl92 (scrawl@data.searchirc.org)
21:08 !irc.deafgeeksirc.com *** Notice -- Client exiting at irc.rubbermallet.org: scrawl92!scrawl@data.searchirc.org (Quit: [SearchIRC] This message brought to you by the power of grayskull.)
--- Log closed Sat Apr 28 21:13:55 2012
--- Log opened Sat Apr 28 21:43:33 2012
21:43 !irc.deafgeeksirc.com *** Notice -- Client connecting at irc.rubbermallet.org: scrawl65 (scrawl@data.searchirc.org)
21:43 !irc.deafgeeksirc.com *** Notice -- Client exiting at irc.rubbermallet.org: scrawl65!scrawl@data.searchirc.org (Quit: [SearchIRC] This message brought to you by the power of grayskull.)
--- Log closed Sat Apr 28 21:48:55 2012
--- Log opened Sat Apr 28 22:10:28 2012
22:10 !irc.deafgeeksirc.com *** Notice -- Client connecting at irc.rubbermallet.org: scrawl66 (scrawl@data.searchirc.org)
22:10 !irc.deafgeeksirc.com *** Notice -- Client exiting at irc.rubbermallet.org: scrawl66!scrawl@data.searchirc.org (Quit: [SearchIRC] This message brought to you by the power of grayskull.)
--- Log closed Sat Apr 28 22:15:55 2012
--- Log opened Sat Apr 28 22:23:59 2012
22:23 !irc.rubbermallet.org *** guidoxp (guidowinxp@82-171-130-233.ip.telfort.nl) did a /whois on you.
--- Log closed Sat Apr 28 22:29:55 2012
--- Log opened Sat Apr 28 22:31:58 2012
22:31 !irc.deafgeeksirc.com *** Notice -- Client exiting at irc.rubbermallet.org: porkchopsandwiches!Amir@cpe-69-204-80-175.buffalo.res.rr.com (Quit: brblabtop)
--- Log closed Sat Apr 28 22:37:55 2012
--- Log opened Sat Apr 28 22:43:27 2012
22:43 !irc.deafgeeksirc.com *** Notice -- Client connecting at irc.rubbermallet.org: scrawl61 (scrawl@data.searchirc.org)
22:43 !irc.deafgeeksirc.com *** Notice -- Client exiting at irc.rubbermallet.org: scrawl61!scrawl@data.searchirc.org (Quit: [SearchIRC] This message brought to you by the power of grayskull.)
--- Log closed Sat Apr 28 22:48:55 2012
--- Log opened Sat Apr 28 23:10:27 2012
23:10 !irc.deafgeeksirc.com *** Notice -- Client connecting at irc.rubbermallet.org: scrawl98 (scrawl@data.searchirc.org)
23:10 !irc.deafgeeksirc.com *** Notice -- Client exiting at irc.rubbermallet.org: scrawl98!scrawl@data.searchirc.org (Quit: [SearchIRC] Indexed 4 channels in 10 secs @ Apr 29th, 2012, 12:10 am)
--- Log closed Sat Apr 28 23:15:55 2012
--- Log opened Sat Apr 28 23:28:28 2012
23:28 !irc.deafgeeksirc.com *** Notice -- Client exiting at irc.rubbermallet.org: Bazinga!q@73.Red-83-36-225.dynamicIP.rima-tde.net (Connection reset by peer)
--- Log closed Sat Apr 28 23:33:55 2012
--- Log opened Sat Apr 28 23:43:26 2012
23:43 !irc.deafgeeksirc.com *** Notice -- Client connecting at irc.rubbermallet.org: scrawl86 (scrawl@data.searchirc.org)
23:43 !irc.deafgeeksirc.com *** Notice -- Client exiting at irc.rubbermallet.org: scrawl86!scrawl@data.searchirc.org (Quit: [SearchIRC] This message brought to you by the power of grayskull.)
23:44 !irc.deafgeeksirc.com *** Notice -- Client exiting at irc.rubbermallet.org: NPE43!Oh@pool-96-243-53-8.bflony.east.verizon.net (Quit: Leaving)
--- Log closed Sat Apr 28 23:49:55 2012
--- Log opened Sun Apr 29 00:10:26 2012
00:10 !irc.deafgeeksirc.com *** Notice -- Client connecting at irc.rubbermallet.org: scrawl42 (scrawl@data.searchirc.org)
00:10 !irc.deafgeeksirc.com *** Notice -- Client exiting at irc.rubbermallet.org: scrawl42!scrawl@data.searchirc.org (Quit: [SearchIRC] This message brought to you by the power of grayskull.)
00:11 !irc.deafgeeksirc.com *** Notice -- Client exiting at uamd.lolcano.me: ekduo|xe1n!Tehanu@bl7-100-149.dsl.telepac.pt (Ping timeout)
--- Log closed Sun Apr 29 00:16:55 2012
--- Log opened Sun Apr 29 00:19:17 2012
00:19 !irc.deafgeeksirc.com *** Notice -- Client connecting at uamd.lolcano.me: ekduo|xeon (Tehanu@bl12-210-137.dsl.telepac.pt)
00:22 !irc.deafgeeksirc.com *** Global -- from irc.rubbermallet.org: No response from uamd.lolcano.me[68.39.3.85], closing link
--- Log closed Sun Apr 29 00:27:55 2012
--- Log opened Sun Apr 29 00:31:23 2012
00:31 !irc.deafgeeksirc.com (link) Link irc.rubbermallet.org -> uamd.lolcano.me[@68.39.3.85.59975] established
00:31 !irc.deafgeeksirc.com (link) Link uamd.lolcano.me -> irc.rubbermallet.org[@24.107.102.129.0] established
00:31 !irc.deafgeeksirc.com *** Notice -- Client connecting at uamd.lolcano.me: Sudos|Wyse (SudosJ400@WNR2000)
00:31 !irc.deafgeeksirc.com *** Notice -- Client connecting at uamd.lolcano.me: Sudos|i9100 (i9100@WNR2000)
00:31 !irc.deafgeeksirc.com *** Notice -- Client connecting at uamd.lolcano.me: Sudos|AthXP (AthXP@WNR2000)
00:31 !irc.deafgeeksirc.com (sync) Possible negative TS split at link uamd.lolcano.me (1335677238 - 1335677451 = -213) [PLEASE SYNC YOUR CLOCKS!]
00:31 !irc.deafgeeksirc.com (sync) Link uamd.lolcano.me -> irc.rubbermallet.org is now synced [secs: -213 recv: 4.80 sent: 8.912]
00:31 !irc.deafgeeksirc.com (sync) Link uamd.lolcano.me is running u2310 while irc.rubbermallet.org is running 2309!
00:31 !irc.deafgeeksirc.com (sync) Link irc.rubbermallet.org -> uamd.lolcano.me is now synced [secs: 214 recv: 8.544 sent: 3.863]
00:31 !irc.deafgeeksirc.com (sync) Link irc.rubbermallet.org is running u2309 while uamd.lolcano.me is running 2310!
00:31 !irc.deafgeeksirc.com *** Notice -- Client connecting at uamd.lolcano.me: ekduo|xeon (Tehanu@bl12-210-137.dsl.telepac.pt)
--- Log closed Sun Apr 29 00:36:55 2012
--- Log opened Sun Apr 29 00:43:25 2012
00:43 !irc.deafgeeksirc.com *** Notice -- Client connecting at irc.rubbermallet.org: scrawl97 (scrawl@data.searchirc.org)
00:43 !irc.deafgeeksirc.com *** Notice -- Client exiting at irc.rubbermallet.org: scrawl97!scrawl@data.searchirc.org (Quit: [SearchIRC] This message brought to you by the power of grayskull.)
--- Log closed Sun Apr 29 00:48:55 2012
--- Log opened Sun Apr 29 00:54:06 2012
00:54 !irc.deafgeeksirc.com *** Global -- from irc.rubbermallet.org: No response from uamd.lolcano.me[68.39.3.85], closing link
--- Log closed Sun Apr 29 00:59:55 2012
--- Log opened Sun Apr 29 01:01:45 2012
01:01 !irc.deafgeeksirc.com (link) Link irc.rubbermallet.org -> uamd.lolcano.me[@68.39.3.85.53065] established
01:01 !irc.deafgeeksirc.com (link) Link uamd.lolcano.me -> irc.rubbermallet.org[@24.107.102.129.0] established
01:01 !irc.deafgeeksirc.com *** Notice -- Client connecting at uamd.lolcano.me: Sudos|i9100 (i9100@WNR2000)
01:01 !irc.deafgeeksirc.com *** Notice -- Client connecting at uamd.lolcano.me: Sudos|AthXP (AthXP@WNR2000)
01:01 !irc.deafgeeksirc.com (sync) Possible negative TS split at link uamd.lolcano.me (1335679060 - 1335679274 = -214) [PLEASE SYNC YOUR CLOCKS!]
01:01 !irc.deafgeeksirc.com (sync) Link uamd.lolcano.me -> irc.rubbermallet.org is now synced [secs: -214 recv: 3.1006 sent: 8.877]
01:01 !irc.deafgeeksirc.com (sync) Link uamd.lolcano.me is running u2310 while irc.rubbermallet.org is running 2309!
01:01 !irc.deafgeeksirc.com (sync) Link irc.rubbermallet.org -> uamd.lolcano.me is now synced [secs: 215 recv: 8.555 sent: 3.765]
01:01 !irc.deafgeeksirc.com (sync) Link irc.rubbermallet.org is running u2309 while uamd.lolcano.me is running 2310!
01:03 !irc.deafgeeksirc.com *** Notice -- Client connecting at uamd.lolcano.me: ekduo|xeon (Tehanu@bl12-210-137.dsl.telepac.pt)
01:03 !irc.deafgeeksirc.com *** Global -- from irc.rubbermallet.org: Received SQUIT uamd.lolcano.me from `|mountains ()
01:04 !irc.deafgeeksirc.com (link) Link irc.rubbermallet.org -> uamd.lolcano.me[@68.39.3.85.49347] established
01:04 !irc.deafgeeksirc.com (link) Link uamd.lolcano.me -> irc.rubbermallet.org[@24.107.102.129.0] established
01:04 !irc.deafgeeksirc.com *** Notice -- Client connecting at uamd.lolcano.me: Sudos|i9100 (i9100@WNR2000)
01:04 !irc.deafgeeksirc.com *** Notice -- Client connecting at uamd.lolcano.me: Sudos|AthXP (AthXP@WNR2000)
01:04 !irc.deafgeeksirc.com *** Notice -- Client connecting at uamd.lolcano.me: ekduo|xeon (Tehanu@bl12-210-137.dsl.telepac.pt)
01:04 !irc.deafgeeksirc.com (sync) Possible negative TS split at link uamd.lolcano.me (1335679200 - 1335679414 = -214) [PLEASE SYNC YOUR CLOCKS!]
01:04 !irc.deafgeeksirc.com (sync) Link uamd.lolcano.me -> irc.rubbermallet.org is now synced [secs: -214 recv: 4.81 sent: 8.922]
01:04 !irc.deafgeeksirc.com (sync) Link uamd.lolcano.me is running u2310 while irc.rubbermallet.org is running 2309!
01:04 !irc.deafgeeksirc.com (sync) Link irc.rubbermallet.org -> uamd.lolcano.me is now synced [secs: 215 recv: 8.554 sent: 3.864]
01:04 !irc.deafgeeksirc.com (sync) Link irc.rubbermallet.org is running u2309 while uamd.lolcano.me is running 2310!
01:05 !irc.deafgeeksirc.com *** Notice -- Received KILL message for Sudos|i9100!i9100@netadmin.haul.in.the.crabs.uamd.lolcano.me from `|mountains Path: netadmin.deafgeeksirc.com!`|mountains (no need to repeat yourself)
01:05 !irc.deafgeeksirc.com *** Notice -- Client exiting at uamd.lolcano.me: Sudos|i9100!i9100@WNR2000 (Killed (`|mountains (no need to repeat yourself)))
01:05 !irc.deafgeeksirc.com *** Notice -- Client connecting at uamd.lolcano.me: Sudos|i9100 (i9100@WNR2000)
01:05 !irc.deafgeeksirc.com Sudos|i9100 (i9100@WNR2000) [superdos] is now a network administrator (N)
01:06 !irc.deafgeeksirc.com *** Notice -- Client connecting at uamd.lolcano.me: Sudos|Wyse (SudosJ400@WNR2000)
01:07 !irc.deafgeeksirc.com Sudos|Wyse (SudosJ400@WNR2000) [superdos] is now a network administrator (N)
01:10 !irc.deafgeeksirc.com king_crimson (king_crims@5D95EB29.ED5D9C8B.ACA6E65E.IP) [mike] is now a network administrator (N)
01:10 !irc.deafgeeksirc.com *** Notice -- Client connecting at irc.rubbermallet.org: scrawl55 (scrawl@data.searchirc.org)
01:10 !irc.deafgeeksirc.com *** Global -- from irc.rubbermallet.org: Received SQUIT uamd.lolcano.me from king_crimson[192.168.1.91] (king_crimson)
01:10 !irc.deafgeeksirc.com *** Notice -- Client exiting at irc.rubbermallet.org: scrawl55!scrawl@data.searchirc.org (Quit: [SearchIRC] This message brought to you by the power of grayskull.)
01:10 !irc.deafgeeksirc.com (link) Link irc.rubbermallet.org -> uamd.lolcano.me[@68.39.3.85.39471] established
01:10 !irc.deafgeeksirc.com (link) Link uamd.lolcano.me -> irc.rubbermallet.org[@24.107.102.129.0] established
01:10 !irc.deafgeeksirc.com *** Notice -- Client connecting at uamd.lolcano.me: Sudos|AthXP (AthXP@WNR2000)
01:10 !irc.deafgeeksirc.com *** Notice -- Client connecting at uamd.lolcano.me: ekduo|xeon (Tehanu@bl12-210-137.dsl.telepac.pt)
01:10 !irc.deafgeeksirc.com *** Notice -- Client connecting at uamd.lolcano.me: Sudos|i9100 (i9100@WNR2000)
01:10 !irc.deafgeeksirc.com *** Notice -- Client connecting at uamd.lolcano.me: Sudos|Wyse (SudosJ400@WNR2000)
01:10 !irc.deafgeeksirc.com (sync) Possible negative TS split at link uamd.lolcano.me (1335679594 - 1335679808 = -214) [PLEASE SYNC YOUR CLOCKS!]
01:10 !irc.deafgeeksirc.com (sync) Link uamd.lolcano.me -> irc.rubbermallet.org is now synced [secs: -214 recv: 3.1005 sent: 8.999]
01:10 !irc.deafgeeksirc.com (sync) Link uamd.lolcano.me is running u2310 while irc.rubbermallet.org is running 2309!
01:10 !irc.deafgeeksirc.com (sync) Link irc.rubbermallet.org -> uamd.lolcano.me is now synced [secs: 214 recv: 8.999 sent: 3.1009]
01:10 !irc.deafgeeksirc.com (sync) Link irc.rubbermallet.org is running u2309 while uamd.lolcano.me is running 2310!
01:10 !irc.deafgeeksirc.com *** Global -- from irc.rubbermallet.org: Received SQUIT uamd.lolcano.me from king_crimson[192.168.1.91] (king_crimson)
01:12 !irc.deafgeeksirc.com (link) Link irc.rubbermallet.org -> uamd.lolcano.me[@68.39.3.85.33447] established
01:12 !irc.deafgeeksirc.com (link) Link uamd.lolcano.me -> irc.rubbermallet.org[@24.107.102.129.0] established
01:12 !irc.deafgeeksirc.com *** Notice -- Client connecting at uamd.lolcano.me: Sudos|AthXP (AthXP@WNR2000)
01:12 !irc.deafgeeksirc.com *** Notice -- Client connecting at uamd.lolcano.me: ekduo|xeon (Tehanu@bl12-210-137.dsl.telepac.pt)
01:12 !irc.deafgeeksirc.com *** Notice -- Client connecting at uamd.lolcano.me: Sudos|i9100 (i9100@WNR2000)
01:12 !irc.deafgeeksirc.com *** Notice -- Client connecting at uamd.lolcano.me: Sudos|Wyse (SudosJ400@WNR2000)
01:12 !irc.deafgeeksirc.com (sync) Possible negative TS split at link uamd.lolcano.me (1335679689 - 1335679903 = -214) [PLEASE SYNC YOUR CLOCKS!]
01:12 !irc.deafgeeksirc.com (sync) Link uamd.lolcano.me -> irc.rubbermallet.org is now synced [secs: -214 recv: 4.227 sent: 8.990]
01:12 !irc.deafgeeksirc.com (sync) Link uamd.lolcano.me is running u2310 while irc.rubbermallet.org is running 2309!
01:12 !irc.deafgeeksirc.com (sync) Link irc.rubbermallet.org -> uamd.lolcano.me is now synced [secs: 214 recv: 8.576 sent: 3.1009]
01:12 !irc.deafgeeksirc.com (sync) Link irc.rubbermallet.org is running u2309 while uamd.lolcano.me is running 2310!
01:15 !irc.deafgeeksirc.com *** Notice -- Client exiting at uamd.lolcano.me: Sudos|Wyse!SudosJ400@WNR2000 (Quit: leaving)
01:17 !irc.deafgeeksirc.com *** Notice -- Client connecting at uamd.lolcano.me: Sudos|Wyse (SudosJ400@WNR2000)
01:18 !irc.deafgeeksirc.com *** Notice -- Client exiting at uamd.lolcano.me: Sudos|Wyse!SudosJ400@WNR2000 (Quit: leaving)
01:18 !irc.deafgeeksirc.com *** Notice -- Client connecting at uamd.lolcano.me: Sudos|Wyse (SudosJ400@WNR2000)
01:18 !irc.deafgeeksirc.com *** Notice -- Client exiting at uamd.lolcano.me: Sudos|Wyse!SudosJ400@WNR2000 (Quit: leaving)
01:18 !irc.deafgeeksirc.com *** Notice -- Client connecting at uamd.lolcano.me: Sudos|Wyse (SudosJ400@WNR2000)
01:19 !irc.deafgeeksirc.com *** Notice -- Client exiting at uamd.lolcano.me: Sudos|Wyse!SudosJ400@WNR2000 (Quit: leaving)
01:19 !irc.deafgeeksirc.com *** Notice -- Client connecting at uamd.lolcano.me: Sudos|Wyse (SudosJ400@WNR2000)
01:19 !irc.deafgeeksirc.com Sudos|Wyse (SudosJ400@WNR2000) [superdos] is now a network administrator (N)
01:20 !irc.deafgeeksirc.com *** Notice -- Client exiting at uamd.lolcano.me: Sudos|Wyse!SudosJ400@WNR2000 (Quit: leaving)
01:20 !irc.deafgeeksirc.com *** Notice -- Client connecting at uamd.lolcano.me: Sudos|Wyse (SudosJ400@WNR2000)
01:20 !irc.deafgeeksirc.com Sudos|Wyse (SudosJ400@WNR2000) [superdos] is now a network administrator (N)
01:22 !irc.deafgeeksirc.com *** Notice -- Client exiting at uamd.lolcano.me: Sudos|Wyse!SudosJ400@WNR2000 (Quit: leaving)
01:22 !irc.deafgeeksirc.com *** Notice -- Client connecting at uamd.lolcano.me: Sudos|Wyse (SudosJ400@WNR2000)
01:23 !irc.deafgeeksirc.com Sudos|Wyse (SudosJ400@WNR2000) [superdos] is now a network administrator (N)
--- Log closed Sun Apr 29 01:28:55 2012
--- Log opened Sun Apr 29 01:43:22 2012
01:43 !irc.deafgeeksirc.com *** Notice -- Client connecting at irc.rubbermallet.org: scrawl12 (scrawl@data.searchirc.org)
01:43 !irc.deafgeeksirc.com *** Notice -- Client exiting at irc.rubbermallet.org: scrawl12!scrawl@data.searchirc.org (Quit: [SearchIRC] This message brought to you by the power of grayskull.)
--- Log closed Sun Apr 29 01:48:55 2012
--- Log opened Sun Apr 29 02:10:20 2012
02:10 !irc.deafgeeksirc.com *** Notice -- Client connecting at irc.rubbermallet.org: scrawl46 (scrawl@data.searchirc.org)
02:10 !irc.deafgeeksirc.com *** Notice -- Client exiting at irc.rubbermallet.org: scrawl46!scrawl@data.searchirc.org (Quit: [SearchIRC] This message brought to you by the power of grayskull.)
--- Log closed Sun Apr 29 02:15:55 2012
--- Log opened Sun Apr 29 02:22:49 2012
02:22 !irc.deafgeeksirc.com *** Notice -- Client exiting at irc.rubbermallet.org: shawn186!Tiberius@c-67-165-211-182.hsd1.co.comcast.net (Ping timeout)
--- Log closed Sun Apr 29 02:27:55 2012
--- Log opened Sun Apr 29 02:43:22 2012
02:43 !irc.deafgeeksirc.com *** Notice -- Client connecting at irc.rubbermallet.org: scrawl80 (scrawl@data.searchirc.org)
02:43 !irc.deafgeeksirc.com *** Notice -- Client exiting at irc.rubbermallet.org: scrawl80!scrawl@data.searchirc.org (Quit: [SearchIRC] This message brought to you by the power of grayskull.)
02:45 !irc.deafgeeksirc.com *** Notice -- Client exiting: caption (caption@66-215-165-96.dhcp.rvsd.ca.charter.com) [Ping timeout]
--- Log closed Sun Apr 29 02:50:55 2012
--- Log opened Sun Apr 29 02:59:54 2012
02:59 !irc.deafgeeksirc.com *** Notice -- Client connecting at irc.rubbermallet.org: miek|netbuk (mieknetbu@192.168.1.1)
--- Log closed Sun Apr 29 03:04:55 2012
--- Log opened Sun Apr 29 03:05:46 2012
03:05 !irc.deafgeeksirc.com *** Notice -- Client connecting at irc.rubbermallet.org: Zver-UA (Zver-UA@31.133.68.26)
03:10 !irc.deafgeeksirc.com *** Notice -- Client connecting at irc.rubbermallet.org: scrawl66 (scrawl@data.searchirc.org)
--- Log closed Sun Apr 29 03:15:55 2012
--- Log opened Sun Apr 29 03:17:36 2012
03:17 !irc.deafgeeksirc.com *** Notice -- Client exiting at uamd.lolcano.me: ekduo|xeon!Tehanu@bl12-210-137.dsl.telepac.pt (Ping timeout)
--- Log closed Sun Apr 29 03:22:55 2012
--- Log opened Sun Apr 29 03:25:32 2012
03:25 !irc.deafgeeksirc.com *** Notice -- Client exiting at irc.rubbermallet.org: miek|netbuk!mieknetbu@192.168.1.1 (Quit: )
03:25 !irc.deafgeeksirc.com *** Notice -- Client connecting at uamd.lolcano.me: ekduo|xeon (Tehanu@bl12-210-137.dsl.telepac.pt)
--- Log closed Sun Apr 29 03:30:55 2012
--- Log opened Sun Apr 29 04:10:56 2012
04:10 !irc.deafgeeksirc.com *** Notice -- Client exiting at irc.rubbermallet.org: scrawl66!scrawl@data.searchirc.org (Quit: [SearchIRC] Indexed 4 channels in 243 secs @ Apr 29th, 2012, 5:10 am)
04:11 !irc.deafgeeksirc.com *** Notice -- Client connecting at irc.rubbermallet.org: scrawl29 (scrawl@data.searchirc.org)
04:11 !irc.deafgeeksirc.com *** Notice -- Client exiting at irc.rubbermallet.org: scrawl29!scrawl@data.searchirc.org (Quit: [SearchIRC] This message brought to you by the power of grayskull.)
--- Log closed Sun Apr 29 04:16:55 2012
--- Log opened Sun Apr 29 04:33:36 2012
04:33 !irc.deafgeeksirc.com *** Notice -- Client exiting at irc.rubbermallet.org: NoBones!Sara@24-151-94-148.dhcp.nwtn.ct.charter.com (Quit: )
--- Log closed Sun Apr 29 04:38:55 2012
--- Log opened Sun Apr 29 04:44:31 2012
04:44 !irc.deafgeeksirc.com *** Notice -- Client connecting at irc.rubbermallet.org: scrawl99 (scrawl@data.searchirc.org)
04:44 !irc.deafgeeksirc.com *** Notice -- Client exiting at irc.rubbermallet.org: scrawl99!scrawl@data.searchirc.org (Quit: [SearchIRC] This message brought to you by the power of grayskull.)
--- Log closed Sun Apr 29 04:49:55 2012
--- Log opened Sun Apr 29 05:11:28 2012
05:11 !irc.deafgeeksirc.com *** Notice -- Client connecting at irc.rubbermallet.org: scrawl68 (scrawl@data.searchirc.org)
05:11 !irc.deafgeeksirc.com *** Notice -- Client exiting at irc.rubbermallet.org: scrawl68!scrawl@data.searchirc.org (Quit: [SearchIRC] This message brought to you by the power of grayskull.)
--- Log closed Sun Apr 29 05:16:55 2012
--- Log opened Sun Apr 29 05:44:29 2012
05:44 !irc.deafgeeksirc.com *** Notice -- Client connecting at irc.rubbermallet.org: scrawl02 (scrawl@data.searchirc.org)
05:44 !irc.deafgeeksirc.com *** Notice -- Client exiting at irc.rubbermallet.org: scrawl02!scrawl@data.searchirc.org (Quit: [SearchIRC] This message brought to you by the power of grayskull.)
--- Log closed Sun Apr 29 05:49:55 2012
--- Log opened Sun Apr 29 06:11:28 2012
06:11 !irc.deafgeeksirc.com *** Notice -- Client connecting at irc.rubbermallet.org: scrawl25 (scrawl@data.searchirc.org)
06:11 !irc.deafgeeksirc.com *** Notice -- Client exiting at irc.rubbermallet.org: scrawl25!scrawl@data.searchirc.org (Quit: [SearchIRC] This message brought to you by the power of grayskull.)
--- Log closed Sun Apr 29 06:16:55 2012
--- Log opened Sun Apr 29 06:44:29 2012
06:44 !irc.deafgeeksirc.com *** Notice -- Client connecting at irc.rubbermallet.org: scrawl92 (scrawl@data.searchirc.org)
06:44 !irc.deafgeeksirc.com *** Notice -- Client exiting at irc.rubbermallet.org: scrawl92!scrawl@data.searchirc.org (Quit: [SearchIRC] This message brought to you by the power of grayskull.)
--- Log closed Sun Apr 29 06:49:55 2012
--- Log opened Sun Apr 29 06:50:09 2012
06:50 !irc.deafgeeksirc.com *** Notice -- Client connecting at irc.rubbermallet.org: NPE43 (Oh@pool-96-243-53-8.bflony.east.verizon.net)
--- Log closed Sun Apr 29 06:55:55 2012
--- Log opened Sun Apr 29 07:11:32 2012
07:11 !irc.deafgeeksirc.com *** Notice -- Client connecting at irc.rubbermallet.org: scrawl10 (scrawl@data.searchirc.org)
07:11 !irc.deafgeeksirc.com *** Notice -- Client exiting at irc.rubbermallet.org: scrawl10!scrawl@data.searchirc.org (Quit: [SearchIRC] This message brought to you by the power of grayskull.)
--- Log closed Sun Apr 29 07:16:55 2012
--- Log opened Sun Apr 29 07:44:32 2012
07:44 !irc.deafgeeksirc.com *** Notice -- Client connecting at irc.rubbermallet.org: scrawl84 (scrawl@data.searchirc.org)
07:44 !irc.deafgeeksirc.com *** Notice -- Client exiting at irc.rubbermallet.org: scrawl84!scrawl@data.searchirc.org (Quit: [SearchIRC] This message brought to you by the power of grayskull.)
--- Log closed Sun Apr 29 07:49:55 2012
--- Log opened Sun Apr 29 08:11:24 2012
08:11 !irc.deafgeeksirc.com *** Notice -- Client connecting at irc.rubbermallet.org: scrawl83 (scrawl@data.searchirc.org)
08:11 !irc.deafgeeksirc.com *** Notice -- Client exiting at irc.rubbermallet.org: scrawl83!scrawl@data.searchirc.org (Quit: [SearchIRC] Indexed 4 channels in 10 secs @ Apr 29th, 2012, 9:11 am)
--- Log closed Sun Apr 29 08:16:55 2012
--- Log opened Sun Apr 29 08:44:22 2012
08:44 !irc.deafgeeksirc.com *** Notice -- Client connecting at irc.rubbermallet.org: scrawl77 (scrawl@data.searchirc.org)
08:44 !irc.deafgeeksirc.com *** Notice -- Client exiting at irc.rubbermallet.org: scrawl77!scrawl@data.searchirc.org (Quit: [SearchIRC] This message brought to you by the power of grayskull.)
--- Log closed Sun Apr 29 08:49:55 2012
--- Log opened Sun Apr 29 08:58:27 2012
08:58 !irc.deafgeeksirc.com *** Notice -- Client connecting at irc.rubbermallet.org: Freakazoitt (5115@46.48.178.46)
--- Log closed Sun Apr 29 09:03:55 2012
--- Log opened Sun Apr 29 09:07:55 2012
09:07 !irc.deafgeeksirc.com *** Notice -- Client exiting at irc.rubbermallet.org: Freakazoitt!5115@46.48.178.46 (Quit: Mrh?)
09:11 !irc.deafgeeksirc.com *** Notice -- Client connecting at irc.rubbermallet.org: scrawl94 (scrawl@data.searchirc.org)
09:11 !irc.deafgeeksirc.com *** Notice -- Client exiting at irc.rubbermallet.org: scrawl94!scrawl@data.searchirc.org (Quit: [SearchIRC] This message brought to you by the power of grayskull.)
--- Log closed Sun Apr 29 09:16:55 2012
--- Log opened Sun Apr 29 09:37:12 2012
09:37 !irc.deafgeeksirc.com *** Notice -- Client connecting at uamd.lolcano.me: ekduo|xe1n (Tehanu@bl7-100-149.dsl.telepac.pt)
09:39 !irc.deafgeeksirc.com *** Notice -- Client exiting at uamd.lolcano.me: ekduo|xeon!Tehanu@bl12-210-137.dsl.telepac.pt (Ping timeout)
09:42 !irc.deafgeeksirc.com *** Notice -- Client connecting at irc.rubbermallet.org: Nikodim (nspu@212.164.120.190)
09:44 !irc.deafgeeksirc.com *** Notice -- Client connecting at irc.rubbermallet.org: scrawl63 (scrawl@data.searchirc.org)
09:44 !irc.deafgeeksirc.com *** Notice -- Client exiting at irc.rubbermallet.org: scrawl63!scrawl@data.searchirc.org (Quit: [SearchIRC] This message brought to you by the power of grayskull.)
--- Log closed Sun Apr 29 09:49:55 2012
--- Log opened Sun Apr 29 09:57:28 2012
09:57 !irc.deafgeeksirc.com *** Notice -- Client connecting at irc.rubbermallet.org: TanDongMobileMan100 (tandyman10@adsl-65-66-80-102.dsl.wchtks.swbell.net)
--- Log closed Sun Apr 29 10:02:55 2012
--- Log opened Sun Apr 29 10:06:02 2012
10:06 !irc.deafgeeksirc.com *** Notice -- Client exiting at irc.rubbermallet.org: rms!textual@108.214.21.149 (Ping timeout)
--- Log closed Sun Apr 29 10:11:55 2012
--- Log opened Sun Apr 29 10:15:09 2012
10:15 !irc.deafgeeksirc.com *** Notice -- Client connecting at irc.rubbermallet.org: scrawl89 (scrawl@data.searchirc.org)
10:15 !irc.deafgeeksirc.com *** Notice -- Client exiting at irc.rubbermallet.org: scrawl89!scrawl@data.searchirc.org (Quit: [SearchIRC] This message brought to you by the power of grayskull.)
--- Log closed Sun Apr 29 10:20:55 2012
--- Log opened Sun Apr 29 10:48:03 2012
10:48 !irc.deafgeeksirc.com *** Notice -- Client connecting at irc.rubbermallet.org: scrawl66 (scrawl@data.searchirc.org)
10:48 !irc.deafgeeksirc.com *** Notice -- Client exiting at irc.rubbermallet.org: scrawl66!scrawl@data.searchirc.org (Quit: [SearchIRC] This message brought to you by the power of grayskull.)
10:50 !irc.deafgeeksirc.com *** Global -- from irc.rubbermallet.org: No response from uamd.lolcano.me[68.39.3.85], closing link
--- Log closed Sun Apr 29 10:55:55 2012
--- Log opened Sun Apr 29 10:59:13 2012
10:59 !irc.deafgeeksirc.com (link) Link irc.rubbermallet.org -> uamd.lolcano.me[@68.39.3.85.41576] established
10:59 !irc.deafgeeksirc.com (link) Link uamd.lolcano.me -> irc.rubbermallet.org[@24.107.102.129.0] established
10:59 !irc.deafgeeksirc.com *** Notice -- Client connecting at uamd.lolcano.me: Sudos|AthXP (AthXP@WNR2000)
10:59 !irc.deafgeeksirc.com *** Notice -- Client connecting at uamd.lolcano.me: Sudos|i9100 (i9100@WNR2000)
10:59 !irc.deafgeeksirc.com *** Notice -- Client connecting at uamd.lolcano.me: Sudos|Wyse (SudosJ400@WNR2000)
10:59 !irc.deafgeeksirc.com (sync) Possible negative TS split at link uamd.lolcano.me (1335714909 - 1335715120 = -211) [PLEASE SYNC YOUR CLOCKS!]
10:59 !irc.deafgeeksirc.com (sync) Link uamd.lolcano.me -> irc.rubbermallet.org is now synced [secs: -211 recv: 3.906 sent: 8.936]
10:59 !irc.deafgeeksirc.com (sync) Link uamd.lolcano.me is running u2310 while irc.rubbermallet.org is running 2309!
10:59 !irc.deafgeeksirc.com (sync) Link irc.rubbermallet.org -> uamd.lolcano.me is now synced [secs: 212 recv: 8.568 sent: 3.910]
10:59 !irc.deafgeeksirc.com (sync) Link irc.rubbermallet.org is running u2309 while uamd.lolcano.me is running 2310!
10:59 !irc.deafgeeksirc.com *** Notice -- Client connecting at uamd.lolcano.me: ekduo|xeon (Tehanu@bl7-100-149.dsl.telepac.pt)
11:01 !irc.deafgeeksirc.com *** Notice -- Client connecting at irc.rubbermallet.org: dn_fone (dn@207.225.123.91)
11:04 !irc.deafgeeksirc.com *** Notice -- Client exiting at irc.rubbermallet.org: dn!dn@207.225.123.91 (Quit: fish eat dookie)
--- Log closed Sun Apr 29 11:09:55 2012
--- Log opened Sun Apr 29 11:14:56 2012
11:14 !irc.deafgeeksirc.com *** Notice -- Client connecting at irc.rubbermallet.org: scrawl02 (scrawl@data.searchirc.org)
11:15 !irc.deafgeeksirc.com *** Notice -- Client exiting at irc.rubbermallet.org: scrawl02!scrawl@data.searchirc.org (Quit: [SearchIRC] This message brought to you by the power of grayskull.)
--- Log closed Sun Apr 29 11:20:55 2012
--- Log opened Sun Apr 29 11:27:46 2012
11:27 !irc.deafgeeksirc.com *** Notice -- Client exiting at irc.rubbermallet.org: TanDongMobileMan100!tandyman10@adsl-65-66-80-102.dsl.wchtks.swbell.net (Ping timeout)
11:29 !irc.deafgeeksirc.com *** Notice -- Client exiting at irc.rubbermallet.org: guidoxp!guidowinxp@82-171-130-233.ip.telfort.nl (Quit: )
11:30 !irc.deafgeeksirc.com *** Notice -- Client exiting at irc.rubbermallet.org: guidov!jhg@82-171-130-233.ip.telfort.nl (Quit: Leaving)
--- Log closed Sun Apr 29 11:35:55 2012
--- Log opened Sun Apr 29 11:47:59 2012
11:47 !irc.deafgeeksirc.com *** Notice -- Client connecting at irc.rubbermallet.org: scrawl40 (scrawl@data.searchirc.org)
11:48 !irc.deafgeeksirc.com *** Notice -- Client exiting at irc.rubbermallet.org: scrawl40!scrawl@data.searchirc.org (Quit: [SearchIRC] This message brought to you by the power of grayskull.)
--- Log closed Sun Apr 29 11:53:55 2012
--- Log opened Sun Apr 29 11:58:14 2012
11:58 !irc.deafgeeksirc.com *** Notice -- Client connecting on port 6667: caption (caption@66-215-165-96.dhcp.rvsd.ca.charter.com) [clients] 
--- Log closed Sun Apr 29 12:03:55 2012
--- Log opened Sun Apr 29 12:13:05 2012
12:13 !irc.deafgeeksirc.com *** Notice -- Client exiting at irc.rubbermallet.org: Artem!nspu@212.164.120.190 (Quit: ß èñïîëüçóþ íàñòðîåííûé êëèåíò ñ http://tusa.web74.ru)
12:15 !irc.deafgeeksirc.com *** Notice -- Client connecting at irc.rubbermallet.org: scrawl22 (scrawl@data.searchirc.org)
12:15 !irc.deafgeeksirc.com *** Notice -- Client exiting at irc.rubbermallet.org: scrawl22!scrawl@data.searchirc.org (Quit: [SearchIRC] Indexed 4 channels in 10 secs @ Apr 29th, 2012, 1:14 pm)
--- Log closed Sun Apr 29 12:20:55 2012
--- Log opened Sun Apr 29 12:29:22 2012
12:29 !irc.deafgeeksirc.com *** Notice -- Client exiting: caption (caption@66-215-165-96.dhcp.rvsd.ca.charter.com) [FFFFFFFFFff-- WeeChat 0.3.7]
12:29 !irc.deafgeeksirc.com *** Notice -- Client connecting on port 6667: caption (caption@66-215-165-96.dhcp.rvsd.ca.charter.com) [clients] 
--- Log closed Sun Apr 29 12:34:55 2012
--- Log opened Sun Apr 29 12:48:00 2012
12:48 !irc.deafgeeksirc.com *** Notice -- Client connecting at irc.rubbermallet.org: scrawl06 (scrawl@data.searchirc.org)
12:48 !irc.deafgeeksirc.com *** Notice -- Client exiting at irc.rubbermallet.org: scrawl06!scrawl@data.searchirc.org (Quit: [SearchIRC] This message brought to you by the power of grayskull.)
--- Log closed Sun Apr 29 12:53:55 2012
--- Log opened Sun Apr 29 13:14:59 2012
13:14 !irc.deafgeeksirc.com *** Notice -- Client connecting at irc.rubbermallet.org: scrawl28 (scrawl@data.searchirc.org)
13:15 !irc.deafgeeksirc.com *** Notice -- Client exiting at irc.rubbermallet.org: scrawl28!scrawl@data.searchirc.org (Quit: [SearchIRC] This message brought to you by the power of grayskull.)
--- Log closed Sun Apr 29 13:20:55 2012
--- Log opened Sun Apr 29 13:47:58 2012
13:47 !irc.deafgeeksirc.com *** Notice -- Client connecting at irc.rubbermallet.org: scrawl90 (scrawl@data.searchirc.org)
13:48 !irc.deafgeeksirc.com *** Notice -- Client exiting at irc.rubbermallet.org: scrawl90!scrawl@data.searchirc.org (Quit: [SearchIRC] This message brought to you by the power of grayskull.)
--- Log closed Sun Apr 29 13:53:55 2012
--- Log opened Sun Apr 29 14:14:55 2012
14:14 !irc.deafgeeksirc.com *** Notice -- Client connecting at irc.rubbermallet.org: scrawl53 (scrawl@data.searchirc.org)
14:15 !irc.deafgeeksirc.com *** Notice -- Client exiting at irc.rubbermallet.org: scrawl53!scrawl@data.searchirc.org (Quit: [SearchIRC] This message brought to you by the power of grayskull.)
--- Log closed Sun Apr 29 14:20:55 2012
--- Log opened Sun Apr 29 14:47:54 2012
14:47 !irc.deafgeeksirc.com *** Notice -- Client connecting at irc.rubbermallet.org: scrawl85 (scrawl@data.searchirc.org)
14:48 !irc.deafgeeksirc.com *** Notice -- Client exiting at irc.rubbermallet.org: scrawl85!scrawl@data.searchirc.org (Quit: [SearchIRC] This message brought to you by the power of grayskull.)
--- Log closed Sun Apr 29 14:53:55 2012
--- Log opened Sun Apr 29 15:12:26 2012
15:12 !irc.deafgeeksirc.com *** Notice -- Client connecting on port 6667: tonynoname (tonynoname@pool-108-44-12-23.albyny.east.verizon.net) [clients] 
15:14 !irc.deafgeeksirc.com *** Notice -- Client connecting at irc.rubbermallet.org: scrawl43 (scrawl@data.searchirc.org)
15:15 !irc.deafgeeksirc.com *** Notice -- Client exiting at irc.rubbermallet.org: scrawl43!scrawl@data.searchirc.org (Quit: [SearchIRC] This message brought to you by the power of grayskull.)
15:16 !irc.deafgeeksirc.com *** Notice -- Client exiting: tonynoname (tonynoname@pool-108-44-12-23.albyny.east.verizon.net) [FFFFFFFFFff-- tonynoname]
15:16 !irc.deafgeeksirc.com *** Notice -- Client connecting on port 6667: tonynoname (tonynoname@pool-108-44-12-23.albyny.east.verizon.net) [clients] 
--- Log closed Sun Apr 29 15:21:55 2012
--- Log opened Sun Apr 29 15:42:47 2012
15:42 !irc.deafgeeksirc.com *** Notice -- Client exiting at uamd.lolcano.me: Sudos|i9100!i9100@WNR2000 (Ping timeout)
--- Log closed Sun Apr 29 15:47:55 2012
--- Log opened Sun Apr 29 15:49:18 2012
15:49 !irc.deafgeeksirc.com *** Notice -- Client connecting at irc.rubbermallet.org: scrawl49 (scrawl@data.searchirc.org)
15:49 !irc.deafgeeksirc.com *** Notice -- Client exiting at irc.rubbermallet.org: scrawl49!scrawl@data.searchirc.org (Quit: [SearchIRC] This message brought to you by the power of grayskull.)
--- Log closed Sun Apr 29 15:54:55 2012
--- Log opened Sun Apr 29 16:16:16 2012
16:16 !irc.deafgeeksirc.com *** Notice -- Client connecting at irc.rubbermallet.org: scrawl24 (scrawl@data.searchirc.org)
16:16 !irc.deafgeeksirc.com *** Notice -- Client exiting at irc.rubbermallet.org: scrawl24!scrawl@data.searchirc.org (Quit: [SearchIRC] Indexed 4 channels in 10 secs @ Apr 29th, 2012, 5:15 pm)
--- Log closed Sun Apr 29 16:21:55 2012
--- Log opened Sun Apr 29 16:23:32 2012
16:23 !irc.deafgeeksirc.com *** Notice -- Client exiting at uamd.lolcano.me: ekduo|xeon!Tehanu@bl7-100-149.dsl.telepac.pt (Ping timeout)
16:25 !irc.deafgeeksirc.com *** Notice -- Client connecting at uamd.lolcano.me: Sudos|i9100 (i9100@WNR2000)
16:27 !irc.deafgeeksirc.com Sudos|i9100 (i9100@WNR2000) [superdos] is now a network administrator (N)
--- Log closed Sun Apr 29 16:32:55 2012
--- Log opened Sun Apr 29 16:36:35 2012
16:36 !irc.deafgeeksirc.com *** Notice -- Client connecting on port 6667: tonynoname2 (tonynoname@pool-108-44-12-23.albyny.east.verizon.net) [clients] 
--- Log closed Sun Apr 29 16:41:55 2012
--- Log opened Sun Apr 29 16:49:17 2012
16:49 !irc.deafgeeksirc.com *** Notice -- Client connecting at irc.rubbermallet.org: scrawl61 (scrawl@data.searchirc.org)
16:49 !irc.deafgeeksirc.com *** Notice -- Client exiting at irc.rubbermallet.org: scrawl61!scrawl@data.searchirc.org (Quit: [SearchIRC] This message brought to you by the power of grayskull.)
--- Log closed Sun Apr 29 16:54:55 2012
--- Log opened Sun Apr 29 16:57:03 2012
16:57 !irc.deafgeeksirc.com *** Notice -- Client connecting at irc.rubbermallet.org: TandyMan100 (TandyMan10@adsl-71-158-209-144.dsl.wchtks.sbcglobal.net)
16:57 !irc.deafgeeksirc.com *** Notice -- Client connecting at irc.rubbermallet.org: Tandy|D600 (TandyD600@adsl-71-158-209-144.dsl.wchtks.sbcglobal.net)
--- Log closed Sun Apr 29 17:02:55 2012
--- Log opened Sun Apr 29 17:16:08 2012
17:16 !irc.deafgeeksirc.com *** Notice -- Client connecting at irc.rubbermallet.org: scrawl11 (scrawl@data.searchirc.org)
17:16 !irc.deafgeeksirc.com *** Notice -- Client exiting at irc.rubbermallet.org: scrawl11!scrawl@data.searchirc.org (Quit: [SearchIRC] This message brought to you by the power of grayskull.)
17:19 !irc.deafgeeksirc.com *** Notice -- Client exiting at irc.rubbermallet.org: Zver-UA!Zver-UA@31.133.68.26 (Client exited)
17:21 !irc.deafgeeksirc.com *** Notice -- Client connecting at uamd.lolcano.me: Sudos|X120e (X120e@64.134.96.198)
17:25 !irc.deafgeeksirc.com *** Notice -- Client connecting at irc.rubbermallet.org: newform8 (biskerbee@71.188.125.27)
17:27 !irc.deafgeeksirc.com *** Notice -- Client connecting on port 6667: caption_ (caption@66-215-165-96.dhcp.rvsd.ca.charter.com) [clients] 
17:27 !irc.deafgeeksirc.com *** Notice -- Client exiting: caption (caption@66-215-165-96.dhcp.rvsd.ca.charter.com) [Ping timeout]
--- Log closed Sun Apr 29 17:32:55 2012
--- Log opened Sun Apr 29 17:43:42 2012
17:43 !irc.deafgeeksirc.com *** Notice -- Client connecting at uamd.lolcano.me: ekduo|xeon (Tehanu@bl12-210-137.dsl.telepac.pt)
--- Log closed Sun Apr 29 17:48:55 2012
--- Log opened Sun Apr 29 17:49:06 2012
17:49 !irc.deafgeeksirc.com *** Notice -- Client connecting at irc.rubbermallet.org: scrawl55 (scrawl@data.searchirc.org)
17:49 !irc.deafgeeksirc.com *** Notice -- Client exiting at irc.rubbermallet.org: scrawl55!scrawl@data.searchirc.org (Quit: [SearchIRC] This message brought to you by the power of grayskull.)
--- Log closed Sun Apr 29 17:54:55 2012
--- Log opened Sun Apr 29 17:57:38 2012
17:57 !irc.deafgeeksirc.com *** Notice -- Client connecting at irc.rubbermallet.org: dn (dn@207.225.123.91)
--- Log closed Sun Apr 29 18:02:55 2012
--- Log opened Sun Apr 29 18:16:08 2012
18:16 !irc.deafgeeksirc.com *** Notice -- Client connecting at irc.rubbermallet.org: scrawl50 (scrawl@data.searchirc.org)
18:16 !irc.deafgeeksirc.com *** Notice -- Client exiting at irc.rubbermallet.org: scrawl50!scrawl@data.searchirc.org (Quit: [SearchIRC] This message brought to you by the power of grayskull.)
18:18 !irc.deafgeeksirc.com *** Notice -- Client exiting at irc.rubbermallet.org: dn!dn@207.225.123.91 (Quit: fish eat dookie)
18:20 !irc.deafgeeksirc.com *** Notice -- Client exiting at uamd.lolcano.me: Sudos|X120e!X120e@64.134.96.198 (Quit: THE FLOOR IS LAVA)
18:22 !irc.deafgeeksirc.com *** Notice -- Client connecting at irc.rubbermallet.org: shawn186 (Tiberius@c-71-196-211-57.hsd1.co.comcast.net)
--- Log closed Sun Apr 29 18:27:55 2012
--- Log opened Sun Apr 29 18:34:10 2012
18:34 !irc.deafgeeksirc.com *** Notice -- Client connecting at irc.rubbermallet.org: dn (dn@207.225.123.91)
18:34 !irc.deafgeeksirc.com *** Notice -- Client exiting at irc.rubbermallet.org: dn!dn@207.225.123.91 (Quit: dn)
18:34 !irc.deafgeeksirc.com *** Notice -- Client connecting at irc.rubbermallet.org: dn (dn@207.225.123.91)
18:39 !irc.deafgeeksirc.com *** Notice -- Client connecting at irc.rubbermallet.org: guidoxp (guidowinxp@82-171-130-233.ip.telfort.nl)
18:41 !irc.deafgeeksirc.com *** Notice -- Client exiting: tonynoname (tonynoname@pool-108-44-12-23.albyny.east.verizon.net) [Ping timeout]
--- Log closed Sun Apr 29 18:46:55 2012
--- Log opened Sun Apr 29 18:49:01 2012
18:49 !irc.deafgeeksirc.com *** Notice -- Client connecting at irc.rubbermallet.org: scrawl40 (scrawl@data.searchirc.org)
18:49 !irc.deafgeeksirc.com *** Notice -- Client exiting at irc.rubbermallet.org: scrawl40!scrawl@data.searchirc.org (Quit: [SearchIRC] This message brought to you by the power of grayskull.)
--- Log closed Sun Apr 29 18:54:55 2012
--- Log opened Sun Apr 29 19:10:54 2012
19:10 !irc.deafgeeksirc.com *** Notice -- Client connecting on port 6667: tonynoname3 (tonynoname@pool-108-44-12-23.albyny.east.verizon.net) [clients] 
19:11 !irc.deafgeeksirc.com *** Notice -- Client exiting: tonynoname2 (tonynoname@pool-108-44-12-23.albyny.east.verizon.net) [Ping timeout]
19:12 !irc.deafgeeksirc.com *** Notice -- Client connecting on port 6667: tonynoname (tonynoname@pool-108-44-12-23.albyny.east.verizon.net) [clients] 
19:15 !irc.deafgeeksirc.com *** Notice -- Client connecting at irc.rubbermallet.org: scrawl40 (scrawl@data.searchirc.org)
19:16 !irc.deafgeeksirc.com *** Notice -- Client exiting at irc.rubbermallet.org: scrawl40!scrawl@data.searchirc.org (Quit: [SearchIRC] This message brought to you by the power of grayskull.)
--- Log closed Sun Apr 29 19:21:55 2012
--- Log opened Sun Apr 29 19:49:03 2012
19:49 !irc.deafgeeksirc.com *** Notice -- Client connecting at irc.rubbermallet.org: scrawl78 (scrawl@data.searchirc.org)
19:49 !irc.deafgeeksirc.com *** Notice -- Client exiting at irc.rubbermallet.org: scrawl78!scrawl@data.searchirc.org (Quit: [SearchIRC] This message brought to you by the power of grayskull.)
19:52 !irc.deafgeeksirc.com *** Notice -- Client exiting at irc.rubbermallet.org: dn!dn@207.225.123.91 (Quit: fish eat dookie)
19:56 !irc.deafgeeksirc.com *** Notice -- Client exiting at irc.rubbermallet.org: shawn186!Tiberius@c-71-196-211-57.hsd1.co.comcast.net (Ping timeout)
--- Log closed Sun Apr 29 20:01:55 2012
--- Log opened Sun Apr 29 20:16:06 2012
20:16 !irc.deafgeeksirc.com *** Notice -- Client connecting at irc.rubbermallet.org: scrawl48 (scrawl@data.searchirc.org)
20:16 !irc.deafgeeksirc.com *** Notice -- Client exiting at irc.rubbermallet.org: scrawl48!scrawl@data.searchirc.org (Quit: [SearchIRC] This message brought to you by the power of grayskull.)
--- Log closed Sun Apr 29 20:21:55 2012
--- Log opened Sun Apr 29 20:25:24 2012
20:25 !irc.deafgeeksirc.com *** Notice -- Client exiting: caption_ (caption@66-215-165-96.dhcp.rvsd.ca.charter.com) [Ping timeout]
--- Log closed Sun Apr 29 20:30:55 2012
--- Log opened Sun Apr 29 20:32:06 2012
20:32 !irc.deafgeeksirc.com *** Notice -- Client connecting on port 6667: caption_ (caption@66-215-165-96.dhcp.rvsd.ca.charter.com) [clients] 
--- Log closed Sun Apr 29 20:37:55 2012
--- Log opened Sun Apr 29 20:45:22 2012
20:45 !irc.deafgeeksirc.com *** Notice -- Client exiting: caption_ (caption@66-215-165-96.dhcp.rvsd.ca.charter.com) [Ping timeout]
20:49 !irc.deafgeeksirc.com *** Notice -- Client connecting at irc.rubbermallet.org: scrawl77 (scrawl@data.searchirc.org)
20:49 !irc.deafgeeksirc.com *** Notice -- Client exiting at irc.rubbermallet.org: scrawl77!scrawl@data.searchirc.org (Quit: [SearchIRC] Indexed 4 channels in 10 secs @ Apr 29th, 2012, 9:48 pm)
--- Log closed Sun Apr 29 20:54:55 2012
--- Log opened Sun Apr 29 21:09:03 2012
21:09 !irc.deafgeeksirc.com *** Notice -- Client exiting: tonynoname (tonynoname@pool-108-44-12-23.albyny.east.verizon.net) [FFFFFFFFFff-- tonynoname]
21:10 !irc.deafgeeksirc.com *** Notice -- Client connecting on port 6667: tonynoname (tonynoname@pool-108-44-12-23.albyny.east.verizon.net) [clients] 
21:12 !irc.deafgeeksirc.com *** Notice -- Client exiting at irc.rubbermallet.org: NPE43!Oh@pool-96-243-53-8.bflony.east.verizon.net (Quit: Leaving)
21:13 !irc.deafgeeksirc.com *** Notice -- Client exiting: tonynoname (tonynoname@pool-108-44-12-23.albyny.east.verizon.net) [FFFFFFFFFff-- tonynoname]
21:14 !irc.deafgeeksirc.com *** Notice -- Client exiting: tonynoname3 (tonynoname@pool-108-44-12-23.albyny.east.verizon.net) [FFFFFFFFFff-- tonynoname3]
21:14 !irc.deafgeeksirc.com *** Notice -- Client connecting on port 6667: tonynoname (tonynoname@pool-108-44-12-23.albyny.east.verizon.net) [clients] 
21:16 !irc.deafgeeksirc.com *** Notice -- Client connecting at irc.rubbermallet.org: scrawl15 (scrawl@data.searchirc.org)
21:16 !irc.deafgeeksirc.com *** Notice -- Client exiting at irc.rubbermallet.org: scrawl15!scrawl@data.searchirc.org (Quit: [SearchIRC] This message brought to you by the power of grayskull.)
--- Log closed Sun Apr 29 21:21:55 2012
--- Log opened Sun Apr 29 21:36:08 2012
21:36 !irc.deafgeeksirc.com *** Notice -- Client exiting at irc.rubbermallet.org: newform8!biskerbee@71.188.125.27 (Connection reset by peer)
--- Log closed Sun Apr 29 21:41:55 2012
--- Log opened Sun Apr 29 21:49:07 2012
21:49 !irc.deafgeeksirc.com *** Notice -- Client connecting at irc.rubbermallet.org: scrawl94 (scrawl@data.searchirc.org)
21:49 !irc.deafgeeksirc.com *** Notice -- Client exiting at irc.rubbermallet.org: scrawl94!scrawl@data.searchirc.org (Quit: [SearchIRC] This message brought to you by the power of grayskull.)
--- Log closed Sun Apr 29 21:54:55 2012
--- Log opened Sun Apr 29 22:16:40 2012
22:16 !irc.deafgeeksirc.com *** Notice -- Client connecting at irc.rubbermallet.org: scrawl36 (scrawl@data.searchirc.org)
22:16 !irc.deafgeeksirc.com *** Notice -- Client exiting at irc.rubbermallet.org: scrawl36!scrawl@data.searchirc.org (Quit: [SearchIRC] This message brought to you by the power of grayskull.)
--- Log closed Sun Apr 29 22:21:55 2012
--- Log opened Sun Apr 29 22:49:43 2012
22:49 !irc.deafgeeksirc.com *** Notice -- Client connecting at irc.rubbermallet.org: scrawl67 (scrawl@data.searchirc.org)
22:49 !irc.deafgeeksirc.com *** Notice -- Client exiting at irc.rubbermallet.org: scrawl67!scrawl@data.searchirc.org (Quit: [SearchIRC] This message brought to you by the power of grayskull.)
--- Log closed Sun Apr 29 22:54:55 2012
--- Log opened Sun Apr 29 22:59:47 2012
22:59 !irc.deafgeeksirc.com *** Notice -- Client connecting at irc.rubbermallet.org: Sue|phone (sue@c-98-252-68-171.hsd1.ca.comcast.net)
--- Log closed Sun Apr 29 23:04:55 2012
--- Log opened Sun Apr 29 23:16:41 2012
23:16 !irc.deafgeeksirc.com *** Notice -- Client connecting at irc.rubbermallet.org: scrawl03 (scrawl@data.searchirc.org)
23:16 !irc.deafgeeksirc.com *** Notice -- Client exiting at irc.rubbermallet.org: scrawl03!scrawl@data.searchirc.org (Quit: [SearchIRC] This message brought to you by the power of grayskull.)
23:19 !irc.deafgeeksirc.com *** Notice -- Client connecting at irc.rubbermallet.org: newform8 (biskerbee@c-76-117-112-94.hsd1.nj.comcast.net)
--- Log closed Sun Apr 29 23:24:55 2012
--- Log opened Sun Apr 29 23:35:16 2012
23:35 !irc.deafgeeksirc.com *** Notice -- Client exiting at irc.rubbermallet.org: Sue|phone!sue@c-98-252-68-171.hsd1.ca.comcast.net (Connection reset by peer)
23:35 !irc.deafgeeksirc.com *** Notice -- Client connecting at irc.rubbermallet.org: Sue|phone (sue@c-98-252-68-171.hsd1.ca.comcast.net)
23:37 !irc.deafgeeksirc.com *** Notice -- Client connecting at irc.rubbermallet.org: Sue|admire (sue@c-98-252-68-171.hsd1.ca.comcast.net)
23:37 !irc.deafgeeksirc.com *** Notice -- Client exiting at irc.rubbermallet.org: Sue|phone!sue@c-98-252-68-171.hsd1.ca.comcast.net (Connection reset by peer)
23:37 !irc.deafgeeksirc.com *** Notice -- Client exiting at irc.rubbermallet.org: Sue|admire!sue@c-98-252-68-171.hsd1.ca.comcast.net (Quit: Sue|admire)
--- Log closed Sun Apr 29 23:42:55 2012
--- Log opened Sun Apr 29 23:49:33 2012
23:49 !irc.deafgeeksirc.com *** Notice -- Client connecting at irc.rubbermallet.org: scrawl97 (scrawl@data.searchirc.org)
23:49 !irc.deafgeeksirc.com *** Notice -- Client exiting at irc.rubbermallet.org: scrawl97!scrawl@data.searchirc.org (Quit: [SearchIRC] This message brought to you by the power of grayskull.)
23:54 !irc.deafgeeksirc.com *** Notice -- Client exiting at irc.rubbermallet.org: TandyMan100!TandyMan10@adsl-71-158-209-144.dsl.wchtks.sbcglobal.net (Ping timeout)
--- Log closed Sun Apr 29 23:59:55 2012
--- Log opened Mon Apr 30 00:13:26 2012
00:13 !irc.deafgeeksirc.com *** Notice -- Client connecting on port 6667: caption (caption@66-215-165-96.dhcp.rvsd.ca.charter.com) [clients] 
00:13 !irc.deafgeeksirc.com *** Notice -- Client exiting at uamd.lolcano.me: ekduo|xeon!Tehanu@bl12-210-137.dsl.telepac.pt (Quit: leaving)
00:15 !irc.deafgeeksirc.com *** Notice -- Client exiting: tonynoname (tonynoname@pool-108-44-12-23.albyny.east.verizon.net) [FFFFFFFFFff-- tonynoname]
00:16 !irc.deafgeeksirc.com *** Notice -- Client connecting on port 6667: tonynoname (tonynoname@pool-108-44-12-23.albyny.east.verizon.net) [clients] 
00:16 !irc.deafgeeksirc.com *** Notice -- Client connecting at irc.rubbermallet.org: scrawl73 (scrawl@data.searchirc.org)
00:16 !irc.deafgeeksirc.com *** Notice -- Client exiting at irc.rubbermallet.org: scrawl73!scrawl@data.searchirc.org (Quit: [SearchIRC] This message brought to you by the power of grayskull.)
00:17 !irc.deafgeeksirc.com *** Notice -- Client connecting on port 6667: tonynoname2 (tonynoname@pool-108-44-12-23.albyny.east.verizon.net) [clients] 
00:17 !irc.deafgeeksirc.com *** Notice -- Client exiting: tonynoname2 (tonynoname@pool-108-44-12-23.albyny.east.verizon.net) [Connection reset by peer]
00:18 !irc.deafgeeksirc.com *** Notice -- Client exiting: tonynoname (tonynoname@pool-108-44-12-23.albyny.east.verizon.net) [FFFFFFFFFff-- tonynoname]
00:18 !irc.deafgeeksirc.com *** Notice -- Client connecting on port 6667: tonynoname (tonynoname@pool-108-44-12-23.albyny.east.verizon.net) [clients] 
00:20 !irc.deafgeeksirc.com *** Notice -- Client exiting: tonynoname (tonynoname@pool-108-44-12-23.albyny.east.verizon.net) [FFFFFFFFFff-- tonynoname]
00:20 !irc.deafgeeksirc.com *** Notice -- Client connecting on port 6667: tonynoname (tonynoname@pool-108-44-12-23.albyny.east.verizon.net) [clients] 
--- Log closed Mon Apr 30 00:25:55 2012
--- Log opened Mon Apr 30 00:29:55 2012
00:29 !irc.deafgeeksirc.com *** Notice -- Client connecting at uamd.lolcano.me: Sudos|C840 (ZOOP@BLACKMESA.hsd1.nj.comcast.net)
--- Log closed Mon Apr 30 00:34:55 2012
--- Log opened Mon Apr 30 00:37:40 2012
00:37 !irc.deafgeeksirc.com *** Notice -- Client connecting at irc.rubbermallet.org: knifethrower_ (knifethrow@74.215.239.69)
00:37 !irc.deafgeeksirc.com *** Notice -- Client exiting at irc.rubbermallet.org: knifethrower!knifethrow@74.215.239.69 (Ping timeout)
00:40 !irc.deafgeeksirc.com Sudos|C840 (ZOOP@BLACKMESA.hsd1.nj.comcast.net) [superdos] is now a network administrator (N)
--- Log closed Mon Apr 30 00:45:55 2012
--- Log opened Mon Apr 30 00:49:36 2012
00:49 !irc.deafgeeksirc.com *** Notice -- Client connecting at irc.rubbermallet.org: scrawl86 (scrawl@data.searchirc.org)
00:49 !irc.deafgeeksirc.com *** Notice -- Client exiting at irc.rubbermallet.org: scrawl86!scrawl@data.searchirc.org (Quit: [SearchIRC] Indexed 4 channels in 10 secs @ Apr 30th, 2012, 1:49 am)
00:51 !irc.deafgeeksirc.com *** Notice -- Client connecting at irc.rubbermallet.org: shawn186 (Tiberius@c-71-196-211-57.hsd1.co.comcast.net)
00:56 !irc.deafgeeksirc.com *** Notice -- Client exiting at uamd.lolcano.me: Sudos|C840!ZOOP@BLACKMESA.hsd1.nj.comcast.net (Quit: THE FLOOR IS LAVA)
--- Log closed Mon Apr 30 01:01:55 2012
--- Log opened Mon Apr 30 01:03:15 2012
01:03 !irc.deafgeeksirc.com *** Notice -- Client connecting at irc.rubbermallet.org: fake86_user (blah@192.168.1.131)
01:03 !irc.deafgeeksirc.com *** Notice -- Client exiting at irc.rubbermallet.org: fake86_user!blah@192.168.1.131 (Quit: fake86_user)
--- Log closed Mon Apr 30 01:08:55 2012
--- Log opened Mon Apr 30 01:16:28 2012
01:16 !irc.deafgeeksirc.com *** Notice -- Client connecting at irc.rubbermallet.org: scrawl37 (scrawl@data.searchirc.org)
01:16 !irc.deafgeeksirc.com *** Notice -- Client exiting at irc.rubbermallet.org: scrawl37!scrawl@data.searchirc.org (Quit: [SearchIRC] This message brought to you by the power of grayskull.)
--- Log closed Mon Apr 30 01:20:32 2012
