--- Log opened Mon Feb 13 23:08:57 2012
23:08 -!- Irssi: Starting query in DeafGeeksIRC with caption
--- Log closed Mon Feb 13 23:14:30 2012
--- Log opened Mon Mar 26 14:50:50 2012
14:50 -!- Irssi: Starting query in DeafGeeksIRC with caption
14:50 <caption> sup duz
--- Log closed Mon Mar 26 14:56:20 2012
--- Log opened Mon Mar 26 20:02:28 2012
20:02 -!- Irssi: Starting query in DeafGeeksIRC with caption
20:02 <caption> hey
20:05 <`> whats up
20:06 <caption> got ur IMs
20:06 <caption> that sok
20:06 <`> alright
20:08 <caption> although that will subtract cool points from u
20:09 <`> yeah, i know.
20:10 <`> cannot be helped.
20:11 <caption> no worries man
20:11 <caption> its understandable
20:11 <caption> shit happens
--- Log closed Mon Mar 26 20:16:20 2012
--- Log opened Tue Mar 27 00:22:55 2012
00:22 -!- caption [caption@dongs-46AA6BA9.dhcp.rvsd.ca.charter.com] has quit [FFFFFFFFFff-- Lost terminal]
--- Log closed Tue Mar 27 00:28:20 2012
--- Log opened Wed Mar 28 14:59:08 2012
14:59 -!- Irssi: Starting query in DeafGeeksIRC with caption
14:59 <caption> hey
14:59 <caption> dude
--- Log closed Wed Mar 28 15:00:05 2012
--- Log opened Wed Mar 28 19:02:39 2012
19:02 -!- Irssi: Starting query in DeafGeeksIRC with caption
19:02 <caption> dude
19:02 <`> sup.
19:03 <caption> i wanted to tell you something
19:03 <caption> ive fell in love with you
19:03 <`> fuck you
19:03 <caption> lol
19:03 <caption> studentb
19:03 <caption> vachByid1
19:03 <caption> is this secure btw?
19:03 <caption> or is everything logged
19:04 <`> not PMs
19:04 <`> and fuck
19:04 <caption> k
19:04 <`> its not letting me in
19:04 <caption> what?
19:04 <`> WHM, at least
19:04 <caption> no
19:04 <caption> thats not the whm login
19:04 <caption> cpanel
19:04 <caption> https://98.130.211.230:2083/cpsess5950952709/frontend/x3/index.html?post_login=29927074219764
19:04 <`> link me then.
19:04 <`> thanks.
19:04 <caption> no
19:04 <caption> my bad
19:04 <caption> up to 2083
19:04 <`> i had 2087
19:04 <`> that's why
19:04 <caption> yes that sWHM
19:05 <`> mk
19:05 <`> now i know.
19:05 <`> checking.
--- Log closed Wed Mar 28 19:10:20 2012
--- Log opened Wed Mar 28 19:17:03 2012
19:17 <caption> a@ewilli.am
19:17 <caption> R4qI2q&#
19:17 <`> to be sure, wheres the login url
19:19 <caption> just go to cloudflare
19:19 <caption> login link
--- Log closed Wed Mar 28 19:25:20 2012
--- Log opened Wed Mar 28 20:22:32 2012
20:22 <caption> ftp
20:22 <caption> hey
20:23 <caption> dustin@studentbison.com
20:23 <caption> ILOVEcocks!5
20:25 <`> oh, witty.
--- Log closed Wed Mar 28 20:30:20 2012
--- Log opened Thu Mar 29 03:18:53 2012
03:18 -!- caption [caption@dongs-46AA6BA9.dhcp.rvsd.ca.charter.com] has quit [Ping timeout]
--- Log closed Thu Mar 29 03:24:20 2012
--- Log opened Thu Mar 29 14:29:21 2012
14:29 -!- caption [caption@dongs-46AA6BA9.dhcp.rvsd.ca.charter.com] has quit [Ping timeout]
--- Log closed Thu Mar 29 14:35:20 2012
--- Log opened Fri Mar 30 17:30:00 2012
17:30 <caption> hey
17:30 <caption> happy birthday
17:30 <caption> 49627c366cf86c6
17:34 <`> wont let me
17:35 <`> oh
17:35 <`> it was on a oldass beta
17:35 <`> since i denied it all internet connections
17:36 <`> activated.
17:36 <`> thanks.
17:36 <caption> no problem
17:36 <`> WP-Super-Cache installed AND enabled.
17:37 <`> :D
17:37 <caption> thanks, im talking in chat
17:38 <`> yeah
--- Log closed Fri Mar 30 17:43:20 2012
--- Log opened Mon Apr 02 18:09:19 2012
18:09 -!- Irssi: Starting query in DeafGeeksIRC with caption
18:09 <caption> cf details
18:09 <caption> a@ewilli.am
18:09 <caption> R4qI2q&#
18:09 <`> noted.
--- Log closed Mon Apr 02 18:15:03 2012
--- Log opened Tue Apr 03 01:03:07 2012
01:03 -!- caption [caption@dongs-46AA6BA9.dhcp.rvsd.ca.charter.com] has quit [FFFFFFFFFff-- Lost terminal]
--- Log closed Tue Apr 03 01:09:03 2012
--- Log opened Tue Apr 03 17:34:01 2012
17:34 -!- caption [caption@dongs-46AA6BA9.dhcp.rvsd.ca.charter.com] has quit [FFFFFFFFFff-- Lost terminal]
--- Log closed Tue Apr 03 17:39:04 2012
--- Log opened Tue Apr 03 19:26:25 2012
19:26 -!- caption [caption@dongs-46AA6BA9.dhcp.rvsd.ca.charter.com] has quit [Ping timeout]
--- Log closed Tue Apr 03 19:32:04 2012
--- Log opened Wed Apr 04 15:53:12 2012
15:53 -!- caption [caption@dongs-46AA6BA9.dhcp.rvsd.ca.charter.com] has quit [Ping timeout]
--- Log closed Wed Apr 04 15:59:04 2012
--- Log opened Wed Apr 04 16:43:48 2012
16:43 -!- caption [caption@dongs-46AA6BA9.dhcp.rvsd.ca.charter.com] has quit [Ping timeout]
--- Log closed Wed Apr 04 16:49:04 2012
--- Log opened Wed Apr 04 21:53:27 2012
21:53 -!- caption [caption@dongs-46AA6BA9.dhcp.rvsd.ca.charter.com] has quit [Ping timeout]
--- Log closed Wed Apr 04 21:59:04 2012
--- Log opened Thu Apr 05 02:46:49 2012
02:46 -!- caption [caption@dongs-46AA6BA9.dhcp.rvsd.ca.charter.com] has quit [Ping timeout]
--- Log closed Thu Apr 05 02:52:04 2012
--- Log opened Fri Apr 06 00:08:25 2012
00:08 -!- caption [caption@dongs-46AA6BA9.dhcp.rvsd.ca.charter.com] has quit [Ping timeout]
--- Log closed Fri Apr 06 00:14:04 2012
--- Log opened Fri Apr 06 03:07:55 2012
03:07 -!- caption [caption@dongs-46AA6BA9.dhcp.rvsd.ca.charter.com] has quit [Ping timeout]
--- Log closed Fri Apr 06 03:13:04 2012
--- Log opened Fri Apr 06 14:57:53 2012
14:57 -!- caption [caption@dongs-46AA6BA9.dhcp.rvsd.ca.charter.com] has quit [FFFFFFFFFff-- Lost terminal]
--- Log closed Fri Apr 06 15:03:04 2012
--- Log opened Fri Apr 06 15:37:18 2012
15:37 -!- caption [caption@dongs-46AA6BA9.dhcp.rvsd.ca.charter.com] has quit [FFFFFFFFFff-- Lost terminal]
--- Log closed Fri Apr 06 15:43:04 2012
--- Log opened Fri Apr 06 16:13:31 2012
16:13 -!- caption [caption@dongs-46AA6BA9.dhcp.rvsd.ca.charter.com] has quit [FFFFFFFFFff-- Lost terminal]
--- Log closed Fri Apr 06 16:19:04 2012
--- Log opened Fri Apr 06 17:11:06 2012
17:11 -!- caption [caption@dongs-46AA6BA9.dhcp.rvsd.ca.charter.com] has quit [FFFFFFFFFff-- Lost terminal]
--- Log closed Fri Apr 06 17:17:04 2012
--- Log opened Fri Apr 06 20:41:02 2012
20:41 -!- caption [caption@dongs-46AA6BA9.dhcp.rvsd.ca.charter.com] has quit [FFFFFFFFFff-- Lost terminal]
--- Log closed Fri Apr 06 20:46:04 2012
--- Log opened Fri Apr 06 21:10:02 2012
21:10 -!- caption [caption@dongs-46AA6BA9.dhcp.rvsd.ca.charter.com] has quit [FFFFFFFFFff-- Lost terminal]
--- Log closed Fri Apr 06 21:15:04 2012
--- Log opened Fri Apr 06 22:46:01 2012
22:46 -!- caption [caption@dongs-46AA6BA9.dhcp.rvsd.ca.charter.com] has quit [FFFFFFFFFff-- Lost terminal]
--- Log closed Fri Apr 06 22:51:04 2012
--- Log opened Sat Apr 07 01:09:50 2012
01:09 -!- caption [caption@dongs-46AA6BA9.dhcp.rvsd.ca.charter.com] has quit [FFFFFFFFFff-- leaving]
--- Log closed Sat Apr 07 01:15:04 2012
--- Log opened Sat Apr 07 01:43:53 2012
01:43 -!- caption [caption@dongs-46AA6BA9.dhcp.rvsd.ca.charter.com] has quit [Ping timeout]
--- Log closed Sat Apr 07 01:49:04 2012
--- Log opened Sat Apr 07 02:02:01 2012
02:02 -!- caption [caption@dongs-46AA6BA9.dhcp.rvsd.ca.charter.com] has quit [FFFFFFFFFff-- Lost terminal]
--- Log closed Sat Apr 07 02:07:04 2012
--- Log opened Sat Apr 07 03:06:11 2012
03:06 -!- caption [caption@dongs-46AA6BA9.dhcp.rvsd.ca.charter.com] has quit [FFFFFFFFFff-- Lost terminal]
--- Log closed Sat Apr 07 03:12:04 2012
--- Log opened Sat Apr 07 03:19:29 2012
03:19 -!- caption [caption@dongs-46AA6BA9.dhcp.rvsd.ca.charter.com] has quit [FFFFFFFFFff-- Lost terminal]
--- Log closed Sat Apr 07 03:25:04 2012
--- Log opened Sat Apr 07 03:42:51 2012
03:42 -!- caption [caption@dongs-46AA6BA9.dhcp.rvsd.ca.charter.com] has quit [FFFFFFFFFff-- Lost terminal]
03:47 -!- caption [caption@dongs-46AA6BA9.dhcp.rvsd.ca.charter.com] has quit [FFFFFFFFFff-- Lost terminal]
03:49 -!- caption [caption@dongs-46AA6BA9.dhcp.rvsd.ca.charter.com] has quit [FFFFFFFFFff-- Lost terminal]
--- Log closed Sat Apr 07 03:55:04 2012
--- Log opened Sat Apr 07 04:02:12 2012
04:02 -!- caption [caption@dongs-46AA6BA9.dhcp.rvsd.ca.charter.com] has quit [FFFFFFFFFff-- Lost terminal]
04:06 -!- caption [caption@dongs-46AA6BA9.dhcp.rvsd.ca.charter.com] has quit [FFFFFFFFFff-- Lost terminal]
--- Log closed Sat Apr 07 04:12:04 2012
--- Log opened Sat Apr 07 04:27:23 2012
04:27 -!- caption [caption@dongs-46AA6BA9.dhcp.rvsd.ca.charter.com] has quit [Ping timeout]
--- Log closed Sat Apr 07 04:33:04 2012
--- Log opened Sat Apr 07 05:00:36 2012
05:00 -!- caption [caption@dongs-46AA6BA9.dhcp.rvsd.ca.charter.com] has quit [Ping timeout]
--- Log closed Sat Apr 07 05:06:04 2012
--- Log opened Sat Apr 07 11:34:43 2012
11:34 -!- caption [caption@dongs-46AA6BA9.dhcp.rvsd.ca.charter.com] has quit [Ping timeout]
--- Log closed Sat Apr 07 11:40:04 2012
--- Log opened Sat Apr 07 15:10:56 2012
15:10 -!- caption [caption@dongs-46AA6BA9.dhcp.rvsd.ca.charter.com] has quit [Ping timeout]
--- Log closed Sat Apr 07 15:16:04 2012
--- Log opened Sun Apr 08 00:25:31 2012
00:25 -!- caption [caption@dongs-46AA6BA9.dhcp.rvsd.ca.charter.com] has quit [FFFFFFFFFff-- Lost terminal]
00:29 -!- caption [caption@dongs-46AA6BA9.dhcp.rvsd.ca.charter.com] has quit [FFFFFFFFFff-- Lost terminal]
--- Log closed Sun Apr 08 00:35:04 2012
--- Log opened Sun Apr 08 00:49:49 2012
00:49 -!- caption [caption@dongs-46AA6BA9.dhcp.rvsd.ca.charter.com] has quit [Ping timeout]
--- Log closed Sun Apr 08 00:55:04 2012
--- Log opened Sun Apr 08 18:15:05 2012
18:15 -!- caption [caption@dongs-46AA6BA9.dhcp.rvsd.ca.charter.com] has quit [FFFFFFFFFff-- Lost terminal]
--- Log closed Sun Apr 08 18:21:04 2012
--- Log opened Sun Apr 08 18:22:02 2012
18:22 -!- caption [caption@dongs-46AA6BA9.dhcp.rvsd.ca.charter.com] has quit [FFFFFFFFFff-- Lost terminal]
18:22 -!- caption [caption@dongs-46AA6BA9.dhcp.rvsd.ca.charter.com] has quit [FFFFFFFFFff-- caption]
--- Log closed Sun Apr 08 18:28:04 2012
--- Log opened Sun Apr 08 18:31:12 2012
18:31 -!- caption [caption@dongs-46AA6BA9.dhcp.rvsd.ca.charter.com] has quit [FFFFFFFFFff-- Lost terminal]
--- Log closed Sun Apr 08 18:37:04 2012
--- Log opened Sun Apr 08 20:15:41 2012
20:15 -!- caption [caption@dongs-46AA6BA9.dhcp.rvsd.ca.charter.com] has quit [Client exited]
--- Log closed Sun Apr 08 20:21:04 2012
--- Log opened Sun Apr 08 20:36:23 2012
20:36 -!- caption [caption@dongs-46AA6BA9.dhcp.rvsd.ca.charter.com] has quit [FFFFFFFFFff-- Lost terminal]
--- Log closed Sun Apr 08 20:42:04 2012
--- Log opened Sun Apr 08 20:55:45 2012
20:55 -!- caption [caption@dongs-46AA6BA9.dhcp.rvsd.ca.charter.com] has quit [FFFFFFFFFff-- Lost terminal]
20:58 -!- caption [caption@dongs-46AA6BA9.dhcp.rvsd.ca.charter.com] has quit [FFFFFFFFFff-- Lost terminal]
--- Log closed Sun Apr 08 21:04:04 2012
--- Log opened Sun Apr 08 21:07:06 2012
21:07 -!- caption [caption@dongs-46AA6BA9.dhcp.rvsd.ca.charter.com] has quit [FFFFFFFFFff-- Lost terminal]
21:12 -!- caption [caption@dongs-46AA6BA9.dhcp.rvsd.ca.charter.com] has quit [FFFFFFFFFff-- Lost terminal]
21:15 -!- caption [caption@dongs-46AA6BA9.dhcp.rvsd.ca.charter.com] has quit [Ping timeout]
--- Log closed Sun Apr 08 21:21:04 2012
--- Log opened Sun Apr 08 21:44:42 2012
21:44 -!- caption [caption@dongs-46AA6BA9.dhcp.rvsd.ca.charter.com] has quit [FFFFFFFFFff-- Lost terminal]
--- Log closed Sun Apr 08 21:50:04 2012
--- Log opened Sun Apr 08 22:16:40 2012
22:16 -!- caption [caption@dongs-46AA6BA9.dhcp.rvsd.ca.charter.com] has quit [FFFFFFFFFff-- Lost terminal]
--- Log closed Sun Apr 08 22:22:04 2012
--- Log opened Mon Apr 09 04:33:30 2012
04:33 -!- caption [caption@dongs-46AA6BA9.dhcp.rvsd.ca.charter.com] has quit [Ping timeout]
--- Log closed Mon Apr 09 04:39:04 2012
--- Log opened Mon Apr 09 13:26:02 2012
13:26 -!- caption [caption@dongs-46AA6BA9.dhcp.rvsd.ca.charter.com] has quit [Connection reset by peer]
--- Log closed Mon Apr 09 13:31:04 2012
--- Log opened Mon Apr 09 15:28:19 2012
15:28 -!- caption [caption@dongs-46AA6BA9.dhcp.rvsd.ca.charter.com] has quit [FFFFFFFFFff-- Lost terminal]
--- Log closed Mon Apr 09 15:34:04 2012
--- Log opened Mon Apr 09 17:24:46 2012
17:24 -!- caption [ewilliam@dongs-46AA6BA9.dhcp.rvsd.ca.charter.com] has quit [FFFFFFFFFff-- WeeChat 0.3.7]
--- Log closed Mon Apr 09 17:30:04 2012
--- Log opened Tue Apr 10 03:40:24 2012
03:40 -!- caption [ewilliam@dongs-46AA6BA9.dhcp.rvsd.ca.charter.com] has quit [Ping timeout]
--- Log closed Tue Apr 10 03:46:04 2012
--- Log opened Wed Apr 11 01:44:53 2012
01:44 -!- caption [caption@dongs-46AA6BA9.dhcp.rvsd.ca.charter.com] has quit [Ping timeout]
--- Log closed Wed Apr 11 01:50:04 2012
--- Log opened Wed Apr 11 13:35:27 2012
13:35 -!- caption [caption@dongs-46AA6BA9.dhcp.rvsd.ca.charter.com] has quit [FFFFFFFFFff-- WeeChat 0.3.7]
--- Log closed Wed Apr 11 13:41:04 2012
--- Log opened Thu Apr 12 02:07:35 2012
02:07 -!- caption [caption@dongs-46AA6BA9.dhcp.rvsd.ca.charter.com] has quit [Ping timeout]
--- Log closed Thu Apr 12 02:13:04 2012
--- Log opened Thu Apr 12 23:14:51 2012
23:14 -!- caption [caption@dongs-46AA6BA9.dhcp.rvsd.ca.charter.com] has quit [Ping timeout]
--- Log closed Thu Apr 12 23:20:04 2012
--- Log opened Fri Apr 13 02:26:37 2012
02:26 -!- caption [caption@dongs-46AA6BA9.dhcp.rvsd.ca.charter.com] has quit [Ping timeout]
--- Log closed Fri Apr 13 02:32:04 2012
--- Log opened Fri Apr 13 19:05:20 2012
19:05 -!- caption [caption@dongs-46AA6BA9.dhcp.rvsd.ca.charter.com] has quit [Ping timeout]
--- Log closed Fri Apr 13 19:11:04 2012
--- Log opened Sun Apr 15 14:56:49 2012
14:56 -!- caption [caption@dongs-46AA6BA9.dhcp.rvsd.ca.charter.com] has quit [Ping timeout]
--- Log closed Sun Apr 15 15:02:04 2012
--- Log opened Sun Apr 15 15:51:28 2012
15:51 -!- caption [caption@dongs-46AA6BA9.dhcp.rvsd.ca.charter.com] has quit [Ping timeout]
--- Log closed Sun Apr 15 15:57:04 2012
--- Log opened Mon Apr 16 01:33:27 2012
01:33 -!- caption [caption@dongs-46AA6BA9.dhcp.rvsd.ca.charter.com] has quit [Ping timeout]
--- Log closed Mon Apr 16 01:39:04 2012
--- Log opened Sun Apr 22 14:26:12 2012
14:26 -!- Irssi: Starting query in DeafGeeksIRC with caption
--- Log closed Sun Apr 22 14:31:55 2012
--- Log opened Sun Apr 22 18:04:36 2012
18:04 -!- caption [caption@dongs-46AA6BA9.dhcp.rvsd.ca.charter.com] has quit [Ping timeout]
--- Log closed Sun Apr 22 18:09:55 2012
--- Log opened Mon Oct 29 12:27:08 2012
12:27 -!- Irssi: Starting query in DeafGeeksIRC with caption
12:27 <`> login: ewilliam
12:27 <`> =>f7hP[f7M9ZhiMQfq
--- Log closed Mon Oct 29 12:32:54 2012
--- Log opened Thu Nov 01 14:18:54 2012
14:18 -!- caption [caption@dongs-46AA6BA9.dhcp.rvsd.ca.charter.com] has quit [Ping timeout]
--- Log closed Thu Nov 01 14:23:55 2012
--- Log opened Thu Nov 01 14:42:41 2012
14:42 -!- caption [caption@dongs-46AA6BA9.dhcp.rvsd.ca.charter.com] has quit [Ping timeout]
--- Log closed Thu Nov 01 14:47:55 2012
--- Log opened Tue Nov 06 11:23:39 2012
11:23 -!- Irssi: Starting query in DeafGeeksIRC with caption
11:23 <caption> when it concerns account stuff, PM me
--- Log closed Tue Nov 06 11:28:57 2012
--- Log opened Tue Nov 06 11:35:57 2012
11:35 <caption> what sup?
--- Log closed Tue Nov 06 11:40:57 2012
--- Log opened Mon Nov 19 12:50:13 2012
12:50 -!- caption [caption@dongs-46AA6BA9.dhcp.rvsd.ca.charter.com] has quit [FFFFFFFFFff-- WeeChat 0.3.7]
--- Log closed Mon Nov 19 12:56:04 2012
--- Log opened Sun Dec 02 16:57:54 2012
16:57 -!- caption [caption@dongs-46AA6BA9.dhcp.rvsd.ca.charter.com] has quit [FFFFFFFFFff-- WeeChat 0.3.7]
--- Log closed Sun Dec 02 17:03:11 2012
