--- Log opened Thu Jan 26 14:52:21 2012
14:52 !irc.deafgeeksirc.com *** Notice -- Client connecting on port 6667: ` (dissimulo@cookiemonster.deafgeeksdns.com) [clients] 
14:52 !irc.deafgeeksirc.com *** Notice -- Received KILL message for Sudos|X120e!X120e@netadmin.haul.in.the.crabs.uamd.lolcano.me from dissimulo|i7 Path: netadmin.deafgeeksirc.com!dissimulo|i7 (ME MAD BRO)
14:52 !irc.deafgeeksirc.com *** Notice -- Client exiting at uamd.lolcano.me: Sudos|X120e!X120e@ool-addc6fea.static.optonline.net (Killed (dissimulo|i7 (ME MAD BRO)))
14:53 !irc.deafgeeksirc.com *** Notice -- Client connecting at uamd.lolcano.me: Sudos|X120e (X120e@ool-addc6fea.static.optonline.net)
14:53 !irc.deafgeeksirc.com Sudos|X120e (X120e@netadmin.haul.in.the.crabs.uamd.lolcano.me) [superdos] is now a network administrator (N)
14:54 !irc.deafgeeksirc.com *** Notice -- Received KILL message for Sudos|X120e!X120e@netadmin.haul.in.the.crabs.uamd.lolcano.me from dissimulo|i7 Path: netadmin.deafgeeksirc.com!dissimulo|i7 (ME MAD BRO)
14:54 !irc.deafgeeksirc.com *** Notice -- Client exiting at uamd.lolcano.me: Sudos|X120e!X120e@ool-addc6fea.static.optonline.net (Killed (dissimulo|i7 (ME MAD BRO)))
14:54 !irc.deafgeeksirc.com *** Notice -- Client connecting at uamd.lolcano.me: Sudos|X120e (X120e@ool-addc6fea.static.optonline.net)
14:54 !irc.deafgeeksirc.com *** Notice -- Received KILL message for Sudos|X120e!X120e@dongs-3005E2.static.optonline.net from dissimulo|i7 Path: netadmin.deafgeeksirc.com!dissimulo|i7 (ME MAD BRO)
14:54 !irc.deafgeeksirc.com *** Notice -- Client exiting at uamd.lolcano.me: Sudos|X120e!X120e@ool-addc6fea.static.optonline.net (Killed (dissimulo|i7 (ME MAD BRO)))
14:54 !irc.deafgeeksirc.com *** Notice -- Client exiting at uamd.lolcano.me: Sudos|i486!~Sudosi486@localhost (Client exited)
14:55 !irc.deafgeeksirc.com *** Notice -- Client connecting at uamd.lolcano.me: Sudos|X120e (X120e@ool-addc6fea.static.optonline.net)
14:55 !irc.deafgeeksirc.com *** OperOverride -- tidux (jon@c-24-61-183-110.hsd1.nh.comcast.net) KICK #wtfpwnt dissimulo|i7 (c-c-c-c-combo breaker!)
14:55 !irc.deafgeeksirc.com *** Notice -- Client connecting at uamd.lolcano.me: Sudos|i486 (~Sudosi486@localhost)
14:55 !irc.deafgeeksirc.com *** OperOverride -- tidux (jon@c-24-61-183-110.hsd1.nh.comcast.net) KICK #wtfpwnt dissimulo|i7 (c-c-c-c-combo breaker!)
14:55 !irc.deafgeeksirc.com *** Notice -- Client exiting at uamd.lolcano.me: Sudos|i486!~Sudosi486@localhost (Client exited)
14:55 !irc.deafgeeksirc.com *** Notice -- Client exiting at uamd.lolcano.me: Sudos|X120e!X120e@ool-addc6fea.static.optonline.net (Client exited)
14:55 !irc.deafgeeksirc.com *** Notice -- Client connecting at uamd.lolcano.me: Sudos|X120e (X120e@ool-addc6fea.static.optonline.net)
14:56 !irc.deafgeeksirc.com *** Notice -- Received KILL message for Sudos|X120e!X120e@dongs-3005E2.static.optonline.net from tidux Path: irc!r-type!dongs-6B466DAD.hsd1.nh.comcast.net!tidux (jigglypunt)
14:56 !irc.deafgeeksirc.com *** Notice -- Client exiting at uamd.lolcano.me: Sudos|X120e!X120e@ool-addc6fea.static.optonline.net (Killed (tidux (jigglypunt)))
14:56 !irc.deafgeeksirc.com *** Notice -- Client connecting at uamd.lolcano.me: Sudos|X120e (X120e@ool-addc6fea.static.optonline.net)
14:56 !irc.deafgeeksirc.com Sudos|X120e (X120e@netadmin.haul.in.the.crabs.uamd.lolcano.me) [superdos] is now a network administrator (N)
14:56 !irc.deafgeeksirc.com *** Notice -- Client exiting at irc.rubbermallet.org: Acer_Aspire!Acer@146.Red-83-42-214.dynamicIP.rima-tde.net (Ping timeout)
14:57 !irc.deafgeeksirc.com *** Notice -- Client exiting at irc.rubbermallet.org: miek|pentium!miekpentu@192.168.1.1 (Ping timeout)
14:57 !irc.deafgeeksirc.com *** Notice -- Client connecting at irc.rubbermallet.org: miek|pentium (miekpentu@192.168.1.1)
14:58 !irc.deafgeeksirc.com *** Notice -- Client exiting at irc.rubbermallet.org: usotsuki[5160]!archaeoIRC@cpe-69-207-10-136.buffalo.res.rr.com (Ping timeout)
14:58 !irc.deafgeeksirc.com *** Notice -- Client exiting at irc.rubbermallet.org: miek|schooldongs!mieknetbu@32.145.81.74 (Quit: )
14:58 !irc.deafgeeksirc.com *** Notice -- Client exiting at irc.rubbermallet.org: miek|386!root@192.168.1.9 (Ping timeout)
14:59 !irc.deafgeeksirc.com *** Notice -- Client connecting at irc.rubbermallet.org: miek|386 (root@192.168.1.9)
15:00 !irc.deafgeeksirc.com *** Notice -- Client connecting at uamd.lolcano.me: Sudos|i486 (~Sudosi486@localhost)
--- Log closed Thu Jan 26 15:00:40 2012
--- Log opened Mon Feb 20 11:52:47 2012
11:52 !irc.deafgeeksirc.com tkl update for *@192.168.42.1/reason='nope.'/by=dissimulo|i7!dissimulo@netadmin.deafgeeksirc.com/set=1326855471/expire=0 [causedby: irc.deafgeeksirc.com]
11:56 !irc.deafgeeksirc.com *** Notice -- Client connecting on port 6667: SaudosArabia (dissimulo@10.178.228.92) [clients] 
--- Log closed Mon Feb 20 12:01:50 2012
--- Log opened Mon Feb 20 12:02:05 2012
12:02 !irc.deafgeeksirc.com *** OperOverride -- Sudos|X120e (X120e@192.168.42.1) MODE #wtfpwnt +qqq Sudos|X120e Sudos|i486 Sudos|PBG4
12:03 !irc.deafgeeksirc.com *** OperOverride -- tidux (jon@c-24-61-183-110.hsd1.nh.comcast.net) MODE #wtfpwnt +q tidux
--- Log closed Mon Feb 20 12:08:50 2012
--- Log opened Mon Feb 20 12:13:21 2012
12:13 !irc.deafgeeksirc.com *** Notice -- Client connecting at irc.rubbermallet.org: scrawl25 (scrawl@data.searchirc.org)
12:13 !irc.deafgeeksirc.com *** Notice -- Client exiting at irc.rubbermallet.org: scrawl25!scrawl@data.searchirc.org (Quit: [SearchIRC] Indexed 2 channels in 11 secs @ Feb 20th, 2012, 1:13 pm)
--- Log closed Mon Feb 20 12:18:50 2012
--- Log opened Mon Feb 20 12:31:36 2012
12:31 !irc.deafgeeksirc.com *** Notice -- Client connecting at uamd.lolcano.me: steve (Altivec@192.168.42.1)
12:35 !irc.deafgeeksirc.com *** Notice -- Client exiting at uamd.lolcano.me: Sudos|PBG4_!Altivec@192.168.42.1 (Quit: Leaving)
12:35 !irc.deafgeeksirc.com *** Notice -- Client connecting at uamd.lolcano.me: Sudos|PBG4_ (Altivec@192.168.42.1)
--- Log closed Mon Feb 20 12:40:50 2012
--- Log opened Mon Feb 20 12:46:16 2012
12:46 !irc.deafgeeksirc.com *** Notice -- Client connecting at irc.rubbermallet.org: scrawl85 (scrawl@data.searchirc.org)
12:46 !irc.deafgeeksirc.com *** Notice -- Client exiting at irc.rubbermallet.org: scrawl85!scrawl@data.searchirc.org (Quit: [SearchIRC] This message brought to you by the power of grayskull.)
--- Log closed Mon Feb 20 12:51:50 2012
--- Log opened Mon Feb 20 12:56:55 2012
12:56 !irc.deafgeeksirc.com *** Notice -- Client exiting at uamd.lolcano.me: Sudos|PBG4_!Altivec@192.168.42.1 (Quit: Leaving)
--- Log closed Mon Feb 20 13:02:50 2012
--- Log opened Mon Feb 20 13:13:09 2012
13:13 !irc.deafgeeksirc.com *** Notice -- Client connecting at irc.rubbermallet.org: scrawl89 (scrawl@data.searchirc.org)
13:13 !irc.deafgeeksirc.com *** Notice -- Client exiting at irc.rubbermallet.org: scrawl89!scrawl@data.searchirc.org (Quit: [SearchIRC] This message brought to you by the power of grayskull.)
13:15 !irc.deafgeeksirc.com *** Notice -- Client connecting at irc.rubbermallet.org: Sara (Sara@24-151-94-148.dhcp.nwtn.ct.charter.com)
--- Log closed Mon Feb 20 13:20:50 2012
--- Log opened Mon Feb 20 13:41:11 2012
13:41 !irc.deafgeeksirc.com *** Notice -- Client exiting at irc.rubbermallet.org: newform8!biskerbee@c-68-32-237-215.hsd1.nj.comcast.net (Connection reset by peer)
13:44 !irc.deafgeeksirc.com *** Notice -- Client connecting at irc.rubbermallet.org: shawn186_ (Tiberius@c-67-165-211-182.hsd1.co.comcast.net)
13:46 !irc.deafgeeksirc.com *** Notice -- Client connecting at irc.rubbermallet.org: scrawl07 (scrawl@data.searchirc.org)
13:46 !irc.deafgeeksirc.com *** Notice -- Client exiting at irc.rubbermallet.org: scrawl07!scrawl@data.searchirc.org (Quit: [SearchIRC] This message brought to you by the power of grayskull.)
13:46 !irc.deafgeeksirc.com *** Notice -- Client exiting at irc.rubbermallet.org: shawn186!Tiberius@c-67-165-211-182.hsd1.co.comcast.net (Ping timeout)
13:50 !irc.deafgeeksirc.com *** Notice -- Client connecting at irc.rubbermallet.org: newform8 (biskerbee@c-68-32-237-215.hsd1.nj.comcast.net)
--- Log closed Mon Feb 20 13:55:50 2012
--- Log opened Mon Feb 20 14:13:06 2012
14:13 !irc.deafgeeksirc.com *** Notice -- Client connecting at irc.rubbermallet.org: scrawl71 (scrawl@data.searchirc.org)
14:13 !irc.deafgeeksirc.com *** Notice -- Client exiting at irc.rubbermallet.org: scrawl71!scrawl@data.searchirc.org (Quit: [SearchIRC] This message brought to you by the power of grayskull.)
--- Log closed Mon Feb 20 14:18:50 2012
--- Log opened Mon Feb 20 14:46:05 2012
14:46 !irc.deafgeeksirc.com *** Notice -- Client connecting at irc.rubbermallet.org: scrawl84 (scrawl@data.searchirc.org)
14:46 !irc.deafgeeksirc.com *** Notice -- Client exiting at irc.rubbermallet.org: scrawl84!scrawl@data.searchirc.org (Quit: [SearchIRC] This message brought to you by the power of grayskull.)
14:47 !irc.deafgeeksirc.com *** Notice -- Client connecting on port 6667: dissimulo (dissimulo@pool-108-38-105-9.lsanca.fios.verizon.net) [clients] 
14:47 !irc.deafgeeksirc.com *** Notice -- dissimulo (dissimulo@pool-108-38-105-9.lsanca.fios.verizon.net) has changed his/her nickname to `
14:47 !irc.deafgeeksirc.com *** Notice -- ` (dissimulo@pool-108-38-105-9.lsanca.fios.verizon.net) has changed his/her nickname to `|aao
14:47 !irc.deafgeeksirc.com *** Notice -- Client exiting: `|aao (dissimulo@pool-108-38-105-9.lsanca.fios.verizon.net) [FFFFFFFFFff-- leaving]
14:47 !irc.deafgeeksirc.com *** Notice -- Client connecting on port 6667: dissimulo (dissimulo@pool-108-38-105-9.lsanca.fios.verizon.net) [clients] 
14:47 !irc.deafgeeksirc.com *** Notice -- dissimulo (dissimulo@pool-108-38-105-9.lsanca.fios.verizon.net) has changed his/her nickname to `|aao
14:48 !irc.deafgeeksirc.com `|aao (dissimulo@pool-108-38-105-9.lsanca.fios.verizon.net) [dustin] is now a network administrator (N)
14:48 !irc.deafgeeksirc.com *** Notice -- Received KILL message for dissimulo|i7!dissimulo@netadmin.deafgeeksirc.com from `|aao Path: netadmin.deafgeeksirc.com!`|aao (nope)
--- Log closed Mon Feb 20 14:53:50 2012
--- Log opened Sat Feb 25 21:17:49 2012
21:17 !irc.deafgeeksirc.com Sudos|C840 (ZOOP@netadmin.haul.in.the.crabs.uamd.lolcano.me) [superdos] is now a network administrator (N)
21:18 !irc.deafgeeksirc.com *** Notice -- dissimulo|i7 (dissimulo@10.178.228.92) has changed his/her nickname to `
21:20 !irc.deafgeeksirc.com tidux (jon@dongs-6B466DAD.hsd1.nh.comcast.net) [todixu] is now a network administrator (N)
21:20 !irc.deafgeeksirc.com *** Notice -- Received KILL message for tidux!jon@dongs-6B466DAD.hsd1.nh.comcast.net from dissimulo|i7 Path: netadmin.deafgeeksirc.com!dissimulo|i7 (nope.)
21:20 !irc.deafgeeksirc.com *** Notice -- Client exiting at r-type.rubbermallet.org: tidux!jon@c-24-61-183-110.hsd1.nh.comcast.net (Killed (dissimulo|i7 (nope.)))
21:20 !irc.deafgeeksirc.com *** Notice -- Client exiting at r-type.rubbermallet.org: `!jon@c-24-61-183-110.hsd1.nh.comcast.net ([r-type.rubbermallet.org] Local kill by ` (BOOM, HEADHSOT))
21:20 !irc.deafgeeksirc.com *** Notice -- Client connecting at r-type.rubbermallet.org: tidux (jon@c-24-61-183-110.hsd1.nh.comcast.net)
21:21 !irc.deafgeeksirc.com *** Notice -- Client exiting at irc.rubbermallet.org: tab!tab@pool-108-36-132-49.phlapa.east.verizon.net (Client exited)
21:21 !irc.deafgeeksirc.com *** Notice -- Client connecting at r-type.rubbermallet.org: tidux_ (jon@c-24-61-183-110.hsd1.nh.comcast.net)
21:21 !irc.deafgeeksirc.com *** Notice -- dissimulo|i7 (dissimulo@10.178.228.92) has changed his/her nickname to `
--- Log closed Sat Feb 25 21:21:17 2012
--- Log opened Sat Feb 25 21:21:27 2012
21:21 !irc.deafgeeksirc.com *** Notice -- Client connecting at irc.rubbermallet.org: tab (tab@pool-108-36-132-49.phlapa.east.verizon.net)
21:21 !irc.deafgeeksirc.com *** Notice -- Client connecting at r-type.rubbermallet.org: tidux (jon@c-24-61-183-110.hsd1.nh.comcast.net)
21:21 !irc.deafgeeksirc.com *** Notice -- Received KILL message for tidux!jon@c-24-61-183-110.hsd1.nh.comcast.net from dissimulo|i7 Path: netadmin.deafgeeksirc.com!dissimulo|i7 (nope.)
21:21 !irc.deafgeeksirc.com *** Notice -- Client exiting at r-type.rubbermallet.org: tidux!jon@c-24-61-183-110.hsd1.nh.comcast.net (Killed (dissimulo|i7 (nope.)))
21:21 !irc.deafgeeksirc.com tidux (jon@dongs-6B466DAD.hsd1.nh.comcast.net) [todixu] is now a network administrator (N)
21:21 !irc.deafgeeksirc.com Missing user tidux in SJOIN for #opers from r-type.rubbermallet.org (@o ~ !1FCD2a #opers :tidux )
21:21 !irc.deafgeeksirc.com cockears (jon@dongs-6B466DAD.hsd1.nh.comcast.net) [todixu] is now a network administrator (N)
21:22 !irc.deafgeeksirc.com *** Notice -- Received KILL message for cockears!jon@dongs-6B466DAD.hsd1.nh.comcast.net from dissimulo|i7 Path: netadmin.deafgeeksirc.com!dissimulo|i7 (nope)
21:22 !irc.deafgeeksirc.com *** Notice -- Client exiting at r-type.rubbermallet.org: cockears!jon@c-24-61-183-110.hsd1.nh.comcast.net (Killed (dissimulo|i7 (nope)))
21:22 !irc.deafgeeksirc.com *** Notice -- Client connecting at r-type.rubbermallet.org: tidux (jon@c-24-61-183-110.hsd1.nh.comcast.net)
21:22 !irc.deafgeeksirc.com *** Notice -- Received KILL message for tidux!jon@c-24-61-183-110.hsd1.nh.comcast.net from dissimulo|i7 Path: netadmin.deafgeeksirc.com!dissimulo|i7 (nope)
21:22 !irc.deafgeeksirc.com *** Notice -- Client exiting at r-type.rubbermallet.org: tidux!jon@c-24-61-183-110.hsd1.nh.comcast.net (Killed (dissimulo|i7 (nope)))
21:22 !irc.deafgeeksirc.com *** Notice -- Client connecting at r-type.rubbermallet.org: tidux (jon@c-24-61-183-110.hsd1.nh.comcast.net)
21:22 !irc.deafgeeksirc.com *** Notice -- Received KILL message for tidux!jon@c-24-61-183-110.hsd1.nh.comcast.net from dissimulo|i7 Path: netadmin.deafgeeksirc.com!dissimulo|i7 (nope)
21:22 !irc.deafgeeksirc.com *** Notice -- Client exiting at r-type.rubbermallet.org: tidux!jon@c-24-61-183-110.hsd1.nh.comcast.net (Killed (dissimulo|i7 (nope)))
21:22 !irc.deafgeeksirc.com *** Notice -- Client connecting at r-type.rubbermallet.org: tidux (jon@c-24-61-183-110.hsd1.nh.comcast.net)
21:22 !irc.deafgeeksirc.com *** Notice -- Received KILL message for tidux!jon@c-24-61-183-110.hsd1.nh.comcast.net from dissimulo|i7 Path: netadmin.deafgeeksirc.com!dissimulo|i7 (nope)
21:22 !irc.deafgeeksirc.com *** Notice -- Client exiting at r-type.rubbermallet.org: tidux!jon@c-24-61-183-110.hsd1.nh.comcast.net (Killed (dissimulo|i7 (nope)))
21:22 !irc.deafgeeksirc.com *** Notice -- Client connecting at r-type.rubbermallet.org: tidux (jon@c-24-61-183-110.hsd1.nh.comcast.net)
21:22 !irc.deafgeeksirc.com *** Notice -- Client connecting at irc.rubbermallet.org: Sue|phone (sue@174.141.212.67)
21:23 !irc.deafgeeksirc.com *** Notice -- Client connecting at r-type.rubbermallet.org: tidux_ (jon@c-24-61-183-110.hsd1.nh.comcast.net)
21:24 !irc.deafgeeksirc.com *** Notice -- dissimulo|i7 (dissimulo@10.178.228.92) has changed his/her nickname to `
--- Log closed Sat Feb 25 21:29:20 2012
--- Log opened Mon Apr 02 10:46:38 2012
10:46 !irc.deafgeeksirc.com *** Notice -- Received KILL message for `!dissimulo@netadmin.deafgeeksirc.com from dissimulo|i7 Path: netadmin.deafgeeksirc.com!dissimulo|i7 (gtfo)
10:46 !irc.deafgeeksirc.com *** Notice -- Client exiting: ` (dissimulo@10.178.228.92) [[irc.deafgeeksirc.com] Local kill by dissimulo|i7 (gtfo)]
10:46 !irc.deafgeeksirc.com *** Notice -- Client connecting on port 6667: ` (dissimulo@10.178.228.92) [clients] 
10:47 !irc.deafgeeksirc.com *** Notice -- Client exiting: ` (dissimulo@10.178.228.92) [Client exited]
--- Log opened Wed May 30 00:42:18 2012
00:42 !irc.deafgeeksirc.com *** Notice -- dissimulo|i7 (dissimulo@10.178.228.92) has changed his/her nickname to `
--- Log closed Wed May 30 00:48:14 2012
