--- Log opened Sat Feb 25 23:25:28 2012
23:25 -!- Irssi: Starting query in DeafGeeksIRC with Erik
23:25 <Erik> lol sudos is retarded
23:25 <`> lol
23:25 <`> how so?
23:25 <Erik> fapping over pentium 4s
23:26 <`> well, he's not
23:26 <`> he's just looking at things in a usability standpoint
23:26 <`> pentium4s suck, yes
23:26 <`> but they work.
--- Log closed Sat Feb 25 23:32:20 2012
--- Log opened Fri Mar 16 00:06:57 2012
00:06 -!- Irssi: Starting query in DeafGeeksIRC with Erik
00:07 <`> whatever happened to the mac mini?
00:07 <Erik> not happening, i wasnt able to grab them in time
00:08 <`> ah thats too bad
--- Log closed Fri Mar 16 00:13:20 2012
--- Log opened Thu Mar 22 04:20:04 2012
04:20 -!- Erik [erik@erik] has quit [Ping timeout]
--- Log closed Thu Mar 22 04:25:20 2012
