--- Log opened Fri Feb 17 07:51:18 2012
07:51 -!- Miah|Ubuntu is now known as Miah|BSoD-king
--- Log closed Fri Feb 17 07:56:30 2012
--- Log opened Fri Feb 17 12:00:10 2012
12:00 -!- Miah|BSoD-king [miah@dongs-F2FF76E2.lightspeed.cicril.sbcglobal.net] has quit [Ping timeout]
--- Log closed Fri Feb 17 12:05:30 2012
--- Log opened Fri Feb 17 12:28:00 2012
12:28 -!- Miah|BSoD-king [miah@dongs-F2FF76E2.lightspeed.cicril.sbcglobal.net] has quit [Ping timeout]
--- Log closed Fri Feb 17 12:33:30 2012
--- Log opened Fri Feb 17 14:04:32 2012
14:04 -!- Miah|BSoD-king [miah@dongs-F2FF76E2.lightspeed.cicril.sbcglobal.net] has quit [Ping timeout]
--- Log closed Fri Feb 17 14:10:30 2012
--- Log opened Fri Feb 17 15:39:34 2012
15:39 -!- Miah|BSoD-king [miah@dongs-F2FF76E2.lightspeed.cicril.sbcglobal.net] has quit [Ping timeout]
--- Log closed Fri Feb 17 15:45:30 2012
--- Log opened Fri Feb 17 16:06:57 2012
16:06 -!- Miah|BSoD-king [miah@dongs-F2FF76E2.lightspeed.cicril.sbcglobal.net] has quit [Ping timeout]
--- Log closed Fri Feb 17 16:12:30 2012
--- Log opened Fri Feb 17 16:41:44 2012
16:41 -!- Miah|BSoD-king [miah@dongs-F2FF76E2.lightspeed.cicril.sbcglobal.net] has quit [FFFFFFFFFff-- leaving]
--- Log closed Fri Feb 17 16:47:30 2012
--- Log opened Fri Feb 17 18:06:04 2012
18:06 -!- Miah|BSoD-King [miah@dongs-F2FF76E2.lightspeed.cicril.sbcglobal.net] has quit [FFFFFFFFFff-- Lost terminal]
--- Log closed Fri Feb 17 18:11:30 2012
