--- Log opened Mon Feb 13 23:47:31 2012
23:47 -!- Irssi: Starting query in DeafGeeksIRC with Miah|HTC
23:47 <`> ohai
23:49 <Miah|HTC> Hi u pos symbol not on my phone :p
23:50 <`> lool
23:50 <Miah|HTC> Find solution yet?
23:51 <`> ugh
23:51 <`> i fucking hate ubuntu
23:52 <`> can you install Debian Squeeze?
23:56 <Miah|HTC> I'll Dl debian ISO lol
--- Day changed Tue Feb 14 2012
00:02 <Miah|HTC> Im me link
--- Log closed Tue Feb 14 00:07:30 2012
--- Log opened Tue Feb 14 00:14:28 2012
00:14 <`> kk
--- Log closed Tue Feb 14 00:19:30 2012
--- Log opened Tue Feb 14 12:40:02 2012
12:40 -!- Miah|HTC [Miah-mobil@dongs-F2FF76E2.lightspeed.cicril.sbcglobal.net] has quit [Connection reset by peer]
--- Log closed Tue Feb 14 12:45:30 2012
--- Log opened Tue Feb 14 16:57:15 2012
16:57 -!- Irssi: Starting query in DeafGeeksIRC with Miah|HTC
--- Log closed Tue Feb 14 16:57:19 2012
--- Log opened Sat Feb 18 09:31:57 2012
09:31 -!- Miah-mobile is now known as Miah|HTC
--- Log closed Sat Feb 18 09:37:30 2012
--- Log opened Sat Feb 18 13:37:05 2012
13:37 -!- Miah|HTC [Miah-mobil@dongs-A1FE7E5A.mycingular.net] has quit [Ping timeout]
--- Log closed Sat Feb 18 13:42:30 2012
