--- Log opened Tue Jan 17 21:14:01 2012
21:14 -!- Irssi: Starting query in DeafGeeksIRC with miek|gatewayP3
21:14 <`> i've found it
21:14 <`> do:
21:14 <`>  /rsquit uamd.lolcano.me
21:14 <`> that will "quit" his ircd link
21:14 <miek|gatewayP3> lol
21:14 <miek|gatewayP3> nope
21:14 <miek|gatewayP3> unknown command
21:15 <miek|gatewayP3> and yes i tried /quote for it too
21:15 <`> what client?
21:15 <miek|gatewayP3> doesnt matter, i /quote it and it doesnt work
21:15 <`> ok
21:15 <`> try
21:15 <`> squit
21:15 <`> instead of rsquit
21:15 <miek|gatewayP3> i think that one might
21:16 <miek|gatewayP3> }:A
--- Log closed Tue Jan 17 21:21:43 2012
--- Log opened Sun Jan 22 20:43:24 2012
20:43 <miek|gatewayP3> 3
--- Log closed Sun Jan 22 20:48:43 2012
--- Log opened Mon Jan 23 03:12:01 2012
03:12 <`> ????
03:12 <`> wat about 3?
--- Log closed Mon Jan 23 03:17:43 2012
--- Log opened Sat Jan 28 19:53:09 2012
19:53 -!- miek|gatewayP3 [mike_gatew@855C2C4D.ED5D9C8B.ACA6E65E.IP] has quit [Ping timeout]
--- Log closed Sat Jan 28 19:58:43 2012
