--- Log opened Sun May 27 12:21:44 2012
12:21 -!- Irssi: Starting query in DeafGeeksIRC with newform8
12:21 <newform8> flood flood flood flood flood flood flood flood flood flood flood flood flood flood flood flood flood flood flood flood flood flood flood flood flood flood flood flood flood flood flood flood flood flood flood flood flood flood flood flood flood flood flood flood flood flood flood flood flood flood flood flood flood flood flood flood flood flood flood flood flood flood flood flood flood flood flood flood flood flood flood flood flood flood flood
12:21 <newform8> flood flood flood flood flood flood flood flood flood flood flood flood flood flood flood flood flood flood flood flood flood flood flood flood flood flood flood flood flood flood flood flood flood flood flood flood flood flood flood flood flood flood flood flood flood flood flood flood flood flood flood flood flood flood flood flood flood flood flood flood flood flood flood flood flood flood flood flood flood flood flood flood flood flood flood
12:21 <newform8> flood flood flood flood flood flood flood flood flood flood flood flood flood flood flood flood flood flood flood flood flood flood flood flood flood flood flood flood flood flood flood flood flood flood flood flood flood flood flood flood flood flood flood flood flood flood flood flood flood flood flood flood flood flood flood flood flood flood flood flood flood flood flood flood flood flood flood flood flood flood flood flood flood flood flood
12:22 <newform8> flood flood flood flood flood flood flood flood flood flood flood flood flood flood flood flood flood flood flood flood flood flood flood flood flood flood flood flood flood flood flood flood flood flood flood flood flood flood flood flood flood flood flood flood flood flood flood flood flood flood flood flood flood flood flood flood flood flood flood flood flood flood flood flood flood flood flood flood flood flood flood flood flood flood flood
12:22 -!- newform8 [biskerbee@2387F829.1141FD19.E497F2D0.IP] has quit [Connection reset by peer]
12:22 <newform8> flood flood flood flood flood flood flood flood flood flood flood flood flood flood flood flood flood flood flood flood flood flood flood flood flood flood flood flood flood flood flood flood flood flood flood flood flood flood flood flood flood flood flood flood flood flood flood flood flood flood flood flood flood flood flood flood flood flood flood flood flood flood flood flood flood flood flood flood flood flood flood flood flood flood flood
12:22 <newform8> flood flood flood flood flood flood flood flood flood flood flood flood flood flood flood flood flood flood flood flood flood flood flood flood flood flood flood flood flood flood flood flood flood flood flood flood flood flood flood flood flood flood flood flood flood flood flood flood flood flood flood flood flood flood flood flood flood flood flood flood flood flood flood flood flood flood flood flood flood flood flood flood flood flood flood
12:22 <newform8> flood flood flood flood flood flood flood flood flood flood flood flood flood flood flood flood flood flood flood flood flood flood flood flood flood flood flood flood flood flood flood flood flood flood flood flood flood flood flood flood flood flood flood flood flood flood flood flood flood flood flood flood flood flood flood flood flood flood flood flood flood flood flood flood flood flood flood flood flood flood flood flood flood flood flood
--- Log closed Sun May 27 12:24:52 2012
--- Log opened Thu Oct 25 13:06:21 2012
13:06 -!- Irssi: Starting query in DeafGeeksIRC with newform8
13:06 <newform8> can you please unvban me
--- Log closed Thu Oct 25 13:11:52 2012
--- Log opened Sun Jan 06 14:41:59 2013
14:41 -!- Irssi: Starting query in DeafGeeksIRC with newform8
14:41 <newform8> hey Dustin are you there? 
--- Log closed Sun Jan 06 14:47:39 2013
--- Log opened Sun Jan 06 14:59:33 2013
14:59 -!- newform8 [AndChat223@dongs-BAA931B6.hsd1.nj.comcast.net] has quit [[irc.rubbermallet.org] Local kill by dn^8cor (stfu)]
--- Log closed Sun Jan 06 15:04:39 2013
--- Log opened Sun Jan 06 15:23:04 2013
15:23 -!- newform8 [AndChat223@dongs-BAA931B6.hsd1.nj.comcast.net] has quit [Ping timeout]
--- Log closed Sun Jan 06 15:28:39 2013
--- Log opened Sun Jan 06 16:27:47 2013
16:27 -!- newform8 [AndChat223@dongs-BAA931B6.hsd1.nj.comcast.net] has quit [Ping timeout]
--- Log closed Sun Jan 06 16:33:39 2013
--- Log opened Sun Jan 06 17:11:11 2013
17:11 -!- newform8 [AndChat223@dongs-BAA931B6.hsd1.nj.comcast.net] has quit [Ping timeout]
--- Log closed Sun Jan 06 17:16:39 2013
--- Log opened Sun Jan 06 17:50:22 2013
17:50 -!- newform8 [AndChat223@dongs-BAA931B6.hsd1.nj.comcast.net] has quit [Quit: Bye]
--- Log closed Sun Jan 06 17:55:39 2013
--- Log opened Mon Jan 07 07:58:36 2013
07:58 -!- newform8 [AndChat223@dongs-BAA931B6.hsd1.nj.comcast.net] has quit [Ping timeout]
--- Log closed Mon Jan 07 08:03:40 2013
--- Log opened Mon Jan 07 09:53:50 2013
09:53 -!- newform8 [AndChat223@dongs-BAA931B6.hsd1.nj.comcast.net] has quit [Ping timeout]
--- Log closed Mon Jan 07 09:59:40 2013
--- Log opened Mon Jan 07 11:01:42 2013
11:01 -!- newform8 [AndChat223@dongs-BAA931B6.hsd1.nj.comcast.net] has quit [Quit: Bye]
--- Log closed Mon Jan 07 11:07:40 2013
--- Log opened Mon Jan 07 22:21:18 2013
22:21 -!- newform8 [AndChat223@dongs-BAA931B6.hsd1.nj.comcast.net] has quit [Quit: Bye]
--- Log closed Mon Jan 07 22:26:40 2013
--- Log opened Tue Jan 08 09:19:44 2013
09:19 -!- newform8 [AndChat223@dongs-BAA931B6.hsd1.nj.comcast.net] has quit [Ping timeout]
--- Log closed Tue Jan 08 09:25:41 2013
--- Log opened Tue Jan 08 14:40:02 2013
14:40 -!- newform8 [AndChat223@dongs-BAA931B6.hsd1.nj.comcast.net] has quit [Ping timeout]
--- Log closed Tue Jan 08 14:45:41 2013
--- Log opened Tue Jan 08 17:13:03 2013
17:13 -!- newform8 [AndChat223@dongs-BAA931B6.hsd1.nj.comcast.net] has quit [Ping timeout]
--- Log closed Tue Jan 08 17:18:41 2013
--- Log opened Tue Jan 08 17:52:24 2013
17:52 -!- newform8 [AndChat223@dongs-BAA931B6.hsd1.nj.comcast.net] has quit [Ping timeout]
17:55 -!- newform8 [AndChat223@dongs-BAA931B6.hsd1.nj.comcast.net] has quit [Ping timeout]
--- Log closed Tue Jan 08 18:01:41 2013
--- Log opened Tue Jan 08 21:26:34 2013
21:26 -!- newform8 [AndChat223@dongs-BAA931B6.hsd1.nj.comcast.net] has quit [Connection reset by peer]
--- Log closed Tue Jan 08 21:31:41 2013
--- Log opened Tue Jan 08 22:08:18 2013
22:08 -!- newform8 [AndChat223@dongs-BAA931B6.hsd1.nj.comcast.net] has quit [Quit: Bye]
--- Log closed Tue Jan 08 22:13:41 2013
