--- Log opened Wed Jan 11 11:34:51 2012
11:34 -NickServ(services@localhost.net)- This nickname is registered and protected.  If it is your
11:34 -NickServ(services@localhost.net)- nick, type /msg NickServ IDENTIFY password.  Otherwise,
11:34 -NickServ(services@localhost.net)- please choose a different nick.
11:35 -!- Irssi: Starting query in DeafGeeksIRC with nickserv
11:35 <`> identify seifer8
11:35 -NickServ(services@localhost.net)- Password accepted - you are now recognized.
--- Log closed Wed Jan 11 11:40:43 2012
--- Log opened Mon Jan 16 23:01:16 2012
23:01 -NickServ(services@localhost.net)- This nickname is registered and protected.  If it is your
23:01 -NickServ(services@localhost.net)- nick, type /msg NickServ IDENTIFY password.  Otherwise,
23:01 -NickServ(services@localhost.net)- please choose a different nick.
--- Log closed Mon Jan 16 23:06:43 2012
--- Log opened Fri Jan 20 15:54:00 2012
15:54 -NickServ(services@localhost.net)- This nickname is registered and protected.  If it is your
15:54 -NickServ(services@localhost.net)- nick, type /msg NickServ IDENTIFY password.  Otherwise,
15:54 -NickServ(services@localhost.net)- please choose a different nick.
--- Log closed Fri Jan 20 15:59:43 2012
--- Log opened Mon Jan 23 22:07:29 2012
22:07 -NickServ(services@localhost.net)- This nickname is registered and protected.  If it is your
22:07 -NickServ(services@localhost.net)- nick, type /msg NickServ IDENTIFY password.  Otherwise,
22:07 -NickServ(services@localhost.net)- please choose a different nick.
--- Log closed Mon Jan 23 22:12:43 2012
--- Log opened Thu Jan 26 14:41:23 2012
14:41 -NickServ(services@localhost.net)- This nickname is registered and protected.  If it is your
14:41 -NickServ(services@localhost.net)- nick, type /msg NickServ IDENTIFY password.  Otherwise,
14:41 -NickServ(services@localhost.net)- please choose a different nick.
--- Log closed Thu Jan 26 14:46:43 2012
--- Log opened Thu Jan 26 14:47:20 2012
14:47 -NickServ(services@localhost.net)- This nickname is registered and protected.  If it is your
14:47 -NickServ(services@localhost.net)- nick, type /msg NickServ IDENTIFY password.  Otherwise,
14:47 -NickServ(services@localhost.net)- please choose a different nick.
14:52 -NickServ(services@localhost.net)- This nickname is registered and protected.  If it is your
14:52 -NickServ(services@localhost.net)- nick, type /msg NickServ IDENTIFY password.  Otherwise,
14:52 -NickServ(services@localhost.net)- please choose a different nick.
--- Log closed Thu Jan 26 14:57:43 2012
--- Log opened Fri Jan 27 20:45:00 2012
20:45 -NickServ(services@localhost.net)- This nickname is registered and protected.  If it is your
20:45 -NickServ(services@localhost.net)- nick, type /msg NickServ IDENTIFY password.  Otherwise,
20:45 -NickServ(services@localhost.net)- please choose a different nick.
--- Log closed Fri Jan 27 20:50:43 2012
--- Log opened Sat Jan 28 19:03:23 2012
19:03 -NickServ(services@localhost.net)- This nickname is registered and protected.  If it is your
19:03 -NickServ(services@localhost.net)- nick, type /msg NickServ IDENTIFY password.  Otherwise,
19:03 -NickServ(services@localhost.net)- please choose a different nick.
19:03 -!- Irssi: Starting query in DeafGeeksIRC with nickserv
19:03 <`|mobile> identify seifer8
19:03 -NickServ(services@localhost.net)- Password accepted - you are now recognized.
--- Log closed Sat Jan 28 19:03:51 2012
--- Log opened Tue Jan 31 13:11:29 2012
13:11 -NickServ(services@localhost.net)- This nickname is registered and protected.  If it is your
13:11 -NickServ(services@localhost.net)- nick, type /msg NickServ IDENTIFY password.  Otherwise,
13:11 -NickServ(services@localhost.net)- please choose a different nick.
--- Log opened Tue Jan 31 13:11:29 2012
13:11 -NickServ(services@localhost.net)- This nickname is registered and protected.  If it is your
13:11 -NickServ(services@localhost.net)- nick, type /msg NickServ IDENTIFY password.  Otherwise,
13:11 -NickServ(services@localhost.net)- please choose a different nick.
--- Log closed Tue Jan 31 13:16:43 2012
--- Log closed Tue Jan 31 13:17:10 2012
--- Log opened Wed Feb 01 07:32:15 2012
07:32 -NickServ(services@localhost.net)- This nickname is registered and protected.  If it is your
07:32 -NickServ(services@localhost.net)- nick, type /msg NickServ IDENTIFY password.  Otherwise,
07:32 -NickServ(services@localhost.net)- please choose a different nick.
--- Log closed Wed Feb 01 07:37:43 2012
--- Log opened Wed Feb 01 08:48:03 2012
08:48 -NickServ(services@localhost.net)- This nickname is registered and protected.  If it is your
08:48 -NickServ(services@localhost.net)- nick, type /msg NickServ IDENTIFY password.  Otherwise,
08:48 -NickServ(services@localhost.net)- please choose a different nick.
--- Log closed Wed Feb 01 08:53:57 2012
--- Log opened Fri Feb 03 17:05:21 2012
17:05 -NickServ(services@localhost.net)- This nickname is registered and protected.  If it is your
17:05 -NickServ(services@localhost.net)- nick, type /msg NickServ IDENTIFY password.  Otherwise,
17:05 -NickServ(services@localhost.net)- please choose a different nick.
--- Log closed Fri Feb 03 17:10:57 2012
--- Log opened Mon Feb 06 20:12:32 2012
20:12 -NickServ(services@localhost.net)- This nickname is registered and protected.  If it is your
20:12 -NickServ(services@localhost.net)- nick, type /msg NickServ IDENTIFY password.  Otherwise,
20:12 -NickServ(services@localhost.net)- please choose a different nick.
--- Log opened Mon Feb 06 20:12:32 2012
20:12 -NickServ(services@localhost.net)- This nickname is registered and protected.  If it is your
20:12 -NickServ(services@localhost.net)- nick, type /msg NickServ IDENTIFY password.  Otherwise,
20:12 -NickServ(services@localhost.net)- please choose a different nick.
--- Log closed Mon Feb 06 20:17:57 2012
--- Log closed Mon Feb 06 20:18:10 2012
--- Log opened Thu Feb 09 00:30:16 2012
00:30 -NickServ(services@localhost.net)- This nickname is registered and protected.  If it is your
00:30 -NickServ(services@localhost.net)- nick, type /msg NickServ IDENTIFY password.  Otherwise,
00:30 -NickServ(services@localhost.net)- please choose a different nick.
--- Log closed Thu Feb 09 00:36:10 2012
--- Log opened Thu May 24 16:10:11 2012
16:10 -!- Irssi: Starting query in DeafGeeksIRC with nickserv
16:10 <`> register
--- Log closed Thu May 24 16:10:17 2012
--- Log opened Fri Dec 07 21:49:54 2012
21:49 -!- Irssi: Starting query in DeafGeeksIRC with nickserv
21:49 <`> help
21:49 -NickServ(services@localhost.net)- NickServ allows you to "register" a nickname and
21:49 -NickServ(services@localhost.net)- prevent others from using it. The following
21:49 -NickServ(services@localhost.net)- commands allow for registration and maintenance of
21:49 -NickServ(services@localhost.net)- nicknames; to use them, type /msg NickServ command.
21:49 -NickServ(services@localhost.net)- For more information on a specific command, type
21:49 -NickServ(services@localhost.net)- /msg NickServ HELP command.
21:49 -NickServ(services@localhost.net)-  
21:49 -NickServ(services@localhost.net)-     REGISTER   Register a nickname
21:49 -NickServ(services@localhost.net)-     GROUP      Join a group
21:49 -NickServ(services@localhost.net)-     GLIST      Lists all nicknames in your group
21:49 -NickServ(services@localhost.net)-     IDENTIFY   Identify yourself with your password
21:49 -NickServ(services@localhost.net)-     ACCESS     Modify the list of authorized addresses
21:49 -NickServ(services@localhost.net)-     SET        Set options, including kill protection
21:49 -NickServ(services@localhost.net)-     DROP       Cancel the registration of a nickname
21:49 -NickServ(services@localhost.net)-     RECOVER    Kill another user who has taken your nick
21:49 -NickServ(services@localhost.net)-     RELEASE    Regain custody of your nick after RECOVER
21:49 -NickServ(services@localhost.net)-     GHOST      Disconnects a "ghost" IRC session using your nick
21:49 -NickServ(services@localhost.net)-     ALIST      List channels you have access on
21:49 -NickServ(services@localhost.net)-     INFO       Displays information about a given nickname
21:49 -NickServ(services@localhost.net)-     LIST       List all registered nicknames that match a given pattern
21:49 -NickServ(services@localhost.net)-     LOGOUT     Reverses the effect of the IDENTIFY command
21:49 -NickServ(services@localhost.net)-     STATUS     Returns the owner status of the given nickname
21:49 -NickServ(services@localhost.net)-     UPDATE     Updates your current status, i.e. it checks for new memos
21:49 -NickServ(services@localhost.net)-     OINFO         Add / Del an OperInfo line to a nick
21:49 -NickServ(services@localhost.net)-  
21:49 -NickServ(services@localhost.net)- Nicknames that are not used anymore are subject to 
21:49 -NickServ(services@localhost.net)- the automatic expiration, i.e. they will be deleted
21:49 -NickServ(services@localhost.net)- after 21 days if not used.
21:49 -NickServ(services@localhost.net)-  
21:49 -NickServ(services@localhost.net)- NOTICE: This service is intended to provide a way for
21:49 -NickServ(services@localhost.net)- IRC users to ensure their identity is not compromised.
21:49 -NickServ(services@localhost.net)- It is NOT intended to facilitate "stealing" of
21:49 -NickServ(services@localhost.net)- nicknames or other malicious actions.  Abuse of NickServ
21:49 -NickServ(services@localhost.net)- will result in, at minimum, loss of the abused
21:49 -NickServ(services@localhost.net)- nickname(s).
--- Log closed Fri Dec 07 21:55:13 2012
