--- Log opened Sun Jan 15 14:50:49 2012
14:50 -!- Irssi: Starting query in DeafGeeksIRC with pcb
14:50 <`> ?
--- Log closed Sun Jan 15 14:56:43 2012
--- Log opened Sun Jan 15 16:28:24 2012
16:28 -!- pcb [pcb@dongs-47C16D77.dhcp.losa.ca.charter.com] has quit [Ping timeout]
--- Log closed Sun Jan 15 16:31:28 2012
--- Log opened Mon Jan 30 13:27:50 2012
13:27 -!- Irssi: Starting query in DeafGeeksIRC with pcb
13:27 <`> here.
13:27 <`> private convo.
13:28 <`> or skype.
--- Log closed Mon Jan 30 13:33:43 2012
--- Log opened Mon Jan 30 14:09:10 2012
14:09 -!- pcb [pcb@dongs-8693F278.lightspeed.irvnca.sbcglobal.net] has quit [FFFFFFFFFff-- Leaving...]
--- Log closed Mon Jan 30 14:14:43 2012
--- Log opened Mon Jan 30 16:16:26 2012
16:16 -!- pcb [pcb@dongs-8693F278.lightspeed.irvnca.sbcglobal.net] has quit [FFFFFFFFFff-- Leaving...]
--- Log closed Mon Jan 30 16:21:43 2012
--- Log opened Mon Jan 30 20:05:49 2012
20:05 -!- pcb [pcb@dongs-8693F278.lightspeed.irvnca.sbcglobal.net] has quit [FFFFFFFFFff-- Leaving...]
--- Log closed Mon Jan 30 20:11:43 2012
--- Log opened Mon Jan 30 23:58:02 2012
23:58 -!- pcb [pcb@dongs-8693F278.lightspeed.irvnca.sbcglobal.net] has quit [FFFFFFFFFff-- Leaving...]
--- Log closed Tue Jan 31 00:03:43 2012
--- Log opened Tue Jan 31 00:54:22 2012
00:54 <pcb> yo
00:54 <pcb> you
00:55 <pcb> can you add projects on our site so i can get able to work on my own time
00:55 <pcb> please. 
--- Log closed Tue Jan 31 01:00:43 2012
--- Log opened Tue Jan 31 01:40:05 2012
01:40 -!- pcb [pcb@dongs-8693F278.lightspeed.irvnca.sbcglobal.net] has quit [FFFFFFFFFff-- Leaving...]
--- Log closed Tue Jan 31 01:45:43 2012
--- Log opened Tue Jan 31 02:02:26 2012
02:02 <`> dude
02:02 <`> you thar.
02:02 <`> ._______________________________________________________________.
02:05 <pcb> yes im here
02:05 <pcb> mofo
02:05 <pcb> ok, did you get my message lately?
--- Log closed Tue Jan 31 02:11:43 2012
--- Log opened Tue Jan 31 02:11:48 2012
02:11 <`> sup
02:11 <`> nope
02:12 <`> but dude
02:12 <`> i'm down to work tonight if you're free
02:12 <`> liek srs get material together and upload to projects.
02:12 <`> get all started.
--- Log closed Tue Jan 31 02:17:43 2012
--- Log opened Tue Jan 31 02:34:55 2012
02:34 <pcb> allright
02:34 <pcb> lets do it
02:35 <pcb> sorry, i was texting to holly
02:40 <`> kk
02:40 <`> sry, i was sorting through my daemons on the i7
--- Log closed Tue Jan 31 02:45:43 2012
--- Log opened Tue Jan 31 02:58:26 2012
02:58 <`> hm.
--- Log closed Tue Jan 31 03:03:43 2012
--- Log opened Tue Jan 31 04:50:55 2012
04:50 -!- pcb [pcb@dongs-8693F278.lightspeed.irvnca.sbcglobal.net] has quit [FFFFFFFFFff-- Leaving...]
--- Log closed Tue Jan 31 04:56:43 2012
--- Log opened Tue Jan 31 13:51:53 2012
13:51 -!- pcb [pcb@dongs-8693F278.lightspeed.irvnca.sbcglobal.net] has quit [FFFFFFFFFff-- Leaving...]
--- Log closed Tue Jan 31 13:57:43 2012
--- Log opened Tue Jan 31 14:21:27 2012
14:21 -!- pcb [pcb@dongs-8693F278.lightspeed.irvnca.sbcglobal.net] has quit [FFFFFFFFFff-- Leaving...]
--- Log closed Tue Jan 31 14:26:43 2012
--- Log opened Tue Jan 31 14:56:51 2012
14:56 -!- pcb [pcb@dongs-8693F278.lightspeed.irvnca.sbcglobal.net] has quit [FFFFFFFFFff-- Leaving...]
--- Log closed Tue Jan 31 15:02:43 2012
--- Log opened Tue Jan 31 15:19:13 2012
15:19 -!- pcb [pcb@dongs-8693F278.lightspeed.irvnca.sbcglobal.net] has quit [FFFFFFFFFff-- Leaving...]
--- Log closed Tue Jan 31 15:24:43 2012
--- Log opened Tue Jan 31 16:52:07 2012
16:52 -!- pcb [pcb@dongs-8693F278.lightspeed.irvnca.sbcglobal.net] has quit [FFFFFFFFFff-- Leaving...]
--- Log closed Tue Jan 31 16:57:43 2012
