--- Log opened Thu Feb 09 23:47:47 2012
23:47 -!- Irssi: Starting query in DeafGeeksIRC with Sudos|PBG4
23:47 <Sudos|PBG4> 11:48:42 PM ItWasTheHippo: at least now you know
23:47 <Sudos|PBG4> 11:48:54 PM ItWasTheHippo: ._.
23:47 <Sudos|PBG4> 11:49:32 PM Kyuubei: I doooo sdkfasdl
23:47 <Sudos|PBG4> 11:49:58 PM Kyuubei: I don't think I could ever see you more than just Steve though, I feel bad ;-; you're like one of my best friends and stuff. I've known you for so longggg.
--- Log closed Thu Feb 09 23:53:30 2012
--- Log opened Wed Mar 14 22:30:14 2012
22:30 -!- Irssi: Starting query in DeafGeeksIRC with Sudos|PBG4
22:30 <Sudos|PBG4> paskojes@msu.edu this is appleiifan's email he gave me for the wyse paypal transaction... worth a shot if he doesn't show up and you want the powergook
22:30 <`> gotcha, thanks
--- Log closed Wed Mar 14 22:36:20 2012
--- Log opened Thu Mar 15 00:45:02 2012
00:45 -!- Sudos|PBG4 [Altivec@332412A4.D88C4013.ACA6E65E.IP] has quit [Quit: MacIrssi running on OSX 10.4.11 on an original, ancient 2001 Ti Powerbook G4 500MHz.]
--- Log closed Thu Mar 15 00:50:20 2012
--- Log opened Tue May 15 23:16:16 2012
23:16 -!- Irssi: Starting query in DeafGeeksIRC with Sudos|PBG4
23:16 <Sudos|PBG4> kill him for insulting tidux and have the reason be "I KILLED YOU TONIGHT
23:16 <`> lol
23:16 <`> you do it
--- Log closed Tue May 15 23:21:55 2012
--- Log opened Wed May 16 01:26:00 2012
01:26 -!- Sudos|PBG4 [Altivec@dongs-A4AFA570] has quit [Quit: MacIrssi running on OSX 10.4.11 on an original, ancient 2001 Ti Powerbook G4 500MHz.]
--- Log closed Wed May 16 01:31:55 2012
--- Log opened Wed May 16 02:24:09 2012
02:24 -!- Sudos|PBG4 [Altivec@dongs-A4AFA570] has quit [Quit: MacIrssi running on OSX 10.4.11 on an original, ancient 2001 Ti Powerbook G4 500MHz.]
--- Log closed Wed May 16 02:29:55 2012
--- Log opened Sat May 19 13:17:51 2012
13:17 -!- Irssi: Starting query in DeafGeeksIRC with Sudos|PBG4
13:17 <Sudos|PBG4> Y U NO SEX UP IRATEMUFFIN
13:18 <`> lol
13:18 <`> uh
13:18 <`> she just broke up with a guy last night
13:18 <`> so i'm talking to her on IM
13:19 <`> so, shh, plz
--- Log closed Sat May 19 13:24:11 2012
--- Log opened Sun May 20 13:22:05 2012
13:22 -!- Sudos|PBG4 [Altivec@netadmin.haul.in.the.crabs.uamd.lolcano.me] has quit [Quit: irssi running in screen under OSX 10.4.11 on an original, ancient Titanium PowerBook G4 500MHz. Get on my level.]
--- Log closed Sun May 20 13:27:12 2012
--- Log opened Fri Jun 22 19:37:53 2012
19:37 -Sudos|PBG4(Altivec@dongs-A4AFA570)- you should ask about the mac mini again.
--- Log closed Fri Jun 22 19:43:27 2012
