--- Log opened Wed Oct 17 15:40:55 2012
15:40 -!- Irssi: Starting query in DeafGeeksIRC with Sudos|SX280
15:41 <`> inb4 said CD is FULL of kinky hentai porn
15:42 <Sudos|SX280> lols
15:42 <Sudos|SX280> it's not
15:42 <Sudos|SX280> I swear
15:42 <Sudos|SX280> the 16MB flashdrive is though
15:42 <Sudos|SX280> chock full
15:42 <Sudos|SX280> ( ≖‿≖)
15:42 <`> lol
15:42 <`> that's what i was remembering
15:42 <`> :D
15:42 <`> wasn't sure
15:42 <Sudos|SX280> I even named the flashdrive GAY FURRY PORN for shits
15:42 <`> lol
15:43 <`> i would have named it LOOK INSIDE ME
15:43 <`> because bonus reference to goatse
15:43 <Sudos|SX280> I was gonna make every image goatse and have the thumbnail data be some other image
15:43 <Sudos|SX280> but I figured I wouldn't do that
15:43 <`> lol
--- Log closed Wed Oct 17 15:49:09 2012
--- Log opened Wed Oct 17 16:14:40 2012
16:14 -!- Ministry_of_Sound is now known as Sudos|SX280
--- Log closed Wed Oct 17 16:20:09 2012
--- Log opened Sat Oct 20 22:03:28 2012
22:03 -!- Sudos|SX280 [SX280@Netadmin.Rubbermallet.org] has quit [Quit: leaving]
--- Log closed Sat Oct 20 22:09:11 2012
--- Log opened Sat Oct 20 22:30:54 2012
22:30 -!- Sudos|SX280 [SX280@Netadmin.Rubbermallet.org] has quit [Killed (tidux (cherrytap'd))]
22:31 -!- Sudos|SX280 [SX280@dongs-A4AFA570] has quit [Killed (tidux (cherrytap'd))]
22:31 -!- Sudos|SX280 [SX280@Netadmin.Rubbermallet.org] has quit [Killed (` (noep))]
--- Log closed Sat Oct 20 22:37:11 2012
--- Log opened Sat Oct 20 23:29:30 2012
23:29 -!- Sudos|SX280 [SX280@Netadmin.Rubbermallet.org] has quit [Killed (` (noep))]
--- Log closed Sat Oct 20 23:35:11 2012
--- Log opened Sat Oct 20 23:38:35 2012
23:38 -!- Sudos|SX280 [SX280@Netadmin.Rubbermallet.org] has quit [Killed (` (shit, stfu))]
--- Log closed Sat Oct 20 23:44:11 2012
