--- Log opened Thu Apr 05 00:21:28 2012
00:21 -!- Irssi: Starting query in DeafGeeksIRC with Sudos|i9100
00:21 <Sudos|i9100> hey
00:21 <Sudos|i9100> can you access this page?
00:21 <Sudos|i9100> http://68.39.3.85
--- Log closed Thu Apr 05 00:27:04 2012
--- Log opened Thu Apr 05 00:31:56 2012
00:31 -!- Sudos|i9100 [i9100@c-68-39-3-85.hsd1.nj.comcast.net] has quit [Quit: THE FLOOR IS LAVA!]
00:32 -!- Sudos|i9100 [i9100@c-68-39-3-85.hsd1.nj.comcast.net] has quit [Quit: THE FLOOR IS LAVA!]
00:37 -!- Sudos|i9100 [i9100@dongs-68D5448D.hsd1.nj.comcast.net] has quit [Quit: THE FLOOR IS LAVA!]
--- Log closed Thu Apr 05 00:43:04 2012
--- Log opened Thu Apr 05 00:47:14 2012
00:47 <`> trying to load it
--- Log closed Thu Apr 05 00:53:04 2012
--- Log opened Thu Apr 05 10:18:48 2012
10:18 -!- Sudos|i9100 [i9100@netadmin.haul.in.the.crabs.uamd.lolcano.me] has quit [Quit: THE FLOOR IS LAVA!]
--- Log closed Thu Apr 05 10:24:04 2012
--- Log opened Fri Apr 06 04:19:36 2012
04:19 -!- Sudos|i9100 [i9100@netadmin.haul.in.the.crabs.uamd.lolcano.me] has quit [Quit: THE FLOOR IS LAVA!]
--- Log closed Fri Apr 06 04:25:04 2012
--- Log opened Sat Apr 14 01:32:18 2012
01:32 -Sudos|i9100(i9100@netadmin.haul.in.the.crabs.uamd.lolcano.me)- why did you exactly bring him here again?
--- Log closed Sat Apr 14 01:38:04 2012
--- Log opened Thu May 24 10:51:36 2012
10:51 -!- Irssi: Starting query in DeafGeeksIRC with Sudos|i9100
10:51 <Sudos|i9100> just play along
10:52 <`> what'd you say?
10:52 <Sudos|i9100> just play along
10:52 <Sudos|i9100> get him to do it just for the fun of it
10:52 <`> oh
10:53 <`> ok
10:53 <`> tidux know of this?
10:53 <Sudos|i9100> yep
10:55 <`> tidux is not helpufl
--- Log closed Thu May 24 11:00:10 2012
--- Log opened Wed May 30 00:56:45 2012
00:56 -Sudos|i9100(i9100@netadmin.haul.in.the.crabs.uamd.lolcano.me)- 68.39.3.85
--- Log closed Wed May 30 01:02:14 2012
--- Log opened Sun Nov 04 13:09:05 2012
13:09 -Sudos|i9100(i9100@dongs-94823FF9.hsd1.nj.comcast.net)- HE'S BACK REMOVE THE LEECH
--- Log closed Sun Nov 04 13:14:56 2012
