--- Log opened Thu Mar 08 21:08:07 2012
21:08 -!- DESKDONGS is now known as SUEDONGS
--- Log closed Thu Mar 08 21:13:20 2012
--- Log opened Thu Mar 08 21:39:36 2012
21:39 -!- Sue|desktop is now known as SUEDONGS
--- Log closed Thu Mar 08 21:45:20 2012
--- Log opened Thu Mar 08 22:35:17 2012
22:35 -!- SUEDONGS [sue@dongs-7746ED72.hardestyhosting.com] has quit [Quit: bai]
--- Log closed Thu Mar 08 22:40:20 2012
--- Log opened Fri Mar 09 00:46:23 2012
00:46 -!- SUEDONGS [sue@dongs-7746ED72.hardestyhosting.com] has quit [Connection reset by peer]
--- Log closed Fri Mar 09 00:52:20 2012
--- Log opened Fri Mar 09 00:54:32 2012
00:54 -!- SUEDONGS [sue@dongs-7746ED72.hardestyhosting.com] has quit [Quit: Leaving]
--- Log closed Fri Mar 09 01:00:20 2012
--- Log opened Fri Mar 09 03:30:06 2012
03:30 -!- SUEDONGS [sue@dongs-7746ED72.hardestyhosting.com] has quit [Connection reset by peer]
--- Log closed Fri Mar 09 03:35:20 2012
--- Log opened Fri Mar 09 03:40:38 2012
03:40 -!- SUEDONGS [sue@dongs-7746ED72.hardestyhosting.com] has quit [Quit: Leaving]
--- Log closed Fri Mar 09 03:46:20 2012
--- Log opened Fri Mar 09 04:53:11 2012
04:53 -!- SUEDONGS [sue@dongs-7746ED72.hardestyhosting.com] has quit [Ping timeout]
--- Log closed Fri Mar 09 04:58:20 2012
--- Log opened Fri Mar 09 18:34:33 2012
18:34 -!- SUEDONGS [sue@dongs-7746ED72.hardestyhosting.com] has quit [Killed (Sudos|AthXP (stop stating the obvious))]
18:35 -!- SUEDONGS [sue@dongs-7746ED72.hardestyhosting.com] has quit [Quit: i'm not in the fucking mood, sudos]
--- Log closed Fri Mar 09 18:40:20 2012
--- Log opened Fri Mar 09 19:12:41 2012
19:12 -!- SUEDONGS [sue@dongs-7746ED72.hardestyhosting.com] has quit [Quit: Leaving]
--- Log closed Fri Mar 09 19:18:20 2012
