--- Log opened Sat Mar 03 18:14:54 2012
18:14 -!- Irssi: Starting query in DeafGeeksIRC with Tandy|E5400
18:14 <Tandy|E5400> login info pl0x
18:17 <`> retrobox
18:17 <`> 52jlh762l45kj67h2l
18:17 <`> WRITE IT THE FUCK DOWN
18:17 <`> :D
18:18 <`> or at least definitively save this in a txt fle someware.
18:18 <`> gotta go, i'll be home in 45mish
18:18 <`> later
--- Log closed Sat Mar 03 18:24:20 2012
--- Log opened Sat Mar 03 22:15:32 2012
22:15 -!- Tandy|E5400 [Tandyman10@dongs-4F545AE5.dsl.wchtks.sbcglobal.net] has quit [Connection reset by peer]
--- Log closed Sat Mar 03 22:21:20 2012
--- Log opened Mon Mar 05 23:24:41 2012
23:24 -!- Tandy|E5400 [jkl@dongs-4F545AE5.dsl.wchtks.sbcglobal.net] has quit [Ping timeout]
--- Log closed Mon Mar 05 23:30:20 2012
--- Log opened Tue Mar 06 08:05:44 2012
08:05 -!- Tandy|E5400 [jkl@dongs-4F545AE5.dsl.wchtks.sbcglobal.net] has quit [Ping timeout]
--- Log closed Tue Mar 06 08:11:20 2012
--- Log opened Tue Mar 06 21:18:14 2012
21:18 -!- Tandy|E5400 [jkl@dongs-4F545AE5.dsl.wchtks.sbcglobal.net] has quit [Ping timeout]
--- Log closed Tue Mar 06 21:23:20 2012
