--- Log opened Sat Feb 25 21:35:01 2012
21:35 -!- Irssi: Starting query in DeafGeeksIRC with tidux|i5
21:35 <tidux|i5> dicks
21:35 <`> ._.
21:35 <`> you can't get any more creative thatn that
21:35 <`> *than
21:35 <tidux|i5> yes I can
21:35 <tidux|i5> hmm
21:36 <`> like say sudosisacuntwaffle
21:36 <tidux|i5> supercalifragilisticexpialidocious
21:36 <`> that'll do
21:37 <tidux|i5> >password incorrect
21:37 <`> go for it.
21:37 <`> just done it.
21:38 <`> i went trollface when i encrypted that password with ripemd160
21:38 <tidux|i5> alright
--- Log closed Sat Feb 25 21:44:20 2012
--- Log opened Sat Feb 25 21:55:28 2012
21:55 <tidux|i5> DING DING DING
21:55 <tidux|i5> WE HAVE A WEINER
21:56 -!- tidux|i5 [jon@c-24-61-183-110.hsd1.nh.comcast.net] has quit [Quit: leaving]
--- Log closed Sat Feb 25 22:02:20 2012
--- Log opened Sat Feb 25 23:20:58 2012
23:20 -!- tidux|i5 [jon@dongs-6B466DAD.hsd1.nh.comcast.net] has quit [Quit: leaving]
--- Log closed Sat Feb 25 23:26:20 2012
