--- Log opened Sun Feb 12 20:24:23 2012
20:24 !irc.beige-box.com *** Notice -- Client connecting on port 6667: Mariorulez14 (Mariorulez@173-16-124-249.client.mchsi.com) [clients] 
--- Log closed Sun Feb 12 20:30:18 2012
--- Log opened Sun Feb 12 20:30:21 2012
20:30 !irc.beige-box.com *** Notice -- Client exiting: Tandy|7540 (Tandy_7540@adsl-71-158-209-144.dsl.wchtks.sbcglobal.net) [Connection reset by peer]
20:31 !irc.beige-box.com *** Notice -- Client exiting: Mariorulez14 (Mariorulez@173-16-124-249.client.mchsi.com) [Connection reset by peer]
20:32 !irc.beige-box.com *** Notice -- Client connecting on port 6667: Mariorulez14 (Mariorulez@173-16-124-249.client.mchsi.com) [clients] 
20:34 !irc.beige-box.com *** Notice -- Client exiting: Mariorulez14 (Mariorulez@173-16-124-249.client.mchsi.com) [Connection reset by peer]
--- Log closed Sun Feb 12 20:40:18 2012
--- Log opened Sun Feb 12 20:46:03 2012
20:46 !irc.beige-box.com *** Notice -- Client connecting at ohnopublishing.net: Mariorulez14 (Mariorulez@173-16-124-249.client.mchsi.com)
20:47 !irc.beige-box.com *** Notice -- Client exiting at ohnopublishing.net: Mariorulez14!Mariorulez@173-16-124-249.client.mchsi.com (Ping timeout)
--- Log closed Sun Feb 12 20:53:18 2012
--- Log opened Sun Feb 12 20:55:48 2012
20:55 !irc.beige-box.com *** Notice -- Client connecting at ohnopublishing.net: Mariorulez14 (Mariorulez@173-16-124-249.client.mchsi.com)
20:57 !irc.beige-box.com *** Notice -- Client exiting: darman213 (IceChat7@ppp-70-245-163-13.dsl.wchtks.swbell.net) [Quit: Do fish get thirsty?]
20:58 !irc.beige-box.com *** Notice -- Client exiting at ohnopublishing.net: Mariorulez14!Mariorulez@173-16-124-249.client.mchsi.com (Ping timeout)
20:58 !irc.beige-box.com *** Notice -- Client connecting on port 6667: Mariorulez14 (Mariorulez@173-16-124-249.client.mchsi.com) [clients] 
21:02 !irc.beige-box.com *** Notice -- Client exiting: Mariorulez14 (Mariorulez@173-16-124-249.client.mchsi.com) [Connection reset by peer]
21:06 !irc.beige-box.com *** Notice -- Client connecting on port 6667: Mariorulez14 (Mariorulez@173-16-124-249.client.mchsi.com) [clients] 
21:07 !irc.beige-box.com *** Notice -- Received KILL message for Mariorulez14!Mariorulez@o_o-51655395.client.mchsi.com from CommanderHurricane Path: 350C711.9EBBA8CC.6D2E2761.IP!CommanderHurricane (Connection reset by CommanderHurricane)
21:07 !irc.beige-box.com *** Notice -- Client exiting: Mariorulez14 (Mariorulez@173-16-124-249.client.mchsi.com) [[irc.beige-box.com] Local kill by CommanderHurricane (Connection reset by CommanderHurricane)]
21:07 !irc.beige-box.com *** Notice -- Client connecting at ohnopublishing.net: Mariorulez14 (Mariorulez@173-16-124-249.client.mchsi.com)
21:09 !irc.beige-box.com *** Notice -- Client exiting at ohnopublishing.net: Mariorulez14!Mariorulez@173-16-124-249.client.mchsi.com (Ping timeout)
21:10 !irc.beige-box.com *** Notice -- Client connecting on port 6667: Tandy|7540 (Tandy_7540@adsl-71-158-209-144.dsl.wchtks.sbcglobal.net) [clients] 
21:16 !irc.beige-box.com *** Notice -- Received KILL message for Tandy|7540!Tandy_7540@o_o-13AE960A.dsl.wchtks.sbcglobal.net from ` Path: o_o-C2A3DF59.deafgeeksdns.com!` (nope.)
21:16 !irc.beige-box.com *** Notice -- Client exiting: Tandy|7540 (Tandy_7540@adsl-71-158-209-144.dsl.wchtks.sbcglobal.net) [[irc.beige-box.com] Local kill by ` (nope.)]
21:16 !irc.beige-box.com *** Notice -- Client connecting on port 6667: Mariorulez14 (Mariorulez@173-16-124-249.client.mchsi.com) [clients] 
21:16 !irc.beige-box.com *** Notice -- Client connecting on port 6667: Tandy|7540 (Tandy_7540@adsl-71-158-209-144.dsl.wchtks.sbcglobal.net) [clients] 
21:20 !irc.beige-box.com *** Notice -- Received KILL message for neko|TwiSpark!Equestria@E8E7428D.9EBBA8CC.6D2E2761.IP from CommanderHurricane Path: 350C711.9EBBA8CC.6D2E2761.IP!CommanderHurricane (get out)
21:20 !irc.beige-box.com *** Notice -- Client exiting: neko|TwiSpark (Equestria@10.10.10.107) [[irc.beige-box.com] Local kill by CommanderHurricane (get out)]
21:21 !irc.beige-box.com *** Notice -- Client exiting: Mariorulez14 (Mariorulez@173-16-124-249.client.mchsi.com) [Connection reset by peer]
21:22 !irc.beige-box.com *** Notice -- Client connecting on port 6667: Mariorulez14 (Mariorulez@173-16-124-249.client.mchsi.com) [clients] 
21:25 !irc.beige-box.com *** OperOverride -- ` (dissimulo@cookiemonster.deafgeeksdns.com) KICK #retrobox Tandy|7540 (stop being such a teenager. OH WAIT YOU ARE. .___.)
21:27 !irc.beige-box.com *** Notice -- Received KILL message for Tandy|7540!Tandy_7540@o_o-13AE960A.dsl.wchtks.sbcglobal.net from CommanderHurricane Path: 350C711.9EBBA8CC.6D2E2761.IP!CommanderHurricane (you pervert)
21:27 !irc.beige-box.com *** Notice -- Client exiting: Tandy|7540 (Tandy_7540@adsl-71-158-209-144.dsl.wchtks.sbcglobal.net) [[irc.beige-box.com] Local kill by CommanderHurricane (you pervert)]
21:27 !irc.beige-box.com *** Notice -- Client connecting on port 6667: Tandy|7540 (Tandy_7540@adsl-71-158-209-144.dsl.wchtks.sbcglobal.net) [clients] 
21:28 !irc.beige-box.com *** Notice -- Received KILL message for Tandy|7540!Tandy_7540@o_o-13AE960A.dsl.wchtks.sbcglobal.net from CommanderHurricane Path: 350C711.9EBBA8CC.6D2E2761.IP!CommanderHurricane (and with that name change comes op abuse. oh wait.)
21:28 !irc.beige-box.com *** Notice -- Client exiting: Tandy|7540 (Tandy_7540@adsl-71-158-209-144.dsl.wchtks.sbcglobal.net) [[irc.beige-box.com] Local kill by CommanderHurricane (and with that name change comes op abuse. oh wait.)]
21:29 !irc.beige-box.com *** Notice -- Client connecting on port 6667: Tandy|7540 (Tandy_7540@adsl-71-158-209-144.dsl.wchtks.sbcglobal.net) [clients] 
21:29 !irc.beige-box.com *** OperOverride -- CommanderHurricane (Pegasus@10.10.10.103) KICK #retrobox Tandy|7540 (never also stop denying you're furry, we know you are)
21:30 !irc.beige-box.com *** OperOverride -- CommanderHurricane (Pegasus@10.10.10.103) MODE #retrobox +o Mariorulez14
21:30 !irc.beige-box.com *** Notice -- Client exiting: Mariorulez14 (Mariorulez@173-16-124-249.client.mchsi.com) [Connection reset by peer]
21:35 !irc.beige-box.com *** Notice -- Client connecting at ohnopublishing.net: Mariorulez14 (Mariorulez@173-16-124-249.client.mchsi.com)
21:39 !irc.beige-box.com *** Notice -- Client exiting at ohnopublishing.net: Mariorulez14!Mariorulez@173-16-124-249.client.mchsi.com (Ping timeout)
21:39 !irc.beige-box.com *** Notice -- Client connecting on port 6667: Mariorulez14 (Mariorulez@173-16-124-249.client.mchsi.com) [clients] 
21:42 !irc.beige-box.com *** Notice -- Client exiting: Mariorulez14 (Mariorulez@173-16-124-249.client.mchsi.com) [Connection reset by peer]
21:42 !irc.beige-box.com *** Notice -- Client connecting on port 6667: Mariorulez14 (Mariorulez@173-16-124-249.client.mchsi.com) [clients] 
--- Log closed Sun Feb 12 21:48:18 2012
--- Log opened Sun Feb 12 21:48:42 2012
21:48 !irc.beige-box.com *** Notice -- Client exiting: Mariorulez14 (Mariorulez@173-16-124-249.client.mchsi.com) [Connection reset by peer]
21:48 !irc.beige-box.com *** Notice -- Client connecting at ohnopublishing.net: Compgeke|Laptop (Compgeke@99-27-202-108.lightspeed.irvnca.sbcglobal.net)
21:49 !irc.beige-box.com *** Notice -- Client connecting on port 6667: Mariorulez14 (Mariorulez@173-16-124-249.client.mchsi.com) [clients] 
21:52 !irc.beige-box.com *** OperOverride -- CommanderHurricane (Pegasus@10.10.10.103) TOPIC #retrobox 'rainbow dash is best pony, jake is furry, commanderhurricane is best admin, dissimulo is best domain manager'
21:52 !irc.beige-box.com *** Notice -- Client exiting: Mariorulez14 (Mariorulez@173-16-124-249.client.mchsi.com) [Connection reset by peer]
21:52 !irc.beige-box.com *** OperOverride -- CommanderHurricane (Pegasus@10.10.10.103) TOPIC #retrobox 'rainbow dash is best pony, jake is furry, commanderhurricane is best admin, dissimulo is best domain manager and compgeke is master of overkill'
21:53 !irc.beige-box.com *** OperOverride -- ` (dissimulo@cookiemonster.deafgeeksdns.com) TOPIC #retrobox 'rainbow dash is best pony, jake is furry, commanderhurricane is best admin, dissimulo is best domai
21:58 !irc.beige-box.com *** Notice -- Client connecting at ohnopublishing.net: Mariorulez14 (Mariorulez@173-16-124-249.client.mchsi.com)
21:59 !irc.beige-box.com *** Notice -- Client exiting at ohnopublishing.net: Mariorulez14!Mariorulez@173-16-124-249.client.mchsi.com (Ping timeout)
21:59 !irc.beige-box.com *** OperOverride -- CommanderHurricane (Pegasus@10.10.10.103) TOPIC #retrobox 'Rainbow Dash is best pony, Jake is furry, CommanderHurricane is best admin, dissimulo is best domain manager and compgeke is the master of overkill'
--- Log closed Sun Feb 12 22:05:18 2012
--- Log opened Sun Feb 12 22:09:00 2012
22:09 !irc.beige-box.com *** Notice -- Client exiting at ohnopublishing.net: Compgeke|Laptop!Compgeke@99-27-202-108.lightspeed.irvnca.sbcglobal.net (Quit: Leaving)
22:09 !irc.beige-box.com *** Notice -- Client connecting on port 6667: Mariorulez14 (Mariorulez@173-16-124-249.client.mchsi.com) [clients] 
22:12 !irc.beige-box.com *** Notice -- Client exiting: Mariorulez14 (Mariorulez@173-16-124-249.client.mchsi.com) [Connection reset by peer]
--- Log closed Sun Feb 12 22:18:18 2012
--- Log opened Sun Feb 12 22:25:56 2012
22:25 !irc.beige-box.com *** Notice -- Client connecting at ohnopublishing.net: Mariorulez14 (Mariorulez@173-16-124-249.client.mchsi.com)
22:28 !irc.beige-box.com *** Notice -- Client exiting at ohnopublishing.net: Mariorulez14!Mariorulez@173-16-124-249.client.mchsi.com (Ping timeout)
22:29 !irc.beige-box.com *** Notice -- Client connecting on port 6667: Mariorulez14 (Mariorulez@173-16-124-249.client.mchsi.com) [clients] 
22:32 !irc.beige-box.com *** Notice -- Client exiting: Mariorulez14 (Mariorulez@173-16-124-249.client.mchsi.com) [Connection reset by peer]
22:36 !irc.beige-box.com *** Notice -- Client connecting at ohnopublishing.net: Mariorulez14 (Mariorulez@173-16-124-249.client.mchsi.com)
22:37 !irc.beige-box.com *** Notice -- Client exiting at ohnopublishing.net: Mariorulez14!Mariorulez@173-16-124-249.client.mchsi.com (Ping timeout)
22:38 !irc.beige-box.com *** Notice -- Client connecting on port 6667: Mariorulez14 (Mariorulez@173-16-124-249.client.mchsi.com) [clients] 
22:39 !irc.beige-box.com *** Notice -- Client exiting: Mariorulez14 (Mariorulez@173-16-124-249.client.mchsi.com) [Connection reset by peer]
--- Log closed Sun Feb 12 22:45:18 2012
--- Log opened Sun Feb 12 22:49:19 2012
22:49 !irc.beige-box.com *** Notice -- Client connecting on port 6667: Mariorulez14 (Mariorulez@173-16-124-249.client.mchsi.com) [clients] 
22:50 !irc.beige-box.com *** Notice -- Client exiting: CommanderHurricane (Pegasus@10.10.10.103) [Quit: QUIIIIIIIIIIT]
22:51 !irc.beige-box.com *** Notice -- Client exiting: Mariorulez14 (Mariorulez@173-16-124-249.client.mchsi.com) [Connection reset by peer]
22:51 !irc.beige-box.com *** Notice -- Client connecting on port 6667: CommanderHurricane (Pegasus@10.10.10.103) [clients] 
22:51 !irc.beige-box.com *** Notice -- Client exiting: CommanderHurricane (Pegasus@10.10.10.103) [Quit: QUIIIIIIIIIIT]
--- Log closed Sun Feb 12 22:57:18 2012
--- Log opened Sun Feb 12 23:58:17 2012
23:58 !irc.beige-box.com *** Notice -- ` (dissimulo@cookiemonster.deafgeeksdns.com) has changed his/her nickname to `|gabapentin
--- Log closed Mon Feb 13 00:03:18 2012
--- Log opened Mon Feb 13 08:10:44 2012
08:10 !irc.beige-box.com *** Notice -- Client connecting at ohnopublishing.net: Mariorulez14 (Mariorulez@173-16-124-249.client.mchsi.com)
08:11 !irc.beige-box.com *** Notice -- Client exiting at ohnopublishing.net: Mariorulez14!Mariorulez@173-16-124-249.client.mchsi.com (Ping timeout)
--- Log closed Mon Feb 13 08:17:18 2012
--- Log opened Mon Feb 13 08:17:44 2012
08:17 !irc.beige-box.com *** Notice -- Client connecting at ohnopublishing.net: Mariorulez14 (Mariorulez@173-16-124-249.client.mchsi.com)
08:19 !irc.beige-box.com *** Notice -- Client exiting at ohnopublishing.net: Mariorulez14!Mariorulez@173-16-124-249.client.mchsi.com (Ping timeout)
--- Log closed Mon Feb 13 08:25:18 2012
--- Log opened Mon Feb 13 08:29:46 2012
08:29 !irc.beige-box.com *** Notice -- Client connecting on port 6667: Mariorulez14 (Mariorulez@173-16-124-249.client.mchsi.com) [clients] 
08:35 !irc.beige-box.com *** Notice -- Client exiting: Mariorulez14 (Mariorulez@173-16-124-249.client.mchsi.com) [Connection reset by peer]
08:37 !irc.beige-box.com *** Notice -- Client connecting at ohnopublishing.net: Mariorulez14 (Mariorulez@173-16-124-249.client.mchsi.com)
08:37 !irc.beige-box.com *** Notice -- Client connecting on port 6667: CommanderHurricane (Pegasus@10.10.10.103) [clients] 
08:38 !irc.beige-box.com *** Notice -- Client connecting at ohnopublishing.net: Darman213 (darman213@ppp-70-245-163-13.dsl.wchtks.swbell.net)
08:38 !irc.beige-box.com *** Notice -- Client exiting at ohnopublishing.net: Darman213!darman213@ppp-70-245-163-13.dsl.wchtks.swbell.net (Connection reset by peer)
08:38 !irc.beige-box.com *** Notice -- Client connecting on port 6667: Darman213 (darman213@ppp-70-245-163-13.dsl.wchtks.swbell.net) [clients] 
08:40 !irc.beige-box.com CommanderHurricane (Pegasus@10.10.10.103) [linuxlove] is now a network administrator (N)
08:41 !irc.beige-box.com *** Notice -- Client exiting at ohnopublishing.net: Mariorulez14!Mariorulez@173-16-124-249.client.mchsi.com (Ping timeout)
08:44 !irc.beige-box.com *** Notice -- Client connecting on port 6667: Mariorulez14 (Mariorulez@173-16-124-249.client.mchsi.com) [clients] 
08:49 !irc.beige-box.com *** Notice -- Client exiting: Mariorulez14 (Mariorulez@173-16-124-249.client.mchsi.com) [Connection reset by peer]
08:49 !irc.beige-box.com *** Notice -- Client exiting: Tandy|7540 (Tandy_7540@adsl-71-158-209-144.dsl.wchtks.sbcglobal.net) [Connection reset by peer]
08:49 !irc.beige-box.com *** Notice -- Client connecting at ohnopublishing.net: Tandy|7540 (Tandy_7540@71.158.209.144)
08:50 !irc.beige-box.com *** Notice -- Client connecting on port 6667: Mariorulez14 (Mariorulez@173-16-124-249.client.mchsi.com) [clients] 
08:51 !irc.beige-box.com *** Notice -- Client connecting on port 6667: CH|mIRC (neko_mirc@10.10.10.103) [clients] 
08:51 !irc.beige-box.com *** Notice -- Client exiting: Mariorulez14 (Mariorulez@173-16-124-249.client.mchsi.com) [Connection reset by peer]
08:51 !irc.beige-box.com *** Notice -- Client connecting on port 6667: Mariorulez14 (Mariorulez@173-16-124-249.client.mchsi.com) [clients] 
08:51 !irc.beige-box.com *** Notice -- Client exiting: Darman213 (darman213@ppp-70-245-163-13.dsl.wchtks.swbell.net) [Quit: Gone, Like Frank Sinatra...]
08:55 !irc.beige-box.com *** Notice -- Client exiting: Mariorulez14 (Mariorulez@173-16-124-249.client.mchsi.com) [Connection reset by peer]
08:58 !irc.beige-box.com *** Notice -- Client connecting at ohnopublishing.net: Mariorulez14 (Mariorulez@173-16-124-249.client.mchsi.com)
--- Log closed Mon Feb 13 09:04:18 2012
--- Log opened Mon Feb 13 09:11:23 2012
09:11 !irc.beige-box.com CH|mIRC (neko_mirc@10.10.10.103) [linuxlove] is now a network administrator (N)
09:14 !irc.beige-box.com *** Notice -- Client connecting on port 6667: Darman213 (darman213@ppp-70-245-163-13.dsl.wchtks.swbell.net) [clients] 
09:15 !irc.beige-box.com *** Notice -- Client connecting on port 6667: neko|TwiSpark (Equestria@10.10.10.107) [clients] 
09:15 !irc.beige-box.com *** Notice -- Client exiting at ohnopublishing.net: Mariorulez14!Mariorulez@173-16-124-249.client.mchsi.com (Ping timeout)
09:15 !irc.beige-box.com *** Notice -- Client exiting: CommanderHurricane (Pegasus@10.10.10.103) [Quit: QUIIIIIIIIIIT]
09:15 !irc.beige-box.com *** Notice -- Client exiting: CH|mIRC (neko_mirc@10.10.10.103) [Quit: ]
--- Log closed Mon Feb 13 09:21:18 2012
--- Log opened Mon Feb 13 09:21:56 2012
09:21 !irc.beige-box.com *** Notice -- Client connecting on port 6667: ch (ch@10.10.10.103) [clients] 
--- Log closed Mon Feb 13 09:27:18 2012
--- Log opened Mon Feb 13 09:31:00 2012
09:31 !irc.beige-box.com *** Notice -- Client connecting at ohnopublishing.net: Mariorulez14 (Mariorulez@173-16-124-249.client.mchsi.com)
09:33 !irc.beige-box.com *** Notice -- Client exiting at ohnopublishing.net: Mariorulez14!Mariorulez@173-16-124-249.client.mchsi.com (Ping timeout)
09:37 !irc.beige-box.com *** Notice -- Client exiting: ch (ch@10.10.10.103) [Quit: ]
--- Log closed Mon Feb 13 09:43:18 2012
--- Log opened Mon Feb 13 09:43:47 2012
09:43 !irc.beige-box.com *** Notice -- Client connecting at ohnopublishing.net: Mariorulez14 (Mariorulez@173-16-124-249.client.mchsi.com)
09:45 !irc.beige-box.com *** Notice -- Client exiting at ohnopublishing.net: Mariorulez14!Mariorulez@173-16-124-249.client.mchsi.com (Ping timeout)
09:49 !irc.beige-box.com *** Notice -- Client connecting at ohnopublishing.net: Mariorulez14 (Mariorulez@173-16-124-249.client.mchsi.com)
09:51 !irc.beige-box.com *** Notice -- Client exiting at ohnopublishing.net: Mariorulez14!Mariorulez@173-16-124-249.client.mchsi.com (Quit: (I am now known as a Waiter))
09:52 !irc.beige-box.com *** Notice -- Client connecting at ohnopublishing.net: Blazehoof (IceChat7@ppp-70-245-163-13.dsl.wchtks.swbell.net)
09:53 !irc.beige-box.com *** Notice -- Client connecting on port 6667: CommanderHurricane (Pegasus@10.10.10.103) [clients] 
--- Log closed Mon Feb 13 09:59:18 2012
--- Log opened Mon Feb 13 10:16:05 2012
10:16 !irc.beige-box.com *** Notice -- Client connecting at ohnopublishing.net: Mariorulez14|Library (Mariorulez@ks-76-7-5-182.sta.embarqhsd.net)
--- Log closed Mon Feb 13 10:21:18 2012
--- Log opened Mon Feb 13 10:29:45 2012
10:29 !irc.beige-box.com *** Notice -- CommanderHurricane (Pegasus@10.10.10.103) has changed his/her nickname to CH|Away[Study]
--- Log closed Mon Feb 13 10:35:18 2012
--- Log opened Mon Feb 13 11:13:22 2012
11:13 !irc.beige-box.com *** Notice -- WARNING: Time running backwards! Clock set back ~63 seconds (1329153367 -> 1329153304)
11:13 !irc.beige-box.com *** Notice -- Incorrect time for IRC servers is a serious problem. Time being set backwards (either by TSCTL or by resetting the clock) is even more serious and can cause clients to freeze, channels to be taken over, and other issues.
11:13 !irc.beige-box.com *** Notice -- Please be sure your clock is always synchronized before the IRCd is started or use the built-in timesynch feature.
11:13 !irc.beige-box.com *** Notice -- [TimeShift] Resetting a few timers to prevent IRCd freeze!
11:13 !irc.beige-box.com *** Notice -- [TimeShift] The (IRCd) clock was set backwards. Timers, nick- and channel-timestamps are possibly incorrect. This message will repeat itself until we catch up with the original time, which will be in 63 seconds
--- Log closed Mon Feb 13 11:19:18 2012
--- Log opened Mon Feb 13 11:50:11 2012
11:50 !irc.beige-box.com *** Notice -- CH|Away[Study] (Pegasus@10.10.10.103) has changed his/her nickname to CommanderHurricane
--- Log closed Mon Feb 13 11:55:18 2012
--- Log opened Mon Feb 13 11:58:46 2012
11:58 !irc.beige-box.com *** Notice -- Client exiting at ohnopublishing.net: Blazehoof!IceChat7@ppp-70-245-163-13.dsl.wchtks.swbell.net (Quit: For Sale: Parachute. Only used once, never opened, small stain.)
--- Log closed Mon Feb 13 12:04:18 2012
--- Log opened Mon Feb 13 12:28:31 2012
12:28 !irc.beige-box.com *** Notice -- Client exiting at ohnopublishing.net: Mariorulez14|Library!Mariorulez@ks-76-7-5-182.sta.embarqhsd.net (Quit: (Homeward Bound))
--- Log closed Mon Feb 13 12:34:18 2012
--- Log opened Mon Feb 13 12:42:07 2012
12:42 !irc.beige-box.com *** Notice -- Client connecting at ohnopublishing.net: Mariorulez14 (Mariorulez@173-16-124-249.client.mchsi.com)
--- Log closed Mon Feb 13 12:47:18 2012
--- Log opened Mon Feb 13 14:03:12 2012
14:03 !irc.beige-box.com *** Notice -- Client exiting at ohnopublishing.net: Compgeke!compgeke2@99-27-202-108.lightspeed.irvnca.sbcglobal.net (Ping timeout)
14:04 !irc.beige-box.com *** Notice -- Client connecting on port 6667: Tandy|Phenom (TandyPhen@adsl-71-158-209-144.dsl.wchtks.sbcglobal.net) [clients] 
14:05 !irc.beige-box.com *** Notice -- Client connecting at ohnopublishing.net: Compgeke (compgeke2@adsl-76-254-64-17.dsl.pltn13.sbcglobal.net)
14:05 !irc.beige-box.com *** Notice -- Client exiting at ohnopublishing.net: Compgeke!compgeke2@adsl-76-254-64-17.dsl.pltn13.sbcglobal.net (Connection reset by peer)
14:07 !irc.beige-box.com *** Notice -- Client connecting at ohnopublishing.net: Compgeke (compgeke2@adsl-99-35-128-163.dsl.pltn13.sbcglobal.net)
14:11 !irc.beige-box.com *** Notice -- Client exiting at ohnopublishing.net: Tandy|7540!Tandy_7540@71.158.209.144 (Ping timeout)
14:12 !irc.beige-box.com *** Notice -- Client exiting: Tandy|Phenom (TandyPhen@adsl-71-158-209-144.dsl.wchtks.sbcglobal.net) [Connection reset by peer]
14:13 !irc.beige-box.com *** Notice -- Client connecting on port 6667: Tandy|Phenom (TandyPhen@adsl-71-158-209-144.dsl.wchtks.sbcglobal.net) [clients] 
14:14 !irc.beige-box.com *** Notice -- Client connecting at ohnopublishing.net: Tandy|7540 (Tandy_7540@adsl-71-158-209-144.dsl.wchtks.sbcglobal.net)
14:16 !irc.beige-box.com CommanderHurricane (Pegasus@10.10.10.103) [linuxlove] is now a network administrator (N)
--- Log closed Mon Feb 13 14:21:18 2012
--- Log opened Mon Feb 13 14:23:36 2012
14:23 !irc.beige-box.com *** Notice -- Client exiting: Darman213 (darman213@ppp-70-245-163-13.dsl.wchtks.swbell.net) [Quit: Gone, Like Frank Sinatra...]
14:26 !irc.beige-box.com *** Notice -- CommanderHurricane (Pegasus@10.10.10.103) has changed his/her nickname to CH|Away[FlightPractice]
--- Log closed Mon Feb 13 14:31:18 2012
--- Log opened Mon Feb 13 15:28:28 2012
15:28 !irc.beige-box.com *** Notice -- CH|Away[FlightPractice] (Pegasus@10.10.10.103) has changed his/her nickname to CommanderHurricane
--- Log closed Mon Feb 13 15:34:18 2012
--- Log opened Mon Feb 13 16:00:56 2012
16:00 !irc.beige-box.com *** Notice -- Client exiting at ohnopublishing.net: Tandy|7540!Tandy_7540@adsl-71-158-209-144.dsl.wchtks.sbcglobal.net (Ping timeout)
--- Log closed Mon Feb 13 16:06:18 2012
--- Log opened Mon Feb 13 16:16:20 2012
16:16 !irc.beige-box.com *** Notice -- Client connecting on port 6667: niner (IceChat77@ppp-70-245-163-13.dsl.wchtks.swbell.net) [clients] 
--- Log closed Mon Feb 13 16:22:18 2012
--- Log opened Mon Feb 13 17:03:15 2012
17:03 !irc.beige-box.com *** Notice -- Client connecting on port 6667: Kel (44669e76@ircip1.mibbit.com) [clients] 
--- Log closed Mon Feb 13 17:08:18 2012
--- Log opened Mon Feb 13 17:08:43 2012
17:08 !irc.beige-box.com *** Notice -- Client connecting on port 6667: Tandy|7540 (Tandy_7540@adsl-71-158-209-144.dsl.wchtks.sbcglobal.net) [clients] 
17:14 !irc.beige-box.com *** Notice -- Maximum connections: 10 (9 clients)
17:14 !irc.beige-box.com *** Notice -- Client connecting on port 6667: Tandy|Shuttle (jake@adsl-71-158-209-144.dsl.wchtks.sbcglobal.net) [clients] 
17:16 !irc.beige-box.com *** OperOverride -- CommanderHurricane (Pegasus@10.10.10.103) MODE #retrobox +qo CommanderHurricane CommanderHurricane
--- Log closed Mon Feb 13 17:22:18 2012
--- Log opened Mon Feb 13 17:30:11 2012
17:30 !irc.beige-box.com *** Notice -- Client exiting at ohnopublishing.net: Mariorulez14!Mariorulez@173-16-124-249.client.mchsi.com (Quit: (I am now known as a Waiter))
--- Log closed Mon Feb 13 17:35:18 2012
--- Log opened Mon Feb 13 17:41:01 2012
17:41 !irc.beige-box.com *** Notice -- Client exiting: Kel (44669e76@ircip1.mibbit.com) [Quit: http://www.mibbit.com ajax IRC Client]
--- Log closed Mon Feb 13 17:46:18 2012
--- Log opened Mon Feb 13 17:56:10 2012
17:56 !irc.beige-box.com *** Notice -- Rehashing all files via the console
17:56 !irc.beige-box.com *** Notice -- Loading IRCd configuration ..
17:56 !irc.beige-box.com *** Notice -- Configuration loaded without any problems ..
--- Log closed Mon Feb 13 18:01:18 2012
--- Log opened Mon Feb 13 18:05:47 2012
18:05 !irc.beige-box.com *** Global -- from OperServ: WARNING! Backup of os_info.db failed.
18:05 !irc.beige-box.com *** Global -- from OperServ: WARNING! Backup of nick.db failed.
18:05 !irc.beige-box.com *** Global -- from OperServ: WARNING! Backup of bot.db failed.
18:05 !irc.beige-box.com *** Global -- from OperServ: WARNING! Backup of chan.db failed.
18:05 !irc.beige-box.com *** Global -- from OperServ: WARNING! Backup of hosts.db failed.
18:05 !irc.beige-box.com *** Global -- from OperServ: WARNING! Backup of prenick.db failed.
18:05 !irc.beige-box.com *** Global -- from OperServ: WARNING! Backup of oper.db failed.
18:05 !irc.beige-box.com *** Global -- from OperServ: WARNING! Backup of news.db failed.
18:05 !irc.beige-box.com *** Global -- from OperServ: WARNING! Backup of exception.db failed.
--- Log closed Mon Feb 13 18:11:18 2012
--- Log opened Mon Feb 13 20:06:50 2012
20:06 !irc.beige-box.com *** Notice -- Client exiting: niner (IceChat77@ppp-70-245-163-13.dsl.wchtks.swbell.net) [Quit: I'm gone deal with it]
20:12 !irc.beige-box.com *** Notice -- WARNING: Time running backwards! Clock set back ~67 seconds (1329185703 -> 1329185636)
20:12 !irc.beige-box.com *** Notice -- Incorrect time for IRC servers is a serious problem. Time being set backwards (either by TSCTL or by resetting the clock) is even more serious and can cause clients to freeze, channels to be taken over, and other issues.
20:12 !irc.beige-box.com *** Notice -- Please be sure your clock is always synchronized before the IRCd is started or use the built-in timesynch feature.
20:12 !irc.beige-box.com *** Notice -- [TimeShift] Resetting a few timers to prevent IRCd freeze!
20:12 !irc.beige-box.com *** Notice -- [TimeShift] The (IRCd) clock was set backwards. Timers, nick- and channel-timestamps are possibly incorrect. This message will repeat itself until we catch up with the original time, which will be in 67 seconds
--- Log closed Mon Feb 13 20:17:18 2012
--- Log opened Mon Feb 13 20:19:06 2012
20:19 !irc.beige-box.com *** Notice -- Client connecting at ohnopublishing.net: Tandy|E5400 (jbickhard@adsl-71-158-209-144.dsl.wchtks.sbcglobal.net)
--- Log closed Mon Feb 13 20:24:18 2012
--- Log opened Mon Feb 13 20:28:16 2012
20:28 !irc.beige-box.com *** Notice -- Client exiting at ohnopublishing.net: Tandy|E5400!jbickhard@adsl-71-158-209-144.dsl.wchtks.sbcglobal.net (Connection reset by peer)
20:28 !irc.beige-box.com *** Notice -- Client connecting at ohnopublishing.net: Tandy|E5400 (jbickhard@adsl-71-158-209-144.dsl.wchtks.sbcglobal.net)
--- Log closed Mon Feb 13 20:34:18 2012
--- Log opened Mon Feb 13 20:36:24 2012
20:36 !irc.beige-box.com *** Notice -- Client connecting on port 6667: Darman213 (darman213@ppp-70-245-163-13.dsl.wchtks.swbell.net) [clients] 
--- Log closed Mon Feb 13 20:42:18 2012
--- Log opened Mon Feb 13 21:30:00 2012
21:30 !irc.beige-box.com Exiting ssl client [@66.249.71.213.42510]: SSL_accept(): Internal OpenSSL error or protocol error
21:30 !irc.beige-box.com Exiting ssl client [@66.249.71.213.42510]: SSL_accept(): Internal OpenSSL error or protocol error
21:31 !irc.beige-box.com *** Notice -- CommanderHurricane (Pegasus@10.10.10.103) has changed his/her nickname to Stormcloud
--- Log closed Mon Feb 13 21:37:18 2012
--- Log opened Mon Feb 13 21:42:13 2012
21:42 !irc.beige-box.com *** Notice -- Client exiting: Darman213 (darman213@ppp-70-245-163-13.dsl.wchtks.swbell.net) [Quit: Gone, Like Frank Sinatra...]
--- Log closed Mon Feb 13 21:47:18 2012
--- Log opened Mon Feb 13 21:58:51 2012
21:58 !irc.beige-box.com *** Notice -- [m_nopost] Killed connection from 66.249.71.197
21:58 !irc.beige-box.com *** Notice -- [m_nopost] Killed connection from 66.249.71.197
21:59 !irc.beige-box.com *** Notice -- Client connecting on port 6667: Mariorulez14 (Mariorulez@173-16-124-249.client.mchsi.com) [clients] 
22:00 !irc.beige-box.com *** Notice -- Client exiting at ohnopublishing.net: Tandy|E5400!jbickhard@adsl-71-158-209-144.dsl.wchtks.sbcglobal.net (Quit: )
22:00 !irc.beige-box.com *** Notice -- Client exiting: Tandy|7540 (Tandy_7540@adsl-71-158-209-144.dsl.wchtks.sbcglobal.net) [Quit: ]
22:02 !irc.beige-box.com *** Notice -- Client exiting: Tandy|Shuttle (jake@adsl-71-158-209-144.dsl.wchtks.sbcglobal.net) [Quit: ]
22:03 !irc.beige-box.com *** Notice -- Client exiting: Mariorulez14 (Mariorulez@173-16-124-249.client.mchsi.com) [Quit: (I am now known as a Waiter)]
22:04 !irc.beige-box.com *** Notice -- Received KILL message for neko|TwiSpark!Equestria@E8E7428D.9EBBA8CC.6D2E2761.IP from Stormcloud Path: 350C711.9EBBA8CC.6D2E2761.IP!Stormcloud (die)
22:04 !irc.beige-box.com *** Notice -- Client exiting: neko|TwiSpark (Equestria@10.10.10.107) [[irc.beige-box.com] Local kill by Stormcloud (die)]
22:07 !irc.beige-box.com *** Notice -- Client exiting: Stormcloud (Pegasus@10.10.10.103) [Quit: QUIIIIIIIIIIT]
22:08 !irc.beige-box.com *** Notice -- Client exiting: Tandy|Phenom (TandyPhen@adsl-71-158-209-144.dsl.wchtks.sbcglobal.net) [Quit: ]
--- Log closed Mon Feb 13 22:13:18 2012
--- Log opened Mon Feb 13 22:17:35 2012
22:17 !irc.beige-box.com *** Notice -- Client exiting at ohnopublishing.net: Compgeke!compgeke2@adsl-99-35-128-163.dsl.pltn13.sbcglobal.net (Ping timeout)
22:18 !irc.beige-box.com *** Notice -- Client connecting on port 6667: Compgeke (compgeke2@adsl-99-35-128-163.dsl.pltn13.sbcglobal.net) [clients] 
--- Log closed Mon Feb 13 22:24:18 2012
--- Log opened Tue Feb 14 03:12:24 2012
03:12 !irc.beige-box.com Exiting ssl client [@66.249.71.213.64452]: SSL_accept(): Internal OpenSSL error or protocol error
--- Log closed Tue Feb 14 03:18:18 2012
--- Log opened Tue Feb 14 07:23:43 2012
07:23 !irc.beige-box.com *** Notice -- Client connecting at ohnopublishing.net: Tandy|7540 (Tandy_7540@adsl-71-158-209-144.dsl.wchtks.sbcglobal.net)
07:24 !irc.beige-box.com *** Notice -- Client connecting at ohnopublishing.net: Tandy|Shuttle (jake@adsl-71-158-209-144.dsl.wchtks.sbcglobal.net)
07:25 !irc.beige-box.com *** Notice -- Client connecting at ohnopublishing.net: Tandy|E5400 (jbickhard@adsl-71-158-209-144.dsl.wchtks.sbcglobal.net)
--- Log closed Tue Feb 14 07:31:18 2012
--- Log opened Tue Feb 14 07:50:08 2012
07:50 !irc.beige-box.com *** Notice -- Client connecting on port 6667: CommanderHurricane (Pegasus@10.10.10.103) [clients] 
07:50 !irc.beige-box.com CommanderHurricane (Pegasus@10.10.10.103) [linuxlove] is now a network administrator (N)
07:50 !irc.beige-box.com *** OperOverride -- CommanderHurricane (Pegasus@10.10.10.103) TOPIC #retrobox 'Rainbow Dash is best pony, Jake is wants to get drunk (and he's still furry), Kel is BUKKIT QUEEN, CommanderHurricane is best admin, dissimulo is best domain manager and compgeke is master of overkill'
07:50 !irc.beige-box.com *** OperOverride -- CommanderHurricane (Pegasus@10.10.10.103) TOPIC #retrobox 'Rainbow Dash is best pony, Jake wants to get drunk (and he's still furry), Kel is BUKKIT QUEEN, CommanderHurricane is best admin, dissimulo is best domain manager and compgeke is master of overkill'
--- Log closed Tue Feb 14 07:56:18 2012
--- Log opened Tue Feb 14 08:00:29 2012
08:00 !irc.beige-box.com *** Notice -- Client exiting at ohnopublishing.net: Tandy|E5400!jbickhard@adsl-71-158-209-144.dsl.wchtks.sbcglobal.net (Quit: installing 32-bit win7)
--- Log closed Tue Feb 14 08:06:18 2012
--- Log opened Tue Feb 14 08:11:05 2012
08:11 !irc.beige-box.com *** Notice -- WARNING: Time running backwards! Clock set back ~62 seconds (1329228836 -> 1329228774)
08:11 !irc.beige-box.com *** Notice -- Incorrect time for IRC servers is a serious problem. Time being set backwards (either by TSCTL or by resetting the clock) is even more serious and can cause clients to freeze, channels to be taken over, and other issues.
08:11 !irc.beige-box.com *** Notice -- Please be sure your clock is always synchronized before the IRCd is started or use the built-in timesynch feature.
08:11 !irc.beige-box.com *** Notice -- [TimeShift] Resetting a few timers to prevent IRCd freeze!
08:11 !irc.beige-box.com *** Notice -- [TimeShift] The (IRCd) clock was set backwards. Timers, nick- and channel-timestamps are possibly incorrect. This message will repeat itself until we catch up with the original time, which will be in 62 seconds
--- Log closed Tue Feb 14 08:16:18 2012
--- Log opened Tue Feb 14 08:22:55 2012
08:22 !irc.beige-box.com *** Notice -- Received KILL message for Tandy|Shuttle!jake@o_o-13AE960A.dsl.wchtks.sbcglobal.net from CommanderHurricane Path: 350C711.9EBBA8CC.6D2E2761.IP!CommanderHurricane (you can run but you can't hide)
08:22 !irc.beige-box.com *** Notice -- Client exiting at ohnopublishing.net: Tandy|Shuttle!jake@adsl-71-158-209-144.dsl.wchtks.sbcglobal.net (Killed (CommanderHurricane (you can run but you can't hide)))
08:23 !irc.beige-box.com *** Notice -- Client connecting at ohnopublishing.net: Tandy|Shuttle (jake@adsl-71-158-209-144.dsl.wchtks.sbcglobal.net)
08:24 !irc.beige-box.com *** Notice -- Client connecting on port 6667: Darman213 (darman213@ppp-70-245-163-13.dsl.wchtks.swbell.net) [clients] 
08:27 !irc.beige-box.com *** Notice -- Client connecting on port 6667: niner (IceChat77@ppp-70-245-163-13.dsl.wchtks.swbell.net) [clients] 
08:28 !irc.beige-box.com *** Notice -- Client exiting: Darman213 (darman213@ppp-70-245-163-13.dsl.wchtks.swbell.net) [Quit: Gone, Like Frank Sinatra...]
08:28 !irc.beige-box.com *** Notice -- Client connecting at ohnopublishing.net: Darman213 (darman213@ppp-70-245-163-13.dsl.wchtks.swbell.net)
--- Log closed Tue Feb 14 08:34:18 2012
--- Log opened Tue Feb 14 08:40:09 2012
08:40 !irc.beige-box.com *** Notice -- Client connecting on port 6667: Mariorulez14 (Mariorulez@173-16-124-249.client.mchsi.com) [clients] 
08:43 !irc.beige-box.com *** Notice -- Received KILL message for Tandy|Shuttle!jake@o_o-13AE960A.dsl.wchtks.sbcglobal.net from CommanderHurricane Path: 350C711.9EBBA8CC.6D2E2761.IP!CommanderHurricane (SMOKE WEED ERRYDAY)
08:43 !irc.beige-box.com *** Notice -- Client exiting at ohnopublishing.net: Tandy|Shuttle!jake@adsl-71-158-209-144.dsl.wchtks.sbcglobal.net (Killed (CommanderHurricane (SMOKE WEED ERRYDAY)))
08:43 !irc.beige-box.com *** Notice -- Client connecting at ohnopublishing.net: Tandy|Shuttle (jake@adsl-71-158-209-144.dsl.wchtks.sbcglobal.net)
08:46 !irc.beige-box.com *** OperOverride -- CommanderHurricane (Pegasus@10.10.10.103) KICK #retrobox Tandy|Shuttle (get out)
--- Log closed Tue Feb 14 08:51:18 2012
--- Log opened Tue Feb 14 09:16:28 2012
09:16 !irc.beige-box.com *** Notice -- Client exiting at ohnopublishing.net: Tandy|7540!Tandy_7540@adsl-71-158-209-144.dsl.wchtks.sbcglobal.net (Ping timeout)
09:19 !irc.beige-box.com *** Notice -- Client exiting: Mariorulez14 (Mariorulez@173-16-124-249.client.mchsi.com) [Quit: (I am now known as a Waiter)]
09:19 !irc.beige-box.com *** Notice -- Client connecting on port 6667: Mariorulez14 (Mariorulez@173-16-124-249.client.mchsi.com) [clients] 
09:21 !irc.beige-box.com Exiting ssl client [@66.249.71.213.58459]: SSL_accept(): Internal OpenSSL error or protocol error
09:23 !irc.beige-box.com *** Notice -- Client exiting: Mariorulez14 (Mariorulez@173-16-124-249.client.mchsi.com) [Quit: (I am now known as a Waiter)]
09:24 !irc.beige-box.com *** Notice -- Client connecting on port 6667: Mariorulez14 (Mariorulez@173-16-124-249.client.mchsi.com) [clients] 
09:24 !irc.beige-box.com *** Notice -- Client exiting: Mariorulez14 (Mariorulez@173-16-124-249.client.mchsi.com) [Connection reset by peer]
09:24 !irc.beige-box.com *** Notice -- Client connecting on port 6667: Mariorulez14 (Mariorulez@173-16-124-249.client.mchsi.com) [clients] 
09:29 !irc.beige-box.com *** Notice -- Client connecting on port 6667: CH|mIRC (neko_mirc@10.10.10.103) [clients] 
09:31 !irc.beige-box.com *** Notice -- Client connecting at ohnopublishing.net: Tandy|7540 (Tandy_7540@adsl-71-158-209-144.dsl.wchtks.sbcglobal.net)
09:32 !irc.beige-box.com *** OperOverride -- CommanderHurricane (Pegasus@10.10.10.103) MODE #retrobox -qo Tandy|Shuttle Tandy|Shuttle
09:32 !irc.beige-box.com *** OperOverride -- CommanderHurricane (Pegasus@10.10.10.103) KICK #retrobox Tandy|Shuttle (get out)
09:33 !irc.beige-box.com *** OperOverride -- CommanderHurricane (Pegasus@10.10.10.103) MODE #retrobox -qo Tandy|Shuttle Tandy|Shuttle
09:33 !irc.beige-box.com *** OperOverride -- CommanderHurricane (Pegasus@10.10.10.103) MODE #retrobox +qo Tandy|Shuttle Tandy|Shuttle
--- Log closed Tue Feb 14 09:38:18 2012
--- Log opened Tue Feb 14 10:02:39 2012
10:02 !irc.beige-box.com *** Notice -- Client exiting at ohnopublishing.net: Darman213!darman213@ppp-70-245-163-13.dsl.wchtks.swbell.net (Quit: Gone, Like Frank Sinatra...)
--- Log closed Tue Feb 14 10:08:18 2012
--- Log opened Tue Feb 14 10:35:04 2012
10:35 !irc.beige-box.com *** Notice -- CommanderHurricane (Pegasus@10.10.10.103) has changed his/her nickname to CH|Away[Study]
--- Log closed Tue Feb 14 10:40:18 2012
--- Log opened Tue Feb 14 11:42:27 2012
11:42 !irc.beige-box.com *** Notice -- Client exiting: niner (IceChat77@ppp-70-245-163-13.dsl.wchtks.swbell.net) [Quit: I'm gone deal with it]
--- Log closed Tue Feb 14 11:48:18 2012
--- Log opened Tue Feb 14 11:53:20 2012
11:53 !irc.beige-box.com *** Notice -- Client exiting: Mariorulez14 (Mariorulez@173-16-124-249.client.mchsi.com) [Quit: (I am now known as a Waiter)]
11:53 !irc.beige-box.com *** Notice -- CH|Away[Study] (Pegasus@10.10.10.103) has changed his/her nickname to CommanderHurricane
--- Log closed Tue Feb 14 11:59:18 2012
--- Log opened Tue Feb 14 12:30:01 2012
12:30 !irc.beige-box.com *** Notice -- CommanderHurricane (Pegasus@10.10.10.103) has changed his/her nickname to CH|Away[FlightSchool]
--- Log closed Tue Feb 14 12:35:18 2012
--- Log opened Tue Feb 14 13:08:37 2012
13:08 !irc.beige-box.com *** Notice -- Client connecting on port 6667: Darman213 (darman213@ppp-70-245-163-13.dsl.wchtks.swbell.net) [clients] 
13:13 !irc.beige-box.com *** Notice -- Client connecting at ohnopublishing.net: Mariorulez14 (Mariorulez@173-16-124-249.client.mchsi.com)
--- Log closed Tue Feb 14 13:19:18 2012
--- Log opened Tue Feb 14 13:49:20 2012
13:49 !irc.beige-box.com *** Notice -- Client connecting on port 6667: Blazehoof (IceChat7@ppp-70-245-163-13.dsl.wchtks.swbell.net) [clients] 
13:51 !irc.beige-box.com *** Notice -- Client connecting at ohnopublishing.net: niner (IceChat77@ppp-70-245-163-13.dsl.wchtks.swbell.net)
--- Log closed Tue Feb 14 13:56:18 2012
--- Log opened Tue Feb 14 14:39:05 2012
14:39 !irc.beige-box.com *** Notice -- Client exiting: Darman213 (darman213@ppp-70-245-163-13.dsl.wchtks.swbell.net) [Quit: Gone, Like Frank Sinatra...]
--- Log closed Tue Feb 14 14:44:18 2012
--- Log opened Tue Feb 14 14:52:45 2012
14:52 !irc.beige-box.com *** Notice -- CH|Away[FlightSchool] (Pegasus@10.10.10.103) has changed his/her nickname to CommanderHurricane
--- Log closed Tue Feb 14 14:58:18 2012
