--- Log opened Sun Feb 12 20:01:40 2012
20:01 !irc.beige-box.com *** Looking up your hostname...
20:01 !irc.beige-box.com *** Found your hostname
--- Log closed Sun Feb 12 20:07:18 2012
--- Log opened Tue Feb 14 15:58:02 2012
15:58 !ohnopublishing.net *** Looking up your hostname...
15:58 !ohnopublishing.net *** Found your hostname
--- Log closed Tue Feb 14 16:03:18 2012
--- Log opened Thu Feb 16 17:54:27 2012
17:54 !ohnopublishing.net *** Looking up your hostname...
17:54 !ohnopublishing.net *** Found your hostname
--- Log closed Thu Feb 16 17:58:22 2012
--- Log opened Thu Feb 16 17:58:55 2012
17:58 !ohnopublishing.net *** Looking up your hostname...
17:58 !ohnopublishing.net *** Found your hostname (cached)
--- Log closed Thu Feb 16 18:04:25 2012
--- Log opened Sat Feb 18 22:39:17 2012
22:39 !ohnopublishing.net *** Looking up your hostname...
22:39 !ohnopublishing.net *** Found your hostname
--- Log closed Sat Feb 18 22:44:25 2012
--- Log opened Sun Mar 18 14:43:00 2012
14:43 !ohnopublishing.net *** Looking up your hostname...
14:43 !ohnopublishing.net *** Found your hostname
--- Log closed Sun Mar 18 14:48:49 2012
--- Log opened Wed Jan 09 21:46:40 2013
21:46 !irc.beige-box.com *** Looking up your hostname...
21:46 !irc.beige-box.com *** Found your hostname
--- Log closed Wed Jan 09 21:47:20 2013
--- Log opened Wed Jan 09 21:48:24 2013
21:48 !irc.beige-box.com *** Looking up your hostname...
21:48 !irc.beige-box.com *** Found your hostname (cached)
--- Log closed Wed Jan 09 21:49:32 2013
--- Log opened Wed Jan 09 21:53:27 2013
21:53 !irc.beige-box.com *** Looking up your hostname...
21:53 !irc.beige-box.com *** Found your hostname (cached)
--- Log closed Wed Jan 09 21:55:15 2013
