--- Log opened Sun Mar 18 14:48:44 2012
14:48 -!- Irssi: Starting query in beige-box with CommanderHurricane
14:48 <CommanderHurricane> oper dustin {
14:48 <CommanderHurricane>          class clients;
14:48 <CommanderHurricane>          from { userhost *; };
14:48 <CommanderHurricane>   password "cactusc00lerftw";
14:48 <CommanderHurricane>          flags OoaAreDRhwgkKbZtBnGNZW^Hv;
14:48 <CommanderHurricane>          snomask fjvGeqFskbrWSonc;
14:48 <CommanderHurricane> };
14:49 <`> that's what i'm using.
14:49 <`> .___.
--- Log closed Sun Mar 18 14:54:49 2012
--- Log opened Sun Mar 18 19:41:09 2012
19:41 -!- CH|Away is now known as CommanderHurricane
--- Log closed Sun Mar 18 19:46:49 2012
--- Log opened Sun Mar 18 22:11:12 2012
22:11 -!- CommanderHurricane [Pegasus@5856D5F2.9EBBA8CC.6D2E2761.IP] has quit [Quit: QUIIIIIIIIIIT]
--- Log closed Sun Mar 18 22:16:49 2012
--- Log opened Mon Mar 19 11:28:42 2012
11:28 -!- CommanderHurricane [Pegasus@YOUR.FACE] has quit [Quit: QUIIIIIIIIIIT]
--- Log closed Mon Mar 19 11:33:49 2012
--- Log opened Mon Mar 19 11:40:26 2012
11:40 -!- CommanderHurricane [Pegasus@The.Rainbow.Dash.Club] has quit [Killed (Tandy|TERM1 (ASSWIPE DETECTED... PLEASE HOLD WHILE WE KILL IT))]
--- Log closed Mon Mar 19 11:45:49 2012
--- Log opened Mon Mar 19 15:20:36 2012
15:20 -!- CommanderHurricane [Pegasus@The.Rainbow.Dash.Club] has quit [Quit: QUIIIIIIIIIIT]
--- Log closed Mon Mar 19 15:25:49 2012
--- Log opened Mon Mar 19 21:47:23 2012
21:47 -!- CommanderHurricane [Pegasus@The.Rainbow.Dash.Club] has quit [Quit: QUIIIIIIIIIIT]
--- Log closed Mon Mar 19 21:52:49 2012
--- Log opened Tue Mar 20 09:37:40 2012
09:37 -!- CommanderHurricane [Pegasus@The.Rainbow.Dash.Club] has quit [Quit: QUIIIIIIIIIIT]
--- Log closed Tue Mar 20 09:42:49 2012
--- Log opened Tue Mar 20 12:48:07 2012
12:48 -!- CH|Away[FlightSchool] is now known as CommanderHurricane
--- Log closed Tue Mar 20 12:53:49 2012
--- Log opened Tue Mar 20 22:02:42 2012
22:02 -!- CommanderHurricane [Pegasus@The.Rainbow.Dash.Club] has quit [Quit: QUIIIIIIIIIIT]
--- Log closed Tue Mar 20 22:07:49 2012
