--- Log opened Wed Jan 09 21:31:48 2013
21:31 -!- ` [~dissimulo@223D80A6.203C00CC.8EF34924.IP] has joined #minimallet
21:31 -!- Irssi: #minimallet: Total of 2 nicks [0 ops, 0 halfops, 0 voices, 2 normal]
21:31 -!- Irssi: Join to #minimallet was synced in 0 secs
21:31 < `> lol'd
21:31 < M14|Pavilion> :U
21:32 -!- M14|Pavilion is now known as Mariorulez
21:32 -!- Mariorulez is now known as Mariorulez14
21:32 -!- mode/#minimallet [+qo Mariorulez14 Mariorulez14] by ChanServ
21:41 -!- Mariorulez14 is now known as terminallyCapricious
22:09 -!- Mariorulez14 [~Luigi@very-retro-F33C913E.client.mchsi.com] has joined #minimallet
22:09 -!- mode/#minimallet [+qo Mariorulez14 Mariorulez14] by ChanServ
23:33 -!- Mariorulez14 is now known as maro|fiziks
--- Day changed Thu Jan 10 2013
08:25  * maro|fiziks is away: 
09:25 -!- terminallyCapricious [~Butts@very-retro-F33C913E.client.mchsi.com] has quit [Ping timeout]
10:15 -!- maro|fiziks is now known as Mariorulez14
10:16  * Mariorulez14 is back (gone 01:50:15)
10:27 -!- Mariorulez14 [~Luigi@very-retro-F33C913E.client.mchsi.com] has quit [Ping timeout]
10:28 -!- Mariorulez14 [~Luigi@very-retro-F33C913E.client.mchsi.com] has joined #minimallet
10:28 -!- mode/#minimallet [+qo Mariorulez14 Mariorulez14] by ChanServ
11:50 -!- Mariorulez14 [~Luigi@very-retro-F33C913E.client.mchsi.com] has quit [Ping timeout]
--- Day changed Tue Jan 15 2013
18:47 -!- ChanServ changed the topic of #minimallet to: ALL THE NSFW SHIT IN HERE
--- Day changed Fri Jan 18 2013
01:39 -!- ChanServ changed the topic of #minimallet to: ALL THE NSFW SHIT IN HERE
--- Day changed Sun Jan 20 2013
09:49 -!- ChanServ changed the topic of #minimallet to: ALL THE NSFW SHIT IN HERE
--- Day changed Thu Jan 31 2013
16:58 -!- ChanServ changed the topic of #minimallet to: ALL THE NSFW SHIT IN HERE
--- Day changed Wed Feb 06 2013
13:00 -!- ChanServ changed the topic of #minimallet to: ALL THE NSFW SHIT IN HERE
--- Day changed Fri Feb 08 2013
22:40 -!- mode/#minimallet [-r] by ChanServ
--- Log closed Thu Feb 21 22:20:18 2013
--- Log opened Thu Feb 21 22:20:27 2013
22:20 -!- ` [~dissimulo@223D80A6.203C00CC.8EF34924.IP] has joined #minimallet
22:20 -!- ServerMode/#minimallet [+n] by irc.retro-box.net
22:20 -!- Irssi: #minimallet: Total of 1 nicks [1 ops, 0 halfops, 0 voices, 0 normal]
22:20 -!- Irssi: Join to #minimallet was synced in 0 secs
--- Log closed Sat Feb 23 16:56:24 2013
--- Log opened Sat Feb 23 16:56:35 2013
16:56 -!- ` [~dissimulo@223D80A6.203C00CC.8EF34924.IP] has joined #minimallet
16:56 -!- ServerMode/#minimallet [+n] by irc.retro-box.net
16:56 -!- Irssi: #minimallet: Total of 1 nicks [1 ops, 0 halfops, 0 voices, 0 normal]
16:56 -!- Irssi: Join to #minimallet was synced in 1 secs
