--- Log opened Wed Mar 21 10:22:17 2012
10:22 -!- ` [~dissimulo@netadmin.retro-box.net] has joined #wtfpwnt
10:22 -!- ServerMode/#wtfpwnt [+n] by irc.retro-box.net
10:22 -!- Irssi: #wtfpwnt: Total of 1 nicks [1 ops, 0 halfops, 0 voices, 0 normal]
10:22 -!- Irssi: Join to #wtfpwnt was synced in 0 secs
--- Log closed Wed Mar 21 10:22:19 2012
--- Log opened Fri May 25 16:56:50 2012
16:56 -!- ` [~dissimulo@9CCAE23.5A3C31AB.2C580024.IP] has joined #wtfpwnt
16:56 -!- Irssi: #wtfpwnt: Total of 2 nicks [1 ops, 0 halfops, 0 voices, 1 normal]
16:56 -!- Irssi: Join to #wtfpwnt was synced in 0 secs
--- Log closed Fri May 25 16:56:54 2012
--- Log opened Fri May 25 17:02:18 2012
17:02 -!- ` [~dissimulo@9CCAE23.5A3C31AB.2C580024.IP] has joined #wtfpwnt
17:02 -!- Irssi: #wtfpwnt: Total of 2 nicks [1 ops, 0 halfops, 0 voices, 1 normal]
17:02 -!- Irssi: Join to #wtfpwnt was synced in 0 secs
--- Log closed Fri May 25 17:05:30 2012
--- Log opened Fri May 25 17:09:34 2012
17:09 -!- ` [~dissimulo@9CCAE23.5A3C31AB.2C580024.IP] has joined #wtfpwnt
17:09 -!- Irssi: #wtfpwnt: Total of 2 nicks [1 ops, 0 halfops, 0 voices, 1 normal]
17:09 -!- Irssi: Join to #wtfpwnt was synced in 0 secs
17:09 -!- Schrodinger was kicked from #wtfpwnt by ` [`]
17:09 -!- Schrodinger [~Schroding@81A5CA12.C89CC86B.2C580024.IP] has joined #wtfpwnt
17:09 < `> ls
17:09 -!- Irssi: #wtfpwnt: Total of 2 nicks [0 ops, 0 halfops, 0 voices, 2 normal]
17:13 -!- Schrodinger [~Schroding@81A5CA12.C89CC86B.2C580024.IP] has left #wtfpwnt [Left all channels]
17:14 -!- Schrodinger [~Schroding@81A5CA12.C89CC86B.2C580024.IP] has joined #wtfpwnt
17:14 -!- Schrodinger [~Schroding@81A5CA12.C89CC86B.2C580024.IP] has quit [BLASTING OFF AGAIN!  `]
--- Log closed Fri May 25 17:14:34 2012
--- Log opened Fri May 25 17:15:38 2012
17:15 -!- ` [~dissimulo@9CCAE23.5A3C31AB.2C580024.IP] has joined #wtfpwnt
17:15 -!- ServerMode/#wtfpwnt [+n] by irc.retro-box.net
17:15 -!- Irssi: #wtfpwnt: Total of 1 nicks [1 ops, 0 halfops, 0 voices, 0 normal]
17:15 -!- Irssi: Join to #wtfpwnt was synced in 0 secs
17:15 <@`> lol
--- Log closed Fri May 25 17:15:48 2012
