--- Log opened Thu Feb 02 20:15:09 2012
20:15 !irc.retro-box.net *** Looking up your hostname...
20:15 !irc.retro-box.net *** Checking ident...
20:15 !irc.retro-box.net *** No ident response; username prefixed with ~
20:15 !irc.retro-box.net *** Found your hostname
--- Log closed Thu Feb 02 20:20:49 2012
--- Log opened Fri Feb 03 10:46:40 2012
10:46 !ohnopublishing.net *** Looking up your hostname...
10:46 !ohnopublishing.net *** Found your hostname
--- Log closed Fri Feb 03 10:51:49 2012
--- Log opened Thu Feb 09 03:33:53 2012
03:33 !ohnopublishing.net *** Looking up your hostname...
03:33 !ohnopublishing.net *** Found your hostname
--- Log closed Thu Feb 09 03:39:49 2012
--- Log opened Thu Feb 09 20:56:23 2012
20:56 !ohnopublishing.net *** Looking up your hostname...
20:56 !ohnopublishing.net *** Found your hostname
--- Log closed Thu Feb 09 21:01:50 2012
--- Log opened Fri Feb 10 02:33:12 2012
02:33 !ohnopublishing.net *** Looking up your hostname...
02:33 !ohnopublishing.net *** Found your hostname
--- Log closed Fri Feb 10 02:38:50 2012
--- Log opened Fri Feb 24 17:23:49 2012
17:23 !irc.retro-box.net *** Looking up your hostname...
17:23 !irc.retro-box.net *** Checking ident...
17:23 !irc.retro-box.net *** No ident response; username prefixed with ~
17:23 !irc.retro-box.net *** Couldn't resolve your hostname; using your IP address instead
--- Log closed Fri Feb 24 17:29:27 2012
--- Log opened Fri Feb 24 18:02:53 2012
18:02 !irc.retro-box.net *** Looking up your hostname...
18:02 !irc.retro-box.net *** Checking ident...
18:02 !irc.retro-box.net *** No ident response; username prefixed with ~
18:02 !irc.retro-box.net *** Couldn't resolve your hostname; using your IP address instead
--- Log closed Fri Feb 24 18:08:27 2012
--- Log opened Fri Feb 24 18:31:18 2012
18:31 !irc.retro-box.net *** Looking up your hostname...
18:31 !irc.retro-box.net *** Checking ident...
18:31 !irc.retro-box.net *** No ident response; username prefixed with ~
18:31 !irc.retro-box.net *** Couldn't resolve your hostname; using your IP address instead
--- Log closed Fri Feb 24 18:36:27 2012
--- Log opened Mon Feb 27 00:12:06 2012
00:12 !irc.retro-box.net *** Looking up your hostname...
00:12 !irc.retro-box.net *** Checking ident...
00:12 !irc.retro-box.net *** Couldn't resolve your hostname; using your IP address instead
00:12 !irc.retro-box.net *** No ident response; username prefixed with ~
--- Log closed Mon Feb 27 00:17:50 2012
--- Log opened Wed Mar 21 10:22:02 2012
10:22 !irc.retro-box.net *** Looking up your hostname...
10:22 !irc.retro-box.net *** Checking ident...
10:22 !irc.retro-box.net *** Couldn't resolve your hostname; using your IP address instead
10:22 !irc.retro-box.net *** No ident response; username prefixed with ~
--- Log closed Wed Mar 21 10:27:52 2012
--- Log opened Sat Mar 31 14:47:07 2012
14:47 !irc.retro-box.net *** Looking up your hostname...
14:47 !irc.retro-box.net *** Checking ident...
14:47 !irc.retro-box.net *** Couldn't resolve your hostname; using your IP address instead
14:47 !irc.retro-box.net *** No ident response; username prefixed with ~
--- Log closed Sat Mar 31 14:52:10 2012
--- Log opened Wed Apr 04 23:33:25 2012
23:33 !irc.retro-box.net *** Looking up your hostname...
23:33 !irc.retro-box.net *** Checking ident...
23:33 !irc.retro-box.net *** No ident response; username prefixed with ~
23:33 !irc.retro-box.net *** Couldn't resolve your hostname; using your IP address instead
--- Log closed Wed Apr 04 23:39:12 2012
--- Log opened Thu Apr 12 22:47:48 2012
22:47 !irc.retro-box.net *** Looking up your hostname...
22:47 !irc.retro-box.net *** Checking ident...
22:47 !irc.retro-box.net *** No ident response; username prefixed with ~
22:47 !irc.retro-box.net *** Couldn't resolve your hostname; using your IP address instead
--- Log closed Thu Apr 12 22:53:12 2012
--- Log opened Sun Apr 15 19:24:02 2012
19:24 !irc.retro-box.net *** Looking up your hostname...
19:24 !irc.retro-box.net *** Checking ident...
19:24 !irc.retro-box.net *** Couldn't resolve your hostname; using your IP address instead
19:24 !irc.retro-box.net *** No ident response; username prefixed with ~
--- Log closed Sun Apr 15 19:29:12 2012
--- Log opened Wed Apr 18 23:03:06 2012
23:03 !irc.retro-box.net *** Looking up your hostname...
23:03 !irc.retro-box.net *** Checking ident...
23:03 !irc.retro-box.net *** No ident response; username prefixed with ~
23:03 !irc.retro-box.net *** Couldn't resolve your hostname; using your IP address instead
--- Log closed Wed Apr 18 23:08:58 2012
--- Log opened Wed Apr 18 23:17:22 2012
23:17 !irc.retro-box.net *** Looking up your hostname...
23:17 !irc.retro-box.net *** Checking ident...
23:17 !irc.retro-box.net *** Couldn't resolve your hostname; using your IP address instead
23:17 !irc.retro-box.net *** No ident response; username prefixed with ~
--- Log closed Wed Apr 18 23:22:58 2012
--- Log opened Tue May 08 19:57:14 2012
19:57 !irc.retro-box.net *** Looking up your hostname...
19:57 !irc.retro-box.net *** Checking ident...
19:57 !irc.retro-box.net *** Couldn't resolve your hostname; using your IP address instead
19:57 !irc.retro-box.net *** No ident response; username prefixed with ~
--- Log closed Tue May 08 20:02:58 2012
--- Log opened Fri May 25 15:49:30 2012
15:49 !irc.retro-box.net *** Looking up your hostname...
15:49 !irc.retro-box.net *** Checking ident...
15:49 !irc.retro-box.net *** No ident response; username prefixed with ~
15:49 !irc.retro-box.net *** Couldn't resolve your hostname; using your IP address instead
--- Log closed Fri May 25 15:55:06 2012
--- Log opened Fri May 25 15:58:46 2012
15:58 !irc.retro-box.net *** Looking up your hostname...
15:58 !irc.retro-box.net *** Checking ident...
15:58 !irc.retro-box.net *** No ident response; username prefixed with ~
15:58 !irc.retro-box.net *** Couldn't resolve your hostname; using your IP address instead
--- Log closed Fri May 25 16:04:32 2012
--- Log opened Sat May 26 14:56:09 2012
14:56 !irc.retro-box.net *** Looking up your hostname...
14:56 !irc.retro-box.net *** Found your hostname (cached)
14:56 !irc.retro-box.net *** Checking ident...
14:56 !irc.retro-box.net *** No ident response; username prefixed with ~
--- Log closed Sat May 26 15:01:32 2012
--- Log opened Sun May 27 23:34:11 2012
23:34 !irc.retro-box.net *** Looking up your hostname...
23:34 !irc.retro-box.net *** Found your hostname (cached)
23:34 !irc.retro-box.net *** Checking ident...
23:34 !irc.retro-box.net *** No ident response; username prefixed with ~
--- Log closed Mon May 28 11:27:48 2012
--- Log opened Mon May 28 11:28:02 2012
11:28 !irc.retro-box.net *** Looking up your hostname...
11:28 !irc.retro-box.net *** Found your hostname (cached)
11:28 !irc.retro-box.net *** Checking ident...
11:28 !irc.retro-box.net *** No ident response; username prefixed with ~
--- Log closed Mon May 28 11:29:23 2012
--- Log opened Wed May 30 00:22:42 2012
00:22 !irc.retro-box.net *** Looking up your hostname...
00:22 !irc.retro-box.net *** Checking ident...
00:22 !irc.retro-box.net *** Found your hostname
00:22 !irc.retro-box.net *** No ident response; username prefixed with ~
--- Log closed Wed May 30 00:28:17 2012
--- Log opened Wed May 30 00:40:50 2012
00:40 !irc.retro-box.net *** Looking up your hostname...
00:40 !irc.retro-box.net *** Checking ident...
00:40 !irc.retro-box.net *** Found your hostname
00:41 !irc.retro-box.net *** No ident response; username prefixed with ~
--- Log closed Wed May 30 00:46:17 2012
--- Log opened Wed Jan 09 20:42:47 2013
20:42 !irc.retro-box.net *** Looking up your hostname...
20:42 !irc.retro-box.net *** Checking ident...
20:42 !irc.retro-box.net *** Couldn't resolve your hostname; using your IP address instead
20:42 !irc.retro-box.net *** No ident response; username prefixed with ~
--- Log closed Wed Jan 09 20:48:35 2013
--- Log opened Wed Jan 09 21:43:53 2013
21:43 !irc.retro-box.net *** Looking up your hostname...
21:43 !irc.retro-box.net *** Checking ident...
21:43 !irc.retro-box.net *** Couldn't resolve your hostname; using your IP address instead
21:44 !irc.retro-box.net *** No ident response; username prefixed with ~
--- Log closed Wed Jan 09 21:47:20 2013
--- Log opened Wed Jan 09 21:47:43 2013
21:47 !irc.retro-box.net *** Looking up your hostname...
21:47 !irc.retro-box.net *** Checking ident...
21:47 !irc.retro-box.net *** Couldn't resolve your hostname; using your IP address instead
21:47 !irc.retro-box.net *** No ident response; username prefixed with ~
--- Log closed Wed Jan 09 21:49:32 2013
--- Log opened Sat Feb 23 16:56:25 2013
16:56 !irc.retro-box.net *** Looking up your hostname...
16:56 !irc.retro-box.net *** Checking ident...
16:56 !irc.retro-box.net *** Couldn't resolve your hostname; using your IP address instead
16:56 !irc.retro-box.net *** No ident response; username prefixed with ~
--- Log closed Sat Feb 23 17:01:39 2013
