--- Log opened Sat Mar 17 21:36:42 2012
21:36 -!- Irssi: Starting query in retro-box with CH|E420
21:36 <`>  http://sprunge.us/NbdU
21:36 <`>  http://sprunge.us/NbdU
21:36 <`>  http://sprunge.us/NbdU
21:36 <`>  http://sprunge.us/NbdU
21:36 <`>  http://sprunge.us/NbdU
21:36 <`>  http://sprunge.us/NbdU
21:36 <`>  http://sprunge.us/NbdU
21:36 <`>  http://sprunge.us/NbdU
21:36 <`>  http://sprunge.us/NbdU
21:36 <`>  http://sprunge.us/NbdU
21:36 <`>  http://sprunge.us/NbdU
21:36 <`>  http://sprunge.us/NbdU
21:36 <`>  http://sprunge.us/NbdU
21:36 <`>  http://sprunge.us/NbdU
21:36 <`>  http://sprunge.us/NbdU
21:36 <`>  http://sprunge.us/NbdU
21:36 <`>  http://sprunge.us/NbdU
21:36 <`>  http://sprunge.us/NbdU
21:36 <`>  http://sprunge.us/NbdU
21:36 <`>  http://sprunge.us/NbdU
21:36 <`>  http://sprunge.us/NbdU
21:36 <`>  http://sprunge.us/NbdU
21:36 <`>  http://sprunge.us/NbdU
21:36 <`>  http://sprunge.us/NbdU
21:36 <`>  http://sprunge.us/NbdU
21:36 <`>  http://sprunge.us/NbdU
21:36 <`>  http://sprunge.us/NbdU
21:36 <`>  http://sprunge.us/NbdU
21:36 <`>  http://sprunge.us/NbdU
21:36 <`>  http://sprunge.us/NbdU
21:36 <`>  http://sprunge.us/NbdU
21:36 <`>  http://sprunge.us/NbdU
21:36 <`>  http://sprunge.us/NbdU
21:36 <`>  http://sprunge.us/NbdU
21:36 <`>  http://sprunge.us/NbdU
21:36 <`>  http://sprunge.us/NbdU
21:36 <`>  http://sprunge.us/NbdU
21:36 <`>  http://sprunge.us/NbdU
21:36 <`>  http://sprunge.us/NbdU
21:36 <`>  http://sprunge.us/NbdU
21:36 <`>  http://sprunge.us/NbdU
21:36 <`>  http://sprunge.us/NbdU
21:36 <`>  http://sprunge.us/NbdU
21:36 <`>  http://sprunge.us/NbdU
21:36 <`>  http://sprunge.us/NbdU
21:36 <`>  http://sprunge.us/NbdU
21:36 <`>  http://sprunge.us/NbdU
21:36 <`>  http://sprunge.us/NbdU
21:36 <`>  http://sprunge.us/NbdU
21:37 <CH|E420> okay okay
21:37 <CH|E420> i got it
21:37 <CH|E420> i'm applying it now
21:37 <`> lol
21:37 <`> i'm just bugging you
21:37 <`> also
21:37 <`> with this, your ircd should suddenly be able to handle more
21:38 <CH|E420> not like anyone used my ircd to begin with
21:39 <CH|E420> except for the time when the first Windows 8 build leaked
21:39 <CH|E420> that day i had about 50 users on the network
21:42 -!- CH|E420 [Equestria@very-retro-EB53548F.mgm.bellsouth.net] has quit [Quit: QUIIIIIIIIIIT]
--- Log closed Sat Mar 17 21:47:50 2012
