--- Log opened Fri Mar 09 12:40:30 2012
12:40 -!- Irssi: Starting query in retro-box with CommanderHurricane
--- Log closed Fri Mar 09 12:40:40 2012
--- Log opened Sat Mar 17 20:45:58 2012
20:45 -!- Irssi: Starting query in retro-box with CommanderHurricane
20:45 <CommanderHurricane> http://www.beige-box.com/uircd.conf
--- Log closed Sat Mar 17 20:51:50 2012
--- Log opened Sat Mar 17 21:34:09 2012
21:34 <`> http://sprunge.us/KgZM
21:34 <`> http://sprunge.us/KgZM
21:34 <`> http://sprunge.us/KgZM
21:34 <`> http://sprunge.us/KgZM
21:34 <`> http://sprunge.us/KgZM
21:34 <`> http://sprunge.us/KgZM
21:34 <`> :D
21:35 <CommanderHurricane> oper-auto-join "#wtfpwnt";
21:35 <CommanderHurricane> <_<
21:35 <CommanderHurricane> >_>
21:35 <`> oops
21:36 -!- CommanderHurricane [Pegasus@1F2785A7.7FA7C057.60091C0.IP] has quit [Quit: QUIIIIIIIIIIT]
--- Log closed Sat Mar 17 21:41:50 2012
--- Log opened Sat Mar 17 21:47:38 2012
21:47 -!- CommanderHurricane [Pegasus@very-retro-EB53548F.mgm.bellsouth.net] has quit [Quit: QUIIIIIIIIIIT]
--- Log closed Sat Mar 17 21:52:50 2012
--- Log opened Sat Mar 17 22:25:03 2012
22:25 -!- CommanderHurricane [Pegasus@1F2785A7.7FA7C057.60091C0.IP] has quit [Quit: QUIIIIIIIIIIT]
--- Log closed Sat Mar 17 22:30:50 2012
--- Log opened Sun Mar 18 14:41:24 2012
14:41 <CommanderHurricane> oper dustin {
14:41 <CommanderHurricane>          class clients;
14:41 <CommanderHurricane>          from { userhost *; };
14:41 <CommanderHurricane>   password "cactusc00lerftw";
--- Log closed Sun Mar 18 14:42:45 2012
