--- Log opened Tue Feb 28 19:04:05 2012
19:04 -!- Irssi: Starting query in retro-box with Darman213
19:04 <Darman213> Hey can I get +v?
19:08 <Darman213> HEY LISTEN 
19:08 <Darman213> HEY LISTEN 
19:08 <Darman213> HEY LISTEN 
19:08 <Darman213> HEY LISTEN 
19:08 <Darman213> HEY LISTEN 
19:08 <Darman213> Retrobox doesn't have +V set
--- Log closed Tue Feb 28 19:13:50 2012
--- Log opened Tue Feb 28 19:56:03 2012
19:56 -!- Darman213 [darman213@very-retro-7254F5C0.dsl.wchtks.swbell.net] has quit [Quit: Gone, Like Frank Sinatra...]
--- Log closed Tue Feb 28 20:01:50 2012
--- Log opened Wed Feb 29 16:08:54 2012
16:08 -!- Darman213 [darman213@very-retro-7254F5C0.dsl.wchtks.swbell.net] has quit [Quit: Gone, Like Frank Sinatra...]
--- Log closed Wed Feb 29 16:14:50 2012
--- Log opened Thu Mar 01 08:48:48 2012
08:48 -!- Darman213 [darman213@very-retro-241489C6.dsl.wchtks.swbell.net] has quit [Ping timeout]
--- Log closed Thu Mar 01 08:53:50 2012
--- Log opened Thu Mar 01 09:35:44 2012
09:35 -!- Darman213 [darman213@very-retro-241489C6.dsl.wchtks.swbell.net] has quit [Ping timeout]
--- Log closed Thu Mar 01 09:40:50 2012
--- Log opened Thu Mar 01 09:46:21 2012
09:46 -!- Darman213 [darman213@very-retro-241489C6.dsl.wchtks.swbell.net] has quit [Ping timeout]
--- Log closed Thu Mar 01 09:51:50 2012
--- Log opened Thu Mar 01 14:36:13 2012
14:36 -!- Darman213 [darman213@very-retro-241489C6.dsl.wchtks.swbell.net] has quit [Quit: (Work)]
--- Log closed Thu Mar 01 14:41:50 2012
--- Log opened Thu Mar 01 21:32:27 2012
21:32 -!- Darman213 [darman213@very-retro-241489C6.dsl.wchtks.swbell.net] has quit [Ping timeout]
--- Log closed Thu Mar 01 21:37:50 2012
--- Log opened Fri Mar 02 08:14:14 2012
08:14 -!- Darman213 [darman213@very-retro-241489C6.dsl.wchtks.swbell.net] has quit [Quit: Gone, Like Frank Sinatra...]
--- Log closed Fri Mar 02 08:19:50 2012
--- Log opened Fri Mar 02 10:06:59 2012
10:06 -!- Darman213 [darman213@very-retro-241489C6.dsl.wchtks.swbell.net] has quit [Quit: Gone, Like Frank Sinatra...]
--- Log closed Fri Mar 02 10:12:50 2012
--- Log opened Fri Mar 02 20:04:45 2012
20:04 -!- darman213 [darmansmit@very-retro-241489C6.dsl.wchtks.swbell.net] has quit [Connection reset by peer]
20:05 -!- darman213 [darman_Smi@very-retro-241489C6.dsl.wchtks.swbell.net] has quit [Connection reset by peer]
20:10 -!- darman213 [darman_Smi@very-retro-241489C6.dsl.wchtks.swbell.net] has quit [Quit: Gone, Like Frank Sinatra...]
--- Log closed Fri Mar 02 20:15:50 2012
--- Log opened Fri Mar 02 23:01:43 2012
23:01 -!- darman213 [darman_Smi@very-retro-241489C6.dsl.wchtks.swbell.net] has quit [Quit: (I HATE MY LIFE)]
--- Log closed Fri Mar 02 23:06:50 2012
--- Log opened Sat Mar 03 08:20:32 2012
08:20 -!- darman213 [darman_Smi@very-retro-241489C6.dsl.wchtks.swbell.net] has quit [Connection reset by peer]
--- Log closed Sat Mar 03 08:25:50 2012
--- Log opened Sat Mar 03 08:52:04 2012
08:52 -!- darman213 [darman_Smi@very-retro-241489C6.dsl.wchtks.swbell.net] has quit [Quit: lawv u]
--- Log closed Sat Mar 03 08:57:50 2012
--- Log opened Sat Mar 03 16:58:05 2012
16:58 -!- darman213 [darman_Smi@very-retro-241489C6.dsl.wchtks.swbell.net] has quit [Quit: Gone, Like Frank Sinatra...]
--- Log closed Sat Mar 03 17:03:50 2012
--- Log opened Sat Mar 03 22:01:21 2012
22:01 -!- darman213 [darman_Smi@very-retro-9C2906F8.ks.ks.cox.net] has quit [Quit: Gone, Like Frank Sinatra...]
--- Log closed Sat Mar 03 22:06:50 2012
--- Log opened Sat Mar 03 22:55:47 2012
22:55 -!- darman213 [darman_Smi@very-retro-9C2906F8.ks.ks.cox.net] has quit [Quit: Gone, Like Frank Sinatra...]
--- Log closed Sat Mar 03 23:00:50 2012
--- Log opened Mon Mar 05 13:50:37 2012
13:50 -!- Darman213 [darman213@very-retro-1772CAC0.dsl.wchtks.swbell.net] has quit [Ping timeout]
--- Log closed Mon Mar 05 13:55:50 2012
--- Log opened Tue Mar 06 21:54:02 2012
21:54 -!- Darman213 [darman213@very-retro-F6F72B63.dsl.wchtks.swbell.net] has quit [Quit: Gone, Like Frank Sinatra...]
--- Log closed Tue Mar 06 21:59:50 2012
--- Log opened Wed Mar 07 11:16:49 2012
11:16 -!- Darman213 [darman213@very-retro-F6F72B63.dsl.wchtks.swbell.net] has quit [Quit: Gone, Like Frank Sinatra...]
--- Log closed Wed Mar 07 11:21:50 2012
--- Log opened Wed Mar 07 14:14:02 2012
14:14 -!- Darman213 [darman213@very-retro-F6F72B63.dsl.wchtks.swbell.net] has quit [Quit: Gone, Like Frank Sinatra...]
--- Log closed Wed Mar 07 14:19:50 2012
