--- Log opened Thu Feb 02 20:15:10 2012
20:15 !irc.retro-box.net Setting/removing of usermode(s) 'ixw' has been disabled.
--- Log closed Thu Feb 02 20:20:49 2012
--- Log opened Fri Feb 24 17:23:50 2012
17:23 !irc.retro-box.net Setting/removing of usermode(s) 'ixw' has been disabled.
--- Log closed Fri Feb 24 17:29:27 2012
--- Log opened Fri Feb 24 18:02:53 2012
18:02 !irc.retro-box.net Setting/removing of usermode(s) 'ixw' has been disabled.
--- Log closed Fri Feb 24 18:08:27 2012
--- Log opened Fri Feb 24 18:31:18 2012
18:31 !irc.retro-box.net Setting/removing of usermode(s) 'ixw' has been disabled.
--- Log closed Fri Feb 24 18:36:27 2012
--- Log opened Mon Feb 27 00:12:07 2012
00:12 !irc.retro-box.net Setting/removing of usermode(s) 'ixw' has been disabled.
--- Log closed Mon Feb 27 00:17:50 2012
--- Log opened Wed Mar 21 10:22:02 2012
10:22 !irc.retro-box.net Setting/removing of usermode(s) 'ixw' has been disabled.
--- Log closed Wed Mar 21 10:27:52 2012
--- Log opened Sat Mar 31 14:47:07 2012
14:47 !irc.retro-box.net Setting/removing of usermode(s) 'ixw' has been disabled.
--- Log closed Sat Mar 31 14:52:10 2012
--- Log opened Wed Apr 04 23:33:26 2012
23:33 !irc.retro-box.net Setting/removing of usermode(s) 'ixw' has been disabled.
23:33 !irc.retro-box.net *** Notice -- dissimulo|i7 (~dissimulo@10.178.228.92) has changed his/her nickname to `
--- Log closed Wed Apr 04 23:39:12 2012
--- Log opened Wed Apr 18 23:03:07 2012
23:03 !irc.retro-box.net Setting/removing of usermode(s) 'ixw' has been disabled.
--- Log closed Wed Apr 18 23:08:58 2012
--- Log opened Wed Apr 18 23:17:23 2012
23:17 !irc.retro-box.net Setting/removing of usermode(s) 'ixw' has been disabled.
--- Log closed Wed Apr 18 23:22:58 2012
--- Log opened Fri May 25 15:49:31 2012
15:49 !irc.retro-box.net Setting/removing of usermode(s) 'ixw' has been disabled.
--- Log closed Fri May 25 15:55:06 2012
--- Log opened Fri May 25 15:58:46 2012
15:58 !irc.retro-box.net Setting/removing of usermode(s) 'ixw' has been disabled.
--- Log closed Fri May 25 16:04:32 2012
--- Log opened Mon May 28 11:28:12 2012
11:28 !irc.retro-box.net Setting/removing of usermode(s) 'ixw' has been disabled.
--- Log closed Mon May 28 11:29:23 2012
--- Log opened Wed May 30 00:22:52 2012
00:22 !irc.retro-box.net Setting/removing of usermode(s) 'ixw' has been disabled.
--- Log closed Wed May 30 00:28:17 2012
