--- Log opened Thu Feb 09 15:30:18 2012
15:30 -!- Irssi: Starting query in retro-box with Tandyman100
15:30 <Tandyman100> i can haz server?
--- Log closed Thu Feb 09 15:35:49 2012
--- Log opened Thu Feb 09 15:37:19 2012
15:37 <Tandyman100> i can haz server?
15:37 <Tandyman100> i can haz server?
15:37 <Tandyman100> i can haz server?
15:37 <Tandyman100> i can haz server?
15:37 <Tandyman100> i can haz server?
15:37 <Tandyman100> i can haz server?
15:37 <Tandyman100> i can haz server?
15:37 <Tandyman100> i can haz server?
15:37 <Tandyman100> i can haz server?
15:37 <Tandyman100> i can haz server?
15:37 <Tandyman100> i can haz server?
15:37 <Tandyman100> i can haz server?
15:37 <Tandyman100> i can haz server?
15:37 <Tandyman100> i can haz server?
15:37 <Tandyman100> i can haz server?
15:37 <Tandyman100> i can haz server?
15:37 <Tandyman100> i can haz server?
15:37 <Tandyman100> FLOOOOOOOOOOOOOOOOOOOOOOD!
--- Log closed Thu Feb 09 15:42:49 2012
